<?xml version="1.0" encoding="UTF-8"?>
<coverage generated="1754578178248" clover="3.2.0">
  <project timestamp="1754578178248" name="All files">
    <metrics statements="35" coveredstatements="35" conditionals="27" coveredconditionals="27" methods="6" coveredmethods="6" elements="68" coveredelements="68" complexity="0" loc="35" ncloc="35" packages="1" files="1" classes="1"/>
    <file name="34.js" path="C:\Users\ASUS\OneDrive\Documents\GitHub\Thesis\solutions-descriptive\34.js">
      <metrics statements="35" coveredstatements="35" conditionals="27" coveredconditionals="27" methods="6" coveredmethods="6"/>
      <line num="2" count="20" type="stmt"/>
      <line num="3" count="20" type="stmt"/>
      <line num="4" count="20" type="stmt"/>
      <line num="5" count="20" type="stmt"/>
      <line num="7" count="20" type="stmt"/>
      <line num="8" count="47" type="stmt"/>
      <line num="9" count="47" type="cond" truecount="2" falsecount="0"/>
      <line num="12" count="20" type="stmt"/>
      <line num="13" count="43" type="stmt"/>
      <line num="14" count="43" type="cond" truecount="2" falsecount="0"/>
      <line num="17" count="20" type="cond" truecount="2" falsecount="0"/>
      <line num="19" count="18" type="stmt"/>
      <line num="20" count="25" type="stmt"/>
      <line num="21" count="23" type="stmt"/>
      <line num="23" count="18" type="cond" truecount="2" falsecount="0"/>
      <line num="24" count="8" type="cond" truecount="4" falsecount="0"/>
      <line num="27" count="10" type="stmt"/>
      <line num="28" count="10" type="stmt"/>
      <line num="29" count="44749" type="cond" truecount="2" falsecount="0"/>
      <line num="30" count="78" type="stmt"/>
      <line num="31" count="78" type="cond" truecount="2" falsecount="0"/>
      <line num="35" count="575" type="stmt"/>
      <line num="37" count="10" type="stmt"/>
      <line num="38" count="40" type="cond" truecount="5" falsecount="0"/>
      <line num="40" count="13" type="stmt"/>
      <line num="41" count="13" type="stmt"/>
      <line num="42" count="32" type="stmt"/>
      <line num="45" count="28" type="stmt"/>
      <line num="47" count="13" type="cond" truecount="2" falsecount="0"/>
      <line num="48" count="7" type="stmt"/>
      <line num="52" count="3" type="stmt"/>
      <line num="56" count="21" type="cond" truecount="2" falsecount="0"/>
      <line num="57" count="16" type="stmt"/>
      <line num="58" count="34" type="cond" truecount="2" falsecount="0"/>
      <line num="60" count="14" type="stmt"/>
    </file>
  </project>
</coverage>
