TN:
SF:solutions-descriptive\36.js
FN:4,add
FN:8,minus
FN:12,mul
FN:19,pow
FN:32,solve
FNF:5
FNH:3
FNDA:0,add
FNDA:0,minus
FNDA:10,mul
FNDA:2,pow
FNDA:14,solve
DA:1,1
DA:2,1
DA:5,0
DA:9,0
DA:13,10
DA:16,10
DA:20,2
DA:21,2
DA:22,2
DA:23,6
DA:24,4
DA:26,6
DA:27,6
DA:29,2
DA:33,14
DA:34,14
DA:36,14
DA:37,200033
DA:38,200033
DA:39,200033
DA:41,200033
DA:42,27
DA:43,27
DA:47,14
DA:49,14
DA:50,4
DA:52,10
LF:27
LH:25
BRDA:23,0,0,4
BRDA:23,0,1,2
BRDA:38,1,0,200033
BRDA:38,1,1,200019
BRDA:38,1,2,200010
BRDA:38,1,3,200004
BRDA:39,2,0,200033
BRDA:39,2,1,14
BRDA:39,2,2,200030
BRDA:39,2,3,11
BRDA:39,2,4,200029
BRDA:39,2,5,9
BRDA:39,2,6,200028
BRDA:39,2,7,8
BRDA:41,3,0,27
BRDA:41,3,1,200006
BRDA:41,4,0,200033
BRDA:41,4,1,33
BRDA:49,5,0,4
BRDA:49,5,1,10
BRDA:50,6,0,2
BRDA:50,6,1,2
BRF:22
BRH:22
end_of_record
