TN:
SF:solutions-descriptive\1.js
FN:1,solve
FN:8,minSteps
FN:20,(anonymous_2)
FN:50,gcd
FN:60,testing_test
FNF:5
FNH:5
FNDA:30,solve
FNDA:60,minSteps
FNDA:2293,(anonymous_2)
FNDA:30,gcd
FNDA:1,testing_test
DA:2,30
DA:3,30
DA:4,30
DA:5,30
DA:6,30
DA:9,60
DA:12,60
DA:13,5835
DA:14,314
DA:15,314
DA:16,276
DA:20,2293
DA:22,60
DA:24,60
DA:25,590
DA:27,590
DA:28,34036
DA:29,34036
DA:31,34036
DA:32,4845
DA:37,590
DA:38,326
DA:42,590
DA:45,60
DA:51,30
DA:52,52
DA:53,52
DA:54,52
DA:56,30
DA:61,1
DA:72,1
DA:73,8
DA:74,8
DA:75,8
DA:76,8
DA:80,1
LF:36
LH:36
BRDA:6,0,0,8
BRDA:6,0,1,22
BRDA:13,1,0,314
BRDA:13,1,1,5521
BRDA:15,2,0,276
BRDA:15,2,1,38
BRDA:31,3,0,4845
BRDA:31,3,1,29191
BRDA:31,4,0,34036
BRDA:31,4,1,11263
BRDA:37,5,0,326
BRDA:37,5,1,264
BRDA:38,6,0,60
BRDA:38,6,1,266
BRDA:76,7,0,8
BRDA:76,7,1,0
BRF:16
BRH:15
end_of_record
