TN:
SF:solutions-descriptive\1.js
FN:1,solve
FN:8,minSteps
FN:20,(anonymous_2)
FN:50,gcd
FNF:4
FNH:4
FNDA:32,solve
FNDA:64,minSteps
FNDA:2287,(anonymous_2)
FNDA:32,gcd
DA:2,32
DA:3,32
DA:4,32
DA:5,32
DA:6,32
DA:9,64
DA:12,64
DA:13,5838
DA:14,317
DA:15,317
DA:16,274
DA:20,2287
DA:22,64
DA:24,64
DA:25,591
DA:27,591
DA:28,34030
DA:29,34030
DA:31,34030
DA:32,4843
DA:37,591
DA:38,329
DA:42,591
DA:45,64
DA:51,32
DA:52,54
DA:53,54
DA:54,54
DA:56,32
LF:29
LH:29
BRDA:6,0,0,7
BRDA:6,0,1,25
BRDA:13,1,0,317
BRDA:13,1,1,5521
BRDA:15,2,0,274
BRDA:15,2,1,43
BRDA:31,3,0,4843
BRDA:31,3,1,29187
BRDA:31,4,0,34030
BRDA:31,4,1,11258
BRDA:37,5,0,329
BRDA:37,5,1,262
BRDA:38,6,0,64
BRDA:38,6,1,265
BRF:14
BRH:14
end_of_record
