TN:
SF:solutions-algorithm\48.js
FN:2,solve
FN:12,addedge
FN:23,dfs
FNF:3
FNH:3
FNDA:10,solve
FNDA:70,addedge
FNDA:45,dfs
DA:3,10
DA:4,10
DA:5,10
DA:6,10
DA:7,10
DA:8,10
DA:9,10
DA:10,10
DA:13,70
DA:14,70
DA:15,70
DA:18,10
DA:19,35
DA:20,35
DA:24,45
DA:25,45
DA:26,45
DA:27,70
DA:28,70
DA:29,35
DA:33,10
DA:35,10
DA:36,10
DA:37,23
DA:38,23
DA:40,23
DA:41,23
DA:42,23
DA:43,25
DA:44,25
DA:45,25
DA:46,25
DA:47,11
DA:50,23
DA:51,23
DA:52,23
DA:53,23
DA:56,10
LF:38
LH:38
BRDA:28,0,0,35
BRDA:28,0,1,35
BRDA:46,1,0,14
BRDA:46,1,1,11
BRDA:52,2,0,10
BRDA:52,2,1,13
BRF:6
BRH:6
end_of_record
