TN:
SF:solutions-descriptive\21.js
FN:16,rad
FN:39,solve
FNF:2
FNH:2
FNDA:72,rad
FNDA:17,solve
DA:1,1
DA:2,1
DA:3,1
DA:6,1
DA:7,999999
DA:8,999999
DA:9,1591422
DA:10,921501
DA:11,921501
DA:17,72
DA:18,72
DA:19,99
DA:20,38
DA:21,38
DA:23,61
DA:24,61
DA:25,204
DA:28,72
DA:29,72
DA:30,99
DA:31,99
DA:32,126
DA:35,72
DA:40,17
DA:41,17
DA:44,17
DA:45,46
DA:48,17
DA:49,55
DA:50,55
DA:52,55
DA:53,152
DA:54,97
DA:55,76
DA:57,55
DA:59,55
DA:60,17
DA:63,38
DA:64,104
LF:39
LH:39
BRDA:7,0,0,78498
BRDA:7,0,1,921501
BRDA:9,1,0,669921
BRDA:9,1,1,921501
BRDA:11,2,0,330078
BRDA:11,2,1,591423
BRDA:19,3,0,38
BRDA:19,3,1,61
BRDA:53,4,0,55
BRDA:53,4,1,97
BRDA:54,5,0,21
BRDA:54,5,1,76
BRDA:59,6,0,17
BRDA:59,6,1,38
BRF:14
BRH:14
end_of_record
