{"C:\\Users\\ASUS\\OneDrive\\Documents\\GitHub\\Thesis\\solutions-algorithm\\15.js": {"path":"C:\\Users\\ASUS\\OneDrive\\Documents\\GitHub\\Thesis\\solutions-algorithm\\15.js","statementMap":{"0":{"start":{"line":5,"column":18},"end":{"line":5,"column":29}},"1":{"start":{"line":6,"column":16},"end":{"line":6,"column":27}},"2":{"start":{"line":8,"column":15},"end":{"line":8,"column":58}},"3":{"start":{"line":9,"column":15},"end":{"line":9,"column":32}},"4":{"start":{"line":11,"column":18},"end":{"line":11,"column":54}},"5":{"start":{"line":12,"column":18},"end":{"line":12,"column":20}},"6":{"start":{"line":14,"column":12},"end":{"line":14,"column":33}},"7":{"start":{"line":15,"column":12},"end":{"line":15,"column":30}},"8":{"start":{"line":17,"column":4},"end":{"line":36,"column":5}},"9":{"start":{"line":17,"column":17},"end":{"line":17,"column":18}},"10":{"start":{"line":18,"column":19},"end":{"line":18,"column":21}},"11":{"start":{"line":19,"column":8},"end":{"line":25,"column":9}},"12":{"start":{"line":20,"column":12},"end":{"line":20,"column":24}},"13":{"start":{"line":21,"column":12},"end":{"line":21,"column":16}},"14":{"start":{"line":22,"column":15},"end":{"line":25,"column":9}},"15":{"start":{"line":23,"column":12},"end":{"line":23,"column":24}},"16":{"start":{"line":24,"column":12},"end":{"line":24,"column":16}},"17":{"start":{"line":27,"column":8},"end":{"line":33,"column":9}},"18":{"start":{"line":28,"column":12},"end":{"line":28,"column":24}},"19":{"start":{"line":29,"column":12},"end":{"line":29,"column":16}},"20":{"start":{"line":30,"column":15},"end":{"line":33,"column":9}},"21":{"start":{"line":31,"column":12},"end":{"line":31,"column":24}},"22":{"start":{"line":32,"column":12},"end":{"line":32,"column":16}},"23":{"start":{"line":35,"column":8},"end":{"line":35,"column":25}},"24":{"start":{"line":38,"column":4},"end":{"line":41,"column":6}}},"fnMap":{"0":{"name":"solve","decl":{"start":{"line":4,"column":16},"end":{"line":4,"column":21}},"loc":{"start":{"line":4,"column":28},"end":{"line":42,"column":1}},"line":4}},"branchMap":{"0":{"loc":{"start":{"line":19,"column":8},"end":{"line":25,"column":9}},"type":"if","locations":[{"start":{"line":19,"column":8},"end":{"line":25,"column":9}},{"start":{"line":22,"column":15},"end":{"line":25,"column":9}}],"line":19},"1":{"loc":{"start":{"line":22,"column":15},"end":{"line":25,"column":9}},"type":"if","locations":[{"start":{"line":22,"column":15},"end":{"line":25,"column":9}},{"start":{},"end":{}}],"line":22},"2":{"loc":{"start":{"line":27,"column":8},"end":{"line":33,"column":9}},"type":"if","locations":[{"start":{"line":27,"column":8},"end":{"line":33,"column":9}},{"start":{"line":30,"column":15},"end":{"line":33,"column":9}}],"line":27},"3":{"loc":{"start":{"line":30,"column":15},"end":{"line":33,"column":9}},"type":"if","locations":[{"start":{"line":30,"column":15},"end":{"line":33,"column":9}},{"start":{},"end":{}}],"line":30}},"s":{"0":11,"1":11,"2":11,"3":11,"4":11,"5":11,"6":11,"7":11,"8":11,"9":11,"10":40,"11":40,"12":15,"13":15,"14":25,"15":10,"16":10,"17":40,"18":17,"19":17,"20":23,"21":15,"22":15,"23":40,"24":11},"f":{"0":11},"b":{"0":[15,25],"1":[10,15],"2":[17,23],"3":[15,8]},"_coverageSchema":"1a1c01bbd47fc00a2c39e90264f33305004495a9","hash":"a65b9060242b064ee2fb24bb1f7a46f710a9fe06"}
}
