TN:
SF:solutions-descriptive\30.js
FN:2,(anonymous_0)
FN:7,(anonymous_1)
FN:11,(anonymous_2)
FN:18,(anonymous_3)
FN:23,solve
FNF:5
FNH:1
FNDA:0,(anonymous_0)
FNDA:0,(anonymous_1)
FNDA:0,(anonymous_2)
FNDA:0,(anonymous_3)
FNDA:12,solve
DA:3,0
DA:4,0
DA:8,0
DA:12,0
DA:13,0
DA:15,0
DA:19,0
DA:25,12
DA:26,12
DA:30,12
DA:31,12
DA:33,12
DA:34,66
DA:35,22
DA:36,22
DA:37,22
DA:38,66
DA:39,66
DA:44,12
DA:50,0
DA:51,0
DA:52,0
DA:55,0
DA:56,0
DA:59,0
DA:60,0
DA:61,0
DA:62,0
DA:66,0
DA:67,0
DA:69,0
DA:70,0
DA:71,0
DA:72,0
DA:73,0
DA:74,0
DA:75,0
DA:80,0
LF:38
LH:12
BRDA:12,0,0,0
BRDA:12,0,1,0
BRDA:25,1,0,12
BRDA:25,1,1,0
BRDA:25,2,0,12
BRDA:25,2,1,12
BRDA:25,2,2,12
BRDA:34,3,0,22
BRDA:34,3,1,44
BRDA:50,4,0,0
BRDA:50,4,1,0
BRDA:50,5,0,0
BRDA:50,5,1,0
BRDA:50,5,2,0
BRDA:70,6,0,0
BRDA:70,6,1,0
BRF:16
BRH:6
end_of_record
