TN:
SF:solutions-descriptive\35.js
FN:1,swap
FN:5,siftUp
FN:14,siftDown
FN:35,solve
FNF:4
FNH:3
FNDA:0,swap
FNDA:11,siftUp
FNDA:2,siftDown
FNDA:10,solve
DA:2,0
DA:6,11
DA:7,1
DA:8,1
DA:9,0
DA:10,0
DA:15,2
DA:16,2
DA:17,2
DA:18,0
DA:19,0
DA:20,0
DA:22,0
DA:23,0
DA:24,0
DA:25,0
DA:28,0
DA:29,0
DA:30,0
DA:36,10
DA:37,10
DA:38,10
DA:39,200043
DA:40,200032
DA:41,2
DA:42,2
DA:43,2
DA:46,11
DA:47,11
DA:48,11
DA:51,10
LF:31
LH:18
BRDA:6,0,0,10
BRDA:6,0,1,1
BRDA:8,1,0,0
BRDA:8,1,1,1
BRDA:17,2,0,2
BRDA:17,2,1,0
BRDA:18,3,0,0
BRDA:18,3,1,0
BRDA:19,4,0,0
BRDA:19,4,1,0
BRDA:22,5,0,0
BRDA:22,5,1,0
BRDA:23,6,0,0
BRDA:23,6,1,0
BRDA:28,7,0,0
BRDA:28,7,1,0
BRDA:39,8,0,200032
BRDA:39,8,1,11
BRDA:40,9,0,2
BRDA:40,9,1,200030
BRF:20
BRH:8
end_of_record
