<?xml version="1.0" encoding="UTF-8"?>
<coverage generated="1754545792792" clover="3.2.0">
  <project timestamp="1754545792793" name="All files">
    <metrics statements="13" coveredstatements="4" conditionals="8" coveredconditionals="0" methods="2" coveredmethods="2" elements="23" coveredelements="6" complexity="0" loc="13" ncloc="13" packages="1" files="1" classes="1"/>
    <file name="4.js" path="C:\Users\ASUS\OneDrive\Documents\GitHub\Thesis\solutions-descriptive\4.js">
      <metrics statements="13" coveredstatements="4" conditionals="8" coveredconditionals="0" methods="2" coveredmethods="2"/>
      <line num="2" count="10" type="stmt"/>
      <line num="4" count="10" type="stmt"/>
      <line num="8" count="10" type="stmt"/>
      <line num="9" count="0" type="stmt"/>
      <line num="10" count="0" type="stmt"/>
      <line num="13" count="0" type="stmt"/>
      <line num="15" count="0" type="stmt"/>
      <line num="18" count="0" type="stmt"/>
      <line num="21" count="0" type="cond" truecount="0" falsecount="2"/>
      <line num="22" count="0" type="stmt"/>
      <line num="25" count="0" type="cond" truecount="0" falsecount="2"/>
      <line num="26" count="0" type="stmt"/>
      <line num="30" count="10" type="stmt"/>
    </file>
  </project>
</coverage>
