<?xml version="1.0" encoding="UTF-8"?>
<coverage generated="1754664868979" clover="3.2.0">
  <project timestamp="1754664868979" name="All files">
    <metrics statements="29" coveredstatements="4" conditionals="14" coveredconditionals="0" methods="5" coveredmethods="1" elements="48" coveredelements="5" complexity="0" loc="29" ncloc="29" packages="1" files="1" classes="1"/>
    <file name="50.js" path="E:\desktop\Thesis\solutions-descriptive\50.js">
      <metrics statements="29" coveredstatements="4" conditionals="14" coveredconditionals="0" methods="5" coveredmethods="1"/>
      <line num="2" count="10" type="stmt"/>
      <line num="3" count="10" type="stmt"/>
      <line num="4" count="10" type="stmt"/>
      <line num="5" count="0" type="stmt"/>
      <line num="7" count="10" type="stmt"/>
      <line num="9" count="0" type="stmt"/>
      <line num="10" count="0" type="stmt"/>
      <line num="11" count="0" type="stmt"/>
      <line num="12" count="0" type="cond" truecount="0" falsecount="2"/>
      <line num="14" count="0" type="cond" truecount="0" falsecount="2"/>
      <line num="16" count="0" type="stmt"/>
      <line num="17" count="0" type="stmt"/>
      <line num="18" count="0" type="stmt"/>
      <line num="19" count="0" type="cond" truecount="0" falsecount="2"/>
      <line num="20" count="0" type="stmt"/>
      <line num="22" count="0" type="stmt"/>
      <line num="25" count="0" type="cond" truecount="0" falsecount="2"/>
      <line num="26" count="0" type="stmt"/>
      <line num="28" count="0" type="stmt"/>
      <line num="29" count="0" type="cond" truecount="0" falsecount="2"/>
      <line num="30" count="0" type="cond" truecount="0" falsecount="2"/>
      <line num="31" count="0" type="stmt"/>
      <line num="34" count="0" type="cond" truecount="0" falsecount="2"/>
      <line num="39" count="0" type="stmt"/>
      <line num="43" count="0" type="stmt"/>
      <line num="44" count="0" type="stmt"/>
      <line num="45" count="0" type="stmt"/>
      <line num="46" count="0" type="stmt"/>
      <line num="48" count="0" type="stmt"/>
    </file>
  </project>
</coverage>
