<?xml version="1.0" encoding="UTF-8"?>
<coverage generated="1755798152731" clover="3.2.0">
  <project timestamp="1755798152731" name="All files">
    <metrics statements="64" coveredstatements="64" conditionals="4" coveredconditionals="4" methods="9" coveredmethods="9" elements="77" coveredelements="77" complexity="0" loc="64" ncloc="64" packages="1" files="1" classes="1"/>
    <file name="7.js" path="E:\desktop\Thesis\solutions-descriptive\7.js">
      <metrics statements="64" coveredstatements="64" conditionals="4" coveredconditionals="4" methods="9" coveredmethods="9"/>
      <line num="2" count="10" type="stmt"/>
      <line num="3" count="10" type="stmt"/>
      <line num="4" count="10" type="stmt"/>
      <line num="5" count="54" type="stmt"/>
      <line num="6" count="27" type="stmt"/>
      <line num="8" count="10" type="stmt"/>
      <line num="10" count="10" type="stmt"/>
      <line num="11" count="10" type="stmt"/>
      <line num="12" count="10" type="stmt"/>
      <line num="14" count="10" type="stmt"/>
      <line num="15" count="37" type="stmt"/>
      <line num="16" count="37" type="stmt"/>
      <line num="17" count="37" type="cond" truecount="2" falsecount="0"/>
      <line num="18" count="27" type="stmt"/>
      <line num="22" count="10" type="stmt"/>
      <line num="23" count="10" type="stmt"/>
      <line num="24" count="28" type="stmt"/>
      <line num="27" count="10" type="stmt"/>
      <line num="28" count="10" type="stmt"/>
      <line num="29" count="37" type="stmt"/>
      <line num="30" count="37" type="stmt"/>
      <line num="33" count="10" type="stmt"/>
      <line num="34" count="28" type="stmt"/>
      <line num="37" count="10" type="stmt"/>
      <line num="38" count="37" type="stmt"/>
      <line num="39" count="37" type="stmt"/>
      <line num="40" count="27" type="stmt"/>
      <line num="42" count="37" type="stmt"/>
      <line num="43" count="37" type="stmt"/>
      <line num="46" count="10" type="stmt"/>
      <line num="51" count="10" type="stmt"/>
      <line num="52" count="10" type="stmt"/>
      <line num="53" count="10" type="stmt"/>
      <line num="54" count="10" type="stmt"/>
      <line num="55" count="10" type="stmt"/>
      <line num="56" count="10" type="stmt"/>
      <line num="57" count="10" type="stmt"/>
      <line num="58" count="10" type="stmt"/>
      <line num="59" count="10" type="stmt"/>
      <line num="63" count="27" type="stmt"/>
      <line num="67" count="74" type="stmt"/>
      <line num="68" count="74" type="stmt"/>
      <line num="69" count="108" type="stmt"/>
      <line num="71" count="74" type="stmt"/>
      <line num="75" count="54" type="stmt"/>
      <line num="76" count="47" type="stmt"/>
      <line num="77" count="10" type="stmt"/>
      <line num="78" count="10" type="stmt"/>
      <line num="79" count="54" type="stmt"/>
      <line num="80" count="54" type="stmt"/>
      <line num="81" count="54" type="stmt"/>
      <line num="84" count="10" type="stmt"/>
      <line num="85" count="10" type="stmt"/>
      <line num="86" count="10" type="stmt"/>
      <line num="87" count="10" type="stmt"/>
      <line num="89" count="10" type="stmt"/>
      <line num="90" count="37" type="stmt"/>
      <line num="91" count="54" type="cond" truecount="2" falsecount="0"/>
      <line num="92" count="27" type="stmt"/>
      <line num="93" count="27" type="stmt"/>
      <line num="94" count="27" type="stmt"/>
      <line num="99" count="10" type="stmt"/>
      <line num="103" count="37" type="stmt"/>
      <line num="107" count="54" type="stmt"/>
    </file>
  </project>
</coverage>
