TN:
SF:solutions-algorithm\45.js
FN:3,solve
FN:5,(anonymous_1)
FN:6,(anonymous_2)
FN:13,dfs
FNF:4
FNH:2
FNDA:13,solve
FNDA:0,(anonymous_1)
FNDA:0,(anonymous_2)
FNDA:13,dfs
DA:1,1
DA:4,13
DA:5,13
DA:6,0
DA:8,13
DA:9,13
DA:10,0
DA:14,13
DA:15,13
DA:16,13
DA:18,0
DA:19,0
DA:20,0
DA:22,0
DA:23,0
DA:26,0
DA:27,0
DA:30,13
LF:18
LH:9
BRDA:14,0,0,0
BRDA:14,0,1,13
BRDA:15,1,0,0
BRDA:15,1,1,13
BRDA:16,2,0,0
BRDA:16,2,1,0
BRDA:19,3,0,0
BRDA:19,3,1,0
BRDA:19,4,0,0
BRDA:19,4,1,0
BRDA:22,5,0,0
BRDA:22,5,1,0
BRF:12
BRH:2
end_of_record
