TN:
SF:solutions-descriptive\7.js
FN:1,solve
FN:5,(anonymous_1)
FN:50,(anonymous_2)
FN:62,(anonymous_3)
FN:66,(anonymous_4)
FN:74,(anonymous_5)
FN:102,(anonymous_6)
FN:106,(anonymous_7)
FN:107,(anonymous_8)
FNF:9
FNH:9
FNDA:10,solve
FNDA:54,(anonymous_1)
FNDA:10,(anonymous_2)
FNDA:27,(anonymous_3)
FNDA:74,(anonymous_4)
FNDA:10,(anonymous_5)
FNDA:37,(anonymous_6)
FNDA:37,(anonymous_7)
FNDA:54,(anonymous_8)
DA:2,10
DA:3,10
DA:4,10
DA:5,54
DA:6,27
DA:8,10
DA:10,10
DA:11,10
DA:12,10
DA:14,10
DA:15,37
DA:16,37
DA:17,37
DA:18,27
DA:22,10
DA:23,10
DA:24,28
DA:27,10
DA:28,10
DA:29,37
DA:30,37
DA:33,10
DA:34,28
DA:37,10
DA:38,37
DA:39,37
DA:40,27
DA:42,37
DA:43,37
DA:46,10
DA:51,10
DA:52,10
DA:53,10
DA:54,10
DA:55,10
DA:56,10
DA:57,10
DA:58,10
DA:59,10
DA:63,27
DA:67,74
DA:68,74
DA:69,108
DA:71,74
DA:75,54
DA:76,47
DA:77,10
DA:78,10
DA:79,54
DA:80,54
DA:81,54
DA:84,10
DA:85,10
DA:86,10
DA:87,10
DA:89,10
DA:90,37
DA:91,54
DA:92,27
DA:93,27
DA:94,27
DA:99,10
DA:103,37
DA:107,54
LF:64
LH:64
BRDA:17,0,0,27
BRDA:17,0,1,10
BRDA:91,1,0,27
BRDA:91,1,1,27
BRF:4
BRH:4
end_of_record
