{"E:\\desktop\\Thesis\\solutions-descriptive\\13.js": {"path":"E:\\desktop\\Thesis\\solutions-descriptive\\13.js","statementMap":{"0":{"start":{"line":2,"column":19},"end":{"line":2,"column":21}},"1":{"start":{"line":3,"column":22},"end":{"line":3,"column":28}},"2":{"start":{"line":4,"column":22},"end":{"line":4,"column":47}},"3":{"start":{"line":5,"column":24},"end":{"line":5,"column":49}},"4":{"start":{"line":6,"column":22},"end":{"line":6,"column":51}},"5":{"start":{"line":8,"column":4},"end":{"line":37,"column":5}},"6":{"start":{"line":9,"column":23},"end":{"line":9,"column":35}},"7":{"start":{"line":10,"column":29},"end":{"line":10,"column":69}},"8":{"start":{"line":12,"column":8},"end":{"line":34,"column":9}},"9":{"start":{"line":12,"column":29},"end":{"line":12,"column":30}},"10":{"start":{"line":13,"column":31},"end":{"line":13,"column":32}},"11":{"start":{"line":14,"column":12},"end":{"line":14,"column":29}},"12":{"start":{"line":16,"column":12},"end":{"line":19,"column":13}},"13":{"start":{"line":16,"column":25},"end":{"line":16,"column":26}},"14":{"start":{"line":17,"column":16},"end":{"line":17,"column":67}},"15":{"start":{"line":18,"column":16},"end":{"line":18,"column":65}},"16":{"start":{"line":21,"column":12},"end":{"line":29,"column":13}},"17":{"start":{"line":21,"column":25},"end":{"line":21,"column":26}},"18":{"start":{"line":22,"column":16},"end":{"line":27,"column":17}},"19":{"start":{"line":23,"column":20},"end":{"line":26,"column":21}},"20":{"start":{"line":24,"column":24},"end":{"line":24,"column":70}},"21":{"start":{"line":25,"column":24},"end":{"line":25,"column":39}},"22":{"start":{"line":28,"column":16},"end":{"line":28,"column":75}},"23":{"start":{"line":31,"column":12},"end":{"line":33,"column":13}},"24":{"start":{"line":31,"column":25},"end":{"line":31,"column":26}},"25":{"start":{"line":32,"column":16},"end":{"line":32,"column":53}},"26":{"start":{"line":36,"column":8},"end":{"line":36,"column":44}},"27":{"start":{"line":39,"column":4},"end":{"line":39,"column":18}}},"fnMap":{"0":{"name":"solve","decl":{"start":{"line":1,"column":16},"end":{"line":1,"column":21}},"loc":{"start":{"line":1,"column":33},"end":{"line":40,"column":1}},"line":1}},"branchMap":{"0":{"loc":{"start":{"line":17,"column":33},"end":{"line":17,"column":66}},"type":"cond-expr","locations":[{"start":{"line":17,"column":60},"end":{"line":17,"column":62}},{"start":{"line":17,"column":65},"end":{"line":17,"column":66}}],"line":17},"1":{"loc":{"start":{"line":22,"column":16},"end":{"line":27,"column":17}},"type":"if","locations":[{"start":{"line":22,"column":16},"end":{"line":27,"column":17}},{"start":{},"end":{}}],"line":22}},"s":{"0":12,"1":12,"2":12,"3":12,"4":12,"5":12,"6":14,"7":14,"8":14,"9":14,"10":140,"11":140,"12":140,"13":140,"14":1490,"15":1490,"16":140,"17":140,"18":1490,"19":139,"20":207,"21":207,"22":1490,"23":140,"24":140,"25":1630,"26":14,"27":12},"f":{"0":12},"b":{"0":[1190,300],"1":[139,1351]},"_coverageSchema":"1a1c01bbd47fc00a2c39e90264f33305004495a9","hash":"287882cf281119557f31195edba403b185bab09c"}
}
