TN:
SF:solutions-descriptive\42.js
FN:4,powmod
FN:44,solve
FNF:2
FNH:2
FNDA:58,powmod
FNDA:8,solve
DA:1,1
DA:2,1
DA:5,58
DA:6,58
DA:7,58
DA:8,285
DA:9,285
DA:10,285
DA:12,58
DA:15,1
DA:16,1
DA:17,1
DA:19,1
DA:20,1
DA:21,1
DA:22,200004
DA:25,1
DA:26,1
DA:27,10
DA:28,45
DA:32,1
DA:33,1
DA:34,1
DA:35,10
DA:38,1
DA:39,1
DA:40,1
DA:41,45
DA:45,8
DA:46,8
DA:47,8
DA:49,8
DA:50,8
DA:51,8
DA:52,8
DA:53,8
DA:54,8
DA:55,8
DA:56,8
DA:57,8
DA:58,8
DA:60,8
DA:61,200016
DA:62,200016
DA:64,200016
DA:65,2000160
DA:66,200026
DA:67,200026
DA:71,200016
DA:72,9000720
DA:73,9000720
DA:75,9000720
DA:76,1800180
DA:77,1800180
DA:79,9000720
DA:80,26
DA:81,26
DA:83,9000720
DA:84,14
DA:85,14
DA:90,8
DA:91,80
DA:92,19
DA:96,8
DA:97,360
DA:98,360
DA:99,360
DA:102,8
DA:103,8
DA:104,80
DA:106,8
DA:107,8
DA:108,360
DA:109,360
DA:110,360
DA:111,360
DA:112,360
DA:113,360
DA:114,360
DA:117,8
DA:118,8
DA:119,80
DA:121,8
DA:122,360
DA:125,8
DA:126,8
LF:86
LH:86
BRDA:8,0,0,158
BRDA:8,0,1,127
BRDA:65,1,0,200026
BRDA:65,1,1,1800134
BRDA:75,2,0,1800180
BRDA:75,2,1,7200540
BRDA:75,3,0,9000720
BRDA:75,3,1,1800194
BRDA:79,4,0,26
BRDA:79,4,1,9000694
BRDA:79,5,0,9000720
BRDA:79,5,1,40
BRDA:83,6,0,14
BRDA:83,6,1,9000706
BRDA:83,7,0,9000720
BRDA:83,7,1,1800194
BRDA:91,8,0,19
BRDA:91,8,1,61
BRDA:97,9,0,138
BRDA:97,9,1,222
BRDA:98,10,0,21
BRDA:98,10,1,339
BRDA:99,11,0,11
BRDA:99,11,1,349
BRF:24
BRH:24
end_of_record
