<?xml version="1.0" encoding="UTF-8"?>
<coverage generated="1754580320086" clover="3.2.0">
  <project timestamp="1754580320086" name="All files">
    <metrics statements="89" coveredstatements="89" conditionals="24" coveredconditionals="24" methods="2" coveredmethods="2" elements="115" coveredelements="115" complexity="0" loc="89" ncloc="89" packages="1" files="1" classes="1"/>
    <file name="42.js" path="C:\Users\ASUS\OneDrive\Documents\GitHub\Thesis\solutions-descriptive\42.js">
      <metrics statements="89" coveredstatements="89" conditionals="24" coveredconditionals="24" methods="2" coveredmethods="2"/>
      <line num="1" count="1" type="stmt"/>
      <line num="2" count="1" type="stmt"/>
      <line num="5" count="638" type="stmt"/>
      <line num="6" count="638" type="stmt"/>
      <line num="7" count="638" type="stmt"/>
      <line num="8" count="3135" type="cond" truecount="2" falsecount="0"/>
      <line num="9" count="3135" type="stmt"/>
      <line num="10" count="3135" type="stmt"/>
      <line num="12" count="638" type="stmt"/>
      <line num="16" count="11" type="stmt"/>
      <line num="17" count="11" type="stmt"/>
      <line num="18" count="11" type="stmt"/>
      <line num="19" count="11" type="stmt"/>
      <line num="21" count="11" type="stmt"/>
      <line num="22" count="11" type="stmt"/>
      <line num="23" count="2200044" type="stmt"/>
      <line num="26" count="11" type="stmt"/>
      <line num="27" count="11" type="stmt"/>
      <line num="28" count="110" type="stmt"/>
      <line num="29" count="495" type="stmt"/>
      <line num="33" count="11" type="stmt"/>
      <line num="34" count="11" type="stmt"/>
      <line num="35" count="110" type="stmt"/>
      <line num="38" count="11" type="stmt"/>
      <line num="39" count="11" type="stmt"/>
      <line num="40" count="495" type="stmt"/>
      <line num="41" count="495" type="stmt"/>
      <line num="44" count="11" type="stmt"/>
      <line num="45" count="4" type="stmt"/>
      <line num="46" count="4" type="stmt"/>
      <line num="48" count="4" type="stmt"/>
      <line num="49" count="4" type="stmt"/>
      <line num="50" count="4" type="stmt"/>
      <line num="51" count="4" type="stmt"/>
      <line num="52" count="4" type="stmt"/>
      <line num="53" count="4" type="stmt"/>
      <line num="54" count="4" type="stmt"/>
      <line num="56" count="4" type="stmt"/>
      <line num="57" count="10" type="stmt"/>
      <line num="58" count="10" type="stmt"/>
      <line num="59" count="10" type="stmt"/>
      <line num="61" count="10" type="stmt"/>
      <line num="62" count="100" type="cond" truecount="2" falsecount="0"/>
      <line num="63" count="34" type="stmt"/>
      <line num="64" count="34" type="stmt"/>
      <line num="68" count="10" type="stmt"/>
      <line num="69" count="450" type="stmt"/>
      <line num="70" count="450" type="stmt"/>
      <line num="71" count="450" type="stmt"/>
      <line num="73" count="450" type="cond" truecount="4" falsecount="0"/>
      <line num="74" count="100" type="stmt"/>
      <line num="75" count="100" type="stmt"/>
      <line num="77" count="450" type="cond" truecount="4" falsecount="0"/>
      <line num="78" count="84" type="stmt"/>
      <line num="79" count="84" type="stmt"/>
      <line num="81" count="450" type="cond" truecount="4" falsecount="0"/>
      <line num="82" count="61" type="stmt"/>
      <line num="83" count="61" type="stmt"/>
      <line num="88" count="4" type="stmt"/>
      <line num="89" count="40" type="cond" truecount="2" falsecount="0"/>
      <line num="90" count="12" type="stmt"/>
      <line num="94" count="4" type="stmt"/>
      <line num="95" count="180" type="cond" truecount="2" falsecount="0"/>
      <line num="96" count="180" type="cond" truecount="2" falsecount="0"/>
      <line num="97" count="180" type="cond" truecount="2" falsecount="0"/>
      <line num="100" count="4" type="stmt"/>
      <line num="101" count="4" type="stmt"/>
      <line num="102" count="40" type="stmt"/>
      <line num="105" count="4" type="stmt"/>
      <line num="106" count="4" type="stmt"/>
      <line num="107" count="180" type="stmt"/>
      <line num="108" count="180" type="stmt"/>
      <line num="109" count="180" type="stmt"/>
      <line num="111" count="180" type="stmt"/>
      <line num="112" count="180" type="stmt"/>
      <line num="113" count="180" type="stmt"/>
      <line num="115" count="180" type="stmt"/>
      <line num="118" count="4" type="stmt"/>
      <line num="119" count="4" type="stmt"/>
      <line num="120" count="4" type="stmt"/>
      <line num="121" count="40" type="stmt"/>
      <line num="123" count="4" type="stmt"/>
      <line num="124" count="180" type="stmt"/>
      <line num="127" count="4" type="stmt"/>
      <line num="128" count="4" type="stmt"/>
      <line num="131" count="1" type="stmt"/>
      <line num="135" count="1" type="stmt"/>
      <line num="142" count="1" type="stmt"/>
      <line num="143" count="1" type="stmt"/>
    </file>
  </project>
</coverage>
