TN:
SF:solutions-descriptive\42.js
FN:4,modPow
FN:15,solve
FNF:2
FNH:2
FNDA:638,modPow
FNDA:11,solve
DA:1,1
DA:2,1
DA:5,638
DA:6,638
DA:7,638
DA:8,3135
DA:9,3135
DA:10,3135
DA:12,638
DA:16,11
DA:17,11
DA:18,11
DA:19,11
DA:21,11
DA:22,11
DA:23,2200044
DA:26,11
DA:27,11
DA:28,110
DA:29,495
DA:33,11
DA:34,11
DA:35,110
DA:38,11
DA:39,11
DA:40,495
DA:41,495
DA:44,11
DA:45,4
DA:46,4
DA:48,4
DA:49,4
DA:50,4
DA:51,4
DA:52,4
DA:53,4
DA:54,4
DA:56,4
DA:57,10
DA:58,10
DA:59,10
DA:61,10
DA:62,100
DA:63,34
DA:64,34
DA:68,10
DA:69,450
DA:70,450
DA:71,450
DA:73,450
DA:74,100
DA:75,100
DA:77,450
DA:78,84
DA:79,84
DA:81,450
DA:82,61
DA:83,61
DA:88,4
DA:89,40
DA:90,12
DA:94,4
DA:95,180
DA:96,180
DA:97,180
DA:100,4
DA:101,4
DA:102,40
DA:105,4
DA:106,4
DA:107,180
DA:108,180
DA:109,180
DA:111,180
DA:112,180
DA:113,180
DA:115,180
DA:118,4
DA:119,4
DA:120,4
DA:121,40
DA:123,4
DA:124,180
DA:127,4
DA:128,4
DA:131,1
DA:135,1
DA:142,1
DA:143,1
LF:89
LH:89
BRDA:8,0,0,1738
BRDA:8,0,1,1397
BRDA:62,1,0,34
BRDA:62,1,1,66
BRDA:73,2,0,100
BRDA:73,2,1,350
BRDA:73,3,0,450
BRDA:73,3,1,161
BRDA:77,4,0,84
BRDA:77,4,1,366
BRDA:77,5,0,450
BRDA:77,5,1,145
BRDA:81,6,0,61
BRDA:81,6,1,389
BRDA:81,7,0,450
BRDA:81,7,1,161
BRDA:89,8,0,12
BRDA:89,8,1,28
BRDA:95,9,0,62
BRDA:95,9,1,118
BRDA:96,10,0,42
BRDA:96,10,1,138
BRDA:97,11,0,35
BRDA:97,11,1,145
BRF:24
BRH:24
end_of_record
