TN:
SF:solutions-descriptive\40.js
FN:1,solve
FN:67,fillLinear
FN:75,fillSymmetric
FNF:3
FNH:2
FNDA:15,solve
FNDA:14,fillLinear
FNDA:0,fillSymmetric
DA:2,15
DA:3,15
DA:4,15
DA:5,50
DA:6,50
DA:7,50
DA:8,50
DA:11,15
DA:12,15
DA:13,15
DA:14,15
DA:15,15
DA:16,15
DA:18,15
DA:19,25
DA:20,25
DA:22,25
DA:23,25
DA:24,20
DA:26,20
DA:27,12
DA:28,3
DA:29,8
DA:30,0
DA:31,0
DA:32,0
DA:35,9
DA:36,5
DA:37,5
DA:39,4
DA:40,4
DA:43,8
DA:44,3
DA:45,7
DA:46,0
DA:47,0
DA:48,0
DA:51,5
DA:52,2
DA:53,2
DA:55,3
DA:56,3
DA:61,10
DA:62,10
DA:64,10
DA:68,14
DA:69,17
DA:70,17
DA:71,17
DA:76,0
DA:77,0
DA:78,0
DA:79,0
DA:80,0
DA:81,0
DA:83,0
DA:84,0
DA:85,0
DA:86,0
LF:59
LH:43
BRDA:6,0,0,34
BRDA:6,0,1,16
BRDA:26,1,0,12
BRDA:26,1,1,8
BRDA:27,2,0,3
BRDA:27,2,1,9
BRDA:27,3,0,12
BRDA:27,3,1,7
BRDA:29,4,0,0
BRDA:29,4,1,8
BRDA:29,5,0,8
BRDA:29,5,1,8
BRDA:35,6,0,5
BRDA:35,6,1,4
BRDA:43,7,0,3
BRDA:43,7,1,5
BRDA:43,8,0,8
BRDA:43,8,1,4
BRDA:45,9,0,0
BRDA:45,9,1,7
BRDA:45,10,0,7
BRDA:45,10,1,7
BRDA:51,11,0,2
BRDA:51,11,1,3
BRDA:62,12,0,4
BRDA:62,12,1,6
BRF:26
BRH:24
end_of_record
