{"C:\\Users\\ASUS\\OneDrive\\Documents\\GitHub\\Thesis\\solutions-descriptive\\8.js": {"path":"C:\\Users\\ASUS\\OneDrive\\Documents\\GitHub\\Thesis\\solutions-descriptive\\8.js","statementMap":{"0":{"start":{"line":2,"column":4},"end":{"line":2,"column":33}},"1":{"start":{"line":2,"column":26},"end":{"line":2,"column":31}},"2":{"start":{"line":3,"column":4},"end":{"line":3,"column":33}},"3":{"start":{"line":3,"column":26},"end":{"line":3,"column":31}},"4":{"start":{"line":5,"column":16},"end":{"line":5,"column":18}},"5":{"start":{"line":6,"column":16},"end":{"line":6,"column":18}},"6":{"start":{"line":9,"column":4},"end":{"line":11,"column":5}},"7":{"start":{"line":9,"column":17},"end":{"line":9,"column":18}},"8":{"start":{"line":10,"column":8},"end":{"line":10,"column":50}},"9":{"start":{"line":14,"column":4},"end":{"line":16,"column":5}},"10":{"start":{"line":14,"column":17},"end":{"line":14,"column":18}},"11":{"start":{"line":15,"column":8},"end":{"line":15,"column":50}},"12":{"start":{"line":18,"column":21},"end":{"line":18,"column":60}},"13":{"start":{"line":19,"column":24},"end":{"line":19,"column":45}},"14":{"start":{"line":21,"column":21},"end":{"line":21,"column":23}},"15":{"start":{"line":22,"column":17},"end":{"line":22,"column":18}},"16":{"start":{"line":23,"column":17},"end":{"line":23,"column":18}},"17":{"start":{"line":24,"column":26},"end":{"line":24,"column":27}},"18":{"start":{"line":26,"column":4},"end":{"line":56,"column":5}},"19":{"start":{"line":26,"column":24},"end":{"line":26,"column":25}},"20":{"start":{"line":27,"column":8},"end":{"line":32,"column":9}},"21":{"start":{"line":28,"column":12},"end":{"line":28,"column":45}},"22":{"start":{"line":29,"column":12},"end":{"line":29,"column":21}},"23":{"start":{"line":30,"column":12},"end":{"line":30,"column":21}},"24":{"start":{"line":31,"column":12},"end":{"line":31,"column":45}},"25":{"start":{"line":34,"column":8},"end":{"line":39,"column":9}},"26":{"start":{"line":35,"column":12},"end":{"line":35,"column":45}},"27":{"start":{"line":36,"column":12},"end":{"line":36,"column":21}},"28":{"start":{"line":37,"column":12},"end":{"line":37,"column":21}},"29":{"start":{"line":38,"column":12},"end":{"line":38,"column":45}},"30":{"start":{"line":41,"column":8},"end":{"line":53,"column":9}},"31":{"start":{"line":42,"column":12},"end":{"line":42,"column":45}},"32":{"start":{"line":43,"column":12},"end":{"line":43,"column":21}},"33":{"start":{"line":44,"column":15},"end":{"line":53,"column":9}},"34":{"start":{"line":45,"column":12},"end":{"line":45,"column":45}},"35":{"start":{"line":46,"column":12},"end":{"line":46,"column":21}},"36":{"start":{"line":47,"column":15},"end":{"line":53,"column":9}},"37":{"start":{"line":48,"column":12},"end":{"line":48,"column":45}},"38":{"start":{"line":49,"column":12},"end":{"line":49,"column":21}},"39":{"start":{"line":51,"column":12},"end":{"line":51,"column":45}},"40":{"start":{"line":52,"column":12},"end":{"line":52,"column":21}},"41":{"start":{"line":55,"column":8},"end":{"line":55,"column":39}},"42":{"start":{"line":58,"column":4},"end":{"line":60,"column":5}},"43":{"start":{"line":59,"column":8},"end":{"line":59,"column":45}},"44":{"start":{"line":62,"column":4},"end":{"line":62,"column":34}}},"fnMap":{"0":{"name":"solve","decl":{"start":{"line":1,"column":16},"end":{"line":1,"column":21}},"loc":{"start":{"line":1,"column":44},"end":{"line":63,"column":1}},"line":1},"1":{"name":"(anonymous_1)","decl":{"start":{"line":2,"column":16},"end":{"line":2,"column":17}},"loc":{"start":{"line":2,"column":26},"end":{"line":2,"column":31}},"line":2},"2":{"name":"(anonymous_2)","decl":{"start":{"line":3,"column":16},"end":{"line":3,"column":17}},"loc":{"start":{"line":3,"column":26},"end":{"line":3,"column":31}},"line":3}},"branchMap":{"0":{"loc":{"start":{"line":27,"column":8},"end":{"line":32,"column":9}},"type":"if","locations":[{"start":{"line":27,"column":8},"end":{"line":32,"column":9}},{"start":{},"end":{}}],"line":27},"1":{"loc":{"start":{"line":34,"column":8},"end":{"line":39,"column":9}},"type":"if","locations":[{"start":{"line":34,"column":8},"end":{"line":39,"column":9}},{"start":{},"end":{}}],"line":34},"2":{"loc":{"start":{"line":41,"column":8},"end":{"line":53,"column":9}},"type":"if","locations":[{"start":{"line":41,"column":8},"end":{"line":53,"column":9}},{"start":{"line":44,"column":15},"end":{"line":53,"column":9}}],"line":41},"3":{"loc":{"start":{"line":44,"column":15},"end":{"line":53,"column":9}},"type":"if","locations":[{"start":{"line":44,"column":15},"end":{"line":53,"column":9}},{"start":{"line":47,"column":15},"end":{"line":53,"column":9}}],"line":44},"4":{"loc":{"start":{"line":47,"column":15},"end":{"line":53,"column":9}},"type":"if","locations":[{"start":{"line":47,"column":15},"end":{"line":53,"column":9}},{"start":{"line":50,"column":15},"end":{"line":53,"column":9}}],"line":47},"5":{"loc":{"start":{"line":58,"column":4},"end":{"line":60,"column":5}},"type":"if","locations":[{"start":{"line":58,"column":4},"end":{"line":60,"column":5}},{"start":{},"end":{}}],"line":58}},"s":{"0":14,"1":200029,"2":14,"3":200028,"4":14,"5":14,"6":14,"7":14,"8":100015,"9":14,"10":14,"11":100015,"12":14,"13":14,"14":14,"15":14,"16":14,"17":14,"18":14,"19":14,"20":133353,"21":8333,"22":8333,"23":8333,"24":8333,"25":133353,"26":0,"27":0,"28":0,"29":0,"30":133353,"31":8337,"32":8337,"33":125016,"34":3,"35":3,"36":125013,"37":75008,"38":75008,"39":50005,"40":50005,"41":133353,"42":14,"43":13,"44":14},"f":{"0":14,"1":200029,"2":200028},"b":{"0":[8333,125020],"1":[0,133353],"2":[8337,125016],"3":[3,125013],"4":[75008,50005],"5":[13,1]},"_coverageSchema":"1a1c01bbd47fc00a2c39e90264f33305004495a9","hash":"eeacc27c1d999110828aa27a53a2758293bd4699"}
}
