TN:
SF:solutions-descriptive\8.js
FN:1,solve
FN:2,(anonymous_1)
FN:3,(anonymous_2)
FNF:3
FNH:3
FNDA:12,solve
FNDA:31,(anonymous_1)
FNDA:35,(anonymous_2)
DA:2,31
DA:3,35
DA:5,12
DA:6,12
DA:9,12
DA:10,16
DA:14,12
DA:15,17
DA:18,12
DA:19,12
DA:21,12
DA:22,12
DA:23,12
DA:24,12
DA:26,12
DA:27,20
DA:28,0
DA:29,0
DA:30,0
DA:31,0
DA:34,20
DA:35,1
DA:36,1
DA:37,1
DA:38,1
DA:41,20
DA:42,1
DA:43,1
DA:44,19
DA:45,3
DA:46,3
DA:47,16
DA:48,4
DA:49,4
DA:51,12
DA:52,12
DA:55,20
DA:58,12
DA:59,9
DA:62,12
LF:40
LH:36
BRDA:27,0,0,0
BRDA:27,0,1,20
BRDA:34,1,0,1
BRDA:34,1,1,19
BRDA:41,2,0,1
BRDA:41,2,1,19
BRDA:44,3,0,3
BRDA:44,3,1,16
BRDA:47,4,0,4
BRDA:47,4,1,12
BRDA:58,5,0,9
BRDA:58,5,1,3
BRF:12
BRH:11
end_of_record
