TN:
SF:solutions-descriptive\35.js
FN:1,swap
FN:5,siftUp
FN:14,siftDown
FN:35,solve
FNF:4
FNH:4
FNDA:3,swap
FNDA:22,siftUp
FNDA:5,siftDown
FNDA:13,solve
DA:2,3
DA:6,22
DA:7,7
DA:8,7
DA:9,3
DA:10,3
DA:15,5
DA:16,5
DA:17,5
DA:18,0
DA:19,0
DA:20,0
DA:22,0
DA:23,0
DA:24,0
DA:25,0
DA:28,0
DA:29,0
DA:30,0
DA:36,13
DA:37,13
DA:38,13
DA:39,52
DA:40,33
DA:41,5
DA:42,5
DA:43,5
DA:46,19
DA:47,19
DA:48,19
DA:51,13
LF:31
LH:21
BRDA:6,0,0,15
BRDA:6,0,1,7
BRDA:8,1,0,3
BRDA:8,1,1,4
BRDA:17,2,0,5
BRDA:17,2,1,0
BRDA:18,3,0,0
BRDA:18,3,1,0
BRDA:19,4,0,0
BRDA:19,4,1,0
BRDA:22,5,0,0
BRDA:22,5,1,0
BRDA:23,6,0,0
BRDA:23,6,1,0
BRDA:28,7,0,0
BRDA:28,7,1,0
BRDA:39,8,0,33
BRDA:39,8,1,19
BRDA:40,9,0,5
BRDA:40,9,1,28
BRF:20
BRH:9
end_of_record
