TN:
SF:solutions-algorithm\43.js
FN:4,solve
FN:5,(anonymous_1)
FN:6,(anonymous_2)
FNF:3
FNH:3
FNDA:13,solve
FNDA:65,(anonymous_1)
FNDA:65,(anonymous_2)
DA:5,65
DA:6,65
DA:9,13
DA:10,39
DA:11,151
DA:12,151
DA:17,13
DA:18,13
DA:19,39
DA:20,56
DA:24,13
DA:25,13
DA:27,13
DA:28,39
DA:30,56
DA:37,56
DA:38,41
DA:39,17
DA:40,17
DA:45,13
LF:20
LH:20
BRDA:11,0,0,53
BRDA:11,0,1,98
BRDA:12,1,0,53
BRDA:12,1,1,98
BRDA:20,2,0,28
BRDA:20,2,1,28
BRDA:37,3,0,15
BRDA:37,3,1,41
BRDA:38,4,0,17
BRDA:38,4,1,24
BRF:10
BRH:10
end_of_record
