{"C:\\Users\\ASUS\\OneDrive\\Documents\\GitHub\\Thesis\\solutions-algorithm\\30.js": {"path":"C:\\Users\\ASUS\\OneDrive\\Documents\\GitHub\\Thesis\\solutions-algorithm\\30.js","statementMap":{"0":{"start":{"line":4,"column":20},"end":{"line":4,"column":22}},"1":{"start":{"line":6,"column":4},"end":{"line":24,"column":5}},"2":{"start":{"line":6,"column":17},"end":{"line":6,"column":18}},"3":{"start":{"line":7,"column":18},"end":{"line":7,"column":24}},"4":{"start":{"line":8,"column":20},"end":{"line":8,"column":25}},"5":{"start":{"line":10,"column":8},"end":{"line":21,"column":9}},"6":{"start":{"line":10,"column":21},"end":{"line":10,"column":22}},"7":{"start":{"line":11,"column":12},"end":{"line":20,"column":13}},"8":{"start":{"line":11,"column":25},"end":{"line":11,"column":26}},"9":{"start":{"line":12,"column":26},"end":{"line":12,"column":35}},"10":{"start":{"line":13,"column":16},"end":{"line":19,"column":17}},"11":{"start":{"line":15,"column":35},"end":{"line":15,"column":66}},"12":{"start":{"line":15,"column":60},"end":{"line":15,"column":65}},"13":{"start":{"line":16,"column":20},"end":{"line":16,"column":40}},"14":{"start":{"line":17,"column":20},"end":{"line":17,"column":75}},"15":{"start":{"line":18,"column":20},"end":{"line":18,"column":33}},"16":{"start":{"line":23,"column":8},"end":{"line":23,"column":39}},"17":{"start":{"line":23,"column":20},"end":{"line":23,"column":39}},"18":{"start":{"line":26,"column":4},"end":{"line":26,"column":19}}},"fnMap":{"0":{"name":"solve","decl":{"start":{"line":3,"column":16},"end":{"line":3,"column":21}},"loc":{"start":{"line":3,"column":30},"end":{"line":27,"column":1}},"line":3},"1":{"name":"(anonymous_1)","decl":{"start":{"line":15,"column":50},"end":{"line":15,"column":51}},"loc":{"start":{"line":15,"column":60},"end":{"line":15,"column":65}},"line":15}},"branchMap":{"0":{"loc":{"start":{"line":10,"column":24},"end":{"line":10,"column":39}},"type":"binary-expr","locations":[{"start":{"line":10,"column":24},"end":{"line":10,"column":29}},{"start":{"line":10,"column":33},"end":{"line":10,"column":39}}],"line":10},"1":{"loc":{"start":{"line":11,"column":28},"end":{"line":11,"column":47}},"type":"binary-expr","locations":[{"start":{"line":11,"column":28},"end":{"line":11,"column":37}},{"start":{"line":11,"column":41},"end":{"line":11,"column":47}}],"line":11},"2":{"loc":{"start":{"line":13,"column":16},"end":{"line":19,"column":17}},"type":"if","locations":[{"start":{"line":13,"column":16},"end":{"line":19,"column":17}},{"start":{},"end":{}}],"line":13},"3":{"loc":{"start":{"line":13,"column":20},"end":{"line":13,"column":70}},"type":"binary-expr","locations":[{"start":{"line":13,"column":20},"end":{"line":13,"column":25}},{"start":{"line":13,"column":29},"end":{"line":13,"column":40}},{"start":{"line":13,"column":44},"end":{"line":13,"column":55}},{"start":{"line":13,"column":59},"end":{"line":13,"column":70}}],"line":13},"4":{"loc":{"start":{"line":23,"column":8},"end":{"line":23,"column":39}},"type":"if","locations":[{"start":{"line":23,"column":8},"end":{"line":23,"column":39}},{"start":{},"end":{}}],"line":23}},"s":{"0":11,"1":11,"2":11,"3":14,"4":14,"5":14,"6":14,"7":13,"8":13,"9":12,"10":12,"11":11,"12":40,"13":11,"14":11,"15":11,"16":14,"17":3,"18":11},"f":{"0":11,"1":40},"b":{"0":[27,24],"1":[25,21],"2":[11,1],"3":[12,12,12,12],"4":[3,11]},"_coverageSchema":"1a1c01bbd47fc00a2c39e90264f33305004495a9","hash":"7a2e453b486c4eac30b92fb386d4d192bb9a6036"}
}
