TN:
SF:solutions-descriptive\35.js
FN:1,swap
FN:5,siftUp
FN:14,siftDown
FN:35,solve
FNF:4
FNH:4
FNDA:1,swap
FNDA:66683,siftUp
FNDA:6,siftDown
FNDA:15,solve
DA:2,1
DA:6,66683
DA:7,66667
DA:8,66667
DA:9,1
DA:10,1
DA:15,6
DA:16,6
DA:17,6
DA:18,1
DA:19,1
DA:20,1
DA:22,0
DA:23,0
DA:24,0
DA:25,0
DA:28,0
DA:29,0
DA:30,0
DA:36,15
DA:37,15
DA:38,15
DA:39,200066
DA:40,133384
DA:41,6
DA:42,6
DA:43,6
DA:46,66682
DA:47,66682
DA:48,66682
DA:51,15
LF:31
LH:24
BRDA:6,0,0,16
BRDA:6,0,1,66667
BRDA:8,1,0,1
BRDA:8,1,1,66666
BRDA:17,2,0,5
BRDA:17,2,1,1
BRDA:18,3,0,1
BRDA:18,3,1,0
BRDA:19,4,0,0
BRDA:19,4,1,1
BRDA:22,5,0,0
BRDA:22,5,1,0
BRDA:23,6,0,0
BRDA:23,6,1,0
BRDA:28,7,0,0
BRDA:28,7,1,0
BRDA:39,8,0,133384
BRDA:39,8,1,66682
BRDA:40,9,0,6
BRDA:40,9,1,133378
BRF:20
BRH:12
end_of_record
