TN:
SF:solutions-descriptive\37.js
FN:4,getBitLength
FN:8,solve
FN:27,(anonymous_2)
FN:29,(anonymous_3)
FNF:4
FNH:4
FNDA:19,getBitLength
FNDA:21,solve
FNDA:1057,(anonymous_2)
FNDA:1027,(anonymous_3)
DA:1,1
DA:5,19
DA:9,21
DA:11,19
DA:12,19
DA:13,19
DA:16,19
DA:17,19
DA:18,1047
DA:19,4
DA:20,4
DA:24,19
DA:26,15
DA:27,1057
DA:28,15
DA:29,1027
DA:32,15
DA:33,15
DA:35,15
DA:36,15
DA:37,15
DA:38,15
DA:40,15
DA:41,1044
DA:42,1044
DA:43,1044
DA:46,1044
DA:47,7
DA:48,7
DA:49,7
DA:51,7
DA:52,1
DA:53,1
DA:56,1
DA:57,1
DA:58,1
DA:59,1
DA:60,0
DA:61,0
DA:65,1
DA:66,1
DA:70,7
DA:71,7
DA:72,7
DA:75,7
DA:76,7
DA:77,7
DA:78,7
DA:79,7
DA:85,1037
DA:86,1009
DA:88,1037
DA:89,1037
DA:90,4068
DA:91,4068
DA:93,4068
DA:94,26
DA:95,26
DA:96,9
DA:97,26
DA:100,4068
DA:102,4068
DA:103,4013
DA:107,15
LF:64
LH:62
BRDA:9,0,0,2
BRDA:9,0,1,19
BRDA:18,1,0,4
BRDA:18,1,1,1043
BRDA:24,2,0,4
BRDA:24,2,1,15
BRDA:28,3,0,7
BRDA:28,3,1,8
BRDA:46,4,0,7
BRDA:46,4,1,1037
BRDA:46,5,0,1015
BRDA:46,5,1,29
BRDA:51,6,0,8
BRDA:51,6,1,1
BRDA:56,7,0,1
BRDA:56,7,1,0
BRDA:58,8,0,0
BRDA:58,8,1,1
BRDA:59,9,0,0
BRDA:59,9,1,1
BRDA:60,10,0,0
BRDA:60,10,1,0
BRDA:61,11,0,0
BRDA:61,11,1,0
BRDA:66,12,0,1
BRDA:66,12,1,0
BRDA:70,13,0,7
BRDA:70,13,1,0
BRDA:71,14,0,6
BRDA:71,14,1,1
BRDA:72,15,0,7
BRDA:72,15,1,0
BRDA:75,16,0,7
BRDA:75,16,1,0
BRDA:77,17,0,7
BRDA:77,17,1,0
BRDA:79,18,0,7
BRDA:79,18,1,0
BRDA:85,19,0,28
BRDA:85,19,1,1009
BRDA:91,20,0,1058
BRDA:91,20,1,3010
BRDA:93,21,0,26
BRDA:93,21,1,4042
BRDA:95,22,0,17
BRDA:95,22,1,9
BRDA:102,23,0,55
BRDA:102,23,1,4013
BRDA:107,24,0,7
BRDA:107,24,1,8
BRF:50
BRH:37
end_of_record
