TN:
SF:solutions-descriptive\21.js
FN:16,rad
FN:39,solve
FNF:2
FNH:0
FNDA:0,rad
FNDA:0,solve
DA:1,1
DA:2,1
DA:3,1
DA:6,1
DA:7,999999
DA:8,999999
DA:9,1591422
DA:10,921501
DA:11,921501
DA:17,0
DA:18,0
DA:19,0
DA:20,0
DA:21,0
DA:23,0
DA:24,0
DA:25,0
DA:28,0
DA:29,0
DA:30,0
DA:31,0
DA:32,0
DA:35,0
DA:40,0
DA:41,0
DA:44,0
DA:45,0
DA:48,0
DA:49,0
DA:50,0
DA:52,0
DA:53,0
DA:54,0
DA:55,0
DA:57,0
DA:59,0
DA:60,0
DA:63,0
DA:64,0
LF:39
LH:9
BRDA:7,0,0,78498
BRDA:7,0,1,921501
BRDA:9,1,0,669921
BRDA:9,1,1,921501
BRDA:11,2,0,330078
BRDA:11,2,1,591423
BRDA:19,3,0,0
BRDA:19,3,1,0
BRDA:53,4,0,0
BRDA:53,4,1,0
BRDA:54,5,0,0
BRDA:54,5,1,0
BRDA:59,6,0,0
BRDA:59,6,1,0
BRF:14
BRH:6
end_of_record
