TN:
SF:solutions-descriptive\11.js
FN:1,solve
FN:4,(anonymous_1)
FN:5,(anonymous_2)
FN:14,(anonymous_3)
FNF:4
FNH:4
FNDA:12,solve
FNDA:54,(anonymous_1)
FNDA:47,(anonymous_2)
FNDA:30,(anonymous_3)
DA:2,12
DA:4,54
DA:5,47
DA:6,12
DA:8,12
DA:10,35
DA:11,35
DA:14,30
DA:16,12
DA:17,35
DA:18,35
DA:19,35
DA:21,35
DA:22,135
DA:23,135
DA:26,35
DA:27,35
DA:28,35
DA:30,35
DA:31,206
DA:32,206
DA:33,135
DA:35,135
DA:36,392
DA:37,392
DA:38,171
DA:39,171
DA:40,71
DA:42,100
DA:49,12
DA:51,12
DA:52,17
DA:54,17
DA:55,24
DA:56,24
DA:57,17
DA:58,17
DA:62,17
DA:65,12
LF:39
LH:39
BRDA:32,0,0,71
BRDA:32,0,1,135
BRDA:37,1,0,171
BRDA:37,1,1,221
BRDA:39,2,0,71
BRDA:39,2,1,100
BRDA:56,3,0,17
BRDA:56,3,1,7
BRF:8
BRH:8
end_of_record
