<?xml version="1.0" encoding="UTF-8"?>
<coverage generated="1754687682700" clover="3.2.0">
  <project timestamp="1754687682700" name="All files">
    <metrics statements="5" coveredstatements="5" conditionals="0" coveredconditionals="0" methods="2" coveredmethods="2" elements="7" coveredelements="7" complexity="0" loc="5" ncloc="5" packages="1" files="1" classes="1"/>
    <file name="50.js" path="E:\desktop\Thesis\solutions-algorithm\50.js">
      <metrics statements="5" coveredstatements="5" conditionals="0" coveredconditionals="0" methods="2" coveredmethods="2"/>
      <line num="3" count="12" type="stmt"/>
      <line num="5" count="12" type="stmt"/>
      <line num="6" count="110107" type="stmt"/>
      <line num="7" count="110107" type="stmt"/>
      <line num="10" count="47" type="stmt"/>
    </file>
  </project>
</coverage>
