TN:
SF:solutions-algorithm\21.js
FN:4,solve
FN:5,(anonymous_1)
FNF:2
FNH:2
FNDA:10,solve
FNDA:10,(anonymous_1)
DA:5,10
DA:6,10
LF:2
LH:2
BRDA:6,0,0,7
BRDA:6,0,1,3
BRDA:7,1,0,10
BRDA:7,1,1,7
BRDA:7,1,2,5
BRF:5
BRH:5
end_of_record
TN:
SF:solutions-algorithm\22.js
FN:4,solve
FN:5,(anonymous_1)
FNF:2
FNH:2
FNDA:19,solve
FNDA:19,(anonymous_1)
DA:5,19
LF:1
LH:1
BRDA:5,0,0,8
BRDA:5,0,1,11
BRF:2
BRH:2
end_of_record
TN:
SF:solutions-algorithm\25.js
FN:4,solve
FN:5,(anonymous_1)
FN:6,(anonymous_2)
FNF:3
FNH:3
FNDA:13,solve
FNDA:13,(anonymous_1)
FNDA:2044,(anonymous_2)
DA:5,13
DA:6,2044
DA:8,13
DA:10,7
DA:11,7
DA:13,7
DA:14,512
DA:15,509
DA:17,512
DA:18,7
DA:22,0
LF:11
LH:10
BRDA:8,0,0,6
BRDA:8,0,1,7
BRDA:8,1,0,13
BRDA:8,1,1,10
BRDA:14,2,0,509
BRDA:14,2,1,3
BRDA:17,3,0,7
BRDA:17,3,1,505
BRF:8
BRH:8
end_of_record
TN:
SF:solutions-algorithm\27.js
FN:4,solve
FN:5,(anonymous_1)
FNF:2
FNH:2
FNDA:11,solve
FNDA:11,(anonymous_1)
DA:5,11
DA:6,11
LF:2
LH:2
BRDA:6,0,0,3
BRDA:6,0,1,8
BRF:2
BRH:2
end_of_record
