TN:
SF:solutions-descriptive\25.js
FN:3,solve
FN:26,(anonymous_1)
FN:30,(anonymous_2)
FN:35,(anonymous_3)
FN:36,(anonymous_4)
FN:60,(anonymous_5)
FN:61,(anonymous_6)
FN:67,(anonymous_7)
FN:75,nextPermutation
FNF:9
FNH:6
FNDA:16,solve
FNDA:38,(anonymous_1)
FNDA:161352,(anonymous_2)
FNDA:3,(anonymous_3)
FNDA:3,(anonymous_4)
FNDA:0,(anonymous_5)
FNDA:0,(anonymous_6)
FNDA:0,(anonymous_7)
FNDA:20168,nextPermutation
DA:4,16
DA:5,2
DA:6,1
DA:9,14
DA:10,2
DA:11,1
DA:14,12
DA:16,8
DA:17,7
DA:18,25
DA:19,7
DA:22,8
DA:24,8
DA:25,7
DA:26,38
DA:28,7
DA:29,20175
DA:30,161352
DA:31,20175
DA:32,20175
DA:35,3
DA:36,3
DA:38,3
DA:40,1
DA:41,1
DA:43,1
DA:44,2
DA:46,1
DA:47,2
DA:48,1
DA:49,1
DA:51,1
DA:52,3
DA:55,1
DA:56,1
DA:57,1
DA:59,0
DA:60,0
DA:61,0
DA:63,0
DA:66,0
DA:67,0
DA:68,0
DA:72,8
DA:76,20168
DA:77,20168
DA:78,34646
DA:79,20168
DA:80,20168
DA:84,20168
DA:86,20168
DA:87,20168
DA:89,20168
DA:91,20168
DA:92,20168
DA:93,10949
DA:94,10949
DA:95,10949
DA:98,20168
LF:59
LH:52
BRDA:4,0,0,2
BRDA:4,0,1,14
BRDA:5,1,0,1
BRDA:5,1,1,1
BRDA:9,2,0,2
BRDA:9,2,1,12
BRDA:10,3,0,1
BRDA:10,3,1,1
BRDA:14,4,0,4
BRDA:14,4,1,8
BRDA:14,5,0,12
BRDA:14,5,1,11
BRDA:14,5,2,6
BRDA:16,6,0,7
BRDA:16,6,1,1
BRDA:19,7,0,0
BRDA:19,7,1,7
BRDA:19,8,0,7
BRDA:19,8,1,7
BRDA:24,9,0,7
BRDA:24,9,1,1
BRDA:32,10,0,7
BRDA:32,10,1,20168
BRDA:57,11,0,1
BRDA:57,11,1,0
BRDA:63,12,0,0
BRDA:63,12,1,0
BRDA:63,13,0,0
BRDA:63,13,1,0
BRDA:78,14,0,20168
BRDA:78,14,1,14478
BRDA:84,15,0,0
BRDA:84,15,1,20168
BRF:33
BRH:26
end_of_record
