{"C:\\Users\\ASUS\\OneDrive\\Documents\\GitHub\\Thesis\\solutions-descriptive\\20.js": {"path":"C:\\Users\\ASUS\\OneDrive\\Documents\\GitHub\\Thesis\\solutions-descriptive\\20.js","statementMap":{"0":{"start":{"line":1,"column":23},"end":{"line":1,"column":29}},"1":{"start":{"line":2,"column":20},"end":{"line":2,"column":30}},"2":{"start":{"line":3,"column":20},"end":{"line":3,"column":32}},"3":{"start":{"line":6,"column":25},"end":{"line":6,"column":56}},"4":{"start":{"line":9,"column":23},"end":{"line":9,"column":32}},"5":{"start":{"line":10,"column":4},"end":{"line":14,"column":5}},"6":{"start":{"line":10,"column":21},"end":{"line":10,"column":43}},"7":{"start":{"line":11,"column":8},"end":{"line":11,"column":68}},"8":{"start":{"line":12,"column":8},"end":{"line":12,"column":50}},"9":{"start":{"line":12,"column":40},"end":{"line":12,"column":50}},"10":{"start":{"line":13,"column":8},"end":{"line":13,"column":49}},"11":{"start":{"line":13,"column":40},"end":{"line":13,"column":49}},"12":{"start":{"line":15,"column":4},"end":{"line":15,"column":44}},"13":{"start":{"line":15,"column":34},"end":{"line":15,"column":44}},"14":{"start":{"line":16,"column":4},"end":{"line":16,"column":43}},"15":{"start":{"line":16,"column":34},"end":{"line":16,"column":43}},"16":{"start":{"line":17,"column":4},"end":{"line":17,"column":13}},"17":{"start":{"line":21,"column":19},"end":{"line":21,"column":30}},"18":{"start":{"line":22,"column":20},"end":{"line":22,"column":31}},"19":{"start":{"line":23,"column":4},"end":{"line":29,"column":5}},"20":{"start":{"line":24,"column":23},"end":{"line":24,"column":50}},"21":{"start":{"line":25,"column":21},"end":{"line":25,"column":53}},"22":{"start":{"line":26,"column":8},"end":{"line":28,"column":34}},"23":{"start":{"line":26,"column":26},"end":{"line":26,"column":42}},"24":{"start":{"line":27,"column":13},"end":{"line":28,"column":34}},"25":{"start":{"line":27,"column":29},"end":{"line":27,"column":49}},"26":{"start":{"line":28,"column":13},"end":{"line":28,"column":34}},"27":{"start":{"line":30,"column":4},"end":{"line":30,"column":29}},"28":{"start":{"line":34,"column":4},"end":{"line":34,"column":43}},"29":{"start":{"line":35,"column":4},"end":{"line":35,"column":39}},"30":{"start":{"line":37,"column":24},"end":{"line":37,"column":25}},"31":{"start":{"line":38,"column":4},"end":{"line":40,"column":5}},"32":{"start":{"line":38,"column":21},"end":{"line":38,"column":22}},"33":{"start":{"line":39,"column":8},"end":{"line":39,"column":51}},"34":{"start":{"line":42,"column":28},"end":{"line":42,"column":54}},"35":{"start":{"line":43,"column":4},"end":{"line":43,"column":51}},"36":{"start":{"line":43,"column":41},"end":{"line":43,"column":51}},"37":{"start":{"line":45,"column":28},"end":{"line":45,"column":45}},"38":{"start":{"line":46,"column":26},"end":{"line":46,"column":27}},"39":{"start":{"line":47,"column":31},"end":{"line":47,"column":48}},"40":{"start":{"line":49,"column":4},"end":{"line":53,"column":5}},"41":{"start":{"line":49,"column":21},"end":{"line":49,"column":43}},"42":{"start":{"line":50,"column":8},"end":{"line":50,"column":78}},"43":{"start":{"line":51,"column":8},"end":{"line":51,"column":48}},"44":{"start":{"line":52,"column":8},"end":{"line":52,"column":84}},"45":{"start":{"line":55,"column":4},"end":{"line":55,"column":62}},"46":{"start":{"line":57,"column":4},"end":{"line":57,"column":51}},"47":{"start":{"line":57,"column":41},"end":{"line":57,"column":51}},"48":{"start":{"line":58,"column":4},"end":{"line":58,"column":27}}},"fnMap":{"0":{"name":"evaluateCandidateValue","decl":{"start":{"line":8,"column":9},"end":{"line":8,"column":31}},"loc":{"start":{"line":8,"column":43},"end":{"line":18,"column":1}},"line":8},"1":{"name":"findBinarySearchSolution","decl":{"start":{"line":20,"column":9},"end":{"line":20,"column":33}},"loc":{"start":{"line":20,"column":36},"end":{"line":31,"column":1}},"line":20},"2":{"name":"solve","decl":{"start":{"line":33,"column":16},"end":{"line":33,"column":21}},"loc":{"start":{"line":33,"column":34},"end":{"line":59,"column":1}},"line":33}},"branchMap":{"0":{"loc":{"start":{"line":12,"column":8},"end":{"line":12,"column":50}},"type":"if","locations":[{"start":{"line":12,"column":8},"end":{"line":12,"column":50}},{"start":{},"end":{}}],"line":12},"1":{"loc":{"start":{"line":13,"column":8},"end":{"line":13,"column":49}},"type":"if","locations":[{"start":{"line":13,"column":8},"end":{"line":13,"column":49}},{"start":{},"end":{}}],"line":13},"2":{"loc":{"start":{"line":15,"column":4},"end":{"line":15,"column":44}},"type":"if","locations":[{"start":{"line":15,"column":4},"end":{"line":15,"column":44}},{"start":{},"end":{}}],"line":15},"3":{"loc":{"start":{"line":16,"column":4},"end":{"line":16,"column":43}},"type":"if","locations":[{"start":{"line":16,"column":4},"end":{"line":16,"column":43}},{"start":{},"end":{}}],"line":16},"4":{"loc":{"start":{"line":26,"column":8},"end":{"line":28,"column":34}},"type":"if","locations":[{"start":{"line":26,"column":8},"end":{"line":28,"column":34}},{"start":{"line":27,"column":13},"end":{"line":28,"column":34}}],"line":26},"5":{"loc":{"start":{"line":27,"column":13},"end":{"line":28,"column":34}},"type":"if","locations":[{"start":{"line":27,"column":13},"end":{"line":28,"column":34}},{"start":{"line":28,"column":13},"end":{"line":28,"column":34}}],"line":27},"6":{"loc":{"start":{"line":43,"column":4},"end":{"line":43,"column":51}},"type":"if","locations":[{"start":{"line":43,"column":4},"end":{"line":43,"column":51}},{"start":{},"end":{}}],"line":43},"7":{"loc":{"start":{"line":57,"column":4},"end":{"line":57,"column":51}},"type":"if","locations":[{"start":{"line":57,"column":4},"end":{"line":57,"column":51}},{"start":{},"end":{}}],"line":57}},"s":{"0":1,"1":1,"2":1,"3":1,"4":495,"5":495,"6":495,"7":1511,"8":1511,"9":250,"10":1261,"11":45,"12":200,"13":40,"14":160,"15":152,"16":8,"17":19,"18":19,"19":19,"20":495,"21":495,"22":495,"23":8,"24":487,"25":290,"26":197,"27":11,"28":19,"29":19,"30":19,"31":19,"32":19,"33":252,"34":19,"35":19,"36":11,"37":8,"38":8,"39":8,"40":8,"41":8,"42":116,"43":116,"44":116,"45":8,"46":8,"47":0,"48":8},"f":{"0":495,"1":19,"2":19},"b":{"0":[250,1261],"1":[45,1216],"2":[40,160],"3":[152,8],"4":[8,487],"5":[290,197],"6":[11,8],"7":[0,8]},"_coverageSchema":"1a1c01bbd47fc00a2c39e90264f33305004495a9","hash":"5e5726e83607306fb0ae6627c5f6ba87940dfd41"}
}
