<?xml version="1.0" encoding="UTF-8"?>
<coverage generated="1754635497435" clover="3.2.0">
  <project timestamp="1754635497435" name="All files">
    <metrics statements="9" coveredstatements="9" conditionals="2" coveredconditionals="2" methods="1" coveredmethods="1" elements="12" coveredelements="12" complexity="0" loc="9" ncloc="9" packages="1" files="1" classes="1"/>
    <file name="16.js" path="C:\Users\ASUS\OneDrive\Documents\GitHub\Thesis\solutions-algorithm\16.js">
      <metrics statements="9" coveredstatements="9" conditionals="2" coveredconditionals="2" methods="1" coveredmethods="1"/>
      <line num="5" count="73" type="stmt"/>
      <line num="6" count="73" type="stmt"/>
      <line num="8" count="73" type="cond" truecount="2" falsecount="0"/>
      <line num="9" count="35" type="stmt"/>
      <line num="10" count="35" type="stmt"/>
      <line num="13" count="73" type="stmt"/>
      <line num="14" count="73" type="stmt"/>
      <line num="15" count="100370" type="stmt"/>
      <line num="18" count="73" type="stmt"/>
    </file>
  </project>
</coverage>
