<?xml version="1.0" encoding="UTF-8"?>
<coverage generated="1754664870711" clover="3.2.0">
  <project timestamp="1754664870711" name="All files">
    <metrics statements="29" coveredstatements="29" conditionals="14" coveredconditionals="12" methods="5" coveredmethods="5" elements="48" coveredelements="46" complexity="0" loc="29" ncloc="29" packages="1" files="1" classes="1"/>
    <file name="50.js" path="E:\desktop\Thesis\solutions-descriptive\50.js">
      <metrics statements="29" coveredstatements="29" conditionals="14" coveredconditionals="12" methods="5" coveredmethods="5"/>
      <line num="2" count="18" type="stmt"/>
      <line num="3" count="18" type="stmt"/>
      <line num="4" count="18" type="stmt"/>
      <line num="5" count="55" type="stmt"/>
      <line num="7" count="41" type="stmt"/>
      <line num="9" count="18" type="stmt"/>
      <line num="10" count="18" type="stmt"/>
      <line num="11" count="30" type="stmt"/>
      <line num="12" count="30" type="cond" truecount="2" falsecount="0"/>
      <line num="14" count="17" type="cond" truecount="2" falsecount="0"/>
      <line num="16" count="11" type="stmt"/>
      <line num="17" count="11" type="stmt"/>
      <line num="18" count="11" type="stmt"/>
      <line num="19" count="1020" type="cond" truecount="2" falsecount="0"/>
      <line num="20" count="20" type="stmt"/>
      <line num="22" count="11" type="stmt"/>
      <line num="25" count="40" type="cond" truecount="2" falsecount="0"/>
      <line num="26" count="16" type="stmt"/>
      <line num="28" count="16" type="stmt"/>
      <line num="29" count="40" type="cond" truecount="2" falsecount="0"/>
      <line num="30" count="1" type="cond" truecount="1" falsecount="1"/>
      <line num="31" count="1" type="stmt"/>
      <line num="34" count="16" type="cond" truecount="1" falsecount="1"/>
      <line num="39" count="30" type="stmt"/>
      <line num="43" count="30" type="stmt"/>
      <line num="44" count="41" type="stmt"/>
      <line num="45" count="41" type="stmt"/>
      <line num="46" count="41" type="stmt"/>
      <line num="48" count="30" type="stmt"/>
    </file>
  </project>
</coverage>
