TN:
SF:solutions-descriptive\50.js
FN:1,solve
FN:7,(anonymous_1)
FN:24,countMultiples
FN:38,getLCM
FN:42,gcd
FNF:5
FNH:5
FNDA:18,solve
FNDA:41,(anonymous_1)
FNDA:40,countMultiples
FNDA:30,getLCM
FNDA:30,gcd
DA:2,18
DA:3,18
DA:4,18
DA:5,55
DA:7,41
DA:9,18
DA:10,18
DA:11,30
DA:12,30
DA:14,17
DA:16,11
DA:17,11
DA:18,11
DA:19,1020
DA:20,20
DA:22,11
DA:25,40
DA:26,16
DA:28,16
DA:29,40
DA:30,1
DA:31,1
DA:34,16
DA:39,30
DA:43,30
DA:44,41
DA:45,41
DA:46,41
DA:48,30
LF:29
LH:29
BRDA:12,0,0,1
BRDA:12,0,1,29
BRDA:14,1,0,6
BRDA:14,1,1,11
BRDA:19,2,0,1000
BRDA:19,2,1,20
BRDA:25,3,0,24
BRDA:25,3,1,16
BRDA:29,4,0,1
BRDA:29,4,1,39
BRDA:30,5,0,0
BRDA:30,5,1,1
BRDA:34,6,0,0
BRDA:34,6,1,16
BRF:14
BRH:12
end_of_record
