<?xml version="1.0" encoding="UTF-8"?>
<coverage generated="1752941331495" clover="3.2.0">
  <project timestamp="1752941331496" name="All files">
    <metrics statements="36" coveredstatements="36" conditionals="16" coveredconditionals="15" methods="5" coveredmethods="5" elements="57" coveredelements="56" complexity="0" loc="36" ncloc="36" packages="1" files="1" classes="1"/>
    <file name="1.js" path="E:\desktop\Thesis\solutions-descriptive\1.js">
      <metrics statements="36" coveredstatements="36" conditionals="16" coveredconditionals="15" methods="5" coveredmethods="5"/>
      <line num="2" count="29" type="stmt"/>
      <line num="3" count="29" type="stmt"/>
      <line num="4" count="29" type="stmt"/>
      <line num="5" count="29" type="stmt"/>
      <line num="6" count="29" type="cond" truecount="2" falsecount="0"/>
      <line num="9" count="58" type="stmt"/>
      <line num="12" count="58" type="stmt"/>
      <line num="13" count="2171" type="cond" truecount="2" falsecount="0"/>
      <line num="14" count="247" type="stmt"/>
      <line num="15" count="247" type="cond" truecount="2" falsecount="0"/>
      <line num="16" count="217" type="stmt"/>
      <line num="20" count="1719" type="stmt"/>
      <line num="22" count="58" type="stmt"/>
      <line num="24" count="58" type="stmt"/>
      <line num="25" count="464" type="stmt"/>
      <line num="27" count="464" type="stmt"/>
      <line num="28" count="30673" type="stmt"/>
      <line num="29" count="30673" type="stmt"/>
      <line num="31" count="30673" type="cond" truecount="4" falsecount="0"/>
      <line num="32" count="2524" type="stmt"/>
      <line num="37" count="464" type="cond" truecount="2" falsecount="0"/>
      <line num="38" count="173" type="cond" truecount="2" falsecount="0"/>
      <line num="42" count="464" type="stmt"/>
      <line num="45" count="58" type="stmt"/>
      <line num="51" count="29" type="stmt"/>
      <line num="52" count="46" type="stmt"/>
      <line num="53" count="46" type="stmt"/>
      <line num="54" count="46" type="stmt"/>
      <line num="56" count="29" type="stmt"/>
      <line num="61" count="1" type="stmt"/>
      <line num="72" count="1" type="stmt"/>
      <line num="73" count="8" type="stmt"/>
      <line num="74" count="8" type="stmt"/>
      <line num="75" count="8" type="stmt"/>
      <line num="76" count="8" type="cond" truecount="1" falsecount="1"/>
      <line num="80" count="1" type="stmt"/>
    </file>
  </project>
</coverage>
