TN:
SF:solutions-descriptive\1.js
FN:1,solve
FN:8,minSteps
FN:20,(anonymous_2)
FN:50,gcd
FN:60,testing_test
FNF:5
FNH:5
FNDA:29,solve
FNDA:58,minSteps
FNDA:1719,(anonymous_2)
FNDA:29,gcd
FNDA:1,testing_test
DA:2,29
DA:3,29
DA:4,29
DA:5,29
DA:6,29
DA:9,58
DA:12,58
DA:13,2171
DA:14,247
DA:15,247
DA:16,217
DA:20,1719
DA:22,58
DA:24,58
DA:25,464
DA:27,464
DA:28,30673
DA:29,30673
DA:31,30673
DA:32,2524
DA:37,464
DA:38,173
DA:42,464
DA:45,58
DA:51,29
DA:52,46
DA:53,46
DA:54,46
DA:56,29
DA:61,1
DA:72,1
DA:73,8
DA:74,8
DA:75,8
DA:76,8
DA:80,1
LF:36
LH:36
BRDA:6,0,0,7
BRDA:6,0,1,22
BRDA:13,1,0,247
BRDA:13,1,1,1924
BRDA:15,2,0,217
BRDA:15,2,1,30
BRDA:31,3,0,2524
BRDA:31,3,1,28149
BRDA:31,4,0,30673
BRDA:31,4,1,9115
BRDA:37,5,0,173
BRDA:37,5,1,291
BRDA:38,6,0,58
BRDA:38,6,1,115
BRDA:76,7,0,8
BRDA:76,7,1,0
BRF:16
BRH:15
end_of_record
