TN:
SF:solutions-descriptive\15.js
FN:1,solve
FN:51,countRange
FNF:2
FNH:2
FNDA:13,solve
FNDA:123,countRange
DA:2,13
DA:3,13
DA:4,13
DA:5,13
DA:6,13
DA:7,13
DA:9,13
DA:11,13
DA:12,43
DA:14,43
DA:15,10
DA:16,10
DA:19,43
DA:20,39
DA:21,14
DA:22,25
DA:23,14
DA:25,11
DA:26,2
DA:28,11
DA:29,11
DA:30,11
DA:34,43
DA:36,43
DA:37,6
DA:38,6
DA:40,37
DA:41,37
DA:42,37
DA:45,43
DA:48,13
DA:52,123
LF:32
LH:32
BRDA:14,0,0,10
BRDA:14,0,1,33
BRDA:15,1,0,7
BRDA:15,1,1,3
BRDA:16,2,0,10
BRDA:16,2,1,0
BRDA:19,3,0,39
BRDA:19,3,1,4
BRDA:20,4,0,14
BRDA:20,4,1,25
BRDA:22,5,0,14
BRDA:22,5,1,11
BRDA:25,6,0,2
BRDA:25,6,1,9
BRDA:36,7,0,6
BRDA:36,7,1,37
BRF:16
BRH:15
end_of_record
