<?xml version="1.0" encoding="UTF-8"?>
<coverage generated="1754686095822" clover="3.2.0">
  <project timestamp="1754686095822" name="All files">
    <metrics statements="18" coveredstatements="18" conditionals="12" coveredconditionals="11" methods="4" coveredmethods="4" elements="34" coveredelements="33" complexity="0" loc="18" ncloc="18" packages="1" files="1" classes="1"/>
    <file name="45.js" path="E:\desktop\Thesis\solutions-algorithm\45.js">
      <metrics statements="18" coveredstatements="18" conditionals="12" coveredconditionals="11" methods="4" coveredmethods="4"/>
      <line num="1" count="1" type="stmt"/>
      <line num="4" count="11" type="stmt"/>
      <line num="5" count="11" type="stmt"/>
      <line num="6" count="462" type="stmt"/>
      <line num="8" count="11" type="stmt"/>
      <line num="9" count="11" type="stmt"/>
      <line num="10" count="42" type="stmt"/>
      <line num="14" count="286" type="cond" truecount="2" falsecount="0"/>
      <line num="15" count="247" type="cond" truecount="2" falsecount="0"/>
      <line num="16" count="215" type="cond" truecount="2" falsecount="0"/>
      <line num="18" count="141" type="stmt"/>
      <line num="19" count="141" type="cond" truecount="4" falsecount="0"/>
      <line num="20" count="134" type="stmt"/>
      <line num="22" count="141" type="cond" truecount="1" falsecount="1"/>
      <line num="23" count="141" type="stmt"/>
      <line num="26" count="141" type="stmt"/>
      <line num="27" count="141" type="stmt"/>
      <line num="30" count="11" type="stmt"/>
    </file>
  </project>
</coverage>
