TN:
SF:solutions-descriptive\34.js
FN:1,solve
FN:20,(anonymous_1)
FN:21,(anonymous_2)
FN:35,(anonymous_3)
FN:45,(anonymous_4)
FN:55,arraysMatch
FNF:6
FNH:6
FNDA:19,solve
FNDA:1030,(anonymous_1)
FNDA:1034,(anonymous_2)
FNDA:370,(anonymous_3)
FNDA:1033,(anonymous_4)
FNDA:17,arraysMatch
DA:2,19
DA:3,19
DA:4,19
DA:5,19
DA:7,19
DA:8,1050
DA:9,1050
DA:12,19
DA:13,1050
DA:14,1050
DA:17,19
DA:19,16
DA:20,1030
DA:21,1034
DA:23,16
DA:24,3
DA:27,13
DA:28,13
DA:29,2778
DA:30,62
DA:31,62
DA:35,370
DA:37,13
DA:38,31
DA:40,14
DA:41,14
DA:42,1039
DA:45,1033
DA:47,14
DA:48,9
DA:52,4
DA:56,17
DA:57,17
DA:58,1038
DA:60,12
LF:35
LH:35
BRDA:9,0,0,39
BRDA:9,0,1,1011
BRDA:14,1,0,21
BRDA:14,1,1,1029
BRDA:17,2,0,3
BRDA:17,2,1,16
BRDA:23,3,0,3
BRDA:23,3,1,13
BRDA:24,4,0,3
BRDA:24,4,1,0
BRDA:24,5,0,2
BRDA:24,5,1,1
BRDA:29,6,0,62
BRDA:29,6,1,2716
BRDA:31,7,0,58
BRDA:31,7,1,4
BRDA:38,8,0,17
BRDA:38,8,1,14
BRDA:38,9,0,31
BRDA:38,9,1,18
BRDA:38,9,2,14
BRDA:47,10,0,9
BRDA:47,10,1,5
BRDA:56,11,0,0
BRDA:56,11,1,17
BRDA:58,12,0,5
BRDA:58,12,1,1033
BRF:27
BRH:25
end_of_record
