{"C:\\Users\\ASUS\\OneDrive\\Documents\\GitHub\\Thesis\\solutions-descriptive\\3.js": {"path":"C:\\Users\\ASUS\\OneDrive\\Documents\\GitHub\\Thesis\\solutions-descriptive\\3.js","statementMap":{"0":{"start":{"line":56,"column":22},"end":{"line":56,"column":24}},"1":{"start":{"line":57,"column":20},"end":{"line":57,"column":22}},"2":{"start":{"line":58,"column":4},"end":{"line":58,"column":67}},"3":{"start":{"line":59,"column":4},"end":{"line":59,"column":67}},"4":{"start":{"line":61,"column":16},"end":{"line":61,"column":17}},"5":{"start":{"line":62,"column":4},"end":{"line":67,"column":5}},"6":{"start":{"line":63,"column":8},"end":{"line":66,"column":9}},"7":{"start":{"line":64,"column":30},"end":{"line":64,"column":45}},"8":{"start":{"line":65,"column":12},"end":{"line":65,"column":61}},"9":{"start":{"line":68,"column":4},"end":{"line":68,"column":17}},"10":{"start":{"line":73,"column":4},"end":{"line":76,"column":5}},"11":{"start":{"line":74,"column":8},"end":{"line":74,"column":52}},"12":{"start":{"line":75,"column":8},"end":{"line":75,"column":15}},"13":{"start":{"line":78,"column":16},"end":{"line":78,"column":47}},"14":{"start":{"line":81,"column":4},"end":{"line":81,"column":96}},"15":{"start":{"line":81,"column":26},"end":{"line":81,"column":96}},"16":{"start":{"line":82,"column":4},"end":{"line":82,"column":92}},"17":{"start":{"line":82,"column":24},"end":{"line":82,"column":92}},"18":{"start":{"line":86,"column":4},"end":{"line":90,"column":5}},"19":{"start":{"line":87,"column":26},"end":{"line":87,"column":31}},"20":{"start":{"line":88,"column":8},"end":{"line":88,"column":14}},"21":{"start":{"line":89,"column":8},"end":{"line":89,"column":22}},"22":{"start":{"line":91,"column":4},"end":{"line":91,"column":13}}},"fnMap":{"0":{"name":"solve","decl":{"start":{"line":55,"column":16},"end":{"line":55,"column":21}},"loc":{"start":{"line":55,"column":70},"end":{"line":69,"column":1}},"line":55},"1":{"name":"computeSegments","decl":{"start":{"line":71,"column":9},"end":{"line":71,"column":24}},"loc":{"start":{"line":71,"column":86},"end":{"line":83,"column":1}},"line":71},"2":{"name":"gcd","decl":{"start":{"line":85,"column":9},"end":{"line":85,"column":12}},"loc":{"start":{"line":85,"column":19},"end":{"line":92,"column":1}},"line":85}},"branchMap":{"0":{"loc":{"start":{"line":73,"column":4},"end":{"line":76,"column":5}},"type":"if","locations":[{"start":{"line":73,"column":4},"end":{"line":76,"column":5}},{"start":{},"end":{}}],"line":73},"1":{"loc":{"start":{"line":73,"column":8},"end":{"line":73,"column":60}},"type":"binary-expr","locations":[{"start":{"line":73,"column":8},"end":{"line":73,"column":34}},{"start":{"line":73,"column":38},"end":{"line":73,"column":60}}],"line":73},"2":{"loc":{"start":{"line":81,"column":4},"end":{"line":81,"column":96}},"type":"if","locations":[{"start":{"line":81,"column":4},"end":{"line":81,"column":96}},{"start":{},"end":{}}],"line":81},"3":{"loc":{"start":{"line":82,"column":4},"end":{"line":82,"column":92}},"type":"if","locations":[{"start":{"line":82,"column":4},"end":{"line":82,"column":92}},{"start":{},"end":{}}],"line":82}},"s":{"0":16,"1":16,"2":16,"3":16,"4":16,"5":16,"6":20,"7":28,"8":28,"9":16,"10":654,"11":41,"12":41,"13":613,"14":613,"15":591,"16":613,"17":31,"18":28,"19":34,"20":34,"21":34,"22":28},"f":{"0":16,"1":654,"2":28},"b":{"0":[41,613],"1":[654,391],"2":[591,22],"3":[31,582]},"_coverageSchema":"1a1c01bbd47fc00a2c39e90264f33305004495a9","hash":"eab6429286373b153c4d7df26265d7beea14d7e8"}
}
