{"C:\\Users\\ASUS\\OneDrive\\Documents\\GitHub\\Thesis\\solutions-algorithm\\9.js": {"path":"C:\\Users\\ASUS\\OneDrive\\Documents\\GitHub\\Thesis\\solutions-algorithm\\9.js","statementMap":{"0":{"start":{"line":4,"column":17},"end":{"line":4,"column":19}},"1":{"start":{"line":5,"column":4},"end":{"line":7,"column":5}},"2":{"start":{"line":6,"column":8},"end":{"line":6,"column":41}},"3":{"start":{"line":9,"column":4},"end":{"line":11,"column":5}},"4":{"start":{"line":10,"column":8},"end":{"line":10,"column":20}},"5":{"start":{"line":14,"column":4},"end":{"line":19,"column":5}},"6":{"start":{"line":15,"column":8},"end":{"line":18,"column":9}},"7":{"start":{"line":16,"column":12},"end":{"line":16,"column":32}},"8":{"start":{"line":17,"column":12},"end":{"line":17,"column":18}},"9":{"start":{"line":22,"column":18},"end":{"line":22,"column":20}},"10":{"start":{"line":23,"column":4},"end":{"line":25,"column":5}},"11":{"start":{"line":24,"column":8},"end":{"line":24,"column":43}},"12":{"start":{"line":27,"column":4},"end":{"line":29,"column":5}},"13":{"start":{"line":28,"column":8},"end":{"line":28,"column":21}},"14":{"start":{"line":31,"column":4},"end":{"line":31,"column":26}},"15":{"start":{"line":34,"column":4},"end":{"line":39,"column":5}},"16":{"start":{"line":35,"column":8},"end":{"line":38,"column":9}},"17":{"start":{"line":36,"column":12},"end":{"line":36,"column":33}},"18":{"start":{"line":37,"column":12},"end":{"line":37,"column":18}},"19":{"start":{"line":41,"column":4},"end":{"line":41,"column":41}}},"fnMap":{"0":{"name":"solve","decl":{"start":{"line":2,"column":16},"end":{"line":2,"column":21}},"loc":{"start":{"line":2,"column":61},"end":{"line":42,"column":1}},"line":2}},"branchMap":{"0":{"loc":{"start":{"line":6,"column":21},"end":{"line":6,"column":35}},"type":"binary-expr","locations":[{"start":{"line":6,"column":21},"end":{"line":6,"column":30}},{"start":{"line":6,"column":34},"end":{"line":6,"column":35}}],"line":6},"1":{"loc":{"start":{"line":15,"column":8},"end":{"line":18,"column":9}},"type":"if","locations":[{"start":{"line":15,"column":8},"end":{"line":18,"column":9}},{"start":{},"end":{}}],"line":15},"2":{"loc":{"start":{"line":24,"column":22},"end":{"line":24,"column":37}},"type":"binary-expr","locations":[{"start":{"line":24,"column":22},"end":{"line":24,"column":32}},{"start":{"line":24,"column":36},"end":{"line":24,"column":37}}],"line":24},"3":{"loc":{"start":{"line":35,"column":8},"end":{"line":38,"column":9}},"type":"if","locations":[{"start":{"line":35,"column":8},"end":{"line":38,"column":9}},{"start":{},"end":{}}],"line":35}},"s":{"0":10,"1":10,"2":26,"3":10,"4":17,"5":10,"6":19,"7":9,"8":9,"9":10,"10":10,"11":26,"12":10,"13":9,"14":10,"15":10,"16":18,"17":8,"18":8,"19":10},"f":{"0":10},"b":{"0":[26,24],"1":[9,10],"2":[26,24],"3":[8,10]},"_coverageSchema":"1a1c01bbd47fc00a2c39e90264f33305004495a9","hash":"ae2d48c1e768bc2152cffd40a4d78706e6343edf"}
}
