TN:
SF:solutions-descriptive\16.js
FN:2,minPicks
FN:13,canTransform
FN:46,(anonymous_2)
FN:48,(anonymous_3)
FN:51,(anonymous_4)
FN:52,(anonymous_5)
FN:61,solve
FN:75,testing_test
FNF:8
FNH:8
FNDA:30,minPicks
FNDA:19,canTransform
FNDA:12,(anonymous_2)
FNDA:6,(anonymous_3)
FNDA:3,(anonymous_4)
FNDA:2,(anonymous_5)
FNDA:19,solve
FNDA:1,testing_test
DA:3,30
DA:4,30
DA:5,16
DA:6,7
DA:7,7
DA:9,30
DA:14,19
DA:15,19
DA:16,19
DA:18,19
DA:19,19
DA:20,19
DA:22,19
DA:23,19
DA:24,19
DA:25,200031
DA:26,200031
DA:27,200031
DA:28,200031
DA:29,23
DA:30,23
DA:31,23
DA:32,4
DA:34,19
DA:35,6
DA:38,200031
DA:41,19
DA:42,4
DA:45,15
DA:46,15
DA:47,15
DA:48,15
DA:49,15
DA:51,15
DA:52,15
DA:54,15
DA:55,15
DA:57,15
DA:62,19
DA:63,19
DA:64,19
DA:67,19
DA:68,19
DA:70,19
DA:76,1
DA:88,1
DA:89,9
DA:90,9
DA:91,9
DA:98,1
LF:50
LH:50
BRDA:5,0,0,9
BRDA:5,0,1,7
BRDA:9,1,0,30
BRDA:9,1,1,0
BRDA:14,2,0,19
BRDA:14,2,1,4
BRDA:15,3,0,19
BRDA:15,3,1,4
BRDA:26,4,0,200074
BRDA:26,4,1,200055
BRDA:28,5,0,23
BRDA:28,5,1,200008
BRDA:31,6,0,4
BRDA:31,6,1,19
BRDA:34,7,0,13
BRDA:34,7,1,6
BRDA:41,8,0,4
BRDA:41,8,1,15
BRDA:41,9,0,19
BRDA:41,9,1,16
BRDA:57,10,0,14
BRDA:57,10,1,1
BRDA:64,11,0,19
BRDA:64,11,1,1
BRDA:68,12,0,18
BRDA:68,12,1,1
BRDA:93,13,0,9
BRDA:93,13,1,0
BRF:28
BRH:26
end_of_record
