<?xml version="1.0" encoding="UTF-8"?>
<coverage generated="1754671457742" clover="3.2.0">
  <project timestamp="1754671457742" name="All files">
    <metrics statements="31" coveredstatements="31" conditionals="10" coveredconditionals="10" methods="1" coveredmethods="1" elements="42" coveredelements="42" complexity="0" loc="31" ncloc="31" packages="1" files="1" classes="1"/>
    <file name="32.js" path="E:\desktop\Thesis\solutions-algorithm\32.js">
      <metrics statements="31" coveredstatements="31" conditionals="10" coveredconditionals="10" methods="1" coveredmethods="1"/>
      <line num="10" count="9" type="stmt"/>
      <line num="11" count="9" type="stmt"/>
      <line num="13" count="9" type="stmt"/>
      <line num="15" count="19" type="stmt"/>
      <line num="16" count="19" type="stmt"/>
      <line num="17" count="98" type="stmt"/>
      <line num="20" count="19" type="stmt"/>
      <line num="21" count="19" type="stmt"/>
      <line num="22" count="98" type="cond" truecount="2" falsecount="0"/>
      <line num="25" count="19" type="stmt"/>
      <line num="26" count="19" type="stmt"/>
      <line num="28" count="19" type="stmt"/>
      <line num="29" count="98" type="cond" truecount="2" falsecount="0"/>
      <line num="30" count="52" type="stmt"/>
      <line num="31" count="52" type="stmt"/>
      <line num="32" count="52" type="stmt"/>
      <line num="33" count="98" type="stmt"/>
      <line num="34" count="98" type="stmt"/>
      <line num="35" count="98" type="stmt"/>
      <line num="37" count="52" type="stmt"/>
      <line num="41" count="19" type="stmt"/>
      <line num="42" count="19" type="stmt"/>
      <line num="43" count="52" type="stmt"/>
      <line num="44" count="52" type="stmt"/>
      <line num="45" count="83" type="cond" truecount="2" falsecount="0"/>
      <line num="46" count="24" type="stmt"/>
      <line num="47" count="24" type="stmt"/>
      <line num="51" count="52" type="cond" truecount="4" falsecount="0"/>
      <line num="52" count="18" type="stmt"/>
      <line num="56" count="19" type="stmt"/>
      <line num="59" count="9" type="stmt"/>
    </file>
  </project>
</coverage>
