<?xml version="1.0" encoding="UTF-8"?>
<coverage generated="1754672444457" clover="3.2.0">
  <project timestamp="1754672444457" name="All files">
    <metrics statements="1" coveredstatements="1" conditionals="0" coveredconditionals="0" methods="2" coveredmethods="2" elements="3" coveredelements="3" complexity="0" loc="1" ncloc="1" packages="1" files="1" classes="1"/>
    <file name="34.js" path="E:\desktop\Thesis\solutions-algorithm\34.js">
      <metrics statements="1" coveredstatements="1" conditionals="0" coveredconditionals="0" methods="2" coveredmethods="2"/>
      <line num="9" count="21" type="stmt"/>
    </file>
  </project>
</coverage>
