<?xml version="1.0" encoding="UTF-8"?>
<coverage generated="1754579641936" clover="3.2.0">
  <project timestamp="1754579641936" name="All files">
    <metrics statements="13" coveredstatements="13" conditionals="10" coveredconditionals="10" methods="2" coveredmethods="2" elements="25" coveredelements="25" complexity="0" loc="13" ncloc="13" packages="1" files="1" classes="1"/>
    <file name="39.js" path="C:\Users\ASUS\OneDrive\Documents\GitHub\Thesis\solutions-descriptive\39.js">
      <metrics statements="13" coveredstatements="13" conditionals="10" coveredconditionals="10" methods="2" coveredmethods="2"/>
      <line num="2" count="12" type="stmt"/>
      <line num="3" count="12" type="cond" truecount="2" falsecount="0"/>
      <line num="4" count="12" type="stmt"/>
      <line num="7" count="12" type="stmt"/>
      <line num="8" count="60" type="cond" truecount="2" falsecount="0"/>
      <line num="9" count="2" type="stmt"/>
      <line num="10" count="2" type="stmt"/>
      <line num="14" count="58" type="cond" truecount="4" falsecount="0"/>
      <line num="15" count="51" type="stmt"/>
      <line num="16" count="51" type="stmt"/>
      <line num="17" count="27" type="stmt"/>
      <line num="22" count="60" type="stmt"/>
      <line num="23" count="12" type="cond" truecount="2" falsecount="0"/>
    </file>
  </project>
</coverage>
