TN:
SF:solutions-descriptive\38.js
FN:5,lowbit
FN:9,add
FN:16,ask
FN:25,solve
FNF:4
FNH:4
FNDA:2135,lowbit
FNDA:110,add
FNDA:91,ask
FNDA:19,solve
DA:1,1
DA:2,1
DA:3,1
DA:6,2135
DA:10,110
DA:11,1224
DA:12,1224
DA:17,91
DA:18,91
DA:19,911
DA:20,911
DA:22,91
DA:26,19
DA:27,19
DA:29,19
DA:30,91
DA:31,48
DA:33,43
DA:37,19
DA:38,19
DA:39,19
DA:41,19
DA:42,19
DA:44,19
DA:45,91
DA:46,91
DA:47,91
DA:48,91
DA:51,19
LF:29
LH:29
BRDA:30,0,0,48
BRDA:30,0,1,43
BRDA:46,1,0,91
BRDA:46,1,1,70
BRDA:47,2,0,91
BRDA:47,2,1,84
BRF:6
BRH:6
end_of_record
