<?xml version="1.0" encoding="UTF-8"?>
<coverage generated="1755789525575" clover="3.2.0">
  <project timestamp="1755789525576" name="All files">
    <metrics statements="50" coveredstatements="50" conditionals="7" coveredconditionals="7" methods="9" coveredmethods="9" elements="66" coveredelements="66" complexity="0" loc="50" ncloc="50" packages="1" files="1" classes="1"/>
    <file name="12.js" path="E:\desktop\Thesis\solutions-descriptive\12.js">
      <metrics statements="50" coveredstatements="50" conditionals="7" coveredconditionals="7" methods="9" coveredmethods="9"/>
      <line num="3" count="147" type="cond" truecount="2" falsecount="0"/>
      <line num="4" count="122" type="stmt"/>
      <line num="5" count="122" type="stmt"/>
      <line num="6" count="122" type="stmt"/>
      <line num="7" count="122" type="stmt"/>
      <line num="8" count="122" type="stmt"/>
      <line num="9" count="122" type="stmt"/>
      <line num="11" count="25" type="stmt"/>
      <line num="12" count="25" type="stmt"/>
      <line num="13" count="25" type="stmt"/>
      <line num="14" count="25" type="stmt"/>
      <line num="15" count="25" type="stmt"/>
      <line num="16" count="25" type="stmt"/>
      <line num="21" count="62" type="stmt"/>
      <line num="22" count="62" type="stmt"/>
      <line num="23" count="62" type="stmt"/>
      <line num="24" count="62" type="stmt"/>
      <line num="25" count="62" type="stmt"/>
      <line num="26" count="62" type="stmt"/>
      <line num="27" count="62" type="stmt"/>
      <line num="33" count="62" type="stmt"/>
      <line num="39" count="11" type="stmt"/>
      <line num="40" count="60" type="stmt"/>
      <line num="44" count="25" type="stmt"/>
      <line num="48" count="87" type="cond" truecount="2" falsecount="0"/>
      <line num="49" count="25" type="stmt"/>
      <line num="50" count="25" type="stmt"/>
      <line num="53" count="62" type="stmt"/>
      <line num="54" count="62" type="cond" truecount="2" falsecount="0"/>
      <line num="55" count="33" type="stmt"/>
      <line num="57" count="29" type="stmt"/>
      <line num="60" count="62" type="stmt"/>
      <line num="64" count="13" type="stmt"/>
      <line num="70" count="9" type="stmt"/>
      <line num="72" count="9" type="stmt"/>
      <line num="73" count="11" type="stmt"/>
      <line num="75" count="3" type="stmt"/>
      <line num="76" count="15" type="stmt"/>
      <line num="79" count="3" type="stmt"/>
      <line num="81" count="3" type="stmt"/>
      <line num="82" count="10" type="stmt"/>
      <line num="83" count="10" type="stmt"/>
      <line num="86" count="3" type="stmt"/>
      <line num="89" count="1" type="stmt"/>
      <line num="94" count="1" type="stmt"/>
      <line num="115" count="1" type="stmt"/>
      <line num="116" count="1" type="stmt"/>
      <line num="117" count="3" type="stmt"/>
      <line num="118" count="13" type="stmt"/>
      <line num="124" count="1" type="stmt"/>
    </file>
  </project>
</coverage>
