TN:
SF:solutions-descriptive\45.js
FN:2,solve
FN:25,(anonymous_1)
FN:29,(anonymous_2)
FN:31,(anonymous_3)
FN:40,(anonymous_4)
FNF:5
FNH:5
FNDA:15,solve
FNDA:2045,(anonymous_1)
FNDA:9,(anonymous_2)
FNDA:2032,(anonymous_3)
FNDA:2040,(anonymous_4)
DA:10,15
DA:11,15
DA:12,2032
DA:13,2032
DA:14,2032
DA:15,2032
DA:18,15
DA:19,15
DA:20,15
DA:23,15
DA:25,15
DA:26,2045
DA:29,15
DA:31,15
DA:32,2032
DA:33,9
DA:34,9
DA:35,5
DA:36,5
DA:40,15
DA:41,2040
DA:42,2040
DA:43,2040
DA:45,2040
DA:46,2040
DA:48,2040
DA:49,0
DA:50,0
DA:54,15
DA:55,2040
DA:56,0
DA:57,0
DA:58,0
DA:61,2040
DA:63,2040
DA:64,2040
DA:65,2040
DA:66,2040
DA:67,2040
DA:69,2040
DA:70,2040
DA:71,4060
DA:72,2032
DA:73,2032
DA:74,1185
DA:76,9
DA:77,9
DA:79,847
DA:80,111
DA:81,111
DA:83,736
DA:86,2032
DA:87,2027
DA:88,2027
DA:89,2027
DA:95,15
LF:56
LH:51
BRDA:12,0,0,17
BRDA:12,0,1,2015
BRDA:13,1,0,2026
BRDA:13,1,1,6
BRDA:32,2,0,2023
BRDA:32,2,1,9
BRDA:34,3,0,5
BRDA:34,3,1,4
BRDA:45,4,0,0
BRDA:45,4,1,2040
BRDA:45,5,0,2040
BRDA:45,5,1,0
BRDA:46,6,0,0
BRDA:46,6,1,2040
BRDA:46,7,0,2040
BRDA:46,7,1,0
BRDA:48,8,0,0
BRDA:48,8,1,2040
BRDA:54,9,0,2055
BRDA:54,9,1,2042
BRDA:55,10,0,2040
BRDA:55,10,1,2040
BRDA:61,11,0,0
BRDA:61,11,1,2040
BRDA:69,12,0,2040
BRDA:69,12,1,0
BRDA:71,13,0,2032
BRDA:71,13,1,2028
BRDA:73,14,0,1185
BRDA:73,14,1,847
BRDA:74,15,0,1176
BRDA:74,15,1,9
BRDA:76,16,0,7
BRDA:76,16,1,2
BRDA:77,17,0,6
BRDA:77,17,1,3
BRDA:79,18,0,111
BRDA:79,18,1,736
BRDA:80,19,0,110
BRDA:80,19,1,1
BRDA:81,20,0,111
BRDA:81,20,1,0
BRDA:83,21,0,734
BRDA:83,21,1,2
BRDA:86,22,0,2027
BRDA:86,22,1,5
BRF:46
BRH:38
end_of_record
