TN:
SF:solutions-descriptive\25.js
FN:3,solve
FN:26,(anonymous_1)
FN:30,(anonymous_2)
FN:35,(anonymous_3)
FN:36,(anonymous_4)
FN:60,(anonymous_5)
FN:61,(anonymous_6)
FN:67,(anonymous_7)
FN:75,nextPermutation
FNF:9
FNH:9
FNDA:22,solve
FNDA:87,(anonymous_1)
FNDA:16936,(anonymous_2)
FNDA:118,(anonymous_3)
FNDA:12,(anonymous_4)
FNDA:221,(anonymous_5)
FNDA:14,(anonymous_6)
FNDA:113,(anonymous_7)
FNDA:2106,nextPermutation
DA:4,22
DA:5,2
DA:6,1
DA:9,20
DA:10,3
DA:11,2
DA:14,17
DA:16,12
DA:17,9
DA:18,42
DA:19,9
DA:22,11
DA:24,11
DA:25,7
DA:26,87
DA:28,7
DA:29,2108
DA:30,16936
DA:31,2108
DA:32,2108
DA:35,118
DA:36,12
DA:38,118
DA:40,4
DA:41,4
DA:43,57
DA:44,61
DA:46,4
DA:47,61
DA:48,4
DA:49,57
DA:51,4
DA:52,12
DA:55,4
DA:56,4
DA:57,9
DA:59,5
DA:60,221
DA:61,14
DA:63,11
DA:66,3
DA:67,113
DA:68,3
DA:72,11
DA:76,2106
DA:77,2106
DA:78,3612
DA:79,2106
DA:80,2106
DA:84,2106
DA:86,2106
DA:87,2106
DA:89,2106
DA:91,2106
DA:92,2106
DA:93,1140
DA:94,1140
DA:95,1140
DA:98,2106
LF:59
LH:59
BRDA:4,0,0,2
BRDA:4,0,1,20
BRDA:5,1,0,1
BRDA:5,1,1,1
BRDA:9,2,0,3
BRDA:9,2,1,17
BRDA:10,3,0,1
BRDA:10,3,1,2
BRDA:14,4,0,5
BRDA:14,4,1,12
BRDA:14,5,0,17
BRDA:14,5,1,14
BRDA:14,5,2,6
BRDA:16,6,0,9
BRDA:16,6,1,3
BRDA:19,7,0,1
BRDA:19,7,1,8
BRDA:19,8,0,9
BRDA:19,8,1,9
BRDA:24,9,0,7
BRDA:24,9,1,4
BRDA:32,10,0,7
BRDA:32,10,1,2101
BRDA:57,11,0,4
BRDA:57,11,1,5
BRDA:63,12,0,2
BRDA:63,12,1,9
BRDA:63,13,0,11
BRDA:63,13,1,9
BRDA:78,14,0,2106
BRDA:78,14,1,1506
BRDA:84,15,0,0
BRDA:84,15,1,2106
BRF:33
BRH:32
end_of_record
