<?xml version="1.0" encoding="UTF-8"?>
<coverage generated="1754671872995" clover="3.2.0">
  <project timestamp="1754671872996" name="All files">
    <metrics statements="22" coveredstatements="22" conditionals="6" coveredconditionals="6" methods="1" coveredmethods="1" elements="29" coveredelements="29" complexity="0" loc="22" ncloc="22" packages="1" files="1" classes="1"/>
    <file name="33.js" path="E:\desktop\Thesis\solutions-algorithm\33.js">
      <metrics statements="22" coveredstatements="22" conditionals="6" coveredconditionals="6" methods="1" coveredmethods="1"/>
      <line num="9" count="11" type="stmt"/>
      <line num="11" count="11" type="stmt"/>
      <line num="13" count="14" type="stmt"/>
      <line num="14" count="14" type="stmt"/>
      <line num="15" count="14" type="stmt"/>
      <line num="16" count="14" type="stmt"/>
      <line num="17" count="14" type="stmt"/>
      <line num="19" count="14" type="stmt"/>
      <line num="20" count="11041" type="stmt"/>
      <line num="21" count="11041" type="cond" truecount="2" falsecount="0"/>
      <line num="22" count="10006" type="stmt"/>
      <line num="24" count="1035" type="stmt"/>
      <line num="28" count="14" type="stmt"/>
      <line num="29" count="10026" type="cond" truecount="2" falsecount="0"/>
      <line num="31" count="14" type="stmt"/>
      <line num="32" count="10019" type="stmt"/>
      <line num="33" count="10019" type="cond" truecount="2" falsecount="0"/>
      <line num="34" count="10012" type="stmt"/>
      <line num="35" count="10012" type="stmt"/>
      <line num="36" count="10012" type="stmt"/>
      <line num="41" count="14" type="stmt"/>
      <line num="44" count="11" type="stmt"/>
    </file>
  </project>
</coverage>
