<?xml version="1.0" encoding="UTF-8"?>
<coverage generated="1754636590597" clover="3.2.0">
  <project timestamp="1754636590597" name="All files">
    <metrics statements="2" coveredstatements="2" conditionals="0" coveredconditionals="0" methods="2" coveredmethods="2" elements="4" coveredelements="4" complexity="0" loc="2" ncloc="2" packages="1" files="1" classes="1"/>
    <file name="20.js" path="C:\Users\ASUS\OneDrive\Documents\GitHub\Thesis\solutions-algorithm\20.js">
      <metrics statements="2" coveredstatements="2" conditionals="0" coveredconditionals="0" methods="2" coveredmethods="2"/>
      <line num="5" count="334" type="stmt"/>
      <line num="6" count="15" type="stmt"/>
    </file>
  </project>
</coverage>
