{"E:\\desktop\\Thesis\\solutions-algorithm\\48.js": {"path":"E:\\desktop\\Thesis\\solutions-algorithm\\48.js","statementMap":{"0":{"start":{"line":3,"column":17},"end":{"line":3,"column":38}},"1":{"start":{"line":4,"column":16},"end":{"line":4,"column":18}},"2":{"start":{"line":5,"column":16},"end":{"line":5,"column":18}},"3":{"start":{"line":6,"column":14},"end":{"line":6,"column":15}},"4":{"start":{"line":7,"column":16},"end":{"line":7,"column":36}},"5":{"start":{"line":8,"column":17},"end":{"line":8,"column":37}},"6":{"start":{"line":9,"column":16},"end":{"line":9,"column":36}},"7":{"start":{"line":10,"column":12},"end":{"line":10,"column":13}},"8":{"start":{"line":13,"column":8},"end":{"line":13,"column":23}},"9":{"start":{"line":14,"column":8},"end":{"line":14,"column":27}},"10":{"start":{"line":15,"column":8},"end":{"line":15,"column":22}},"11":{"start":{"line":18,"column":4},"end":{"line":21,"column":5}},"12":{"start":{"line":19,"column":8},"end":{"line":19,"column":22}},"13":{"start":{"line":20,"column":8},"end":{"line":20,"column":22}},"14":{"start":{"line":24,"column":8},"end":{"line":24,"column":19}},"15":{"start":{"line":25,"column":8},"end":{"line":25,"column":29}},"16":{"start":{"line":26,"column":8},"end":{"line":30,"column":9}},"17":{"start":{"line":26,"column":21},"end":{"line":26,"column":28}},"18":{"start":{"line":27,"column":22},"end":{"line":27,"column":28}},"19":{"start":{"line":28,"column":12},"end":{"line":28,"column":35}},"20":{"start":{"line":28,"column":26},"end":{"line":28,"column":35}},"21":{"start":{"line":29,"column":12},"end":{"line":29,"column":31}},"22":{"start":{"line":33,"column":4},"end":{"line":33,"column":17}},"23":{"start":{"line":35,"column":14},"end":{"line":35,"column":15}},"24":{"start":{"line":36,"column":4},"end":{"line":54,"column":5}},"25":{"start":{"line":36,"column":17},"end":{"line":36,"column":18}},"26":{"start":{"line":37,"column":8},"end":{"line":37,"column":39}},"27":{"start":{"line":38,"column":8},"end":{"line":38,"column":41}},"28":{"start":{"line":40,"column":16},"end":{"line":40,"column":17}},"29":{"start":{"line":41,"column":16},"end":{"line":41,"column":17}},"30":{"start":{"line":42,"column":8},"end":{"line":48,"column":9}},"31":{"start":{"line":43,"column":24},"end":{"line":43,"column":47}},"32":{"start":{"line":44,"column":22},"end":{"line":44,"column":45}},"33":{"start":{"line":45,"column":22},"end":{"line":45,"column":53}},"34":{"start":{"line":46,"column":12},"end":{"line":47,"column":25}},"35":{"start":{"line":46,"column":24},"end":{"line":46,"column":36}},"36":{"start":{"line":47,"column":17},"end":{"line":47,"column":25}},"37":{"start":{"line":50,"column":18},"end":{"line":50,"column":39}},"38":{"start":{"line":51,"column":20},"end":{"line":51,"column":57}},"39":{"start":{"line":52,"column":8},"end":{"line":52,"column":82}},"40":{"start":{"line":52,"column":21},"end":{"line":52,"column":82}},"41":{"start":{"line":53,"column":8},"end":{"line":53,"column":46}},"42":{"start":{"line":56,"column":4},"end":{"line":56,"column":15}}},"fnMap":{"0":{"name":"solve","decl":{"start":{"line":2,"column":16},"end":{"line":2,"column":21}},"loc":{"start":{"line":2,"column":38},"end":{"line":57,"column":1}},"line":2},"1":{"name":"addedge","decl":{"start":{"line":12,"column":13},"end":{"line":12,"column":20}},"loc":{"start":{"line":12,"column":27},"end":{"line":16,"column":5}},"line":12},"2":{"name":"dfs","decl":{"start":{"line":23,"column":13},"end":{"line":23,"column":16}},"loc":{"start":{"line":23,"column":29},"end":{"line":31,"column":5}},"line":23}},"branchMap":{"0":{"loc":{"start":{"line":28,"column":12},"end":{"line":28,"column":35}},"type":"if","locations":[{"start":{"line":28,"column":12},"end":{"line":28,"column":35}},{"start":{},"end":{}}],"line":28},"1":{"loc":{"start":{"line":46,"column":12},"end":{"line":47,"column":25}},"type":"if","locations":[{"start":{"line":46,"column":12},"end":{"line":47,"column":25}},{"start":{"line":47,"column":17},"end":{"line":47,"column":25}}],"line":46},"2":{"loc":{"start":{"line":52,"column":8},"end":{"line":52,"column":82}},"type":"if","locations":[{"start":{"line":52,"column":8},"end":{"line":52,"column":82}},{"start":{},"end":{}}],"line":52}},"s":{"0":9,"1":9,"2":9,"3":9,"4":9,"5":9,"6":9,"7":9,"8":58,"9":58,"10":58,"11":9,"12":29,"13":29,"14":38,"15":38,"16":38,"17":38,"18":58,"19":58,"20":29,"21":29,"22":9,"23":9,"24":9,"25":9,"26":15,"27":15,"28":15,"29":15,"30":15,"31":9,"32":9,"33":9,"34":9,"35":5,"36":4,"37":15,"38":15,"39":15,"40":4,"41":15,"42":9},"f":{"0":9,"1":58,"2":38},"b":{"0":[29,29],"1":[5,4],"2":[4,11]},"_coverageSchema":"1a1c01bbd47fc00a2c39e90264f33305004495a9","hash":"f405866cf9097f6b9e40aec77d6b52f4ab082f21"}
}
