<?xml version="1.0" encoding="UTF-8"?>
<coverage generated="1754676237338" clover="3.2.0">
  <project timestamp="1754676237339" name="All files">
    <metrics statements="11" coveredstatements="11" conditionals="2" coveredconditionals="2" methods="1" coveredmethods="1" elements="14" coveredelements="14" complexity="0" loc="11" ncloc="11" packages="1" files="1" classes="1"/>
    <file name="42.js" path="E:\desktop\Thesis\solutions-algorithm\42.js">
      <metrics statements="11" coveredstatements="11" conditionals="2" coveredconditionals="2" methods="1" coveredmethods="1"/>
      <line num="5" count="13" type="stmt"/>
      <line num="6" count="13" type="stmt"/>
      <line num="7" count="58" type="stmt"/>
      <line num="8" count="58" type="stmt"/>
      <line num="9" count="58" type="stmt"/>
      <line num="10" count="64" type="stmt"/>
      <line num="11" count="64" type="cond" truecount="2" falsecount="0"/>
      <line num="12" count="44" type="stmt"/>
      <line num="14" count="20" type="stmt"/>
      <line num="17" count="58" type="stmt"/>
      <line num="19" count="13" type="stmt"/>
    </file>
  </project>
</coverage>
