<?xml version="1.0" encoding="UTF-8"?>
<coverage generated="1754672663531" clover="3.2.0">
  <project timestamp="1754672663532" name="All files">
    <metrics statements="8" coveredstatements="1" conditionals="2" coveredconditionals="0" methods="3" coveredmethods="1" elements="13" coveredelements="2" complexity="0" loc="8" ncloc="8" packages="1" files="1" classes="1"/>
    <file name="35.js" path="E:\desktop\Thesis\solutions-algorithm\35.js">
      <metrics statements="8" coveredstatements="1" conditionals="2" coveredconditionals="0" methods="3" coveredmethods="1"/>
      <line num="10" count="0" type="cond" truecount="0" falsecount="2"/>
      <line num="11" count="0" type="stmt"/>
      <line num="13" count="0" type="stmt"/>
      <line num="14" count="0" type="stmt"/>
      <line num="15" count="0" type="stmt"/>
      <line num="16" count="0" type="stmt"/>
      <line num="18" count="0" type="stmt"/>
      <line num="27" count="10" type="stmt"/>
    </file>
  </project>
</coverage>
