{"E:\\desktop\\Thesis\\solutions-algorithm\\1.js": {"path":"E:\\desktop\\Thesis\\solutions-algorithm\\1.js","statementMap":{"0":{"start":{"line":3,"column":4},"end":{"line":7,"column":19}},"1":{"start":{"line":6,"column":24},"end":{"line":6,"column":29}}},"fnMap":{"0":{"name":"solve","decl":{"start":{"line":2,"column":16},"end":{"line":2,"column":21}},"loc":{"start":{"line":2,"column":34},"end":{"line":8,"column":1}},"line":2},"1":{"name":"(anonymous_1)","decl":{"start":{"line":6,"column":14},"end":{"line":6,"column":15}},"loc":{"start":{"line":6,"column":24},"end":{"line":6,"column":29}},"line":6}},"branchMap":{},"s":{"0":11,"1":52},"f":{"0":11,"1":52},"b":{},"_coverageSchema":"1a1c01bbd47fc00a2c39e90264f33305004495a9","hash":"d00ff3df2327a8a6ab031d77b16dab4186d5a3db"}
,"E:\\desktop\\Thesis\\solutions-algorithm\\11.js": {"path":"E:\\desktop\\Thesis\\solutions-algorithm\\11.js","statementMap":{"0":{"start":{"line":5,"column":4},"end":{"line":9,"column":7}},"1":{"start":{"line":6,"column":21},"end":{"line":6,"column":39}},"2":{"start":{"line":7,"column":21},"end":{"line":7,"column":27}},"3":{"start":{"line":8,"column":8},"end":{"line":8,"column":27}}},"fnMap":{"0":{"name":"solve","decl":{"start":{"line":4,"column":16},"end":{"line":4,"column":21}},"loc":{"start":{"line":4,"column":31},"end":{"line":10,"column":1}},"line":4},"1":{"name":"(anonymous_1)","decl":{"start":{"line":5,"column":23},"end":{"line":5,"column":24}},"loc":{"start":{"line":5,"column":28},"end":{"line":9,"column":5}},"line":5}},"branchMap":{},"s":{"0":10,"1":41,"2":41,"3":41},"f":{"0":10,"1":41},"b":{},"_coverageSchema":"1a1c01bbd47fc00a2c39e90264f33305004495a9","hash":"c089372384325932509454417f5a2870787f6b3c"}
,"E:\\desktop\\Thesis\\solutions-algorithm\\12.js": {"path":"E:\\desktop\\Thesis\\solutions-algorithm\\12.js","statementMap":{"0":{"start":{"line":4,"column":19},"end":{"line":4,"column":30}},"1":{"start":{"line":5,"column":4},"end":{"line":5,"column":32}}},"fnMap":{"0":{"name":"solve","decl":{"start":{"line":3,"column":16},"end":{"line":3,"column":21}},"loc":{"start":{"line":3,"column":25},"end":{"line":6,"column":1}},"line":3}},"branchMap":{},"s":{"0":9,"1":9},"f":{"0":9},"b":{},"_coverageSchema":"1a1c01bbd47fc00a2c39e90264f33305004495a9","hash":"9e0bfacc684e1fe0c222ee5f39882f4366cf9d9e"}
,"E:\\desktop\\Thesis\\solutions-algorithm\\13.js": {"path":"E:\\desktop\\Thesis\\solutions-algorithm\\13.js","statementMap":{"0":{"start":{"line":5,"column":4},"end":{"line":5,"column":35}},"1":{"start":{"line":5,"column":28},"end":{"line":5,"column":33}}},"fnMap":{"0":{"name":"solve","decl":{"start":{"line":4,"column":16},"end":{"line":4,"column":21}},"loc":{"start":{"line":4,"column":31},"end":{"line":6,"column":1}},"line":4},"1":{"name":"(anonymous_1)","decl":{"start":{"line":5,"column":23},"end":{"line":5,"column":24}},"loc":{"start":{"line":5,"column":28},"end":{"line":5,"column":33}},"line":5}},"branchMap":{},"s":{"0":6,"1":13},"f":{"0":6,"1":13},"b":{},"_coverageSchema":"1a1c01bbd47fc00a2c39e90264f33305004495a9","hash":"627a298eccb1832f85a918a98aba7efe76e4cc90"}
,"E:\\desktop\\Thesis\\solutions-algorithm\\2.js": {"path":"E:\\desktop\\Thesis\\solutions-algorithm\\2.js","statementMap":{"0":{"start":{"line":3,"column":21},"end":{"line":3,"column":62}},"1":{"start":{"line":4,"column":19},"end":{"line":4,"column":49}},"2":{"start":{"line":5,"column":4},"end":{"line":5,"column":46}}},"fnMap":{"0":{"name":"solve","decl":{"start":{"line":2,"column":16},"end":{"line":2,"column":21}},"loc":{"start":{"line":2,"column":42},"end":{"line":6,"column":1}},"line":2}},"branchMap":{"0":{"loc":{"start":{"line":5,"column":11},"end":{"line":5,"column":45}},"type":"cond-expr","locations":[{"start":{"line":5,"column":33},"end":{"line":5,"column":38}},{"start":{"line":5,"column":41},"end":{"line":5,"column":45}}],"line":5}},"s":{"0":19,"1":19,"2":19},"f":{"0":19},"b":{"0":[8,11]},"_coverageSchema":"1a1c01bbd47fc00a2c39e90264f33305004495a9","hash":"b8d47bffbfb9af2904f1198ae18dd6ce736bfbbb"}
,"E:\\desktop\\Thesis\\solutions-algorithm\\21.js": {"path":"E:\\desktop\\Thesis\\solutions-algorithm\\21.js","statementMap":{"0":{"start":{"line":5,"column":4},"end":{"line":11,"column":7}},"1":{"start":{"line":6,"column":8},"end":{"line":10,"column":25}}},"fnMap":{"0":{"name":"solve","decl":{"start":{"line":4,"column":16},"end":{"line":4,"column":21}},"loc":{"start":{"line":4,"column":32},"end":{"line":12,"column":1}},"line":4},"1":{"name":"(anonymous_1)","decl":{"start":{"line":5,"column":24},"end":{"line":5,"column":25}},"loc":{"start":{"line":5,"column":39},"end":{"line":11,"column":5}},"line":5}},"branchMap":{"0":{"loc":{"start":{"line":6,"column":15},"end":{"line":10,"column":24}},"type":"cond-expr","locations":[{"start":{"line":10,"column":12},"end":{"line":10,"column":17}},{"start":{"line":10,"column":20},"end":{"line":10,"column":24}}],"line":6},"1":{"loc":{"start":{"line":7,"column":12},"end":{"line":9,"column":23}},"type":"binary-expr","locations":[{"start":{"line":7,"column":12},"end":{"line":7,"column":23}},{"start":{"line":8,"column":12},"end":{"line":8,"column":23}},{"start":{"line":9,"column":12},"end":{"line":9,"column":23}}],"line":7}},"s":{"0":13,"1":20},"f":{"0":13,"1":20},"b":{"0":[14,6],"1":[20,10,8]},"_coverageSchema":"1a1c01bbd47fc00a2c39e90264f33305004495a9","hash":"48e0ccf9a9c749e0f151519a7c9c8f5c4ec5a41a"}
,"E:\\desktop\\Thesis\\solutions-algorithm\\22.js": {"path":"E:\\desktop\\Thesis\\solutions-algorithm\\22.js","statementMap":{"0":{"start":{"line":5,"column":4},"end":{"line":5,"column":64}},"1":{"start":{"line":5,"column":29},"end":{"line":5,"column":61}}},"fnMap":{"0":{"name":"solve","decl":{"start":{"line":4,"column":16},"end":{"line":4,"column":21}},"loc":{"start":{"line":4,"column":31},"end":{"line":6,"column":1}},"line":4},"1":{"name":"(anonymous_1)","decl":{"start":{"line":5,"column":23},"end":{"line":5,"column":24}},"loc":{"start":{"line":5,"column":29},"end":{"line":5,"column":61}},"line":5}},"branchMap":{"0":{"loc":{"start":{"line":5,"column":29},"end":{"line":5,"column":61}},"type":"cond-expr","locations":[{"start":{"line":5,"column":43},"end":{"line":5,"column":51}},{"start":{"line":5,"column":54},"end":{"line":5,"column":61}}],"line":5}},"s":{"0":9,"1":28},"f":{"0":9,"1":28},"b":{"0":[13,15]},"_coverageSchema":"1a1c01bbd47fc00a2c39e90264f33305004495a9","hash":"3e4ea740c782fcf0cc212864d434d689e454efce"}
,"E:\\desktop\\Thesis\\solutions-algorithm\\23.js": {"path":"E:\\desktop\\Thesis\\solutions-algorithm\\23.js","statementMap":{"0":{"start":{"line":5,"column":4},"end":{"line":8,"column":7}},"1":{"start":{"line":6,"column":18},"end":{"line":6,"column":41}},"2":{"start":{"line":7,"column":8},"end":{"line":7,"column":25}}},"fnMap":{"0":{"name":"solve","decl":{"start":{"line":4,"column":16},"end":{"line":4,"column":21}},"loc":{"start":{"line":4,"column":33},"end":{"line":9,"column":1}},"line":4},"1":{"name":"(anonymous_1)","decl":{"start":{"line":5,"column":25},"end":{"line":5,"column":26}},"loc":{"start":{"line":5,"column":40},"end":{"line":8,"column":5}},"line":5}},"branchMap":{},"s":{"0":9,"1":14,"2":14},"f":{"0":9,"1":14},"b":{},"_coverageSchema":"1a1c01bbd47fc00a2c39e90264f33305004495a9","hash":"15f5ea103558cf9f3185847ecb075f58c38e8916"}
,"E:\\desktop\\Thesis\\solutions-algorithm\\3.js": {"path":"E:\\desktop\\Thesis\\solutions-algorithm\\3.js","statementMap":{"0":{"start":{"line":4,"column":4},"end":{"line":4,"column":30}},"1":{"start":{"line":4,"column":23},"end":{"line":4,"column":28}},"2":{"start":{"line":6,"column":15},"end":{"line":6,"column":16}},"3":{"start":{"line":7,"column":4},"end":{"line":11,"column":5}},"4":{"start":{"line":7,"column":17},"end":{"line":7,"column":18}},"5":{"start":{"line":8,"column":8},"end":{"line":10,"column":9}},"6":{"start":{"line":9,"column":12},"end":{"line":9,"column":24}},"7":{"start":{"line":12,"column":4},"end":{"line":12,"column":17}}},"fnMap":{"0":{"name":"solve","decl":{"start":{"line":2,"column":16},"end":{"line":2,"column":21}},"loc":{"start":{"line":2,"column":30},"end":{"line":13,"column":1}},"line":2},"1":{"name":"(anonymous_1)","decl":{"start":{"line":4,"column":13},"end":{"line":4,"column":14}},"loc":{"start":{"line":4,"column":23},"end":{"line":4,"column":28}},"line":4}},"branchMap":{"0":{"loc":{"start":{"line":8,"column":8},"end":{"line":10,"column":9}},"type":"if","locations":[{"start":{"line":8,"column":8},"end":{"line":10,"column":9}},{"start":{},"end":{}}],"line":8}},"s":{"0":15,"1":52,"2":15,"3":15,"4":15,"5":33,"6":7,"7":8},"f":{"0":15,"1":52},"b":{"0":[7,26]},"_coverageSchema":"1a1c01bbd47fc00a2c39e90264f33305004495a9","hash":"120dd188564f5efaf6f4c61bc907fda18b16f093"}
,"E:\\desktop\\Thesis\\solutions-algorithm\\31.js": {"path":"E:\\desktop\\Thesis\\solutions-algorithm\\31.js","statementMap":{"0":{"start":{"line":4,"column":20},"end":{"line":4,"column":22}},"1":{"start":{"line":6,"column":4},"end":{"line":21,"column":5}},"2":{"start":{"line":6,"column":17},"end":{"line":6,"column":18}},"3":{"start":{"line":7,"column":22},"end":{"line":7,"column":31}},"4":{"start":{"line":8,"column":21},"end":{"line":8,"column":23}},"5":{"start":{"line":10,"column":8},"end":{"line":18,"column":9}},"6":{"start":{"line":11,"column":12},"end":{"line":11,"column":26}},"7":{"start":{"line":13,"column":24},"end":{"line":13,"column":42}},"8":{"start":{"line":14,"column":12},"end":{"line":16,"column":13}},"9":{"start":{"line":14,"column":25},"end":{"line":14,"column":26}},"10":{"start":{"line":15,"column":16},"end":{"line":15,"column":28}},"11":{"start":{"line":17,"column":12},"end":{"line":17,"column":35}},"12":{"start":{"line":20,"column":8},"end":{"line":20,"column":29}},"13":{"start":{"line":23,"column":4},"end":{"line":23,"column":19}}},"fnMap":{"0":{"name":"solve","decl":{"start":{"line":3,"column":16},"end":{"line":3,"column":21}},"loc":{"start":{"line":3,"column":33},"end":{"line":24,"column":1}},"line":3}},"branchMap":{"0":{"loc":{"start":{"line":10,"column":8},"end":{"line":18,"column":9}},"type":"if","locations":[{"start":{"line":10,"column":8},"end":{"line":18,"column":9}},{"start":{"line":12,"column":15},"end":{"line":18,"column":9}}],"line":10}},"s":{"0":8,"1":8,"2":8,"3":9,"4":9,"5":9,"6":2,"7":7,"8":7,"9":7,"10":11,"11":7,"12":9,"13":8},"f":{"0":8},"b":{"0":[2,7]},"_coverageSchema":"1a1c01bbd47fc00a2c39e90264f33305004495a9","hash":"7542ebec40d0503cf5422b6e423037a05fb52d00"}
,"E:\\desktop\\Thesis\\solutions-algorithm\\32.js": {"path":"E:\\desktop\\Thesis\\solutions-algorithm\\32.js","statementMap":{"0":{"start":{"line":10,"column":17},"end":{"line":10,"column":27}},"1":{"start":{"line":11,"column":20},"end":{"line":11,"column":22}},"2":{"start":{"line":13,"column":4},"end":{"line":57,"column":5}},"3":{"start":{"line":15,"column":22},"end":{"line":15,"column":24}},"4":{"start":{"line":16,"column":8},"end":{"line":18,"column":9}},"5":{"start":{"line":16,"column":21},"end":{"line":16,"column":22}},"6":{"start":{"line":17,"column":12},"end":{"line":17,"column":31}},"7":{"start":{"line":20,"column":21},"end":{"line":20,"column":30}},"8":{"start":{"line":21,"column":8},"end":{"line":23,"column":9}},"9":{"start":{"line":21,"column":21},"end":{"line":21,"column":22}},"10":{"start":{"line":22,"column":12},"end":{"line":22,"column":43}},"11":{"start":{"line":22,"column":28},"end":{"line":22,"column":43}},"12":{"start":{"line":25,"column":22},"end":{"line":25,"column":50}},"13":{"start":{"line":26,"column":23},"end":{"line":26,"column":25}},"14":{"start":{"line":28,"column":8},"end":{"line":39,"column":9}},"15":{"start":{"line":28,"column":21},"end":{"line":28,"column":22}},"16":{"start":{"line":29,"column":12},"end":{"line":38,"column":13}},"17":{"start":{"line":30,"column":30},"end":{"line":30,"column":32}},"18":{"start":{"line":31,"column":24},"end":{"line":31,"column":25}},"19":{"start":{"line":32,"column":16},"end":{"line":36,"column":17}},"20":{"start":{"line":33,"column":20},"end":{"line":33,"column":36}},"21":{"start":{"line":34,"column":20},"end":{"line":34,"column":34}},"22":{"start":{"line":35,"column":20},"end":{"line":35,"column":33}},"23":{"start":{"line":37,"column":16},"end":{"line":37,"column":35}},"24":{"start":{"line":41,"column":18},"end":{"line":41,"column":19}},"25":{"start":{"line":42,"column":8},"end":{"line":54,"column":9}},"26":{"start":{"line":43,"column":27},"end":{"line":43,"column":32}},"27":{"start":{"line":44,"column":12},"end":{"line":49,"column":13}},"28":{"start":{"line":45,"column":16},"end":{"line":48,"column":17}},"29":{"start":{"line":46,"column":20},"end":{"line":46,"column":36}},"30":{"start":{"line":47,"column":20},"end":{"line":47,"column":26}},"31":{"start":{"line":51,"column":12},"end":{"line":53,"column":13}},"32":{"start":{"line":52,"column":16},"end":{"line":52,"column":39}},"33":{"start":{"line":56,"column":8},"end":{"line":56,"column":26}},"34":{"start":{"line":59,"column":4},"end":{"line":59,"column":19}}},"fnMap":{"0":{"name":"solve","decl":{"start":{"line":8,"column":16},"end":{"line":8,"column":21}},"loc":{"start":{"line":8,"column":33},"end":{"line":60,"column":1}},"line":8}},"branchMap":{"0":{"loc":{"start":{"line":22,"column":12},"end":{"line":22,"column":43}},"type":"if","locations":[{"start":{"line":22,"column":12},"end":{"line":22,"column":43}},{"start":{},"end":{}}],"line":22},"1":{"loc":{"start":{"line":29,"column":12},"end":{"line":38,"column":13}},"type":"if","locations":[{"start":{"line":29,"column":12},"end":{"line":38,"column":13}},{"start":{},"end":{}}],"line":29},"2":{"loc":{"start":{"line":45,"column":16},"end":{"line":48,"column":17}},"type":"if","locations":[{"start":{"line":45,"column":16},"end":{"line":48,"column":17}},{"start":{},"end":{}}],"line":45},"3":{"loc":{"start":{"line":51,"column":12},"end":{"line":53,"column":13}},"type":"if","locations":[{"start":{"line":51,"column":12},"end":{"line":53,"column":13}},{"start":{},"end":{}}],"line":51},"4":{"loc":{"start":{"line":51,"column":16},"end":{"line":51,"column":45}},"type":"binary-expr","locations":[{"start":{"line":51,"column":16},"end":{"line":51,"column":25}},{"start":{"line":51,"column":29},"end":{"line":51,"column":45}}],"line":51}},"s":{"0":7,"1":7,"2":7,"3":14,"4":14,"5":14,"6":64,"7":14,"8":14,"9":14,"10":64,"11":22,"12":14,"13":14,"14":14,"15":14,"16":64,"17":36,"18":36,"19":36,"20":64,"21":64,"22":64,"23":36,"24":14,"25":14,"26":36,"27":36,"28":51,"29":12,"30":12,"31":36,"32":10,"33":14,"34":7},"f":{"0":7},"b":{"0":[22,42],"1":[36,28],"2":[12,39],"3":[10,26],"4":[36,24]},"_coverageSchema":"1a1c01bbd47fc00a2c39e90264f33305004495a9","hash":"c968bf3f8a0693b7191851e69af4caef02a81f84"}
,"E:\\desktop\\Thesis\\solutions-algorithm\\33.js": {"path":"E:\\desktop\\Thesis\\solutions-algorithm\\33.js","statementMap":{"0":{"start":{"line":9,"column":20},"end":{"line":9,"column":22}},"1":{"start":{"line":11,"column":4},"end":{"line":42,"column":5}},"2":{"start":{"line":13,"column":18},"end":{"line":13,"column":27}},"3":{"start":{"line":14,"column":18},"end":{"line":14,"column":27}},"4":{"start":{"line":15,"column":8},"end":{"line":15,"column":17}},"5":{"start":{"line":16,"column":18},"end":{"line":16,"column":19}},"6":{"start":{"line":17,"column":18},"end":{"line":17,"column":21}},"7":{"start":{"line":19,"column":8},"end":{"line":26,"column":9}},"8":{"start":{"line":19,"column":21},"end":{"line":19,"column":22}},"9":{"start":{"line":20,"column":20},"end":{"line":20,"column":28}},"10":{"start":{"line":21,"column":12},"end":{"line":25,"column":13}},"11":{"start":{"line":22,"column":16},"end":{"line":22,"column":33}},"12":{"start":{"line":24,"column":16},"end":{"line":24,"column":30}},"13":{"start":{"line":28,"column":8},"end":{"line":39,"column":9}},"14":{"start":{"line":29,"column":12},"end":{"line":29,"column":36}},"15":{"start":{"line":29,"column":27},"end":{"line":29,"column":36}},"16":{"start":{"line":31,"column":12},"end":{"line":38,"column":13}},"17":{"start":{"line":32,"column":28},"end":{"line":32,"column":33}},"18":{"start":{"line":33,"column":16},"end":{"line":37,"column":17}},"19":{"start":{"line":34,"column":20},"end":{"line":34,"column":32}},"20":{"start":{"line":35,"column":20},"end":{"line":35,"column":31}},"21":{"start":{"line":36,"column":20},"end":{"line":36,"column":45}},"22":{"start":{"line":41,"column":8},"end":{"line":41,"column":26}},"23":{"start":{"line":44,"column":4},"end":{"line":44,"column":19}}},"fnMap":{"0":{"name":"solve","decl":{"start":{"line":8,"column":16},"end":{"line":8,"column":21}},"loc":{"start":{"line":8,"column":33},"end":{"line":45,"column":1}},"line":8}},"branchMap":{"0":{"loc":{"start":{"line":21,"column":12},"end":{"line":25,"column":13}},"type":"if","locations":[{"start":{"line":21,"column":12},"end":{"line":25,"column":13}},{"start":{"line":23,"column":19},"end":{"line":25,"column":13}}],"line":21},"1":{"loc":{"start":{"line":29,"column":12},"end":{"line":29,"column":36}},"type":"if","locations":[{"start":{"line":29,"column":12},"end":{"line":29,"column":36}},{"start":{},"end":{}}],"line":29},"2":{"loc":{"start":{"line":33,"column":16},"end":{"line":37,"column":17}},"type":"if","locations":[{"start":{"line":33,"column":16},"end":{"line":37,"column":17}},{"start":{},"end":{}}],"line":33}},"s":{"0":7,"1":7,"2":9,"3":9,"4":9,"5":9,"6":9,"7":9,"8":9,"9":1026,"10":1026,"11":4,"12":1022,"13":9,"14":19,"15":10,"16":9,"17":13,"18":13,"19":10,"20":10,"21":10,"22":9,"23":7},"f":{"0":7},"b":{"0":[4,1022],"1":[10,9],"2":[10,3]},"_coverageSchema":"1a1c01bbd47fc00a2c39e90264f33305004495a9","hash":"766ce04ab175b5d2a6ed5ebfb2c5ad9dda0b3309"}
,"E:\\desktop\\Thesis\\solutions-algorithm\\41.js": {"path":"E:\\desktop\\Thesis\\solutions-algorithm\\41.js","statementMap":{"0":{"start":{"line":3,"column":14},"end":{"line":3,"column":16}},"1":{"start":{"line":4,"column":4},"end":{"line":4,"column":43}},"2":{"start":{"line":4,"column":17},"end":{"line":4,"column":18}},"3":{"start":{"line":4,"column":33},"end":{"line":4,"column":43}},"4":{"start":{"line":5,"column":4},"end":{"line":7,"column":5}},"5":{"start":{"line":6,"column":8},"end":{"line":6,"column":55}},"6":{"start":{"line":6,"column":21},"end":{"line":6,"column":55}},"7":{"start":{"line":9,"column":22},"end":{"line":9,"column":24}},"8":{"start":{"line":10,"column":17},"end":{"line":10,"column":19}},"9":{"start":{"line":11,"column":15},"end":{"line":11,"column":37}},"10":{"start":{"line":13,"column":4},"end":{"line":13,"column":57}},"11":{"start":{"line":13,"column":17},"end":{"line":13,"column":18}},"12":{"start":{"line":13,"column":33},"end":{"line":13,"column":57}},"13":{"start":{"line":14,"column":4},"end":{"line":14,"column":21}},"14":{"start":{"line":15,"column":4},"end":{"line":15,"column":21}},"15":{"start":{"line":17,"column":4},"end":{"line":27,"column":5}},"16":{"start":{"line":18,"column":34},"end":{"line":18,"column":46}},"17":{"start":{"line":19,"column":8},"end":{"line":26,"column":9}},"18":{"start":{"line":20,"column":24},"end":{"line":20,"column":57}},"19":{"start":{"line":21,"column":12},"end":{"line":25,"column":13}},"20":{"start":{"line":22,"column":16},"end":{"line":22,"column":47}},"21":{"start":{"line":23,"column":16},"end":{"line":23,"column":43}},"22":{"start":{"line":24,"column":16},"end":{"line":24,"column":47}},"23":{"start":{"line":29,"column":4},"end":{"line":29,"column":47}},"24":{"start":{"line":29,"column":35},"end":{"line":29,"column":47}},"25":{"start":{"line":31,"column":17},"end":{"line":31,"column":19}},"26":{"start":{"line":32,"column":15},"end":{"line":32,"column":16}},"27":{"start":{"line":33,"column":4},"end":{"line":36,"column":5}},"28":{"start":{"line":34,"column":8},"end":{"line":34,"column":24}},"29":{"start":{"line":35,"column":8},"end":{"line":35,"column":26}},"30":{"start":{"line":37,"column":4},"end":{"line":37,"column":36}},"31":{"start":{"line":43,"column":8},"end":{"line":43,"column":28}},"32":{"start":{"line":47,"column":8},"end":{"line":47,"column":51}},"33":{"start":{"line":48,"column":8},"end":{"line":48,"column":63}},"34":{"start":{"line":48,"column":38},"end":{"line":48,"column":61}},"35":{"start":{"line":52,"column":8},"end":{"line":52,"column":38}},"36":{"start":{"line":56,"column":8},"end":{"line":56,"column":43}}},"fnMap":{"0":{"name":"solve","decl":{"start":{"line":2,"column":16},"end":{"line":2,"column":21}},"loc":{"start":{"line":2,"column":32},"end":{"line":38,"column":1}},"line":2},"1":{"name":"(anonymous_1)","decl":{"start":{"line":42,"column":4},"end":{"line":42,"column":5}},"loc":{"start":{"line":42,"column":18},"end":{"line":44,"column":5}},"line":42},"2":{"name":"(anonymous_2)","decl":{"start":{"line":46,"column":4},"end":{"line":46,"column":5}},"loc":{"start":{"line":46,"column":31},"end":{"line":49,"column":5}},"line":46},"3":{"name":"(anonymous_3)","decl":{"start":{"line":48,"column":28},"end":{"line":48,"column":29}},"loc":{"start":{"line":48,"column":38},"end":{"line":48,"column":61}},"line":48},"4":{"name":"(anonymous_4)","decl":{"start":{"line":51,"column":4},"end":{"line":51,"column":5}},"loc":{"start":{"line":51,"column":14},"end":{"line":53,"column":5}},"line":51},"5":{"name":"(anonymous_5)","decl":{"start":{"line":55,"column":4},"end":{"line":55,"column":5}},"loc":{"start":{"line":55,"column":14},"end":{"line":57,"column":5}},"line":55}},"branchMap":{"0":{"loc":{"start":{"line":6,"column":8},"end":{"line":6,"column":55}},"type":"if","locations":[{"start":{"line":6,"column":8},"end":{"line":6,"column":55}},{"start":{},"end":{}}],"line":6},"1":{"loc":{"start":{"line":21,"column":12},"end":{"line":25,"column":13}},"type":"if","locations":[{"start":{"line":21,"column":12},"end":{"line":25,"column":13}},{"start":{},"end":{}}],"line":21},"2":{"loc":{"start":{"line":29,"column":4},"end":{"line":29,"column":47}},"type":"if","locations":[{"start":{"line":29,"column":4},"end":{"line":29,"column":47}},{"start":{},"end":{}}],"line":29}},"s":{"0":10,"1":10,"2":10,"3":29,"4":10,"5":23,"6":21,"7":10,"8":10,"9":10,"10":10,"11":10,"12":29,"13":10,"14":10,"15":10,"16":28,"17":28,"18":20,"19":20,"20":18,"21":18,"22":18,"23":10,"24":2,"25":8,"26":8,"27":8,"28":20,"29":20,"30":8,"31":10,"32":28,"33":28,"34":7,"35":28,"36":38},"f":{"0":10,"1":10,"2":28,"3":7,"4":28,"5":38},"b":{"0":[21,2],"1":[18,2],"2":[2,8]},"_coverageSchema":"1a1c01bbd47fc00a2c39e90264f33305004495a9","hash":"be502d4a21f852a91baca16cfd46b2b0adf8820e"}
,"E:\\desktop\\Thesis\\solutions-algorithm\\42.js": {"path":"E:\\desktop\\Thesis\\solutions-algorithm\\42.js","statementMap":{"0":{"start":{"line":5,"column":18},"end":{"line":5,"column":20}},"1":{"start":{"line":6,"column":4},"end":{"line":18,"column":5}},"2":{"start":{"line":6,"column":17},"end":{"line":6,"column":18}},"3":{"start":{"line":7,"column":16},"end":{"line":7,"column":17}},"4":{"start":{"line":8,"column":16},"end":{"line":8,"column":28}},"5":{"start":{"line":9,"column":8},"end":{"line":16,"column":9}},"6":{"start":{"line":10,"column":22},"end":{"line":10,"column":34}},"7":{"start":{"line":11,"column":12},"end":{"line":15,"column":13}},"8":{"start":{"line":12,"column":16},"end":{"line":12,"column":26}},"9":{"start":{"line":14,"column":16},"end":{"line":14,"column":22}},"10":{"start":{"line":17,"column":8},"end":{"line":17,"column":24}},"11":{"start":{"line":19,"column":4},"end":{"line":19,"column":24}}},"fnMap":{"0":{"name":"solve","decl":{"start":{"line":4,"column":16},"end":{"line":4,"column":21}},"loc":{"start":{"line":4,"column":28},"end":{"line":20,"column":1}},"line":4}},"branchMap":{"0":{"loc":{"start":{"line":11,"column":12},"end":{"line":15,"column":13}},"type":"if","locations":[{"start":{"line":11,"column":12},"end":{"line":15,"column":13}},{"start":{"line":13,"column":19},"end":{"line":15,"column":13}}],"line":11}},"s":{"0":10,"1":10,"2":10,"3":37,"4":37,"5":37,"6":39,"7":39,"8":26,"9":13,"10":37,"11":10},"f":{"0":10},"b":{"0":[26,13]},"_coverageSchema":"1a1c01bbd47fc00a2c39e90264f33305004495a9","hash":"ece4847b0d4ed522347770b820b409a12f098b33"}
,"E:\\desktop\\Thesis\\solutions-algorithm\\43.js": {"path":"E:\\desktop\\Thesis\\solutions-algorithm\\43.js","statementMap":{"0":{"start":{"line":5,"column":16},"end":{"line":5,"column":73}},"1":{"start":{"line":5,"column":52},"end":{"line":5,"column":72}},"2":{"start":{"line":6,"column":16},"end":{"line":6,"column":73}},"3":{"start":{"line":6,"column":52},"end":{"line":6,"column":72}},"4":{"start":{"line":9,"column":4},"end":{"line":14,"column":5}},"5":{"start":{"line":9,"column":17},"end":{"line":9,"column":18}},"6":{"start":{"line":10,"column":8},"end":{"line":13,"column":9}},"7":{"start":{"line":10,"column":21},"end":{"line":10,"column":22}},"8":{"start":{"line":11,"column":12},"end":{"line":11,"column":70}},"9":{"start":{"line":12,"column":12},"end":{"line":12,"column":70}},"10":{"start":{"line":17,"column":13},"end":{"line":17,"column":14}},"11":{"start":{"line":18,"column":4},"end":{"line":22,"column":5}},"12":{"start":{"line":18,"column":17},"end":{"line":18,"column":18}},"13":{"start":{"line":19,"column":8},"end":{"line":21,"column":9}},"14":{"start":{"line":19,"column":21},"end":{"line":19,"column":26}},"15":{"start":{"line":20,"column":12},"end":{"line":20,"column":34}},"16":{"start":{"line":20,"column":29},"end":{"line":20,"column":34}},"17":{"start":{"line":24,"column":13},"end":{"line":24,"column":36}},"18":{"start":{"line":25,"column":14},"end":{"line":25,"column":15}},"19":{"start":{"line":27,"column":4},"end":{"line":43,"column":5}},"20":{"start":{"line":27,"column":17},"end":{"line":27,"column":18}},"21":{"start":{"line":28,"column":8},"end":{"line":42,"column":9}},"22":{"start":{"line":28,"column":21},"end":{"line":28,"column":26}},"23":{"start":{"line":30,"column":16},"end":{"line":35,"column":39}},"24":{"start":{"line":37,"column":12},"end":{"line":41,"column":13}},"25":{"start":{"line":37,"column":26},"end":{"line":37,"column":32}},"26":{"start":{"line":38,"column":17},"end":{"line":41,"column":13}},"27":{"start":{"line":39,"column":16},"end":{"line":39,"column":23}},"28":{"start":{"line":40,"column":16},"end":{"line":40,"column":24}},"29":{"start":{"line":45,"column":4},"end":{"line":45,"column":21}}},"fnMap":{"0":{"name":"solve","decl":{"start":{"line":4,"column":16},"end":{"line":4,"column":21}},"loc":{"start":{"line":4,"column":28},"end":{"line":46,"column":1}},"line":4},"1":{"name":"(anonymous_1)","decl":{"start":{"line":5,"column":46},"end":{"line":5,"column":47}},"loc":{"start":{"line":5,"column":52},"end":{"line":5,"column":72}},"line":5},"2":{"name":"(anonymous_2)","decl":{"start":{"line":6,"column":46},"end":{"line":6,"column":47}},"loc":{"start":{"line":6,"column":52},"end":{"line":6,"column":72}},"line":6}},"branchMap":{"0":{"loc":{"start":{"line":11,"column":41},"end":{"line":11,"column":68}},"type":"cond-expr","locations":[{"start":{"line":11,"column":63},"end":{"line":11,"column":64}},{"start":{"line":11,"column":67},"end":{"line":11,"column":68}}],"line":11},"1":{"loc":{"start":{"line":12,"column":41},"end":{"line":12,"column":68}},"type":"cond-expr","locations":[{"start":{"line":12,"column":63},"end":{"line":12,"column":64}},{"start":{"line":12,"column":67},"end":{"line":12,"column":68}}],"line":12},"2":{"loc":{"start":{"line":20,"column":12},"end":{"line":20,"column":34}},"type":"if","locations":[{"start":{"line":20,"column":12},"end":{"line":20,"column":34}},{"start":{},"end":{}}],"line":20},"3":{"loc":{"start":{"line":37,"column":12},"end":{"line":41,"column":13}},"type":"if","locations":[{"start":{"line":37,"column":12},"end":{"line":41,"column":13}},{"start":{"line":38,"column":17},"end":{"line":41,"column":13}}],"line":37},"4":{"loc":{"start":{"line":38,"column":17},"end":{"line":41,"column":13}},"type":"if","locations":[{"start":{"line":38,"column":17},"end":{"line":41,"column":13}},{"start":{},"end":{}}],"line":38}},"s":{"0":8,"1":37,"2":8,"3":37,"4":8,"5":8,"6":21,"7":21,"8":85,"9":85,"10":8,"11":8,"12":8,"13":21,"14":21,"15":32,"16":16,"17":8,"18":8,"19":8,"20":8,"21":21,"22":21,"23":32,"24":32,"25":9,"26":23,"27":8,"28":8,"29":8},"f":{"0":8,"1":37,"2":37},"b":{"0":[32,53],"1":[32,53],"2":[16,16],"3":[9,23],"4":[8,15]},"_coverageSchema":"1a1c01bbd47fc00a2c39e90264f33305004495a9","hash":"6305a9f56e38ed762fed46625393da1ac7f6bd69"}
}
