TN:
SF:solutions-algorithm\1.js
FN:2,solve
FN:6,(anonymous_1)
FNF:2
FNH:2
FNDA:11,solve
FNDA:52,(anonymous_1)
DA:3,11
DA:6,52
LF:2
LH:2
BRF:0
BRH:0
end_of_record
TN:
SF:solutions-algorithm\11.js
FN:4,solve
FN:5,(anonymous_1)
FNF:2
FNH:2
FNDA:10,solve
FNDA:41,(anonymous_1)
DA:5,10
DA:6,41
DA:7,41
DA:8,41
LF:4
LH:4
BRF:0
BRH:0
end_of_record
TN:
SF:solutions-algorithm\12.js
FN:3,solve
FNF:1
FNH:1
FNDA:9,solve
DA:4,9
DA:5,9
LF:2
LH:2
BRF:0
BRH:0
end_of_record
TN:
SF:solutions-algorithm\13.js
FN:4,solve
FN:5,(anonymous_1)
FNF:2
FNH:2
FNDA:6,solve
FNDA:13,(anonymous_1)
DA:5,13
LF:1
LH:1
BRF:0
BRH:0
end_of_record
TN:
SF:solutions-algorithm\2.js
FN:2,solve
FNF:1
FNH:1
FNDA:19,solve
DA:3,19
DA:4,19
DA:5,19
LF:3
LH:3
BRDA:5,0,0,8
BRDA:5,0,1,11
BRF:2
BRH:2
end_of_record
TN:
SF:solutions-algorithm\21.js
FN:4,solve
FN:5,(anonymous_1)
FNF:2
FNH:2
FNDA:13,solve
FNDA:20,(anonymous_1)
DA:5,13
DA:6,20
LF:2
LH:2
BRDA:6,0,0,14
BRDA:6,0,1,6
BRDA:7,1,0,20
BRDA:7,1,1,10
BRDA:7,1,2,8
BRF:5
BRH:5
end_of_record
TN:
SF:solutions-algorithm\22.js
FN:4,solve
FN:5,(anonymous_1)
FNF:2
FNH:2
FNDA:9,solve
FNDA:28,(anonymous_1)
DA:5,28
LF:1
LH:1
BRDA:5,0,0,13
BRDA:5,0,1,15
BRF:2
BRH:2
end_of_record
TN:
SF:solutions-algorithm\23.js
FN:4,solve
FN:5,(anonymous_1)
FNF:2
FNH:2
FNDA:9,solve
FNDA:14,(anonymous_1)
DA:5,9
DA:6,14
DA:7,14
LF:3
LH:3
BRF:0
BRH:0
end_of_record
TN:
SF:solutions-algorithm\3.js
FN:2,solve
FN:4,(anonymous_1)
FNF:2
FNH:2
FNDA:15,solve
FNDA:52,(anonymous_1)
DA:4,52
DA:6,15
DA:7,15
DA:8,33
DA:9,7
DA:12,8
LF:6
LH:6
BRDA:8,0,0,7
BRDA:8,0,1,26
BRF:2
BRH:2
end_of_record
TN:
SF:solutions-algorithm\31.js
FN:3,solve
FNF:1
FNH:1
FNDA:8,solve
DA:4,8
DA:6,8
DA:7,9
DA:8,9
DA:10,9
DA:11,2
DA:13,7
DA:14,7
DA:15,11
DA:17,7
DA:20,9
DA:23,8
LF:12
LH:12
BRDA:10,0,0,2
BRDA:10,0,1,7
BRF:2
BRH:2
end_of_record
TN:
SF:solutions-algorithm\32.js
FN:8,solve
FNF:1
FNH:1
FNDA:7,solve
DA:10,7
DA:11,7
DA:13,7
DA:15,14
DA:16,14
DA:17,64
DA:20,14
DA:21,14
DA:22,64
DA:25,14
DA:26,14
DA:28,14
DA:29,64
DA:30,36
DA:31,36
DA:32,36
DA:33,64
DA:34,64
DA:35,64
DA:37,36
DA:41,14
DA:42,14
DA:43,36
DA:44,36
DA:45,51
DA:46,12
DA:47,12
DA:51,36
DA:52,10
DA:56,14
DA:59,7
LF:31
LH:31
BRDA:22,0,0,22
BRDA:22,0,1,42
BRDA:29,1,0,36
BRDA:29,1,1,28
BRDA:45,2,0,12
BRDA:45,2,1,39
BRDA:51,3,0,10
BRDA:51,3,1,26
BRDA:51,4,0,36
BRDA:51,4,1,24
BRF:10
BRH:10
end_of_record
TN:
SF:solutions-algorithm\33.js
FN:8,solve
FNF:1
FNH:1
FNDA:7,solve
DA:9,7
DA:11,7
DA:13,9
DA:14,9
DA:15,9
DA:16,9
DA:17,9
DA:19,9
DA:20,1026
DA:21,1026
DA:22,4
DA:24,1022
DA:28,9
DA:29,19
DA:31,9
DA:32,13
DA:33,13
DA:34,10
DA:35,10
DA:36,10
DA:41,9
DA:44,7
LF:22
LH:22
BRDA:21,0,0,4
BRDA:21,0,1,1022
BRDA:29,1,0,10
BRDA:29,1,1,9
BRDA:33,2,0,10
BRDA:33,2,1,3
BRF:6
BRH:6
end_of_record
TN:
SF:solutions-algorithm\41.js
FN:2,solve
FN:42,(anonymous_1)
FN:46,(anonymous_2)
FN:48,(anonymous_3)
FN:51,(anonymous_4)
FN:55,(anonymous_5)
FNF:6
FNH:6
FNDA:10,solve
FNDA:10,(anonymous_1)
FNDA:28,(anonymous_2)
FNDA:7,(anonymous_3)
FNDA:28,(anonymous_4)
FNDA:38,(anonymous_5)
DA:3,10
DA:4,29
DA:5,10
DA:6,23
DA:9,10
DA:10,10
DA:11,10
DA:13,29
DA:14,10
DA:15,10
DA:17,10
DA:18,28
DA:19,28
DA:20,20
DA:21,20
DA:22,18
DA:23,18
DA:24,18
DA:29,10
DA:31,8
DA:32,8
DA:33,8
DA:34,20
DA:35,20
DA:37,8
DA:43,10
DA:47,28
DA:48,28
DA:52,28
DA:56,38
LF:30
LH:30
BRDA:6,0,0,21
BRDA:6,0,1,2
BRDA:21,1,0,18
BRDA:21,1,1,2
BRDA:29,2,0,2
BRDA:29,2,1,8
BRF:6
BRH:6
end_of_record
TN:
SF:solutions-algorithm\42.js
FN:4,solve
FNF:1
FNH:1
FNDA:10,solve
DA:5,10
DA:6,10
DA:7,37
DA:8,37
DA:9,37
DA:10,39
DA:11,39
DA:12,26
DA:14,13
DA:17,37
DA:19,10
LF:11
LH:11
BRDA:11,0,0,26
BRDA:11,0,1,13
BRF:2
BRH:2
end_of_record
TN:
SF:solutions-algorithm\43.js
FN:4,solve
FN:5,(anonymous_1)
FN:6,(anonymous_2)
FNF:3
FNH:3
FNDA:8,solve
FNDA:37,(anonymous_1)
FNDA:37,(anonymous_2)
DA:5,37
DA:6,37
DA:9,8
DA:10,21
DA:11,85
DA:12,85
DA:17,8
DA:18,8
DA:19,21
DA:20,32
DA:24,8
DA:25,8
DA:27,8
DA:28,21
DA:30,32
DA:37,32
DA:38,23
DA:39,8
DA:40,8
DA:45,8
LF:20
LH:20
BRDA:11,0,0,32
BRDA:11,0,1,53
BRDA:12,1,0,32
BRDA:12,1,1,53
BRDA:20,2,0,16
BRDA:20,2,1,16
BRDA:37,3,0,9
BRDA:37,3,1,23
BRDA:38,4,0,8
BRDA:38,4,1,15
BRF:10
BRH:10
end_of_record
