{"C:\\Users\\ASUS\\OneDrive\\Documents\\GitHub\\Thesis\\solutions-algorithm\\29.js": {"path":"C:\\Users\\ASUS\\OneDrive\\Documents\\GitHub\\Thesis\\solutions-algorithm\\29.js","statementMap":{"0":{"start":{"line":5,"column":4},"end":{"line":14,"column":7}},"1":{"start":{"line":6,"column":19},"end":{"line":6,"column":20}},"2":{"start":{"line":7,"column":18},"end":{"line":7,"column":19}},"3":{"start":{"line":8,"column":8},"end":{"line":12,"column":9}},"4":{"start":{"line":8,"column":21},"end":{"line":8,"column":22}},"5":{"start":{"line":9,"column":23},"end":{"line":9,"column":52}},"6":{"start":{"line":10,"column":12},"end":{"line":10,"column":41}},"7":{"start":{"line":11,"column":12},"end":{"line":11,"column":24}},"8":{"start":{"line":13,"column":8},"end":{"line":13,"column":23}}},"fnMap":{"0":{"name":"solve","decl":{"start":{"line":4,"column":16},"end":{"line":4,"column":21}},"loc":{"start":{"line":4,"column":28},"end":{"line":15,"column":1}},"line":4},"1":{"name":"(anonymous_1)","decl":{"start":{"line":5,"column":20},"end":{"line":5,"column":21}},"loc":{"start":{"line":5,"column":27},"end":{"line":14,"column":5}},"line":5}},"branchMap":{"0":{"loc":{"start":{"line":9,"column":23},"end":{"line":9,"column":52}},"type":"cond-expr","locations":[{"start":{"line":9,"column":40},"end":{"line":9,"column":42}},{"start":{"line":9,"column":45},"end":{"line":9,"column":52}}],"line":9}},"s":{"0":12,"1":18,"2":18,"3":18,"4":18,"5":64,"6":64,"7":64,"8":18},"f":{"0":12,"1":18},"b":{"0":[15,49]},"_coverageSchema":"1a1c01bbd47fc00a2c39e90264f33305004495a9","hash":"55e45917206e21ee96fcb436806ca2e1a50f8370"}
}
