<?xml version="1.0" encoding="UTF-8"?>
<coverage generated="1754674003955" clover="3.2.0">
  <project timestamp="1754674003955" name="All files">
    <metrics statements="5" coveredstatements="5" conditionals="6" coveredconditionals="6" methods="1" coveredmethods="1" elements="12" coveredelements="12" complexity="0" loc="5" ncloc="5" packages="1" files="1" classes="1"/>
    <file name="39.js" path="E:\desktop\Thesis\solutions-algorithm\39.js">
      <metrics statements="5" coveredstatements="5" conditionals="6" coveredconditionals="6" methods="1" coveredmethods="1"/>
      <line num="3" count="65" type="cond" truecount="4" falsecount="0"/>
      <line num="4" count="8" type="stmt"/>
      <line num="6" count="57" type="cond" truecount="2" falsecount="0"/>
      <line num="7" count="6" type="stmt"/>
      <line num="9" count="51" type="stmt"/>
    </file>
  </project>
</coverage>
