<?xml version="1.0" encoding="UTF-8"?>
<coverage generated="1754653451368" clover="3.2.0">
  <project timestamp="1754653451368" name="All files">
    <metrics statements="20" coveredstatements="20" conditionals="6" coveredconditionals="6" methods="2" coveredmethods="2" elements="28" coveredelements="28" complexity="0" loc="20" ncloc="20" packages="1" files="1" classes="1"/>
    <file name="29.js" path="E:\desktop\Thesis\solutions-descriptive\29.js">
      <metrics statements="20" coveredstatements="20" conditionals="6" coveredconditionals="6" methods="2" coveredmethods="2"/>
      <line num="2" count="500087" type="stmt"/>
      <line num="3" count="500087" type="cond" truecount="2" falsecount="0"/>
      <line num="4" count="500035" type="stmt"/>
      <line num="7" count="500087" type="cond" truecount="2" falsecount="0"/>
      <line num="8" count="500074" type="stmt"/>
      <line num="11" count="13" type="stmt"/>
      <line num="12" count="13" type="stmt"/>
      <line num="13" count="18" type="stmt"/>
      <line num="16" count="13" type="stmt"/>
      <line num="21" count="18" type="stmt"/>
      <line num="22" count="18" type="stmt"/>
      <line num="23" count="200032" type="stmt"/>
      <line num="26" count="18" type="stmt"/>
      <line num="27" count="18" type="stmt"/>
      <line num="28" count="200032" type="stmt"/>
      <line num="31" count="18" type="stmt"/>
      <line num="32" count="100023" type="stmt"/>
      <line num="33" count="100023" type="cond" truecount="2" falsecount="0"/>
      <line num="34" count="13" type="stmt"/>
      <line num="38" count="5" type="stmt"/>
    </file>
  </project>
</coverage>
