TN:
SF:solutions-descriptive\50.js
FN:1,solve
FN:7,(anonymous_1)
FN:24,countMultiples
FN:38,getLCM
FN:42,gcd
FNF:5
FNH:5
FNDA:18,solve
FNDA:2041,(anonymous_1)
FNDA:36,countMultiples
FNDA:35,getLCM
FNDA:35,gcd
DA:2,18
DA:3,18
DA:4,18
DA:5,2051
DA:7,2041
DA:9,18
DA:10,18
DA:11,35
DA:12,35
DA:14,16
DA:16,11
DA:17,11
DA:18,11
DA:19,31643
DA:20,18
DA:22,11
DA:25,36
DA:26,13
DA:28,13
DA:29,32
DA:30,2
DA:31,2
DA:34,13
DA:39,35
DA:43,35
DA:44,54
DA:45,54
DA:46,54
DA:48,35
LF:29
LH:29
BRDA:12,0,0,2
BRDA:12,0,1,33
BRDA:14,1,0,5
BRDA:14,1,1,11
BRDA:19,2,0,31625
BRDA:19,2,1,18
BRDA:25,3,0,23
BRDA:25,3,1,13
BRDA:29,4,0,2
BRDA:29,4,1,30
BRDA:30,5,0,0
BRDA:30,5,1,2
BRDA:34,6,0,0
BRDA:34,6,1,13
BRF:14
BRH:12
end_of_record
