{"C:\\Users\\ASUS\\OneDrive\\Documents\\GitHub\\Thesis\\solutions-algorithm\\25.js": {"path":"C:\\Users\\ASUS\\OneDrive\\Documents\\GitHub\\Thesis\\solutions-algorithm\\25.js","statementMap":{"0":{"start":{"line":5,"column":4},"end":{"line":23,"column":7}},"1":{"start":{"line":6,"column":24},"end":{"line":6,"column":55}},"2":{"start":{"line":6,"column":40},"end":{"line":6,"column":47}},"3":{"start":{"line":8,"column":8},"end":{"line":8,"column":62}},"4":{"start":{"line":8,"column":52},"end":{"line":8,"column":62}},"5":{"start":{"line":10,"column":23},"end":{"line":10,"column":36}},"6":{"start":{"line":11,"column":23},"end":{"line":11,"column":24}},"7":{"start":{"line":13,"column":8},"end":{"line":20,"column":9}},"8":{"start":{"line":13,"column":21},"end":{"line":13,"column":22}},"9":{"start":{"line":14,"column":12},"end":{"line":16,"column":13}},"10":{"start":{"line":15,"column":16},"end":{"line":15,"column":27}},"11":{"start":{"line":17,"column":12},"end":{"line":19,"column":13}},"12":{"start":{"line":18,"column":16},"end":{"line":18,"column":29}},"13":{"start":{"line":22,"column":8},"end":{"line":22,"column":18}}},"fnMap":{"0":{"name":"solve","decl":{"start":{"line":4,"column":16},"end":{"line":4,"column":21}},"loc":{"start":{"line":4,"column":33},"end":{"line":24,"column":1}},"line":4},"1":{"name":"(anonymous_1)","decl":{"start":{"line":5,"column":25},"end":{"line":5,"column":26}},"loc":{"start":{"line":5,"column":41},"end":{"line":23,"column":5}},"line":5},"2":{"name":"(anonymous_2)","decl":{"start":{"line":6,"column":35},"end":{"line":6,"column":36}},"loc":{"start":{"line":6,"column":40},"end":{"line":6,"column":47}},"line":6}},"branchMap":{"0":{"loc":{"start":{"line":8,"column":8},"end":{"line":8,"column":62}},"type":"if","locations":[{"start":{"line":8,"column":8},"end":{"line":8,"column":62}},{"start":{},"end":{}}],"line":8},"1":{"loc":{"start":{"line":8,"column":12},"end":{"line":8,"column":50}},"type":"binary-expr","locations":[{"start":{"line":8,"column":12},"end":{"line":8,"column":27}},{"start":{"line":8,"column":31},"end":{"line":8,"column":50}}],"line":8},"2":{"loc":{"start":{"line":14,"column":12},"end":{"line":16,"column":13}},"type":"if","locations":[{"start":{"line":14,"column":12},"end":{"line":16,"column":13}},{"start":{},"end":{}}],"line":14},"3":{"loc":{"start":{"line":17,"column":12},"end":{"line":19,"column":13}},"type":"if","locations":[{"start":{"line":17,"column":12},"end":{"line":19,"column":13}},{"start":{},"end":{}}],"line":17}},"s":{"0":17,"1":17,"2":2063,"3":17,"4":8,"5":9,"6":9,"7":9,"8":9,"9":515,"10":512,"11":515,"12":9,"13":0},"f":{"0":17,"1":17,"2":2063},"b":{"0":[8,9],"1":[17,14],"2":[512,3],"3":[9,506]},"_coverageSchema":"1a1c01bbd47fc00a2c39e90264f33305004495a9","hash":"2344e24eb471f47275d94b5554b96ed1d1408541"}
}
