TN:
SF:solutions-descriptive\46.js
FN:80,solve
FN:118,(anonymous_1)
FN:155,handleGraph
FN:156,(anonymous_3)
FN:158,(anonymous_4)
FN:173,handleBatch
FNF:6
FNH:4
FNDA:11,solve
FNDA:0,(anonymous_1)
FNDA:1,handleGraph
FNDA:2,(anonymous_3)
FNDA:2,(anonymous_4)
FNDA:0,handleBatch
DA:81,11
DA:83,11
DA:88,11
DA:89,11
DA:92,11
DA:93,11
DA:95,11
DA:96,11
DA:97,35
DA:102,11
DA:103,11
DA:104,10
DA:109,1
DA:113,0
DA:118,0
DA:119,0
DA:120,0
DA:125,0
DA:130,0
DA:131,0
DA:134,0
DA:135,0
DA:136,0
DA:137,0
DA:138,0
DA:140,0
DA:141,0
DA:142,0
DA:144,0
DA:149,0
DA:151,0
DA:156,2
DA:158,2
DA:159,1
DA:161,1
DA:162,2
DA:163,1
DA:164,0
DA:166,1
DA:170,1
DA:174,0
DA:176,0
DA:177,0
DA:179,0
DA:180,0
DA:181,0
DA:182,0
DA:183,0
DA:184,0
DA:185,0
DA:186,0
DA:187,0
DA:189,0
DA:195,0
DA:196,0
LF:55
LH:21
BRDA:83,0,0,11
BRDA:83,0,1,0
BRDA:84,1,0,11
BRDA:84,1,1,11
BRDA:84,1,2,11
BRDA:92,2,0,11
BRDA:92,2,1,0
BRDA:92,3,0,11
BRDA:92,3,1,11
BRDA:93,4,0,0
BRDA:93,4,1,11
BRDA:93,5,0,11
BRDA:93,5,1,11
BRDA:103,6,0,10
BRDA:103,6,1,1
BRDA:103,7,0,11
BRDA:103,7,1,11
BRDA:113,8,0,0
BRDA:113,8,1,0
BRDA:114,9,0,0
BRDA:114,9,1,0
BRDA:114,9,2,0
BRDA:125,10,0,0
BRDA:125,10,1,0
BRDA:126,11,0,0
BRDA:126,11,1,0
BRDA:126,11,2,0
BRDA:135,12,0,0
BRDA:135,12,1,0
BRDA:136,13,0,0
BRDA:136,13,1,0
BRDA:137,14,0,0
BRDA:137,14,1,0
BRDA:137,15,0,0
BRDA:137,15,1,0
BRDA:156,16,0,0
BRDA:156,16,1,1
BRDA:162,17,0,1
BRDA:162,17,1,1
BRDA:163,18,0,0
BRDA:163,18,1,1
BRDA:174,19,0,0
BRDA:174,19,1,0
BRDA:182,20,0,0
BRDA:182,20,1,0
BRDA:184,21,0,0
BRDA:184,21,1,0
BRF:47
BRH:18
end_of_record
