TN:
SF:solutions-descriptive\34.js
FN:1,solve
FN:20,(anonymous_1)
FN:21,(anonymous_2)
FN:35,(anonymous_3)
FN:45,(anonymous_4)
FN:55,arraysMatch
FNF:6
FNH:6
FNDA:20,solve
FNDA:25,(anonymous_1)
FNDA:23,(anonymous_2)
FNDA:575,(anonymous_3)
FNDA:28,(anonymous_4)
FNDA:21,arraysMatch
DA:2,20
DA:3,20
DA:4,20
DA:5,20
DA:7,20
DA:8,47
DA:9,47
DA:12,20
DA:13,43
DA:14,43
DA:17,20
DA:19,18
DA:20,25
DA:21,23
DA:23,18
DA:24,8
DA:27,10
DA:28,10
DA:29,44749
DA:30,78
DA:31,78
DA:35,575
DA:37,10
DA:38,40
DA:40,13
DA:41,13
DA:42,32
DA:45,28
DA:47,13
DA:48,7
DA:52,3
DA:56,21
DA:57,16
DA:58,34
DA:60,14
LF:35
LH:35
BRDA:9,0,0,37
BRDA:9,0,1,10
BRDA:14,1,0,29
BRDA:14,1,1,14
BRDA:17,2,0,2
BRDA:17,2,1,18
BRDA:23,3,0,8
BRDA:23,3,1,10
BRDA:24,4,0,7
BRDA:24,4,1,1
BRDA:24,5,0,6
BRDA:24,5,1,1
BRDA:29,6,0,78
BRDA:29,6,1,44671
BRDA:31,7,0,77
BRDA:31,7,1,1
BRDA:38,8,0,27
BRDA:38,8,1,13
BRDA:38,9,0,40
BRDA:38,9,1,15
BRDA:38,9,2,13
BRDA:47,10,0,7
BRDA:47,10,1,6
BRDA:56,11,0,5
BRDA:56,11,1,16
BRDA:58,12,0,2
BRDA:58,12,1,32
BRF:27
BRH:27
end_of_record
