TN:
SF:solutions-descriptive\30.js
FN:2,(anonymous_0)
FN:7,(anonymous_1)
FN:11,(anonymous_2)
FN:18,(anonymous_3)
FN:23,solve
FN:52,findFirstStableYear
FN:54,(anonymous_6)
FN:67,(anonymous_7)
FNF:8
FNH:4
FNDA:0,(anonymous_0)
FNDA:0,(anonymous_1)
FNDA:0,(anonymous_2)
FNDA:0,(anonymous_3)
FNDA:12,solve
FNDA:12,findFirstStableYear
FNDA:200045,(anonymous_6)
FNDA:200068,(anonymous_7)
DA:3,0
DA:4,0
DA:8,0
DA:12,0
DA:13,0
DA:15,0
DA:19,0
DA:25,12
DA:26,0
DA:27,0
DA:33,12
DA:34,0
DA:35,0
DA:38,12
DA:39,12
DA:42,12
DA:43,12
DA:44,12
DA:45,200045
DA:48,12
DA:49,12
DA:54,200045
DA:57,12
DA:58,12
DA:60,12
DA:62,12
DA:64,36
DA:67,200068
DA:68,12
DA:72,24
DA:74,24
DA:75,200111
DA:77,200087
DA:79,200087
DA:84,24
DA:85,24
DA:88,24
DA:89,0
DA:93,0
LF:39
LH:26
BRDA:12,0,0,0
BRDA:12,0,1,0
BRDA:25,1,0,0
BRDA:25,1,1,12
BRDA:25,2,0,12
BRDA:25,2,1,0
BRDA:25,2,2,0
BRDA:33,3,0,0
BRDA:33,3,1,12
BRDA:33,4,0,12
BRDA:33,4,1,0
BRDA:33,4,2,0
BRDA:67,5,0,12
BRDA:67,5,1,24
BRDA:67,6,0,36
BRDA:67,6,1,24
BRDA:75,7,0,200087
BRDA:75,7,1,24
BRDA:88,8,0,0
BRDA:88,8,1,24
BRF:20
BRH:11
end_of_record
