TN:
SF:solutions-descriptive\16.js
FN:2,minPicks
FN:13,canTransform
FN:46,(anonymous_2)
FN:48,(anonymous_3)
FN:51,(anonymous_4)
FN:52,(anonymous_5)
FN:61,solve
FN:75,testing_test
FNF:8
FNH:8
FNDA:28,minPicks
FNDA:19,canTransform
FNDA:13,(anonymous_2)
FNDA:8,(anonymous_3)
FNDA:4,(anonymous_4)
FNDA:2,(anonymous_5)
FNDA:19,solve
FNDA:1,testing_test
DA:3,28
DA:4,28
DA:5,18
DA:6,7
DA:7,7
DA:9,28
DA:14,19
DA:15,19
DA:16,19
DA:18,19
DA:19,19
DA:20,19
DA:22,19
DA:23,19
DA:24,19
DA:25,37
DA:26,400034
DA:27,37
DA:28,37
DA:29,24
DA:30,24
DA:31,24
DA:32,2
DA:34,22
DA:35,8
DA:38,37
DA:41,19
DA:42,5
DA:45,14
DA:46,14
DA:47,14
DA:48,14
DA:49,14
DA:51,14
DA:52,14
DA:54,14
DA:55,14
DA:57,14
DA:62,19
DA:63,19
DA:64,19
DA:67,19
DA:68,19
DA:70,19
DA:76,1
DA:88,1
DA:89,9
DA:90,9
DA:91,9
DA:98,1
LF:50
LH:50
BRDA:5,0,0,11
BRDA:5,0,1,7
BRDA:9,1,0,28
BRDA:9,1,1,0
BRDA:14,2,0,19
BRDA:14,2,1,3
BRDA:15,3,0,19
BRDA:15,3,1,5
BRDA:26,4,0,400071
BRDA:26,4,1,400052
BRDA:28,5,0,24
BRDA:28,5,1,13
BRDA:31,6,0,2
BRDA:31,6,1,22
BRDA:34,7,0,14
BRDA:34,7,1,8
BRDA:41,8,0,5
BRDA:41,8,1,14
BRDA:41,9,0,19
BRDA:41,9,1,15
BRDA:57,10,0,13
BRDA:57,10,1,1
BRDA:64,11,0,19
BRDA:64,11,1,0
BRDA:68,12,0,19
BRDA:68,12,1,0
BRDA:93,13,0,9
BRDA:93,13,1,0
BRF:28
BRH:24
end_of_record
