TN:
SF:solutions-descriptive\10.js
FN:3,solve
FNF:1
FNH:1
FNDA:19,solve
DA:4,19
DA:6,17
DA:7,17
DA:9,17
DA:10,45
DA:11,45
DA:12,45
DA:13,45
DA:14,45
DA:15,45
DA:18,17
DA:19,17
DA:20,17
DA:21,62
DA:22,42
DA:26,17
DA:27,17
DA:29,17
DA:30,45
DA:31,45
DA:33,45
DA:34,9
DA:35,9
DA:36,36
DA:37,8
DA:40,45
DA:41,45
DA:42,45
DA:43,20
DA:47,17
LF:30
LH:30
BRDA:4,0,0,2
BRDA:4,0,1,17
BRDA:21,1,0,42
BRDA:21,1,1,20
BRDA:33,2,0,9
BRDA:33,2,1,36
BRDA:36,3,0,8
BRDA:36,3,1,28
BRDA:42,4,0,20
BRDA:42,4,1,25
BRF:10
BRH:10
end_of_record
