<?xml version="1.0" encoding="UTF-8"?>
<coverage generated="1755791397315" clover="3.2.0">
  <project timestamp="1755791397315" name="All files">
    <metrics statements="64" coveredstatements="62" conditionals="50" coveredconditionals="37" methods="4" coveredmethods="4" elements="118" coveredelements="103" complexity="0" loc="64" ncloc="64" packages="1" files="1" classes="1"/>
    <file name="37.js" path="E:\desktop\Thesis\solutions-descriptive\37.js">
      <metrics statements="64" coveredstatements="62" conditionals="50" coveredconditionals="37" methods="4" coveredmethods="4"/>
      <line num="1" count="1" type="stmt"/>
      <line num="5" count="19" type="stmt"/>
      <line num="9" count="21" type="cond" truecount="2" falsecount="0"/>
      <line num="11" count="19" type="stmt"/>
      <line num="12" count="19" type="stmt"/>
      <line num="13" count="19" type="stmt"/>
      <line num="16" count="19" type="stmt"/>
      <line num="17" count="19" type="stmt"/>
      <line num="18" count="1047" type="cond" truecount="2" falsecount="0"/>
      <line num="19" count="4" type="stmt"/>
      <line num="20" count="4" type="stmt"/>
      <line num="24" count="19" type="cond" truecount="2" falsecount="0"/>
      <line num="26" count="15" type="stmt"/>
      <line num="27" count="1057" type="stmt"/>
      <line num="28" count="15" type="cond" truecount="2" falsecount="0"/>
      <line num="29" count="1027" type="stmt"/>
      <line num="32" count="15" type="stmt"/>
      <line num="33" count="15" type="stmt"/>
      <line num="35" count="15" type="stmt"/>
      <line num="36" count="15" type="stmt"/>
      <line num="37" count="15" type="stmt"/>
      <line num="38" count="15" type="stmt"/>
      <line num="40" count="15" type="stmt"/>
      <line num="41" count="1044" type="stmt"/>
      <line num="42" count="1044" type="stmt"/>
      <line num="43" count="1044" type="stmt"/>
      <line num="46" count="1044" type="cond" truecount="4" falsecount="0"/>
      <line num="47" count="7" type="stmt"/>
      <line num="48" count="7" type="stmt"/>
      <line num="49" count="7" type="stmt"/>
      <line num="51" count="7" type="cond" truecount="2" falsecount="0"/>
      <line num="52" count="1" type="stmt"/>
      <line num="53" count="1" type="stmt"/>
      <line num="56" count="1" type="cond" truecount="1" falsecount="1"/>
      <line num="57" count="1" type="stmt"/>
      <line num="58" count="1" type="cond" truecount="1" falsecount="1"/>
      <line num="59" count="1" type="cond" truecount="1" falsecount="1"/>
      <line num="60" count="0" type="cond" truecount="0" falsecount="2"/>
      <line num="61" count="0" type="cond" truecount="0" falsecount="2"/>
      <line num="65" count="1" type="stmt"/>
      <line num="66" count="1" type="cond" truecount="1" falsecount="1"/>
      <line num="70" count="7" type="cond" truecount="1" falsecount="1"/>
      <line num="71" count="7" type="cond" truecount="2" falsecount="0"/>
      <line num="72" count="7" type="cond" truecount="1" falsecount="1"/>
      <line num="75" count="7" type="cond" truecount="1" falsecount="1"/>
      <line num="76" count="7" type="stmt"/>
      <line num="77" count="7" type="cond" truecount="1" falsecount="1"/>
      <line num="78" count="7" type="stmt"/>
      <line num="79" count="7" type="cond" truecount="1" falsecount="1"/>
      <line num="85" count="1037" type="cond" truecount="2" falsecount="0"/>
      <line num="86" count="1009" type="stmt"/>
      <line num="88" count="1037" type="stmt"/>
      <line num="89" count="1037" type="stmt"/>
      <line num="90" count="4068" type="stmt"/>
      <line num="91" count="4068" type="cond" truecount="2" falsecount="0"/>
      <line num="93" count="4068" type="cond" truecount="2" falsecount="0"/>
      <line num="94" count="26" type="stmt"/>
      <line num="95" count="26" type="cond" truecount="2" falsecount="0"/>
      <line num="96" count="9" type="stmt"/>
      <line num="97" count="26" type="stmt"/>
      <line num="100" count="4068" type="stmt"/>
      <line num="102" count="4068" type="cond" truecount="2" falsecount="0"/>
      <line num="103" count="4013" type="stmt"/>
      <line num="107" count="15" type="cond" truecount="2" falsecount="0"/>
    </file>
  </project>
</coverage>
