{"E:\\desktop\\Thesis\\solutions-algorithm\\36.js": {"path":"E:\\desktop\\Thesis\\solutions-algorithm\\36.js","statementMap":{"0":{"start":{"line":2,"column":18},"end":{"line":2,"column":42}},"1":{"start":{"line":3,"column":14},"end":{"line":3,"column":22}},"2":{"start":{"line":5,"column":18},"end":{"line":5,"column":22}},"3":{"start":{"line":6,"column":17},"end":{"line":6,"column":32}},"4":{"start":{"line":7,"column":19},"end":{"line":7,"column":49}},"5":{"start":{"line":9,"column":17},"end":{"line":9,"column":19}},"6":{"start":{"line":10,"column":4},"end":{"line":10,"column":22}},"7":{"start":{"line":11,"column":4},"end":{"line":11,"column":23}},"8":{"start":{"line":12,"column":4},"end":{"line":12,"column":47}},"9":{"start":{"line":12,"column":27},"end":{"line":12,"column":47}},"10":{"start":{"line":14,"column":4},"end":{"line":14,"column":18}},"11":{"start":{"line":19,"column":18},"end":{"line":19,"column":25}},"12":{"start":{"line":20,"column":27},"end":{"line":20,"column":44}},"13":{"start":{"line":22,"column":19},"end":{"line":22,"column":31}},"14":{"start":{"line":24,"column":4},"end":{"line":24,"column":33}},"15":{"start":{"line":25,"column":4},"end":{"line":25,"column":45}},"16":{"start":{"line":26,"column":4},"end":{"line":26,"column":32}},"17":{"start":{"line":28,"column":4},"end":{"line":32,"column":5}},"18":{"start":{"line":29,"column":8},"end":{"line":29,"column":38}},"19":{"start":{"line":31,"column":8},"end":{"line":31,"column":38}},"20":{"start":{"line":36,"column":0},"end":{"line":36,"column":15}}},"fnMap":{"0":{"name":"solve","decl":{"start":{"line":1,"column":16},"end":{"line":1,"column":21}},"loc":{"start":{"line":1,"column":29},"end":{"line":15,"column":1}},"line":1},"1":{"name":"testing_test","decl":{"start":{"line":18,"column":9},"end":{"line":18,"column":21}},"loc":{"start":{"line":18,"column":24},"end":{"line":33,"column":1}},"line":18}},"branchMap":{"0":{"loc":{"start":{"line":7,"column":19},"end":{"line":7,"column":49}},"type":"binary-expr","locations":[{"start":{"line":7,"column":19},"end":{"line":7,"column":43}},{"start":{"line":7,"column":47},"end":{"line":7,"column":49}}],"line":7},"1":{"loc":{"start":{"line":12,"column":4},"end":{"line":12,"column":47}},"type":"if","locations":[{"start":{"line":12,"column":4},"end":{"line":12,"column":47}},{"start":{},"end":{}}],"line":12},"2":{"loc":{"start":{"line":28,"column":4},"end":{"line":32,"column":5}},"type":"if","locations":[{"start":{"line":28,"column":4},"end":{"line":32,"column":5}},{"start":{"line":30,"column":11},"end":{"line":32,"column":5}}],"line":28}},"s":{"0":9,"1":9,"2":9,"3":9,"4":9,"5":9,"6":9,"7":9,"8":9,"9":3,"10":9,"11":1,"12":1,"13":1,"14":1,"15":1,"16":1,"17":1,"18":1,"19":0,"20":1},"f":{"0":9,"1":1},"b":{"0":[9,6],"1":[3,6],"2":[1,0]},"_coverageSchema":"1a1c01bbd47fc00a2c39e90264f33305004495a9","hash":"bebde5635b276ccdd97c835ec6161a398c5efd2b"}
}
