TN:
SF:solutions-descriptive\43.js
FN:1,solve
FNF:1
FNH:1
FNDA:17,solve
DA:2,17
DA:3,17
DA:4,17
DA:5,48
DA:6,48
DA:7,48
DA:8,48
DA:11,17
DA:12,17
DA:14,17
DA:18,17
DA:19,161
DA:20,161
DA:22,161
DA:23,96
DA:24,96
DA:25,96
DA:26,48
DA:29,65
DA:30,65
DA:31,65
DA:32,96
DA:33,48
DA:34,48
DA:39,17
LF:25
LH:25
BRDA:5,0,0,48
BRDA:5,0,1,15
BRDA:6,1,0,48
BRDA:6,1,1,48
BRDA:20,2,0,161
BRDA:20,2,1,2
BRDA:22,3,0,96
BRDA:22,3,1,65
BRDA:25,4,0,48
BRDA:25,4,1,48
BRDA:32,5,0,48
BRDA:32,5,1,48
BRF:12
BRH:12
end_of_record
