<?xml version="1.0" encoding="UTF-8"?>
<coverage generated="1754578180153" clover="3.2.0">
  <project timestamp="1754578180153" name="All files">
    <metrics statements="35" coveredstatements="35" conditionals="27" coveredconditionals="25" methods="6" coveredmethods="6" elements="68" coveredelements="66" complexity="0" loc="35" ncloc="35" packages="1" files="1" classes="1"/>
    <file name="34.js" path="C:\Users\ASUS\OneDrive\Documents\GitHub\Thesis\solutions-descriptive\34.js">
      <metrics statements="35" coveredstatements="35" conditionals="27" coveredconditionals="25" methods="6" coveredmethods="6"/>
      <line num="2" count="19" type="stmt"/>
      <line num="3" count="19" type="stmt"/>
      <line num="4" count="19" type="stmt"/>
      <line num="5" count="19" type="stmt"/>
      <line num="7" count="19" type="stmt"/>
      <line num="8" count="1050" type="stmt"/>
      <line num="9" count="1050" type="cond" truecount="2" falsecount="0"/>
      <line num="12" count="19" type="stmt"/>
      <line num="13" count="1050" type="stmt"/>
      <line num="14" count="1050" type="cond" truecount="2" falsecount="0"/>
      <line num="17" count="19" type="cond" truecount="2" falsecount="0"/>
      <line num="19" count="16" type="stmt"/>
      <line num="20" count="1030" type="stmt"/>
      <line num="21" count="1034" type="stmt"/>
      <line num="23" count="16" type="cond" truecount="2" falsecount="0"/>
      <line num="24" count="3" type="cond" truecount="3" falsecount="1"/>
      <line num="27" count="13" type="stmt"/>
      <line num="28" count="13" type="stmt"/>
      <line num="29" count="2778" type="cond" truecount="2" falsecount="0"/>
      <line num="30" count="62" type="stmt"/>
      <line num="31" count="62" type="cond" truecount="2" falsecount="0"/>
      <line num="35" count="370" type="stmt"/>
      <line num="37" count="13" type="stmt"/>
      <line num="38" count="31" type="cond" truecount="5" falsecount="0"/>
      <line num="40" count="14" type="stmt"/>
      <line num="41" count="14" type="stmt"/>
      <line num="42" count="1039" type="stmt"/>
      <line num="45" count="1033" type="stmt"/>
      <line num="47" count="14" type="cond" truecount="2" falsecount="0"/>
      <line num="48" count="9" type="stmt"/>
      <line num="52" count="4" type="stmt"/>
      <line num="56" count="17" type="cond" truecount="1" falsecount="1"/>
      <line num="57" count="17" type="stmt"/>
      <line num="58" count="1038" type="cond" truecount="2" falsecount="0"/>
      <line num="60" count="12" type="stmt"/>
    </file>
  </project>
</coverage>
