{"E:\\desktop\\Thesis\\solutions-descriptive\\30.js": {"path":"E:\\desktop\\Thesis\\solutions-descriptive\\30.js","statementMap":{"0":{"start":{"line":3,"column":8},"end":{"line":3,"column":24}},"1":{"start":{"line":4,"column":8},"end":{"line":4,"column":22}},"2":{"start":{"line":8,"column":8},"end":{"line":8,"column":30}},"3":{"start":{"line":12,"column":8},"end":{"line":14,"column":9}},"4":{"start":{"line":13,"column":12},"end":{"line":13,"column":43}},"5":{"start":{"line":15,"column":8},"end":{"line":15,"column":25}},"6":{"start":{"line":19,"column":8},"end":{"line":19,"column":45}},"7":{"start":{"line":25,"column":4},"end":{"line":28,"column":5}},"8":{"start":{"line":26,"column":25},"end":{"line":26,"column":29}},"9":{"start":{"line":27,"column":8},"end":{"line":27,"column":43}},"10":{"start":{"line":33,"column":4},"end":{"line":40,"column":5}},"11":{"start":{"line":34,"column":8},"end":{"line":34,"column":26}},"12":{"start":{"line":35,"column":8},"end":{"line":35,"column":27}},"13":{"start":{"line":38,"column":8},"end":{"line":38,"column":33}},"14":{"start":{"line":39,"column":8},"end":{"line":39,"column":35}},"15":{"start":{"line":42,"column":14},"end":{"line":42,"column":23}},"16":{"start":{"line":43,"column":16},"end":{"line":43,"column":18}},"17":{"start":{"line":44,"column":4},"end":{"line":46,"column":5}},"18":{"start":{"line":44,"column":17},"end":{"line":44,"column":18}},"19":{"start":{"line":45,"column":8},"end":{"line":45,"column":28}},"20":{"start":{"line":48,"column":19},"end":{"line":48,"column":46}},"21":{"start":{"line":49,"column":4},"end":{"line":49,"column":27}},"22":{"start":{"line":54,"column":14},"end":{"line":54,"column":40}},"23":{"start":{"line":54,"column":34},"end":{"line":54,"column":39}},"24":{"start":{"line":57,"column":17},"end":{"line":57,"column":19}},"25":{"start":{"line":58,"column":26},"end":{"line":58,"column":46}},"26":{"start":{"line":60,"column":15},"end":{"line":60,"column":16}},"27":{"start":{"line":62,"column":4},"end":{"line":91,"column":5}},"28":{"start":{"line":64,"column":8},"end":{"line":64,"column":42}},"29":{"start":{"line":67,"column":8},"end":{"line":69,"column":9}},"30":{"start":{"line":67,"column":59},"end":{"line":67,"column":86}},"31":{"start":{"line":68,"column":12},"end":{"line":68,"column":24}},"32":{"start":{"line":72,"column":28},"end":{"line":72,"column":48}},"33":{"start":{"line":74,"column":8},"end":{"line":82,"column":9}},"34":{"start":{"line":74,"column":21},"end":{"line":74,"column":22}},"35":{"start":{"line":75,"column":12},"end":{"line":80,"column":13}},"36":{"start":{"line":77,"column":16},"end":{"line":77,"column":36}},"37":{"start":{"line":79,"column":16},"end":{"line":79,"column":57}},"38":{"start":{"line":84,"column":8},"end":{"line":84,"column":38}},"39":{"start":{"line":85,"column":8},"end":{"line":85,"column":15}},"40":{"start":{"line":88,"column":8},"end":{"line":90,"column":9}},"41":{"start":{"line":89,"column":12},"end":{"line":89,"column":18}},"42":{"start":{"line":93,"column":4},"end":{"line":93,"column":16}}},"fnMap":{"0":{"name":"(anonymous_0)","decl":{"start":{"line":2,"column":4},"end":{"line":2,"column":5}},"loc":{"start":{"line":2,"column":18},"end":{"line":5,"column":5}},"line":2},"1":{"name":"(anonymous_1)","decl":{"start":{"line":7,"column":4},"end":{"line":7,"column":5}},"loc":{"start":{"line":7,"column":15},"end":{"line":9,"column":5}},"line":7},"2":{"name":"(anonymous_2)","decl":{"start":{"line":11,"column":4},"end":{"line":11,"column":5}},"loc":{"start":{"line":11,"column":10},"end":{"line":16,"column":5}},"line":11},"3":{"name":"(anonymous_3)","decl":{"start":{"line":18,"column":4},"end":{"line":18,"column":5}},"loc":{"start":{"line":18,"column":11},"end":{"line":20,"column":5}},"line":18},"4":{"name":"solve","decl":{"start":{"line":23,"column":16},"end":{"line":23,"column":21}},"loc":{"start":{"line":23,"column":31},"end":{"line":50,"column":1}},"line":23},"5":{"name":"findFirstStableYear","decl":{"start":{"line":52,"column":9},"end":{"line":52,"column":28}},"loc":{"start":{"line":52,"column":44},"end":{"line":94,"column":1}},"line":52},"6":{"name":"(anonymous_6)","decl":{"start":{"line":54,"column":29},"end":{"line":54,"column":30}},"loc":{"start":{"line":54,"column":34},"end":{"line":54,"column":39}},"line":54},"7":{"name":"(anonymous_7)","decl":{"start":{"line":67,"column":45},"end":{"line":67,"column":46}},"loc":{"start":{"line":67,"column":59},"end":{"line":67,"column":86}},"line":67}},"branchMap":{"0":{"loc":{"start":{"line":12,"column":8},"end":{"line":14,"column":9}},"type":"if","locations":[{"start":{"line":12,"column":8},"end":{"line":14,"column":9}},{"start":{},"end":{}}],"line":12},"1":{"loc":{"start":{"line":25,"column":4},"end":{"line":28,"column":5}},"type":"if","locations":[{"start":{"line":25,"column":4},"end":{"line":28,"column":5}},{"start":{},"end":{}}],"line":25},"2":{"loc":{"start":{"line":25,"column":8},"end":{"line":25,"column":82}},"type":"binary-expr","locations":[{"start":{"line":25,"column":8},"end":{"line":25,"column":25}},{"start":{"line":25,"column":29},"end":{"line":25,"column":56}},{"start":{"line":25,"column":60},"end":{"line":25,"column":82}}],"line":25},"3":{"loc":{"start":{"line":33,"column":4},"end":{"line":40,"column":5}},"type":"if","locations":[{"start":{"line":33,"column":4},"end":{"line":40,"column":5}},{"start":{"line":36,"column":11},"end":{"line":40,"column":5}}],"line":33},"4":{"loc":{"start":{"line":33,"column":8},"end":{"line":33,"column":91}},"type":"binary-expr","locations":[{"start":{"line":33,"column":8},"end":{"line":33,"column":25}},{"start":{"line":33,"column":29},"end":{"line":33,"column":58}},{"start":{"line":33,"column":62},"end":{"line":33,"column":91}}],"line":33},"5":{"loc":{"start":{"line":67,"column":8},"end":{"line":69,"column":9}},"type":"if","locations":[{"start":{"line":67,"column":8},"end":{"line":69,"column":9}},{"start":{},"end":{}}],"line":67},"6":{"loc":{"start":{"line":67,"column":12},"end":{"line":67,"column":87}},"type":"binary-expr","locations":[{"start":{"line":67,"column":12},"end":{"line":67,"column":20}},{"start":{"line":67,"column":24},"end":{"line":67,"column":87}}],"line":67},"7":{"loc":{"start":{"line":75,"column":12},"end":{"line":80,"column":13}},"type":"if","locations":[{"start":{"line":75,"column":12},"end":{"line":80,"column":13}},{"start":{},"end":{}}],"line":75},"8":{"loc":{"start":{"line":88,"column":8},"end":{"line":90,"column":9}},"type":"if","locations":[{"start":{"line":88,"column":8},"end":{"line":90,"column":9}},{"start":{},"end":{}}],"line":88}},"s":{"0":0,"1":0,"2":0,"3":0,"4":0,"5":0,"6":0,"7":12,"8":0,"9":0,"10":12,"11":0,"12":0,"13":12,"14":12,"15":12,"16":12,"17":12,"18":12,"19":200045,"20":12,"21":12,"22":12,"23":200045,"24":12,"25":12,"26":12,"27":12,"28":36,"29":36,"30":200068,"31":12,"32":24,"33":24,"34":24,"35":200111,"36":200087,"37":200087,"38":24,"39":24,"40":24,"41":0,"42":0},"f":{"0":0,"1":0,"2":0,"3":0,"4":12,"5":12,"6":200045,"7":200068},"b":{"0":[0,0],"1":[0,12],"2":[12,0,0],"3":[0,12],"4":[12,0,0],"5":[12,24],"6":[36,24],"7":[200087,24],"8":[0,24]},"_coverageSchema":"1a1c01bbd47fc00a2c39e90264f33305004495a9","hash":"2469e8a684131c6e89a0ed8a448004566842699a"}
}
