TN:
SF:solutions-descriptive\30.js
FN:2,(anonymous_0)
FN:7,(anonymous_1)
FN:11,(anonymous_2)
FN:18,(anonymous_3)
FN:23,solve
FNF:5
FNH:1
FNDA:0,(anonymous_0)
FNDA:0,(anonymous_1)
FNDA:0,(anonymous_2)
FNDA:0,(anonymous_3)
FNDA:12,solve
DA:3,0
DA:4,0
DA:8,0
DA:12,0
DA:13,0
DA:15,0
DA:19,0
DA:25,12
DA:26,0
DA:30,0
DA:31,0
DA:33,0
DA:34,0
DA:35,0
DA:36,0
DA:37,0
DA:38,0
DA:39,0
DA:44,0
DA:50,12
DA:51,0
DA:52,0
DA:55,12
DA:56,12
DA:59,12
DA:60,12
DA:61,12
DA:62,200045
DA:66,12
DA:67,12
DA:69,12
DA:70,200045
DA:71,15
DA:72,15
DA:73,15
DA:74,200045
DA:75,200045
DA:80,12
LF:38
LH:18
BRDA:12,0,0,0
BRDA:12,0,1,0
BRDA:25,1,0,0
BRDA:25,1,1,12
BRDA:25,2,0,12
BRDA:25,2,1,0
BRDA:25,2,2,0
BRDA:34,3,0,0
BRDA:34,3,1,0
BRDA:50,4,0,0
BRDA:50,4,1,12
BRDA:50,5,0,12
BRDA:50,5,1,0
BRDA:50,5,2,0
BRDA:70,6,0,15
BRDA:70,6,1,200030
BRF:16
BRH:6
end_of_record
