TN:
SF:solutions-descriptive\2.js
FN:5,modAdd
FN:9,modSub
FN:13,modMul
FN:30,computeRangeSum
FN:39,calculateBaseSum
FN:60,solve
FNF:6
FNH:6
FNDA:604021,modAdd
FNDA:972,modSub
FNDA:303179,modMul
FNDA:324,computeRangeSum
FNDA:327,calculateBaseSum
FNDA:10,solve
DA:1,1
DA:2,1
DA:6,604021
DA:10,972
DA:15,303179
DA:18,303179
DA:21,1
DA:22,1
DA:23,1
DA:25,1
DA:26,300000
DA:27,300000
DA:31,324
DA:32,324
DA:33,324
DA:34,324
DA:35,324
DA:40,327
DA:41,327
DA:43,327
DA:44,1102
DA:45,1102
DA:48,327
DA:49,327
DA:51,327
DA:52,1102
DA:53,1102
DA:56,327
DA:61,10
DA:64,10
DA:65,3
DA:66,3
DA:67,3
DA:69,7
DA:72,10
DA:74,10
DA:75,918
DA:76,918
DA:78,908
DA:79,324
DA:80,324
DA:81,324
DA:84,908
DA:87,10
DA:89,10
DA:90,327
DA:93,10
LF:47
LH:47
BRDA:64,0,0,3
BRDA:64,0,1,7
BRDA:76,1,0,10
BRDA:76,1,1,908
BRDA:78,2,0,324
BRDA:78,2,1,584
BRF:6
BRH:6
end_of_record
