{"E:\\desktop\\Thesis\\solutions-descriptive\\16.js": {"path":"E:\\desktop\\Thesis\\solutions-descriptive\\16.js","statementMap":{"0":{"start":{"line":3,"column":16},"end":{"line":3,"column":17}},"1":{"start":{"line":3,"column":25},"end":{"line":3,"column":26}},"2":{"start":{"line":4,"column":4},"end":{"line":8,"column":5}},"3":{"start":{"line":5,"column":8},"end":{"line":5,"column":31}},"4":{"start":{"line":5,"column":25},"end":{"line":5,"column":31}},"5":{"start":{"line":6,"column":8},"end":{"line":6,"column":17}},"6":{"start":{"line":7,"column":8},"end":{"line":7,"column":16}},"7":{"start":{"line":9,"column":4},"end":{"line":9,"column":46}},"8":{"start":{"line":14,"column":17},"end":{"line":14,"column":45}},"9":{"start":{"line":15,"column":17},"end":{"line":15,"column":45}},"10":{"start":{"line":16,"column":12},"end":{"line":16,"column":47}},"11":{"start":{"line":18,"column":21},"end":{"line":18,"column":22}},"12":{"start":{"line":19,"column":17},"end":{"line":19,"column":18}},"13":{"start":{"line":20,"column":16},"end":{"line":20,"column":18}},"14":{"start":{"line":20,"column":28},"end":{"line":20,"column":30}},"15":{"start":{"line":22,"column":14},"end":{"line":22,"column":22}},"16":{"start":{"line":23,"column":12},"end":{"line":23,"column":13}},"17":{"start":{"line":24,"column":4},"end":{"line":39,"column":5}},"18":{"start":{"line":25,"column":16},"end":{"line":25,"column":17}},"19":{"start":{"line":26,"column":8},"end":{"line":26,"column":55}},"20":{"start":{"line":26,"column":49},"end":{"line":26,"column":53}},"21":{"start":{"line":27,"column":18},"end":{"line":27,"column":27}},"22":{"start":{"line":28,"column":8},"end":{"line":37,"column":9}},"23":{"start":{"line":29,"column":20},"end":{"line":29,"column":39}},"24":{"start":{"line":30,"column":12},"end":{"line":30,"column":28}},"25":{"start":{"line":31,"column":12},"end":{"line":36,"column":13}},"26":{"start":{"line":32,"column":16},"end":{"line":32,"column":28}},"27":{"start":{"line":34,"column":16},"end":{"line":35,"column":35}},"28":{"start":{"line":34,"column":34},"end":{"line":34,"column":48}},"29":{"start":{"line":35,"column":21},"end":{"line":35,"column":35}},"30":{"start":{"line":38,"column":8},"end":{"line":38,"column":18}},"31":{"start":{"line":41,"column":4},"end":{"line":43,"column":5}},"32":{"start":{"line":42,"column":8},"end":{"line":42,"column":20}},"33":{"start":{"line":45,"column":24},"end":{"line":45,"column":38}},"34":{"start":{"line":46,"column":15},"end":{"line":46,"column":55}},"35":{"start":{"line":46,"column":42},"end":{"line":46,"column":51}},"36":{"start":{"line":47,"column":16},"end":{"line":47,"column":38}},"37":{"start":{"line":48,"column":15},"end":{"line":48,"column":55}},"38":{"start":{"line":48,"column":42},"end":{"line":48,"column":51}},"39":{"start":{"line":49,"column":16},"end":{"line":49,"column":38}},"40":{"start":{"line":51,"column":4},"end":{"line":51,"column":32}},"41":{"start":{"line":51,"column":25},"end":{"line":51,"column":30}},"42":{"start":{"line":52,"column":4},"end":{"line":52,"column":32}},"43":{"start":{"line":52,"column":25},"end":{"line":52,"column":30}},"44":{"start":{"line":54,"column":13},"end":{"line":54,"column":35}},"45":{"start":{"line":55,"column":13},"end":{"line":55,"column":35}},"46":{"start":{"line":57,"column":4},"end":{"line":57,"column":53}},"47":{"start":{"line":62,"column":16},"end":{"line":62,"column":40}},"48":{"start":{"line":63,"column":12},"end":{"line":63,"column":27}},"49":{"start":{"line":64,"column":15},"end":{"line":64,"column":79}},"50":{"start":{"line":67,"column":25},"end":{"line":67,"column":37}},"51":{"start":{"line":68,"column":4},"end":{"line":68,"column":47}},"52":{"start":{"line":68,"column":25},"end":{"line":68,"column":47}},"53":{"start":{"line":70,"column":4},"end":{"line":70,"column":41}},"54":{"start":{"line":76,"column":22},"end":{"line":86,"column":5}},"55":{"start":{"line":88,"column":4},"end":{"line":95,"column":5}},"56":{"start":{"line":88,"column":17},"end":{"line":88,"column":18}},"57":{"start":{"line":89,"column":36},"end":{"line":89,"column":48}},"58":{"start":{"line":90,"column":23},"end":{"line":90,"column":35}},"59":{"start":{"line":91,"column":8},"end":{"line":94,"column":10}},"60":{"start":{"line":98,"column":4},"end":{"line":98,"column":19}}},"fnMap":{"0":{"name":"minPicks","decl":{"start":{"line":2,"column":9},"end":{"line":2,"column":17}},"loc":{"start":{"line":2,"column":27},"end":{"line":10,"column":1}},"line":2},"1":{"name":"canTransform","decl":{"start":{"line":13,"column":9},"end":{"line":13,"column":21}},"loc":{"start":{"line":13,"column":39},"end":{"line":58,"column":1}},"line":13},"2":{"name":"(anonymous_2)","decl":{"start":{"line":46,"column":28},"end":{"line":46,"column":29}},"loc":{"start":{"line":46,"column":42},"end":{"line":46,"column":51}},"line":46},"3":{"name":"(anonymous_3)","decl":{"start":{"line":48,"column":28},"end":{"line":48,"column":29}},"loc":{"start":{"line":48,"column":42},"end":{"line":48,"column":51}},"line":48},"4":{"name":"(anonymous_4)","decl":{"start":{"line":51,"column":15},"end":{"line":51,"column":16}},"loc":{"start":{"line":51,"column":25},"end":{"line":51,"column":30}},"line":51},"5":{"name":"(anonymous_5)","decl":{"start":{"line":52,"column":15},"end":{"line":52,"column":16}},"loc":{"start":{"line":52,"column":25},"end":{"line":52,"column":30}},"line":52},"6":{"name":"solve","decl":{"start":{"line":61,"column":16},"end":{"line":61,"column":21}},"loc":{"start":{"line":61,"column":29},"end":{"line":71,"column":1}},"line":61},"7":{"name":"testing_test","decl":{"start":{"line":75,"column":9},"end":{"line":75,"column":21}},"loc":{"start":{"line":75,"column":24},"end":{"line":96,"column":1}},"line":75}},"branchMap":{"0":{"loc":{"start":{"line":5,"column":8},"end":{"line":5,"column":31}},"type":"if","locations":[{"start":{"line":5,"column":8},"end":{"line":5,"column":31}},{"start":{},"end":{}}],"line":5},"1":{"loc":{"start":{"line":9,"column":11},"end":{"line":9,"column":45}},"type":"cond-expr","locations":[{"start":{"line":9,"column":27},"end":{"line":9,"column":32}},{"start":{"line":9,"column":35},"end":{"line":9,"column":45}}],"line":9},"2":{"loc":{"start":{"line":14,"column":18},"end":{"line":14,"column":37}},"type":"binary-expr","locations":[{"start":{"line":14,"column":18},"end":{"line":14,"column":31}},{"start":{"line":14,"column":35},"end":{"line":14,"column":37}}],"line":14},"3":{"loc":{"start":{"line":15,"column":18},"end":{"line":15,"column":37}},"type":"binary-expr","locations":[{"start":{"line":15,"column":18},"end":{"line":15,"column":31}},{"start":{"line":15,"column":35},"end":{"line":15,"column":37}}],"line":15},"4":{"loc":{"start":{"line":26,"column":15},"end":{"line":26,"column":45}},"type":"binary-expr","locations":[{"start":{"line":26,"column":15},"end":{"line":26,"column":24}},{"start":{"line":26,"column":28},"end":{"line":26,"column":45}}],"line":26},"5":{"loc":{"start":{"line":28,"column":8},"end":{"line":37,"column":9}},"type":"if","locations":[{"start":{"line":28,"column":8},"end":{"line":37,"column":9}},{"start":{},"end":{}}],"line":28},"6":{"loc":{"start":{"line":31,"column":12},"end":{"line":36,"column":13}},"type":"if","locations":[{"start":{"line":31,"column":12},"end":{"line":36,"column":13}},{"start":{"line":33,"column":19},"end":{"line":36,"column":13}}],"line":31},"7":{"loc":{"start":{"line":34,"column":16},"end":{"line":35,"column":35}},"type":"if","locations":[{"start":{"line":34,"column":16},"end":{"line":35,"column":35}},{"start":{"line":35,"column":21},"end":{"line":35,"column":35}}],"line":34},"8":{"loc":{"start":{"line":41,"column":4},"end":{"line":43,"column":5}},"type":"if","locations":[{"start":{"line":41,"column":4},"end":{"line":43,"column":5}},{"start":{},"end":{}}],"line":41},"9":{"loc":{"start":{"line":41,"column":8},"end":{"line":41,"column":37}},"type":"binary-expr","locations":[{"start":{"line":41,"column":8},"end":{"line":41,"column":22}},{"start":{"line":41,"column":26},"end":{"line":41,"column":37}}],"line":41},"10":{"loc":{"start":{"line":57,"column":11},"end":{"line":57,"column":52}},"type":"cond-expr","locations":[{"start":{"line":57,"column":40},"end":{"line":57,"column":45}},{"start":{"line":57,"column":48},"end":{"line":57,"column":52}}],"line":57},"11":{"loc":{"start":{"line":64,"column":16},"end":{"line":64,"column":30}},"type":"binary-expr","locations":[{"start":{"line":64,"column":16},"end":{"line":64,"column":24}},{"start":{"line":64,"column":28},"end":{"line":64,"column":30}}],"line":64},"12":{"loc":{"start":{"line":68,"column":4},"end":{"line":68,"column":47}},"type":"if","locations":[{"start":{"line":68,"column":4},"end":{"line":68,"column":47}},{"start":{},"end":{}}],"line":68},"13":{"loc":{"start":{"line":93,"column":12},"end":{"line":93,"column":93}},"type":"cond-expr","locations":[{"start":{"line":93,"column":34},"end":{"line":93,"column":42}},{"start":{"line":93,"column":45},"end":{"line":93,"column":93}}],"line":93}},"s":{"0":30,"1":30,"2":30,"3":16,"4":9,"5":7,"6":7,"7":30,"8":19,"9":19,"10":19,"11":19,"12":19,"13":19,"14":19,"15":19,"16":19,"17":19,"18":200031,"19":200031,"20":43,"21":200031,"22":200031,"23":23,"24":23,"25":23,"26":4,"27":19,"28":13,"29":6,"30":200031,"31":19,"32":4,"33":15,"34":15,"35":12,"36":15,"37":15,"38":6,"39":15,"40":15,"41":3,"42":15,"43":2,"44":15,"45":15,"46":15,"47":19,"48":19,"49":19,"50":19,"51":19,"52":18,"53":19,"54":1,"55":1,"56":1,"57":9,"58":9,"59":9,"60":1},"f":{"0":30,"1":19,"2":12,"3":6,"4":3,"5":2,"6":19,"7":1},"b":{"0":[9,7],"1":[30,0],"2":[19,4],"3":[19,4],"4":[200074,200055],"5":[23,200008],"6":[4,19],"7":[13,6],"8":[4,15],"9":[19,16],"10":[14,1],"11":[19,1],"12":[18,1],"13":[9,0]},"_coverageSchema":"1a1c01bbd47fc00a2c39e90264f33305004495a9","hash":"19c78f299c74d8cefe3e448a1f878dbf12fb8d3f"}
}
