TN:
SF:solutions-descriptive\49.js
FN:2,(anonymous_0)
FN:7,(anonymous_1)
FN:17,(anonymous_2)
FN:27,(anonymous_3)
FN:33,(anonymous_4)
FN:39,(anonymous_5)
FN:43,(anonymous_6)
FN:46,(anonymous_7)
FN:49,(anonymous_8)
FN:57,solve
FN:84,dfs2
FN:108,dfs
FNF:12
FNH:8
FNDA:32,(anonymous_0)
FNDA:112,(anonymous_1)
FNDA:0,(anonymous_2)
FNDA:112,(anonymous_3)
FNDA:0,(anonymous_4)
FNDA:596,(anonymous_5)
FNDA:0,(anonymous_6)
FNDA:792,(anonymous_7)
FNDA:0,(anonymous_8)
FNDA:15,solve
FNDA:16,dfs2
FNDA:16,dfs
DA:3,32
DA:4,32
DA:5,32
DA:8,112
DA:9,112
DA:10,32
DA:11,32
DA:13,112
DA:14,80
DA:18,0
DA:19,0
DA:20,0
DA:21,0
DA:23,0
DA:24,0
DA:28,112
DA:29,112
DA:30,112
DA:31,112
DA:34,0
DA:35,0
DA:36,0
DA:37,0
DA:40,596
DA:41,532
DA:44,0
DA:47,792
DA:50,0
DA:51,0
DA:52,0
DA:58,15
DA:59,15
DA:60,15
DA:62,15
DA:63,16
DA:64,16
DA:66,16
DA:67,89
DA:68,89
DA:69,89
DA:70,89
DA:71,89
DA:74,16
DA:75,16
DA:76,16
DA:77,16
DA:78,16
DA:79,16
DA:80,16
DA:81,16
DA:82,16
DA:85,16
DA:86,16
DA:87,16
DA:88,16
DA:89,226
DA:90,226
DA:92,226
DA:93,226
DA:94,170
DA:95,170
DA:96,170
DA:97,40
DA:100,56
DA:101,56
DA:102,40
DA:109,16
DA:110,16
DA:111,16
DA:112,16
DA:113,226
DA:114,226
DA:115,226
DA:116,56
DA:118,226
DA:119,170
DA:120,170
DA:121,170
DA:122,40
DA:123,40
DA:124,130
DA:125,90
DA:128,56
DA:129,56
DA:130,40
DA:131,40
DA:132,20
DA:137,16
DA:141,15
LF:89
LH:75
BRDA:9,0,0,32
BRDA:9,0,1,80
BRDA:19,1,0,0
BRDA:19,1,1,0
BRDA:40,2,0,64
BRDA:40,2,1,532
BRDA:52,3,0,0
BRDA:52,3,1,0
BRDA:68,4,0,89
BRDA:68,4,1,18
BRDA:69,5,0,89
BRDA:69,5,1,44
BRDA:92,6,0,226
BRDA:92,6,1,2
BRDA:93,7,0,170
BRDA:93,7,1,56
BRDA:96,8,0,40
BRDA:96,8,1,130
BRDA:101,9,0,40
BRDA:101,9,1,16
BRDA:114,10,0,226
BRDA:114,10,1,2
BRDA:115,11,0,56
BRDA:115,11,1,170
BRDA:118,12,0,170
BRDA:118,12,1,56
BRDA:121,13,0,40
BRDA:121,13,1,130
BRDA:124,14,0,90
BRDA:124,14,1,40
BRDA:129,15,0,40
BRDA:129,15,1,16
BRDA:131,16,0,20
BRDA:131,16,1,20
BRF:34
BRH:30
end_of_record
