TN:
SF:solutions-descriptive\26.js
FN:1,solve
FN:49,computeTailSum
FN:57,arithmeticSum
FNF:3
FNH:3
FNDA:20,solve
FNDA:50,computeTailSum
FNDA:35,arithmeticSum
DA:2,20
DA:6,20
DA:7,115
DA:8,63
DA:9,63
DA:11,52
DA:12,52
DA:17,20
DA:18,3
DA:21,17
DA:24,17
DA:25,49
DA:28,49
DA:31,25
DA:32,9
DA:37,16
DA:42,25
DA:46,17
DA:50,50
DA:51,32
DA:58,35
LF:21
LH:21
BRDA:7,0,0,63
BRDA:7,0,1,52
BRDA:17,1,0,3
BRDA:17,1,1,17
BRDA:17,2,0,20
BRDA:17,2,1,6
BRDA:28,3,0,25
BRDA:28,3,1,24
BRDA:31,4,0,9
BRDA:31,4,1,16
BRDA:50,5,0,18
BRDA:50,5,1,32
BRDA:51,6,0,15
BRDA:51,6,1,17
BRF:14
BRH:14
end_of_record
