TN:
SF:solutions-descriptive\21.js
FN:16,rad
FN:39,solve
FNF:2
FNH:2
FNDA:40,rad
FNDA:10,solve
DA:1,1
DA:2,1
DA:3,1
DA:6,1
DA:7,999999
DA:8,999999
DA:9,1591422
DA:10,921501
DA:11,921501
DA:17,40
DA:18,40
DA:19,53
DA:20,25
DA:21,25
DA:23,28
DA:24,28
DA:25,48
DA:28,40
DA:29,40
DA:30,53
DA:31,53
DA:32,81
DA:35,40
DA:40,10
DA:41,10
DA:44,10
DA:45,27
DA:48,10
DA:49,30
DA:50,30
DA:52,30
DA:53,94
DA:54,64
DA:55,45
DA:57,30
DA:59,30
DA:60,9
DA:63,21
DA:64,67
LF:39
LH:39
BRDA:7,0,0,78498
BRDA:7,0,1,921501
BRDA:9,1,0,669921
BRDA:9,1,1,921501
BRDA:11,2,0,330078
BRDA:11,2,1,591423
BRDA:19,3,0,25
BRDA:19,3,1,28
BRDA:53,4,0,30
BRDA:53,4,1,64
BRDA:54,5,0,19
BRDA:54,5,1,45
BRDA:59,6,0,9
BRDA:59,6,1,21
BRF:14
BRH:14
end_of_record
