TN:
SF:solutions-descriptive\33.js
FN:1,solve
FN:22,divide
FN:32,gcd
FN:68,(anonymous_3)
FN:72,(anonymous_4)
FNF:5
FNH:3
FNDA:14,solve
FNDA:28,divide
FNDA:0,gcd
FNDA:0,(anonymous_3)
FNDA:56,(anonymous_4)
DA:2,14
DA:3,14
DA:4,14
DA:5,14
DA:7,14
DA:8,14
DA:9,14
DA:10,14
DA:12,14
DA:13,14
DA:14,0
DA:15,0
DA:16,0
DA:19,14
DA:23,28
DA:24,0
DA:25,0
DA:27,28
DA:28,28
DA:29,28
DA:33,0
DA:34,0
DA:35,0
DA:36,0
DA:37,0
DA:38,0
DA:40,0
DA:65,1
DA:69,0
DA:70,0
DA:73,56
LF:31
LH:17
BRDA:23,0,0,0
BRDA:23,0,1,28
BRDA:23,1,0,28
BRDA:23,1,1,0
BRDA:28,2,0,0
BRDA:28,2,1,28
BRDA:29,3,0,0
BRDA:29,3,1,28
BRDA:33,4,0,0
BRDA:33,4,1,0
BRDA:34,5,0,0
BRDA:34,5,1,0
BRF:12
BRH:4
end_of_record
