TN:
SF:solutions-descriptive\8.js
FN:1,solve
FN:2,(anonymous_1)
FN:3,(anonymous_2)
FNF:3
FNH:3
FNDA:10,solve
FNDA:100014,(anonymous_1)
FNDA:100005,(anonymous_2)
DA:2,100014
DA:3,100005
DA:5,10
DA:6,10
DA:9,10
DA:10,50010
DA:14,10
DA:15,50005
DA:18,10
DA:19,10
DA:21,10
DA:22,10
DA:23,10
DA:24,10
DA:26,10
DA:27,66675
DA:28,0
DA:29,0
DA:30,0
DA:31,0
DA:34,66675
DA:35,0
DA:36,0
DA:37,0
DA:38,0
DA:41,66675
DA:42,0
DA:43,0
DA:44,66675
DA:45,4
DA:46,4
DA:47,66671
DA:48,33335
DA:49,33335
DA:51,33336
DA:52,33336
DA:55,66675
DA:58,10
DA:59,8
DA:62,10
LF:40
LH:30
BRDA:27,0,0,0
BRDA:27,0,1,66675
BRDA:34,1,0,0
BRDA:34,1,1,66675
BRDA:41,2,0,0
BRDA:41,2,1,66675
BRDA:44,3,0,4
BRDA:44,3,1,66671
BRDA:47,4,0,33335
BRDA:47,4,1,33336
BRDA:58,5,0,8
BRDA:58,5,1,2
BRF:12
BRH:9
end_of_record
