TN:
SF:solutions-descriptive\9.js
FN:1,solve
FNF:1
FNH:1
FNDA:18,solve
DA:2,18
DA:3,18
DA:4,18
DA:5,18
DA:7,18
DA:8,71
DA:9,18
DA:10,53
DA:11,53
DA:14,18
DA:15,84
DA:16,18
DA:17,71
DA:20,18
DA:21,18
DA:23,18
DA:24,71
DA:25,71
DA:26,71
DA:29,71
DA:30,50
DA:31,21
DA:32,19
DA:34,2
DA:37,71
DA:38,106
DA:39,53
DA:40,53
DA:41,53
DA:42,53
DA:47,18
DA:49,18
DA:50,38
DA:51,22
DA:52,22
DA:54,22
DA:55,26
DA:56,22
DA:58,4
DA:59,4
DA:61,4
DA:62,0
DA:65,4
DA:66,4
DA:69,4
DA:70,2
DA:71,2
DA:72,2
DA:74,2
DA:79,22
DA:80,22
DA:81,8
DA:84,14
DA:85,14
DA:86,12
DA:89,14
DA:90,2
DA:93,12
DA:94,0
DA:97,12
DA:100,8
LF:61
LH:59
BRDA:29,0,0,50
BRDA:29,0,1,21
BRDA:31,1,0,19
BRDA:31,1,1,2
BRDA:38,2,0,53
BRDA:38,2,1,53
BRDA:50,3,0,22
BRDA:50,3,1,16
BRDA:55,4,0,22
BRDA:55,4,1,4
BRDA:61,5,0,0
BRDA:61,5,1,4
BRDA:66,6,0,4
BRDA:66,6,1,0
BRDA:69,7,0,2
BRDA:69,7,1,2
BRDA:74,8,0,2
BRDA:74,8,1,0
BRDA:80,9,0,8
BRDA:80,9,1,14
BRDA:86,10,0,10
BRDA:86,10,1,2
BRDA:89,11,0,2
BRDA:89,11,1,12
BRDA:93,12,0,0
BRDA:93,12,1,12
BRF:26
BRH:22
end_of_record
