TN:
SF:solutions-descriptive\37.js
FN:4,getBitLength
FN:8,solve
FN:27,(anonymous_2)
FN:29,(anonymous_3)
FNF:4
FNH:4
FNDA:11,getBitLength
FNDA:14,solve
FNDA:33,(anonymous_2)
FNDA:27,(anonymous_3)
DA:1,1
DA:5,11
DA:9,14
DA:11,11
DA:12,11
DA:13,11
DA:16,11
DA:17,11
DA:18,24
DA:19,1
DA:20,1
DA:24,11
DA:26,10
DA:27,33
DA:28,10
DA:29,27
DA:32,10
DA:33,10
DA:35,10
DA:36,10
DA:37,10
DA:38,10
DA:40,10
DA:41,28
DA:42,28
DA:43,28
DA:46,28
DA:47,8
DA:48,8
DA:49,8
DA:51,8
DA:52,45
DA:53,45
DA:56,45
DA:57,2
DA:58,2
DA:59,2
DA:60,0
DA:61,0
DA:65,45
DA:66,45
DA:70,8
DA:71,7
DA:72,7
DA:75,8
DA:76,7
DA:77,7
DA:78,7
DA:79,7
DA:85,22
DA:86,5
DA:88,22
DA:89,22
DA:90,154
DA:91,154
DA:93,154
DA:94,87
DA:95,87
DA:96,44
DA:97,87
DA:100,154
DA:102,154
DA:103,40
DA:107,10
LF:64
LH:62
BRDA:9,0,0,3
BRDA:9,0,1,11
BRDA:18,1,0,1
BRDA:18,1,1,23
BRDA:24,2,0,1
BRDA:24,2,1,10
BRDA:28,3,0,8
BRDA:28,3,1,2
BRDA:46,4,0,8
BRDA:46,4,1,20
BRDA:46,5,0,7
BRDA:46,5,1,21
BRDA:51,6,0,53
BRDA:51,6,1,45
BRDA:56,7,0,2
BRDA:56,7,1,43
BRDA:58,8,0,1
BRDA:58,8,1,1
BRDA:59,9,0,0
BRDA:59,9,1,2
BRDA:60,10,0,0
BRDA:60,10,1,0
BRDA:61,11,0,0
BRDA:61,11,1,0
BRDA:66,12,0,6
BRDA:66,12,1,39
BRDA:70,13,0,7
BRDA:70,13,1,1
BRDA:71,14,0,3
BRDA:71,14,1,4
BRDA:72,15,0,7
BRDA:72,15,1,0
BRDA:75,16,0,7
BRDA:75,16,1,1
BRDA:77,17,0,7
BRDA:77,17,1,0
BRDA:79,18,0,6
BRDA:79,18,1,1
BRDA:85,19,0,17
BRDA:85,19,1,5
BRDA:91,20,0,107
BRDA:91,20,1,47
BRDA:93,21,0,87
BRDA:93,21,1,67
BRDA:95,22,0,43
BRDA:95,22,1,44
BRDA:102,23,0,114
BRDA:102,23,1,40
BRDA:107,24,0,6
BRDA:107,24,1,4
BRF:50
BRH:43
end_of_record
