{"E:\\desktop\\Thesis\\solutions-descriptive\\36.js": {"path":"E:\\desktop\\Thesis\\solutions-descriptive\\36.js","statementMap":{"0":{"start":{"line":1,"column":12},"end":{"line":1,"column":19}},"1":{"start":{"line":2,"column":16},"end":{"line":2,"column":45}},"2":{"start":{"line":5,"column":4},"end":{"line":5,"column":25}},"3":{"start":{"line":9,"column":4},"end":{"line":9,"column":32}},"4":{"start":{"line":13,"column":12},"end":{"line":15,"column":25}},"5":{"start":{"line":16,"column":4},"end":{"line":16,"column":19}},"6":{"start":{"line":20,"column":12},"end":{"line":20,"column":13}},"7":{"start":{"line":21,"column":15},"end":{"line":21,"column":16}},"8":{"start":{"line":22,"column":4},"end":{"line":28,"column":5}},"9":{"start":{"line":23,"column":8},"end":{"line":25,"column":9}},"10":{"start":{"line":24,"column":12},"end":{"line":24,"column":29}},"11":{"start":{"line":26,"column":8},"end":{"line":26,"column":16}},"12":{"start":{"line":27,"column":8},"end":{"line":27,"column":31}},"13":{"start":{"line":29,"column":4},"end":{"line":29,"column":13}},"14":{"start":{"line":33,"column":16},"end":{"line":33,"column":17}},"15":{"start":{"line":34,"column":16},"end":{"line":34,"column":17}},"16":{"start":{"line":36,"column":4},"end":{"line":45,"column":5}},"17":{"start":{"line":36,"column":17},"end":{"line":36,"column":18}},"18":{"start":{"line":37,"column":30},"end":{"line":37,"column":40}},"19":{"start":{"line":38,"column":25},"end":{"line":38,"column":65}},"20":{"start":{"line":39,"column":25},"end":{"line":40,"column":56}},"21":{"start":{"line":41,"column":8},"end":{"line":44,"column":9}},"22":{"start":{"line":42,"column":12},"end":{"line":42,"column":20}},"23":{"start":{"line":43,"column":12},"end":{"line":43,"column":27}},"24":{"start":{"line":47,"column":18},"end":{"line":47,"column":51}},"25":{"start":{"line":49,"column":4},"end":{"line":53,"column":5}},"26":{"start":{"line":50,"column":8},"end":{"line":50,"column":47}},"27":{"start":{"line":52,"column":8},"end":{"line":52,"column":33}}},"fnMap":{"0":{"name":"add","decl":{"start":{"line":4,"column":9},"end":{"line":4,"column":12}},"loc":{"start":{"line":4,"column":19},"end":{"line":6,"column":1}},"line":4},"1":{"name":"minus","decl":{"start":{"line":8,"column":9},"end":{"line":8,"column":14}},"loc":{"start":{"line":8,"column":21},"end":{"line":10,"column":1}},"line":8},"2":{"name":"mul","decl":{"start":{"line":12,"column":9},"end":{"line":12,"column":12}},"loc":{"start":{"line":12,"column":19},"end":{"line":17,"column":1}},"line":12},"3":{"name":"pow","decl":{"start":{"line":19,"column":9},"end":{"line":19,"column":12}},"loc":{"start":{"line":19,"column":19},"end":{"line":30,"column":1}},"line":19},"4":{"name":"solve","decl":{"start":{"line":32,"column":16},"end":{"line":32,"column":21}},"loc":{"start":{"line":32,"column":40},"end":{"line":54,"column":1}},"line":32}},"branchMap":{"0":{"loc":{"start":{"line":23,"column":8},"end":{"line":25,"column":9}},"type":"if","locations":[{"start":{"line":23,"column":8},"end":{"line":25,"column":9}},{"start":{},"end":{}}],"line":23},"1":{"loc":{"start":{"line":38,"column":25},"end":{"line":38,"column":65}},"type":"binary-expr","locations":[{"start":{"line":38,"column":25},"end":{"line":38,"column":32}},{"start":{"line":38,"column":36},"end":{"line":38,"column":43}},{"start":{"line":38,"column":47},"end":{"line":38,"column":54}},{"start":{"line":38,"column":58},"end":{"line":38,"column":65}}],"line":38},"2":{"loc":{"start":{"line":39,"column":25},"end":{"line":40,"column":56}},"type":"binary-expr","locations":[{"start":{"line":39,"column":26},"end":{"line":39,"column":33}},{"start":{"line":39,"column":37},"end":{"line":39,"column":44}},{"start":{"line":39,"column":50},"end":{"line":39,"column":57}},{"start":{"line":39,"column":61},"end":{"line":39,"column":68}},{"start":{"line":40,"column":13},"end":{"line":40,"column":20}},{"start":{"line":40,"column":24},"end":{"line":40,"column":31}},{"start":{"line":40,"column":37},"end":{"line":40,"column":44}},{"start":{"line":40,"column":48},"end":{"line":40,"column":55}}],"line":39},"3":{"loc":{"start":{"line":41,"column":8},"end":{"line":44,"column":9}},"type":"if","locations":[{"start":{"line":41,"column":8},"end":{"line":44,"column":9}},{"start":{},"end":{}}],"line":41},"4":{"loc":{"start":{"line":41,"column":12},"end":{"line":41,"column":33}},"type":"binary-expr","locations":[{"start":{"line":41,"column":12},"end":{"line":41,"column":20}},{"start":{"line":41,"column":24},"end":{"line":41,"column":33}}],"line":41},"5":{"loc":{"start":{"line":49,"column":4},"end":{"line":53,"column":5}},"type":"if","locations":[{"start":{"line":49,"column":4},"end":{"line":53,"column":5}},{"start":{"line":51,"column":11},"end":{"line":53,"column":5}}],"line":49},"6":{"loc":{"start":{"line":50,"column":15},"end":{"line":50,"column":46}},"type":"cond-expr","locations":[{"start":{"line":50,"column":29},"end":{"line":50,"column":30}},{"start":{"line":50,"column":33},"end":{"line":50,"column":46}}],"line":50}},"s":{"0":1,"1":1,"2":0,"3":0,"4":16,"5":16,"6":3,"7":3,"8":3,"9":11,"10":5,"11":11,"12":11,"13":3,"14":11,"15":11,"16":11,"17":11,"18":34,"19":34,"20":34,"21":34,"22":32,"23":32,"24":11,"25":11,"26":4,"27":7},"f":{"0":0,"1":0,"2":16,"3":3,"4":11},"b":{"0":[5,6],"1":[34,24,16,9],"2":[34,10,33,9,33,8,33,8],"3":[32,2],"4":[34,33],"5":[4,7],"6":[1,3]},"_coverageSchema":"1a1c01bbd47fc00a2c39e90264f33305004495a9","hash":"86b19908effa166b1ccd0751ec147fa3b92ede82"}
}
