TN:
SF:solutions-descriptive\26.js
FN:1,solve
FN:49,computeTailSum
FN:57,arithmeticSum
FNF:3
FNH:3
FNDA:15,solve
FNDA:34,computeTailSum
FNDA:27,arithmeticSum
DA:2,15
DA:6,15
DA:7,67
DA:8,30
DA:9,30
DA:11,37
DA:12,37
DA:17,15
DA:18,5
DA:21,10
DA:24,10
DA:25,32
DA:28,32
DA:31,17
DA:32,5
DA:37,12
DA:42,17
DA:46,10
DA:50,34
DA:51,22
DA:58,27
LF:21
LH:21
BRDA:7,0,0,30
BRDA:7,0,1,37
BRDA:17,1,0,5
BRDA:17,1,1,10
BRDA:17,2,0,15
BRDA:17,2,1,8
BRDA:28,3,0,17
BRDA:28,3,1,15
BRDA:31,4,0,5
BRDA:31,4,1,12
BRDA:50,5,0,12
BRDA:50,5,1,22
BRDA:51,6,0,11
BRDA:51,6,1,11
BRF:14
BRH:14
end_of_record
