{"C:\\Users\\ASUS\\OneDrive\\Documents\\GitHub\\Thesis\\solutions-descriptive\\42.js": {"path":"C:\\Users\\ASUS\\OneDrive\\Documents\\GitHub\\Thesis\\solutions-descriptive\\42.js","statementMap":{"0":{"start":{"line":1,"column":12},"end":{"line":1,"column":23}},"1":{"start":{"line":2,"column":16},"end":{"line":2,"column":22}},"2":{"start":{"line":5,"column":17},"end":{"line":5,"column":19}},"3":{"start":{"line":6,"column":4},"end":{"line":6,"column":16}},"4":{"start":{"line":7,"column":4},"end":{"line":11,"column":5}},"5":{"start":{"line":8,"column":8},"end":{"line":8,"column":58}},"6":{"start":{"line":8,"column":27},"end":{"line":8,"column":58}},"7":{"start":{"line":9,"column":8},"end":{"line":9,"column":35}},"8":{"start":{"line":10,"column":8},"end":{"line":10,"column":24}},"9":{"start":{"line":12,"column":4},"end":{"line":12,"column":18}},"10":{"start":{"line":16,"column":20},"end":{"line":16,"column":22}},"11":{"start":{"line":17,"column":20},"end":{"line":17,"column":44}},"12":{"start":{"line":18,"column":19},"end":{"line":18,"column":39}},"13":{"start":{"line":19,"column":21},"end":{"line":19,"column":41}},"14":{"start":{"line":21,"column":22},"end":{"line":21,"column":49}},"15":{"start":{"line":22,"column":4},"end":{"line":24,"column":5}},"16":{"start":{"line":22,"column":17},"end":{"line":22,"column":18}},"17":{"start":{"line":23,"column":8},"end":{"line":23,"column":58}},"18":{"start":{"line":26,"column":21},"end":{"line":26,"column":23}},"19":{"start":{"line":27,"column":4},"end":{"line":31,"column":5}},"20":{"start":{"line":27,"column":21},"end":{"line":27,"column":22}},"21":{"start":{"line":28,"column":8},"end":{"line":30,"column":9}},"22":{"start":{"line":28,"column":26},"end":{"line":28,"column":35}},"23":{"start":{"line":29,"column":12},"end":{"line":29,"column":43}},"24":{"start":{"line":33,"column":24},"end":{"line":33,"column":46}},"25":{"start":{"line":34,"column":4},"end":{"line":36,"column":5}},"26":{"start":{"line":34,"column":19},"end":{"line":34,"column":20}},"27":{"start":{"line":35,"column":8},"end":{"line":35,"column":55}},"28":{"start":{"line":38,"column":25},"end":{"line":38,"column":60}},"29":{"start":{"line":39,"column":4},"end":{"line":42,"column":5}},"30":{"start":{"line":39,"column":17},"end":{"line":39,"column":18}},"31":{"start":{"line":40,"column":32},"end":{"line":40,"column":43}},"32":{"start":{"line":41,"column":8},"end":{"line":41,"column":61}},"33":{"start":{"line":44,"column":4},"end":{"line":129,"column":5}},"34":{"start":{"line":45,"column":30},"end":{"line":45,"column":52}},"35":{"start":{"line":46,"column":28},"end":{"line":46,"column":49}},"36":{"start":{"line":48,"column":27},"end":{"line":48,"column":42}},"37":{"start":{"line":49,"column":25},"end":{"line":49,"column":55}},"38":{"start":{"line":50,"column":25},"end":{"line":50,"column":55}},"39":{"start":{"line":51,"column":25},"end":{"line":51,"column":55}},"40":{"start":{"line":52,"column":23},"end":{"line":52,"column":52}},"41":{"start":{"line":53,"column":23},"end":{"line":53,"column":52}},"42":{"start":{"line":54,"column":23},"end":{"line":54,"column":52}},"43":{"start":{"line":56,"column":8},"end":{"line":86,"column":9}},"44":{"start":{"line":56,"column":21},"end":{"line":56,"column":22}},"45":{"start":{"line":57,"column":23},"end":{"line":57,"column":35}},"46":{"start":{"line":58,"column":23},"end":{"line":58,"column":35}},"47":{"start":{"line":59,"column":32},"end":{"line":59,"column":62}},"48":{"start":{"line":61,"column":12},"end":{"line":66,"column":13}},"49":{"start":{"line":61,"column":27},"end":{"line":61,"column":28}},"50":{"start":{"line":62,"column":16},"end":{"line":65,"column":17}},"51":{"start":{"line":63,"column":20},"end":{"line":63,"column":82}},"52":{"start":{"line":64,"column":20},"end":{"line":64,"column":39}},"53":{"start":{"line":68,"column":12},"end":{"line":85,"column":13}},"54":{"start":{"line":68,"column":27},"end":{"line":68,"column":28}},"55":{"start":{"line":69,"column":46},"end":{"line":69,"column":59}},"56":{"start":{"line":70,"column":36},"end":{"line":70,"column":65}},"57":{"start":{"line":71,"column":37},"end":{"line":71,"column":67}},"58":{"start":{"line":73,"column":16},"end":{"line":76,"column":17}},"59":{"start":{"line":74,"column":20},"end":{"line":74,"column":72}},"60":{"start":{"line":75,"column":20},"end":{"line":75,"column":34}},"61":{"start":{"line":77,"column":16},"end":{"line":80,"column":17}},"62":{"start":{"line":78,"column":20},"end":{"line":78,"column":72}},"63":{"start":{"line":79,"column":20},"end":{"line":79,"column":34}},"64":{"start":{"line":81,"column":16},"end":{"line":84,"column":17}},"65":{"start":{"line":82,"column":20},"end":{"line":82,"column":72}},"66":{"start":{"line":83,"column":20},"end":{"line":83,"column":34}},"67":{"start":{"line":88,"column":8},"end":{"line":92,"column":9}},"68":{"start":{"line":88,"column":23},"end":{"line":88,"column":24}},"69":{"start":{"line":89,"column":12},"end":{"line":91,"column":13}},"70":{"start":{"line":90,"column":16},"end":{"line":90,"column":94}},"71":{"start":{"line":94,"column":8},"end":{"line":98,"column":9}},"72":{"start":{"line":94,"column":23},"end":{"line":94,"column":24}},"73":{"start":{"line":95,"column":12},"end":{"line":95,"column":96}},"74":{"start":{"line":95,"column":33},"end":{"line":95,"column":96}},"75":{"start":{"line":96,"column":12},"end":{"line":96,"column":96}},"76":{"start":{"line":96,"column":33},"end":{"line":96,"column":96}},"77":{"start":{"line":97,"column":12},"end":{"line":97,"column":96}},"78":{"start":{"line":97,"column":33},"end":{"line":97,"column":96}},"79":{"start":{"line":100,"column":34},"end":{"line":100,"column":56}},"80":{"start":{"line":101,"column":8},"end":{"line":103,"column":9}},"81":{"start":{"line":101,"column":23},"end":{"line":101,"column":24}},"82":{"start":{"line":102,"column":12},"end":{"line":102,"column":94}},"83":{"start":{"line":105,"column":35},"end":{"line":105,"column":65}},"84":{"start":{"line":106,"column":8},"end":{"line":116,"column":9}},"85":{"start":{"line":106,"column":23},"end":{"line":106,"column":24}},"86":{"start":{"line":107,"column":26},"end":{"line":107,"column":52}},"87":{"start":{"line":108,"column":12},"end":{"line":108,"column":67}},"88":{"start":{"line":109,"column":12},"end":{"line":109,"column":67}},"89":{"start":{"line":111,"column":26},"end":{"line":111,"column":58}},"90":{"start":{"line":112,"column":12},"end":{"line":112,"column":61}},"91":{"start":{"line":113,"column":12},"end":{"line":113,"column":61}},"92":{"start":{"line":115,"column":12},"end":{"line":115,"column":85}},"93":{"start":{"line":118,"column":28},"end":{"line":118,"column":30}},"94":{"start":{"line":119,"column":26},"end":{"line":119,"column":28}},"95":{"start":{"line":120,"column":8},"end":{"line":122,"column":9}},"96":{"start":{"line":120,"column":23},"end":{"line":120,"column":24}},"97":{"start":{"line":121,"column":12},"end":{"line":121,"column":94}},"98":{"start":{"line":123,"column":8},"end":{"line":125,"column":9}},"99":{"start":{"line":123,"column":23},"end":{"line":123,"column":24}},"100":{"start":{"line":124,"column":12},"end":{"line":124,"column":92}},"101":{"start":{"line":127,"column":23},"end":{"line":127,"column":63}},"102":{"start":{"line":128,"column":8},"end":{"line":128,"column":37}},"103":{"start":{"line":131,"column":4},"end":{"line":131,"column":19}},"104":{"start":{"line":135,"column":18},"end":{"line":140,"column":1}},"105":{"start":{"line":142,"column":16},"end":{"line":142,"column":32}},"106":{"start":{"line":143,"column":0},"end":{"line":143,"column":21}}},"fnMap":{"0":{"name":"modPow","decl":{"start":{"line":4,"column":9},"end":{"line":4,"column":15}},"loc":{"start":{"line":4,"column":32},"end":{"line":13,"column":1}},"line":4},"1":{"name":"solve","decl":{"start":{"line":15,"column":16},"end":{"line":15,"column":21}},"loc":{"start":{"line":15,"column":33},"end":{"line":132,"column":1}},"line":15}},"branchMap":{"0":{"loc":{"start":{"line":8,"column":8},"end":{"line":8,"column":58}},"type":"if","locations":[{"start":{"line":8,"column":8},"end":{"line":8,"column":58}},{"start":{},"end":{}}],"line":8},"1":{"loc":{"start":{"line":62,"column":16},"end":{"line":65,"column":17}},"type":"if","locations":[{"start":{"line":62,"column":16},"end":{"line":65,"column":17}},{"start":{},"end":{}}],"line":62},"2":{"loc":{"start":{"line":73,"column":16},"end":{"line":76,"column":17}},"type":"if","locations":[{"start":{"line":73,"column":16},"end":{"line":76,"column":17}},{"start":{},"end":{}}],"line":73},"3":{"loc":{"start":{"line":73,"column":20},"end":{"line":73,"column":48}},"type":"binary-expr","locations":[{"start":{"line":73,"column":20},"end":{"line":73,"column":31}},{"start":{"line":73,"column":35},"end":{"line":73,"column":48}}],"line":73},"4":{"loc":{"start":{"line":77,"column":16},"end":{"line":80,"column":17}},"type":"if","locations":[{"start":{"line":77,"column":16},"end":{"line":80,"column":17}},{"start":{},"end":{}}],"line":77},"5":{"loc":{"start":{"line":77,"column":20},"end":{"line":77,"column":48}},"type":"binary-expr","locations":[{"start":{"line":77,"column":20},"end":{"line":77,"column":32}},{"start":{"line":77,"column":36},"end":{"line":77,"column":48}}],"line":77},"6":{"loc":{"start":{"line":81,"column":16},"end":{"line":84,"column":17}},"type":"if","locations":[{"start":{"line":81,"column":16},"end":{"line":84,"column":17}},{"start":{},"end":{}}],"line":81},"7":{"loc":{"start":{"line":81,"column":20},"end":{"line":81,"column":47}},"type":"binary-expr","locations":[{"start":{"line":81,"column":20},"end":{"line":81,"column":31}},{"start":{"line":81,"column":35},"end":{"line":81,"column":47}}],"line":81},"8":{"loc":{"start":{"line":89,"column":12},"end":{"line":91,"column":13}},"type":"if","locations":[{"start":{"line":89,"column":12},"end":{"line":91,"column":13}},{"start":{},"end":{}}],"line":89},"9":{"loc":{"start":{"line":95,"column":12},"end":{"line":95,"column":96}},"type":"if","locations":[{"start":{"line":95,"column":12},"end":{"line":95,"column":96}},{"start":{},"end":{}}],"line":95},"10":{"loc":{"start":{"line":96,"column":12},"end":{"line":96,"column":96}},"type":"if","locations":[{"start":{"line":96,"column":12},"end":{"line":96,"column":96}},{"start":{},"end":{}}],"line":96},"11":{"loc":{"start":{"line":97,"column":12},"end":{"line":97,"column":96}},"type":"if","locations":[{"start":{"line":97,"column":12},"end":{"line":97,"column":96}},{"start":{},"end":{}}],"line":97}},"s":{"0":1,"1":1,"2":638,"3":638,"4":638,"5":3135,"6":1738,"7":3135,"8":3135,"9":638,"10":11,"11":11,"12":11,"13":11,"14":11,"15":11,"16":11,"17":2200044,"18":11,"19":11,"20":11,"21":110,"22":110,"23":495,"24":11,"25":11,"26":11,"27":110,"28":11,"29":11,"30":11,"31":495,"32":495,"33":11,"34":15,"35":15,"36":15,"37":15,"38":15,"39":15,"40":15,"41":15,"42":15,"43":15,"44":15,"45":66,"46":66,"47":66,"48":66,"49":66,"50":660,"51":126,"52":126,"53":66,"54":66,"55":2970,"56":2970,"57":2970,"58":2970,"59":771,"60":771,"61":2970,"62":155,"63":155,"64":2970,"65":104,"66":104,"67":15,"68":15,"69":150,"70":45,"71":15,"72":15,"73":675,"74":312,"75":675,"76":81,"77":675,"78":60,"79":15,"80":15,"81":15,"82":150,"83":15,"84":15,"85":15,"86":675,"87":675,"88":675,"89":675,"90":675,"91":675,"92":675,"93":15,"94":15,"95":15,"96":15,"97":150,"98":15,"99":15,"100":675,"101":15,"102":15,"103":11,"104":1,"105":1,"106":1},"f":{"0":638,"1":11},"b":{"0":[1738,1397],"1":[126,534],"2":[771,2199],"3":[2970,875],"4":[155,2815],"5":[2970,259],"6":[104,2866],"7":[2970,875],"8":[45,105],"9":[312,363],"10":[81,594],"11":[60,615]},"_coverageSchema":"1a1c01bbd47fc00a2c39e90264f33305004495a9","hash":"73e3a6e054ea3d2342c396134da40ee24b7cb084"}
}
