TN:
SF:solutions-descriptive\42.js
FN:4,powmod
FN:44,solve
FNF:2
FNH:2
FNDA:58,powmod
FNDA:10,solve
DA:1,1
DA:2,1
DA:5,58
DA:6,58
DA:7,58
DA:8,285
DA:9,285
DA:10,285
DA:12,58
DA:15,1
DA:16,1
DA:17,1
DA:19,1
DA:20,1
DA:21,1
DA:22,200004
DA:25,1
DA:26,1
DA:27,10
DA:28,45
DA:32,1
DA:33,1
DA:34,1
DA:35,10
DA:38,1
DA:39,1
DA:40,1
DA:41,45
DA:45,10
DA:46,10
DA:47,10
DA:49,10
DA:50,10
DA:51,10
DA:52,10
DA:53,10
DA:54,10
DA:55,10
DA:56,10
DA:57,10
DA:58,10
DA:60,10
DA:61,10
DA:62,10
DA:64,10
DA:65,10
DA:66,0
DA:67,0
DA:71,0
DA:72,0
DA:73,0
DA:75,0
DA:76,0
DA:77,0
DA:79,0
DA:80,0
DA:81,0
DA:83,0
DA:84,0
DA:85,0
DA:90,0
DA:91,0
DA:92,0
DA:96,0
DA:97,0
DA:98,0
DA:99,0
DA:102,0
DA:103,0
DA:104,0
DA:106,0
DA:107,0
DA:108,0
DA:109,0
DA:110,0
DA:111,0
DA:112,0
DA:113,0
DA:114,0
DA:117,0
DA:118,0
DA:119,0
DA:121,0
DA:122,0
DA:125,0
DA:126,0
LF:86
LH:46
BRDA:8,0,0,158
BRDA:8,0,1,127
BRDA:65,1,0,0
BRDA:65,1,1,0
BRDA:75,2,0,0
BRDA:75,2,1,0
BRDA:75,3,0,0
BRDA:75,3,1,0
BRDA:79,4,0,0
BRDA:79,4,1,0
BRDA:79,5,0,0
BRDA:79,5,1,0
BRDA:83,6,0,0
BRDA:83,6,1,0
BRDA:83,7,0,0
BRDA:83,7,1,0
BRDA:91,8,0,0
BRDA:91,8,1,0
BRDA:97,9,0,0
BRDA:97,9,1,0
BRDA:98,10,0,0
BRDA:98,10,1,0
BRDA:99,11,0,0
BRDA:99,11,1,0
BRF:24
BRH:2
end_of_record
