TN:
SF:solutions-descriptive\42.js
FN:4,modPow
FN:15,solve
FNF:2
FNH:2
FNDA:638,modPow
FNDA:11,solve
DA:1,1
DA:2,1
DA:5,638
DA:6,638
DA:7,638
DA:8,3135
DA:9,3135
DA:10,3135
DA:12,638
DA:16,11
DA:17,11
DA:18,11
DA:19,11
DA:21,11
DA:22,11
DA:23,2200044
DA:26,11
DA:27,11
DA:28,110
DA:29,495
DA:33,11
DA:34,11
DA:35,110
DA:38,11
DA:39,11
DA:40,495
DA:41,495
DA:44,11
DA:45,15
DA:46,15
DA:48,15
DA:49,15
DA:50,15
DA:51,15
DA:52,15
DA:53,15
DA:54,15
DA:56,15
DA:57,66
DA:58,66
DA:59,66
DA:61,66
DA:62,660
DA:63,126
DA:64,126
DA:68,66
DA:69,2970
DA:70,2970
DA:71,2970
DA:73,2970
DA:74,771
DA:75,771
DA:77,2970
DA:78,155
DA:79,155
DA:81,2970
DA:82,104
DA:83,104
DA:88,15
DA:89,150
DA:90,45
DA:94,15
DA:95,675
DA:96,675
DA:97,675
DA:100,15
DA:101,15
DA:102,150
DA:105,15
DA:106,15
DA:107,675
DA:108,675
DA:109,675
DA:111,675
DA:112,675
DA:113,675
DA:115,675
DA:118,15
DA:119,15
DA:120,15
DA:121,150
DA:123,15
DA:124,675
DA:127,15
DA:128,15
DA:131,11
DA:135,1
DA:142,1
DA:143,1
LF:89
LH:89
BRDA:8,0,0,1738
BRDA:8,0,1,1397
BRDA:62,1,0,126
BRDA:62,1,1,534
BRDA:73,2,0,771
BRDA:73,2,1,2199
BRDA:73,3,0,2970
BRDA:73,3,1,875
BRDA:77,4,0,155
BRDA:77,4,1,2815
BRDA:77,5,0,2970
BRDA:77,5,1,259
BRDA:81,6,0,104
BRDA:81,6,1,2866
BRDA:81,7,0,2970
BRDA:81,7,1,875
BRDA:89,8,0,45
BRDA:89,8,1,105
BRDA:95,9,0,312
BRDA:95,9,1,363
BRDA:96,10,0,81
BRDA:96,10,1,594
BRDA:97,11,0,60
BRDA:97,11,1,615
BRF:24
BRH:24
end_of_record
