<?xml version="1.0" encoding="UTF-8"?>
<coverage generated="1754656099916" clover="3.2.0">
  <project timestamp="1754656099917" name="All files">
    <metrics statements="19" coveredstatements="6" conditionals="2" coveredconditionals="0" methods="2" coveredmethods="1" elements="23" coveredelements="7" complexity="0" loc="19" ncloc="19" packages="1" files="1" classes="1"/>
    <file name="31.js" path="E:\desktop\Thesis\solutions-descriptive\31.js">
      <metrics statements="19" coveredstatements="6" conditionals="2" coveredconditionals="0" methods="2" coveredmethods="1"/>
      <line num="1" count="1" type="stmt"/>
      <line num="4" count="0" type="stmt"/>
      <line num="5" count="0" type="stmt"/>
      <line num="6" count="0" type="stmt"/>
      <line num="7" count="0" type="stmt"/>
      <line num="8" count="0" type="stmt"/>
      <line num="9" count="0" type="stmt"/>
      <line num="10" count="0" type="stmt"/>
      <line num="12" count="0" type="stmt"/>
      <line num="14" count="0" type="stmt"/>
      <line num="18" count="10" type="stmt"/>
      <line num="19" count="10" type="stmt"/>
      <line num="20" count="10" type="stmt"/>
      <line num="21" count="10" type="stmt"/>
      <line num="22" count="10" type="cond" truecount="0" falsecount="2"/>
      <line num="23" count="0" type="stmt"/>
      <line num="25" count="0" type="stmt"/>
      <line num="26" count="0" type="stmt"/>
      <line num="28" count="0" type="stmt"/>
    </file>
  </project>
</coverage>
