TN:
SF:solutions-algorithm\41.js
FN:2,solve
FN:42,(anonymous_1)
FN:46,(anonymous_2)
FN:48,(anonymous_3)
FN:51,(anonymous_4)
FN:55,(anonymous_5)
FNF:6
FNH:6
FNDA:11,solve
FNDA:11,(anonymous_1)
FNDA:31,(anonymous_2)
FNDA:8,(anonymous_3)
FNDA:31,(anonymous_4)
FNDA:42,(anonymous_5)
DA:3,11
DA:4,32
DA:5,11
DA:6,26
DA:9,11
DA:10,11
DA:11,11
DA:13,32
DA:14,11
DA:15,11
DA:17,11
DA:18,31
DA:19,31
DA:20,23
DA:21,23
DA:22,20
DA:23,20
DA:24,20
DA:29,11
DA:31,9
DA:32,9
DA:33,9
DA:34,22
DA:35,22
DA:37,9
DA:43,11
DA:47,31
DA:48,31
DA:52,31
DA:56,42
LF:30
LH:30
BRDA:6,0,0,24
BRDA:6,0,1,2
BRDA:21,1,0,20
BRDA:21,1,1,3
BRDA:29,2,0,2
BRDA:29,2,1,9
BRF:6
BRH:6
end_of_record
