<?xml version="1.0" encoding="UTF-8"?>
<coverage generated="1755794279108" clover="3.2.0">
  <project timestamp="1755794279108" name="All files">
    <metrics statements="86" coveredstatements="86" conditionals="24" coveredconditionals="24" methods="2" coveredmethods="2" elements="112" coveredelements="112" complexity="0" loc="86" ncloc="86" packages="1" files="1" classes="1"/>
    <file name="42.js" path="E:\desktop\Thesis\solutions-descriptive\42.js">
      <metrics statements="86" coveredstatements="86" conditionals="24" coveredconditionals="24" methods="2" coveredmethods="2"/>
      <line num="1" count="1" type="stmt"/>
      <line num="2" count="1" type="stmt"/>
      <line num="5" count="58" type="stmt"/>
      <line num="6" count="58" type="stmt"/>
      <line num="7" count="58" type="stmt"/>
      <line num="8" count="285" type="cond" truecount="2" falsecount="0"/>
      <line num="9" count="285" type="stmt"/>
      <line num="10" count="285" type="stmt"/>
      <line num="12" count="58" type="stmt"/>
      <line num="15" count="1" type="stmt"/>
      <line num="16" count="1" type="stmt"/>
      <line num="17" count="1" type="stmt"/>
      <line num="19" count="1" type="stmt"/>
      <line num="20" count="1" type="stmt"/>
      <line num="21" count="1" type="stmt"/>
      <line num="22" count="200004" type="stmt"/>
      <line num="25" count="1" type="stmt"/>
      <line num="26" count="1" type="stmt"/>
      <line num="27" count="10" type="stmt"/>
      <line num="28" count="45" type="stmt"/>
      <line num="32" count="1" type="stmt"/>
      <line num="33" count="1" type="stmt"/>
      <line num="34" count="1" type="stmt"/>
      <line num="35" count="10" type="stmt"/>
      <line num="38" count="1" type="stmt"/>
      <line num="39" count="1" type="stmt"/>
      <line num="40" count="1" type="stmt"/>
      <line num="41" count="45" type="stmt"/>
      <line num="45" count="11" type="stmt"/>
      <line num="46" count="11" type="stmt"/>
      <line num="47" count="11" type="stmt"/>
      <line num="49" count="11" type="stmt"/>
      <line num="50" count="11" type="stmt"/>
      <line num="51" count="11" type="stmt"/>
      <line num="52" count="11" type="stmt"/>
      <line num="53" count="11" type="stmt"/>
      <line num="54" count="11" type="stmt"/>
      <line num="55" count="11" type="stmt"/>
      <line num="56" count="11" type="stmt"/>
      <line num="57" count="11" type="stmt"/>
      <line num="58" count="11" type="stmt"/>
      <line num="60" count="11" type="stmt"/>
      <line num="61" count="202025" type="stmt"/>
      <line num="62" count="202025" type="stmt"/>
      <line num="64" count="202025" type="stmt"/>
      <line num="65" count="2020250" type="cond" truecount="2" falsecount="0"/>
      <line num="66" count="2004082" type="stmt"/>
      <line num="67" count="2004082" type="stmt"/>
      <line num="71" count="202025" type="stmt"/>
      <line num="72" count="9091125" type="stmt"/>
      <line num="73" count="9091125" type="stmt"/>
      <line num="75" count="9091125" type="cond" truecount="4" falsecount="0"/>
      <line num="76" count="30166" type="stmt"/>
      <line num="77" count="30166" type="stmt"/>
      <line num="79" count="9091125" type="cond" truecount="4" falsecount="0"/>
      <line num="80" count="2088" type="stmt"/>
      <line num="81" count="2088" type="stmt"/>
      <line num="83" count="9091125" type="cond" truecount="4" falsecount="0"/>
      <line num="84" count="9002242" type="stmt"/>
      <line num="85" count="9002242" type="stmt"/>
      <line num="90" count="11" type="stmt"/>
      <line num="91" count="110" type="cond" truecount="2" falsecount="0"/>
      <line num="92" count="32" type="stmt"/>
      <line num="96" count="11" type="stmt"/>
      <line num="97" count="495" type="cond" truecount="2" falsecount="0"/>
      <line num="98" count="495" type="cond" truecount="2" falsecount="0"/>
      <line num="99" count="495" type="cond" truecount="2" falsecount="0"/>
      <line num="102" count="11" type="stmt"/>
      <line num="103" count="11" type="stmt"/>
      <line num="104" count="110" type="stmt"/>
      <line num="106" count="11" type="stmt"/>
      <line num="107" count="11" type="stmt"/>
      <line num="108" count="495" type="stmt"/>
      <line num="109" count="495" type="stmt"/>
      <line num="110" count="495" type="stmt"/>
      <line num="111" count="495" type="stmt"/>
      <line num="112" count="495" type="stmt"/>
      <line num="113" count="495" type="stmt"/>
      <line num="114" count="495" type="stmt"/>
      <line num="117" count="11" type="stmt"/>
      <line num="118" count="11" type="stmt"/>
      <line num="119" count="110" type="stmt"/>
      <line num="121" count="11" type="stmt"/>
      <line num="122" count="495" type="stmt"/>
      <line num="125" count="11" type="stmt"/>
      <line num="126" count="11" type="stmt"/>
    </file>
  </project>
</coverage>
