<?xml version="1.0" encoding="UTF-8"?>
<coverage generated="1754580322581" clover="3.2.0">
  <project timestamp="1754580322581" name="All files">
    <metrics statements="89" coveredstatements="89" conditionals="24" coveredconditionals="24" methods="2" coveredmethods="2" elements="115" coveredelements="115" complexity="0" loc="89" ncloc="89" packages="1" files="1" classes="1"/>
    <file name="42.js" path="C:\Users\ASUS\OneDrive\Documents\GitHub\Thesis\solutions-descriptive\42.js">
      <metrics statements="89" coveredstatements="89" conditionals="24" coveredconditionals="24" methods="2" coveredmethods="2"/>
      <line num="1" count="1" type="stmt"/>
      <line num="2" count="1" type="stmt"/>
      <line num="5" count="696" type="stmt"/>
      <line num="6" count="696" type="stmt"/>
      <line num="7" count="696" type="stmt"/>
      <line num="8" count="3420" type="cond" truecount="2" falsecount="0"/>
      <line num="9" count="3420" type="stmt"/>
      <line num="10" count="3420" type="stmt"/>
      <line num="12" count="696" type="stmt"/>
      <line num="16" count="12" type="stmt"/>
      <line num="17" count="12" type="stmt"/>
      <line num="18" count="12" type="stmt"/>
      <line num="19" count="12" type="stmt"/>
      <line num="21" count="12" type="stmt"/>
      <line num="22" count="12" type="stmt"/>
      <line num="23" count="2400048" type="stmt"/>
      <line num="26" count="12" type="stmt"/>
      <line num="27" count="12" type="stmt"/>
      <line num="28" count="120" type="stmt"/>
      <line num="29" count="540" type="stmt"/>
      <line num="33" count="12" type="stmt"/>
      <line num="34" count="12" type="stmt"/>
      <line num="35" count="120" type="stmt"/>
      <line num="38" count="12" type="stmt"/>
      <line num="39" count="12" type="stmt"/>
      <line num="40" count="540" type="stmt"/>
      <line num="41" count="540" type="stmt"/>
      <line num="44" count="12" type="stmt"/>
      <line num="45" count="14" type="stmt"/>
      <line num="46" count="14" type="stmt"/>
      <line num="48" count="14" type="stmt"/>
      <line num="49" count="14" type="stmt"/>
      <line num="50" count="14" type="stmt"/>
      <line num="51" count="14" type="stmt"/>
      <line num="52" count="14" type="stmt"/>
      <line num="53" count="14" type="stmt"/>
      <line num="54" count="14" type="stmt"/>
      <line num="56" count="14" type="stmt"/>
      <line num="57" count="41" type="stmt"/>
      <line num="58" count="41" type="stmt"/>
      <line num="59" count="41" type="stmt"/>
      <line num="61" count="41" type="stmt"/>
      <line num="62" count="410" type="cond" truecount="2" falsecount="0"/>
      <line num="63" count="184" type="stmt"/>
      <line num="64" count="184" type="stmt"/>
      <line num="68" count="41" type="stmt"/>
      <line num="69" count="1845" type="stmt"/>
      <line num="70" count="1845" type="stmt"/>
      <line num="71" count="1845" type="stmt"/>
      <line num="73" count="1845" type="cond" truecount="4" falsecount="0"/>
      <line num="74" count="247" type="stmt"/>
      <line num="75" count="247" type="stmt"/>
      <line num="77" count="1845" type="cond" truecount="4" falsecount="0"/>
      <line num="78" count="175" type="stmt"/>
      <line num="79" count="175" type="stmt"/>
      <line num="81" count="1845" type="cond" truecount="4" falsecount="0"/>
      <line num="82" count="617" type="stmt"/>
      <line num="83" count="617" type="stmt"/>
      <line num="88" count="14" type="stmt"/>
      <line num="89" count="140" type="cond" truecount="2" falsecount="0"/>
      <line num="90" count="50" type="stmt"/>
      <line num="94" count="14" type="stmt"/>
      <line num="95" count="630" type="cond" truecount="2" falsecount="0"/>
      <line num="96" count="630" type="cond" truecount="2" falsecount="0"/>
      <line num="97" count="630" type="cond" truecount="2" falsecount="0"/>
      <line num="100" count="14" type="stmt"/>
      <line num="101" count="14" type="stmt"/>
      <line num="102" count="140" type="stmt"/>
      <line num="105" count="14" type="stmt"/>
      <line num="106" count="14" type="stmt"/>
      <line num="107" count="630" type="stmt"/>
      <line num="108" count="630" type="stmt"/>
      <line num="109" count="630" type="stmt"/>
      <line num="111" count="630" type="stmt"/>
      <line num="112" count="630" type="stmt"/>
      <line num="113" count="630" type="stmt"/>
      <line num="115" count="630" type="stmt"/>
      <line num="118" count="14" type="stmt"/>
      <line num="119" count="14" type="stmt"/>
      <line num="120" count="14" type="stmt"/>
      <line num="121" count="140" type="stmt"/>
      <line num="123" count="14" type="stmt"/>
      <line num="124" count="630" type="stmt"/>
      <line num="127" count="14" type="stmt"/>
      <line num="128" count="14" type="stmt"/>
      <line num="131" count="12" type="stmt"/>
      <line num="135" count="1" type="stmt"/>
      <line num="142" count="1" type="stmt"/>
      <line num="143" count="1" type="stmt"/>
    </file>
  </project>
</coverage>
