TN:
SF:solutions-descriptive\42.js
FN:4,modPow
FN:15,solve
FNF:2
FNH:2
FNDA:696,modPow
FNDA:12,solve
DA:1,1
DA:2,1
DA:5,696
DA:6,696
DA:7,696
DA:8,3420
DA:9,3420
DA:10,3420
DA:12,696
DA:16,12
DA:17,12
DA:18,12
DA:19,12
DA:21,12
DA:22,12
DA:23,2400048
DA:26,12
DA:27,12
DA:28,120
DA:29,540
DA:33,12
DA:34,12
DA:35,120
DA:38,12
DA:39,12
DA:40,540
DA:41,540
DA:44,12
DA:45,14
DA:46,14
DA:48,14
DA:49,14
DA:50,14
DA:51,14
DA:52,14
DA:53,14
DA:54,14
DA:56,14
DA:57,41
DA:58,41
DA:59,41
DA:61,41
DA:62,410
DA:63,184
DA:64,184
DA:68,41
DA:69,1845
DA:70,1845
DA:71,1845
DA:73,1845
DA:74,247
DA:75,247
DA:77,1845
DA:78,175
DA:79,175
DA:81,1845
DA:82,617
DA:83,617
DA:88,14
DA:89,140
DA:90,50
DA:94,14
DA:95,630
DA:96,630
DA:97,630
DA:100,14
DA:101,14
DA:102,140
DA:105,14
DA:106,14
DA:107,630
DA:108,630
DA:109,630
DA:111,630
DA:112,630
DA:113,630
DA:115,630
DA:118,14
DA:119,14
DA:120,14
DA:121,140
DA:123,14
DA:124,630
DA:127,14
DA:128,14
DA:131,12
DA:135,1
DA:142,1
DA:143,1
LF:89
LH:89
BRDA:8,0,0,1896
BRDA:8,0,1,1524
BRDA:62,1,0,184
BRDA:62,1,1,226
BRDA:73,2,0,247
BRDA:73,2,1,1598
BRDA:73,3,0,1845
BRDA:73,3,1,864
BRDA:77,4,0,175
BRDA:77,4,1,1670
BRDA:77,5,0,1845
BRDA:77,5,1,792
BRDA:81,6,0,617
BRDA:81,6,1,1228
BRDA:81,7,0,1845
BRDA:81,7,1,864
BRDA:89,8,0,50
BRDA:89,8,1,90
BRDA:95,9,0,171
BRDA:95,9,1,459
BRDA:96,10,0,91
BRDA:96,10,1,539
BRDA:97,11,0,160
BRDA:97,11,1,470
BRF:24
BRH:24
end_of_record
