TN:
SF:solutions-descriptive\42.js
FN:4,powmod
FN:44,solve
FNF:2
FNH:2
FNDA:58,powmod
FNDA:11,solve
DA:1,1
DA:2,1
DA:5,58
DA:6,58
DA:7,58
DA:8,285
DA:9,285
DA:10,285
DA:12,58
DA:15,1
DA:16,1
DA:17,1
DA:19,1
DA:20,1
DA:21,1
DA:22,200004
DA:25,1
DA:26,1
DA:27,10
DA:28,45
DA:32,1
DA:33,1
DA:34,1
DA:35,10
DA:38,1
DA:39,1
DA:40,1
DA:41,45
DA:45,11
DA:46,11
DA:47,11
DA:49,11
DA:50,11
DA:51,11
DA:52,11
DA:53,11
DA:54,11
DA:55,11
DA:56,11
DA:57,11
DA:58,11
DA:60,11
DA:61,202025
DA:62,202025
DA:64,202025
DA:65,2020250
DA:66,2004082
DA:67,2004082
DA:71,202025
DA:72,9091125
DA:73,9091125
DA:75,9091125
DA:76,30166
DA:77,30166
DA:79,9091125
DA:80,2088
DA:81,2088
DA:83,9091125
DA:84,9002242
DA:85,9002242
DA:90,11
DA:91,110
DA:92,32
DA:96,11
DA:97,495
DA:98,495
DA:99,495
DA:102,11
DA:103,11
DA:104,110
DA:106,11
DA:107,11
DA:108,495
DA:109,495
DA:110,495
DA:111,495
DA:112,495
DA:113,495
DA:114,495
DA:117,11
DA:118,11
DA:119,110
DA:121,11
DA:122,495
DA:125,11
DA:126,11
LF:86
LH:86
BRDA:8,0,0,158
BRDA:8,0,1,127
BRDA:65,1,0,2004082
BRDA:65,1,1,16168
BRDA:75,2,0,30166
BRDA:75,2,1,9060959
BRDA:75,3,0,9091125
BRDA:75,3,1,9032408
BRDA:79,4,0,2088
BRDA:79,4,1,9089037
BRDA:79,5,0,9091125
BRDA:79,5,1,9004330
BRDA:83,6,0,9002242
BRDA:83,6,1,88883
BRDA:83,7,0,9091125
BRDA:83,7,1,9032408
BRDA:91,8,0,32
BRDA:91,8,1,78
BRDA:97,9,0,142
BRDA:97,9,1,353
BRDA:98,10,0,48
BRDA:98,10,1,447
BRDA:99,11,0,83
BRDA:99,11,1,412
BRF:24
BRH:24
end_of_record
