TN:
SF:solutions-descriptive\22.js
FN:1,solve
FN:22,(anonymous_1)
FN:47,testing_test
FNF:3
FNH:3
FNDA:4,solve
FNDA:2287,(anonymous_1)
FNDA:1,testing_test
DA:2,4
DA:3,4
DA:5,4
DA:6,120
DA:7,120
DA:9,120
DA:10,540
DA:11,540
DA:12,540
DA:13,540
DA:15,540
DA:16,530
DA:17,530
DA:22,2287
DA:24,120
DA:25,120
DA:27,120
DA:28,594
DA:29,594
DA:30,59
DA:31,59
DA:35,120
DA:36,59
DA:37,59
DA:39,61
DA:43,4
DA:48,1
DA:67,1
DA:68,4
DA:69,4
DA:70,4
DA:74,1
LF:32
LH:32
BRDA:15,0,0,530
BRDA:15,0,1,10
BRDA:29,1,0,59
BRDA:29,1,1,535
BRDA:35,2,0,59
BRDA:35,2,1,61
BRDA:43,3,0,1
BRDA:43,3,1,3
BRDA:70,4,0,4
BRDA:70,4,1,0
BRF:10
BRH:9
end_of_record
