TN:
SF:solutions-descriptive\8.js
FN:1,solve
FN:2,(anonymous_1)
FN:3,(anonymous_2)
FNF:3
FNH:3
FNDA:14,solve
FNDA:200029,(anonymous_1)
FNDA:200028,(anonymous_2)
DA:2,200029
DA:3,200028
DA:5,14
DA:6,14
DA:9,14
DA:10,100015
DA:14,14
DA:15,100015
DA:18,14
DA:19,14
DA:21,14
DA:22,14
DA:23,14
DA:24,14
DA:26,14
DA:27,133353
DA:28,8333
DA:29,8333
DA:30,8333
DA:31,8333
DA:34,133353
DA:35,0
DA:36,0
DA:37,0
DA:38,0
DA:41,133353
DA:42,8337
DA:43,8337
DA:44,125016
DA:45,3
DA:46,3
DA:47,125013
DA:48,75008
DA:49,75008
DA:51,50005
DA:52,50005
DA:55,133353
DA:58,14
DA:59,13
DA:62,14
LF:40
LH:36
BRDA:27,0,0,8333
BRDA:27,0,1,125020
BRDA:34,1,0,0
BRDA:34,1,1,133353
BRDA:41,2,0,8337
BRDA:41,2,1,125016
BRDA:44,3,0,3
BRDA:44,3,1,125013
BRDA:47,4,0,75008
BRDA:47,4,1,50005
BRDA:58,5,0,13
BRDA:58,5,1,1
BRF:12
BRH:11
end_of_record
