TN:
SF:solutions-algorithm\45.js
FN:3,solve
FN:5,(anonymous_1)
FN:6,(anonymous_2)
FN:13,dfs
FNF:4
FNH:4
FNDA:11,solve
FNDA:64,(anonymous_1)
FNDA:462,(anonymous_2)
FNDA:286,dfs
DA:1,1
DA:4,11
DA:5,11
DA:6,462
DA:8,11
DA:9,11
DA:10,42
DA:14,286
DA:15,247
DA:16,215
DA:18,141
DA:19,141
DA:20,134
DA:22,141
DA:23,141
DA:26,141
DA:27,141
DA:30,11
LF:18
LH:18
BRDA:14,0,0,39
BRDA:14,0,1,247
BRDA:15,1,0,32
BRDA:15,1,1,215
BRDA:16,2,0,74
BRDA:16,2,1,141
BRDA:19,3,0,134
BRDA:19,3,1,7
BRDA:19,4,0,141
BRDA:19,4,1,66
BRDA:22,5,0,141
BRDA:22,5,1,0
BRF:12
BRH:11
end_of_record
