<?xml version="1.0" encoding="UTF-8"?>
<coverage generated="1754576949730" clover="3.2.0">
  <project timestamp="1754576949730" name="All files">
    <metrics statements="42" coveredstatements="39" conditionals="22" coveredconditionals="19" methods="2" coveredmethods="2" elements="66" coveredelements="60" complexity="0" loc="42" ncloc="42" packages="1" files="1" classes="1"/>
    <file name="32.js" path="C:\Users\ASUS\OneDrive\Documents\GitHub\Thesis\solutions-descriptive\32.js">
      <metrics statements="42" coveredstatements="39" conditionals="22" coveredconditionals="19" methods="2" coveredmethods="2"/>
      <line num="1" count="1" type="stmt"/>
      <line num="2" count="1" type="stmt"/>
      <line num="3" count="1" type="stmt"/>
      <line num="6" count="1" type="stmt"/>
      <line num="7" count="399999" type="cond" truecount="2" falsecount="0"/>
      <line num="8" count="33860" type="stmt"/>
      <line num="9" count="33860" type="stmt"/>
      <line num="11" count="399999" type="stmt"/>
      <line num="12" count="634103" type="stmt"/>
      <line num="13" count="634103" type="cond" truecount="2" falsecount="0"/>
      <line num="14" count="366139" type="stmt"/>
      <line num="15" count="366139" type="cond" truecount="2" falsecount="0"/>
      <line num="20" count="1" type="stmt"/>
      <line num="23" count="18" type="cond" truecount="2" falsecount="0"/>
      <line num="24" count="1" type="stmt"/>
      <line num="25" count="1" type="stmt"/>
      <line num="28" count="18" type="stmt"/>
      <line num="29" count="18" type="stmt"/>
      <line num="30" count="18" type="stmt"/>
      <line num="31" count="70" type="stmt"/>
      <line num="34" count="18" type="stmt"/>
      <line num="35" count="18" type="stmt"/>
      <line num="36" count="56" type="stmt"/>
      <line num="37" count="56" type="cond" truecount="2" falsecount="0"/>
      <line num="38" count="34" type="cond" truecount="2" falsecount="0"/>
      <line num="39" count="3" type="stmt"/>
      <line num="40" count="3" type="stmt"/>
      <line num="42" count="31" type="stmt"/>
      <line num="46" count="15" type="cond" truecount="2" falsecount="0"/>
      <line num="47" count="8" type="stmt"/>
      <line num="48" count="8" type="stmt"/>
      <line num="51" count="7" type="stmt"/>
      <line num="52" count="13" type="stmt"/>
      <line num="53" count="13" type="cond" truecount="2" falsecount="0"/>
      <line num="54" count="6" type="cond" truecount="1" falsecount="1"/>
      <line num="55" count="6" type="cond" truecount="2" falsecount="0"/>
      <line num="56" count="3" type="stmt"/>
      <line num="57" count="3" type="stmt"/>
      <line num="59" count="0" type="cond" truecount="0" falsecount="2"/>
      <line num="60" count="0" type="stmt"/>
      <line num="61" count="0" type="stmt"/>
      <line num="65" count="4" type="stmt"/>
    </file>
  </project>
</coverage>
