<?xml version="1.0" encoding="UTF-8"?>
<coverage generated="1754686503101" clover="3.2.0">
  <project timestamp="1754686503101" name="All files">
    <metrics statements="12" coveredstatements="12" conditionals="4" coveredconditionals="4" methods="2" coveredmethods="2" elements="18" coveredelements="18" complexity="0" loc="12" ncloc="12" packages="1" files="1" classes="1"/>
    <file name="46.js" path="E:\desktop\Thesis\solutions-algorithm\46.js">
      <metrics statements="12" coveredstatements="12" conditionals="4" coveredconditionals="4" methods="2" coveredmethods="2"/>
      <line num="3" count="16" type="stmt"/>
      <line num="4" count="16" type="stmt"/>
      <line num="7" count="16" type="stmt"/>
      <line num="8" count="4076" type="stmt"/>
      <line num="9" count="4076" type="cond" truecount="2" falsecount="0"/>
      <line num="10" count="4076" type="cond" truecount="2" falsecount="0"/>
      <line num="11" count="4076" type="stmt"/>
      <line num="16" count="4092" type="stmt"/>
      <line num="17" count="4092" type="stmt"/>
      <line num="18" count="4076" type="stmt"/>
      <line num="22" count="16" type="stmt"/>
      <line num="23" count="16" type="stmt"/>
    </file>
  </project>
</coverage>
