{"E:\\desktop\\Thesis\\solutions-algorithm\\46.js": {"path":"E:\\desktop\\Thesis\\solutions-algorithm\\46.js","statementMap":{"0":{"start":{"line":3,"column":18},"end":{"line":3,"column":20}},"1":{"start":{"line":4,"column":19},"end":{"line":4,"column":20}},"2":{"start":{"line":7,"column":4},"end":{"line":12,"column":5}},"3":{"start":{"line":7,"column":17},"end":{"line":7,"column":18}},"4":{"start":{"line":8,"column":23},"end":{"line":8,"column":38}},"5":{"start":{"line":9,"column":8},"end":{"line":9,"column":37}},"6":{"start":{"line":9,"column":23},"end":{"line":9,"column":37}},"7":{"start":{"line":10,"column":8},"end":{"line":10,"column":47}},"8":{"start":{"line":10,"column":28},"end":{"line":10,"column":47}},"9":{"start":{"line":11,"column":8},"end":{"line":11,"column":30}},"10":{"start":{"line":16,"column":8},"end":{"line":16,"column":45}},"11":{"start":{"line":17,"column":8},"end":{"line":19,"column":9}},"12":{"start":{"line":18,"column":12},"end":{"line":18,"column":34}},"13":{"start":{"line":22,"column":4},"end":{"line":22,"column":15}},"14":{"start":{"line":23,"column":4},"end":{"line":23,"column":20}}},"fnMap":{"0":{"name":"solve","decl":{"start":{"line":2,"column":16},"end":{"line":2,"column":21}},"loc":{"start":{"line":2,"column":35},"end":{"line":24,"column":1}},"line":2},"1":{"name":"dfs","decl":{"start":{"line":15,"column":13},"end":{"line":15,"column":16}},"loc":{"start":{"line":15,"column":30},"end":{"line":20,"column":5}},"line":15}},"branchMap":{"0":{"loc":{"start":{"line":9,"column":8},"end":{"line":9,"column":37}},"type":"if","locations":[{"start":{"line":9,"column":8},"end":{"line":9,"column":37}},{"start":{},"end":{}}],"line":9},"1":{"loc":{"start":{"line":10,"column":8},"end":{"line":10,"column":47}},"type":"if","locations":[{"start":{"line":10,"column":8},"end":{"line":10,"column":47}},{"start":{},"end":{}}],"line":10}},"s":{"0":16,"1":16,"2":16,"3":16,"4":4076,"5":4076,"6":4074,"7":4076,"8":18,"9":4076,"10":4092,"11":4092,"12":4076,"13":16,"14":16},"f":{"0":16,"1":4092},"b":{"0":[4074,2],"1":[18,4058]},"_coverageSchema":"1a1c01bbd47fc00a2c39e90264f33305004495a9","hash":"6df5a44c2491efe0b2c8fcb963a0a3280e9f97cc"}
}
