TN:
SF:solutions-descriptive\7.js
FN:1,solve
FN:5,(anonymous_1)
FN:50,(anonymous_2)
FN:62,(anonymous_3)
FN:66,(anonymous_4)
FN:74,(anonymous_5)
FN:102,(anonymous_6)
FN:106,(anonymous_7)
FN:107,(anonymous_8)
FNF:9
FNH:9
FNDA:17,solve
FNDA:4116,(anonymous_1)
FNDA:17,(anonymous_2)
FNDA:2058,(anonymous_3)
FNDA:4150,(anonymous_4)
FNDA:17,(anonymous_5)
FNDA:2075,(anonymous_6)
FNDA:2075,(anonymous_7)
FNDA:4116,(anonymous_8)
DA:2,17
DA:3,17
DA:4,17
DA:5,4116
DA:6,2058
DA:8,17
DA:10,17
DA:11,17
DA:12,17
DA:14,17
DA:15,2075
DA:16,2075
DA:17,2075
DA:18,2058
DA:22,17
DA:23,17
DA:24,1052
DA:27,17
DA:28,17
DA:29,2075
DA:30,2075
DA:33,17
DA:34,1052
DA:37,17
DA:38,2075
DA:39,2075
DA:40,2058
DA:42,2075
DA:43,2075
DA:46,17
DA:51,17
DA:52,17
DA:53,17
DA:54,17
DA:55,17
DA:56,17
DA:57,17
DA:58,17
DA:59,17
DA:63,2058
DA:67,4150
DA:68,4150
DA:69,8232
DA:71,4150
DA:75,4116
DA:76,2092
DA:77,17
DA:78,17
DA:79,4116
DA:80,4116
DA:81,4116
DA:84,17
DA:85,17
DA:86,17
DA:87,17
DA:89,17
DA:90,2075
DA:91,4116
DA:92,2058
DA:93,2058
DA:94,2058
DA:99,17
DA:103,2075
DA:107,4116
LF:64
LH:64
BRDA:17,0,0,2058
BRDA:17,0,1,17
BRDA:91,1,0,2058
BRDA:91,1,1,2058
BRF:4
BRH:4
end_of_record
