{"E:\\desktop\\Thesis\\solutions-descriptive\\37.js": {"path":"E:\\desktop\\Thesis\\solutions-descriptive\\37.js","statementMap":{"0":{"start":{"line":1,"column":18},"end":{"line":1,"column":25}},"1":{"start":{"line":5,"column":4},"end":{"line":5,"column":32}},"2":{"start":{"line":9,"column":4},"end":{"line":9,"column":35}},"3":{"start":{"line":9,"column":24},"end":{"line":9,"column":35}},"4":{"start":{"line":11,"column":26},"end":{"line":11,"column":52}},"5":{"start":{"line":12,"column":21},"end":{"line":12,"column":38}},"6":{"start":{"line":13,"column":24},"end":{"line":13,"column":44}},"7":{"start":{"line":16,"column":29},"end":{"line":16,"column":34}},"8":{"start":{"line":17,"column":4},"end":{"line":22,"column":5}},"9":{"start":{"line":17,"column":17},"end":{"line":17,"column":18}},"10":{"start":{"line":18,"column":8},"end":{"line":21,"column":9}},"11":{"start":{"line":19,"column":12},"end":{"line":19,"column":38}},"12":{"start":{"line":20,"column":12},"end":{"line":20,"column":18}},"13":{"start":{"line":24,"column":4},"end":{"line":24,"column":39}},"14":{"start":{"line":24,"column":28},"end":{"line":24,"column":39}},"15":{"start":{"line":26,"column":25},"end":{"line":26,"column":56}},"16":{"start":{"line":27,"column":21},"end":{"line":27,"column":65}},"17":{"start":{"line":27,"column":38},"end":{"line":27,"column":64}},"18":{"start":{"line":28,"column":22},"end":{"line":30,"column":38}},"19":{"start":{"line":29,"column":25},"end":{"line":29,"column":57}},"20":{"start":{"line":32,"column":22},"end":{"line":32,"column":23}},"21":{"start":{"line":33,"column":24},"end":{"line":33,"column":39}},"22":{"start":{"line":35,"column":21},"end":{"line":35,"column":59}},"23":{"start":{"line":36,"column":22},"end":{"line":36,"column":60}},"24":{"start":{"line":37,"column":26},"end":{"line":37,"column":64}},"25":{"start":{"line":38,"column":26},"end":{"line":38,"column":64}},"26":{"start":{"line":40,"column":4},"end":{"line":105,"column":5}},"27":{"start":{"line":40,"column":17},"end":{"line":40,"column":18}},"28":{"start":{"line":41,"column":29},"end":{"line":41,"column":34}},"29":{"start":{"line":42,"column":28},"end":{"line":42,"column":39}},"30":{"start":{"line":43,"column":29},"end":{"line":43,"column":44}},"31":{"start":{"line":46,"column":8},"end":{"line":82,"column":9}},"32":{"start":{"line":47,"column":28},"end":{"line":47,"column":29}},"33":{"start":{"line":48,"column":23},"end":{"line":48,"column":24}},"34":{"start":{"line":49,"column":33},"end":{"line":49,"column":45}},"35":{"start":{"line":51,"column":12},"end":{"line":67,"column":13}},"36":{"start":{"line":51,"column":27},"end":{"line":51,"column":44}},"37":{"start":{"line":52,"column":36},"end":{"line":52,"column":61}},"38":{"start":{"line":53,"column":33},"end":{"line":53,"column":58}},"39":{"start":{"line":56,"column":16},"end":{"line":63,"column":17}},"40":{"start":{"line":57,"column":39},"end":{"line":57,"column":51}},"41":{"start":{"line":58,"column":34},"end":{"line":58,"column":85}},"42":{"start":{"line":59,"column":20},"end":{"line":62,"column":21}},"43":{"start":{"line":60,"column":47},"end":{"line":60,"column":111}},"44":{"start":{"line":61,"column":24},"end":{"line":61,"column":83}},"45":{"start":{"line":61,"column":56},"end":{"line":61,"column":83}},"46":{"start":{"line":65,"column":32},"end":{"line":65,"column":54}},"47":{"start":{"line":66,"column":16},"end":{"line":66,"column":72}},"48":{"start":{"line":70,"column":12},"end":{"line":73,"column":13}},"49":{"start":{"line":71,"column":39},"end":{"line":71,"column":101}},"50":{"start":{"line":72,"column":16},"end":{"line":72,"column":75}},"51":{"start":{"line":72,"column":48},"end":{"line":72,"column":75}},"52":{"start":{"line":75,"column":12},"end":{"line":81,"column":13}},"53":{"start":{"line":76,"column":38},"end":{"line":76,"column":66}},"54":{"start":{"line":77,"column":16},"end":{"line":80,"column":17}},"55":{"start":{"line":78,"column":20},"end":{"line":78,"column":50}},"56":{"start":{"line":79,"column":20},"end":{"line":79,"column":51}},"57":{"start":{"line":79,"column":45},"end":{"line":79,"column":51}},"58":{"start":{"line":85,"column":8},"end":{"line":86,"column":45}},"59":{"start":{"line":85,"column":31},"end":{"line":85,"column":63}},"60":{"start":{"line":86,"column":13},"end":{"line":86,"column":45}},"61":{"start":{"line":88,"column":19},"end":{"line":88,"column":20}},"62":{"start":{"line":89,"column":8},"end":{"line":104,"column":9}},"63":{"start":{"line":89,"column":23},"end":{"line":89,"column":40}},"64":{"start":{"line":90,"column":29},"end":{"line":90,"column":54}},"65":{"start":{"line":91,"column":24},"end":{"line":91,"column":73}},"66":{"start":{"line":93,"column":12},"end":{"line":98,"column":13}},"67":{"start":{"line":94,"column":16},"end":{"line":94,"column":30}},"68":{"start":{"line":95,"column":16},"end":{"line":96,"column":51}},"69":{"start":{"line":95,"column":36},"end":{"line":95,"column":65}},"70":{"start":{"line":96,"column":21},"end":{"line":96,"column":51}},"71":{"start":{"line":97,"column":16},"end":{"line":97,"column":36}},"72":{"start":{"line":100,"column":12},"end":{"line":100,"column":25}},"73":{"start":{"line":102,"column":12},"end":{"line":103,"column":52}},"74":{"start":{"line":102,"column":35},"end":{"line":102,"column":70}},"75":{"start":{"line":103,"column":17},"end":{"line":103,"column":52}},"76":{"start":{"line":107,"column":4},"end":{"line":107,"column":74}}},"fnMap":{"0":{"name":"getBitLength","decl":{"start":{"line":4,"column":9},"end":{"line":4,"column":21}},"loc":{"start":{"line":4,"column":25},"end":{"line":6,"column":1}},"line":4},"1":{"name":"solve","decl":{"start":{"line":8,"column":16},"end":{"line":8,"column":21}},"loc":{"start":{"line":8,"column":52},"end":{"line":108,"column":1}},"line":8},"2":{"name":"(anonymous_2)","decl":{"start":{"line":27,"column":31},"end":{"line":27,"column":32}},"loc":{"start":{"line":27,"column":38},"end":{"line":27,"column":64}},"line":27},"3":{"name":"(anonymous_3)","decl":{"start":{"line":29,"column":18},"end":{"line":29,"column":19}},"loc":{"start":{"line":29,"column":25},"end":{"line":29,"column":57}},"line":29}},"branchMap":{"0":{"loc":{"start":{"line":9,"column":4},"end":{"line":9,"column":35}},"type":"if","locations":[{"start":{"line":9,"column":4},"end":{"line":9,"column":35}},{"start":{},"end":{}}],"line":9},"1":{"loc":{"start":{"line":18,"column":8},"end":{"line":21,"column":9}},"type":"if","locations":[{"start":{"line":18,"column":8},"end":{"line":21,"column":9}},{"start":{},"end":{}}],"line":18},"2":{"loc":{"start":{"line":24,"column":4},"end":{"line":24,"column":39}},"type":"if","locations":[{"start":{"line":24,"column":4},"end":{"line":24,"column":39}},{"start":{},"end":{}}],"line":24},"3":{"loc":{"start":{"line":28,"column":22},"end":{"line":30,"column":38}},"type":"cond-expr","locations":[{"start":{"line":29,"column":8},"end":{"line":29,"column":58}},{"start":{"line":30,"column":8},"end":{"line":30,"column":38}}],"line":28},"4":{"loc":{"start":{"line":46,"column":8},"end":{"line":82,"column":9}},"type":"if","locations":[{"start":{"line":46,"column":8},"end":{"line":82,"column":9}},{"start":{},"end":{}}],"line":46},"5":{"loc":{"start":{"line":46,"column":13},"end":{"line":46,"column":69}},"type":"cond-expr","locations":[{"start":{"line":46,"column":34},"end":{"line":46,"column":50}},{"start":{"line":46,"column":53},"end":{"line":46,"column":69}}],"line":46},"6":{"loc":{"start":{"line":51,"column":46},"end":{"line":51,"column":62}},"type":"binary-expr","locations":[{"start":{"line":51,"column":46},"end":{"line":51,"column":54}},{"start":{"line":51,"column":58},"end":{"line":51,"column":62}}],"line":51},"7":{"loc":{"start":{"line":56,"column":16},"end":{"line":63,"column":17}},"type":"if","locations":[{"start":{"line":56,"column":16},"end":{"line":63,"column":17}},{"start":{},"end":{}}],"line":56},"8":{"loc":{"start":{"line":58,"column":34},"end":{"line":58,"column":85}},"type":"cond-expr","locations":[{"start":{"line":58,"column":53},"end":{"line":58,"column":67}},{"start":{"line":58,"column":70},"end":{"line":58,"column":85}}],"line":58},"9":{"loc":{"start":{"line":59,"column":20},"end":{"line":62,"column":21}},"type":"if","locations":[{"start":{"line":59,"column":20},"end":{"line":62,"column":21}},{"start":{},"end":{}}],"line":59},"10":{"loc":{"start":{"line":60,"column":47},"end":{"line":60,"column":111}},"type":"cond-expr","locations":[{"start":{"line":60,"column":68},"end":{"line":60,"column":88}},{"start":{"line":60,"column":91},"end":{"line":60,"column":111}}],"line":60},"11":{"loc":{"start":{"line":61,"column":24},"end":{"line":61,"column":83}},"type":"if","locations":[{"start":{"line":61,"column":24},"end":{"line":61,"column":83}},{"start":{},"end":{}}],"line":61},"12":{"loc":{"start":{"line":66,"column":23},"end":{"line":66,"column":71}},"type":"cond-expr","locations":[{"start":{"line":66,"column":39},"end":{"line":66,"column":53}},{"start":{"line":66,"column":56},"end":{"line":66,"column":71}}],"line":66},"13":{"loc":{"start":{"line":70,"column":12},"end":{"line":73,"column":13}},"type":"if","locations":[{"start":{"line":70,"column":12},"end":{"line":73,"column":13}},{"start":{},"end":{}}],"line":70},"14":{"loc":{"start":{"line":71,"column":39},"end":{"line":71,"column":101}},"type":"cond-expr","locations":[{"start":{"line":71,"column":60},"end":{"line":71,"column":79}},{"start":{"line":71,"column":82},"end":{"line":71,"column":101}}],"line":71},"15":{"loc":{"start":{"line":72,"column":16},"end":{"line":72,"column":75}},"type":"if","locations":[{"start":{"line":72,"column":16},"end":{"line":72,"column":75}},{"start":{},"end":{}}],"line":72},"16":{"loc":{"start":{"line":75,"column":12},"end":{"line":81,"column":13}},"type":"if","locations":[{"start":{"line":75,"column":12},"end":{"line":81,"column":13}},{"start":{},"end":{}}],"line":75},"17":{"loc":{"start":{"line":77,"column":16},"end":{"line":80,"column":17}},"type":"if","locations":[{"start":{"line":77,"column":16},"end":{"line":80,"column":17}},{"start":{},"end":{}}],"line":77},"18":{"loc":{"start":{"line":79,"column":20},"end":{"line":79,"column":51}},"type":"if","locations":[{"start":{"line":79,"column":20},"end":{"line":79,"column":51}},{"start":{},"end":{}}],"line":79},"19":{"loc":{"start":{"line":85,"column":8},"end":{"line":86,"column":45}},"type":"if","locations":[{"start":{"line":85,"column":8},"end":{"line":86,"column":45}},{"start":{"line":86,"column":13},"end":{"line":86,"column":45}}],"line":85},"20":{"loc":{"start":{"line":91,"column":24},"end":{"line":91,"column":73}},"type":"cond-expr","locations":[{"start":{"line":91,"column":41},"end":{"line":91,"column":55}},{"start":{"line":91,"column":58},"end":{"line":91,"column":73}}],"line":91},"21":{"loc":{"start":{"line":93,"column":12},"end":{"line":98,"column":13}},"type":"if","locations":[{"start":{"line":93,"column":12},"end":{"line":98,"column":13}},{"start":{},"end":{}}],"line":93},"22":{"loc":{"start":{"line":95,"column":16},"end":{"line":96,"column":51}},"type":"if","locations":[{"start":{"line":95,"column":16},"end":{"line":96,"column":51}},{"start":{"line":96,"column":21},"end":{"line":96,"column":51}}],"line":95},"23":{"loc":{"start":{"line":102,"column":12},"end":{"line":103,"column":52}},"type":"if","locations":[{"start":{"line":102,"column":12},"end":{"line":103,"column":52}},{"start":{"line":103,"column":17},"end":{"line":103,"column":52}}],"line":102},"24":{"loc":{"start":{"line":107,"column":11},"end":{"line":107,"column":73}},"type":"cond-expr","locations":[{"start":{"line":107,"column":42},"end":{"line":107,"column":66}},{"start":{"line":107,"column":69},"end":{"line":107,"column":73}}],"line":107}},"s":{"0":1,"1":11,"2":14,"3":3,"4":11,"5":11,"6":11,"7":11,"8":11,"9":11,"10":24,"11":1,"12":1,"13":11,"14":1,"15":10,"16":10,"17":33,"18":10,"19":27,"20":10,"21":10,"22":10,"23":10,"24":10,"25":10,"26":10,"27":10,"28":28,"29":28,"30":28,"31":28,"32":8,"33":8,"34":8,"35":8,"36":8,"37":45,"38":45,"39":45,"40":2,"41":2,"42":2,"43":0,"44":0,"45":0,"46":45,"47":45,"48":8,"49":7,"50":7,"51":7,"52":8,"53":7,"54":7,"55":7,"56":7,"57":6,"58":22,"59":17,"60":5,"61":22,"62":22,"63":22,"64":154,"65":154,"66":154,"67":87,"68":87,"69":43,"70":44,"71":87,"72":154,"73":154,"74":114,"75":40,"76":10},"f":{"0":11,"1":14,"2":33,"3":27},"b":{"0":[3,11],"1":[1,23],"2":[1,10],"3":[8,2],"4":[8,20],"5":[7,21],"6":[53,45],"7":[2,43],"8":[1,1],"9":[0,2],"10":[0,0],"11":[0,0],"12":[6,39],"13":[7,1],"14":[3,4],"15":[7,0],"16":[7,1],"17":[7,0],"18":[6,1],"19":[17,5],"20":[107,47],"21":[87,67],"22":[43,44],"23":[114,40],"24":[6,4]},"_coverageSchema":"1a1c01bbd47fc00a2c39e90264f33305004495a9","hash":"fdc9a9ef974a1fc84bf00dc0b71f0917c0eef342"}
}
