<?xml version="1.0" encoding="UTF-8"?>
<coverage generated="1754631194738" clover="3.2.0">
  <project timestamp="1754631194738" name="All files">
    <metrics statements="10" coveredstatements="10" conditionals="4" coveredconditionals="4" methods="2" coveredmethods="2" elements="16" coveredelements="16" complexity="0" loc="10" ncloc="10" packages="1" files="1" classes="1"/>
    <file name="7.js" path="C:\Users\ASUS\OneDrive\Documents\GitHub\Thesis\solutions-algorithm\7.js">
      <metrics statements="10" coveredstatements="10" conditionals="4" coveredconditionals="4" methods="2" coveredmethods="2"/>
      <line num="3" count="20" type="stmt"/>
      <line num="4" count="20" type="stmt"/>
      <line num="6" count="20" type="stmt"/>
      <line num="7" count="1074" type="cond" truecount="2" falsecount="0"/>
      <line num="8" count="536" type="stmt"/>
      <line num="10" count="538" type="cond" truecount="2" falsecount="0"/>
      <line num="11" count="6" type="stmt"/>
      <line num="13" count="532" type="stmt"/>
      <line num="14" count="532" type="stmt"/>
      <line num="18" count="20" type="stmt"/>
    </file>
  </project>
</coverage>
