<?xml version="1.0" encoding="UTF-8"?>
<coverage generated="1755507454323" clover="3.2.0">
  <project timestamp="1755507454323" name="All files">
    <metrics statements="6" coveredstatements="6" conditionals="4" coveredconditionals="4" methods="2" coveredmethods="2" elements="12" coveredelements="12" complexity="0" loc="6" ncloc="6" packages="1" files="1" classes="1"/>
    <file name="3.js" path="E:\desktop\Thesis\solutions-algorithm\3.js">
      <metrics statements="6" coveredstatements="6" conditionals="4" coveredconditionals="4" methods="2" coveredmethods="2"/>
      <line num="4" count="266" type="stmt"/>
      <line num="6" count="10" type="stmt"/>
      <line num="7" count="10" type="stmt"/>
      <line num="8" count="115" type="cond" truecount="2" falsecount="0"/>
      <line num="9" count="4" type="stmt"/>
      <line num="12" count="10" type="cond" truecount="2" falsecount="0"/>
    </file>
  </project>
</coverage>
