{"E:\\desktop\\Thesis\\solutions-algorithm\\45.js": {"path":"E:\\desktop\\Thesis\\solutions-algorithm\\45.js","statementMap":{"0":{"start":{"line":1,"column":12},"end":{"line":1,"column":21}},"1":{"start":{"line":4,"column":14},"end":{"line":4,"column":24}},"2":{"start":{"line":5,"column":15},"end":{"line":7,"column":5}},"3":{"start":{"line":6,"column":8},"end":{"line":6,"column":67}},"4":{"start":{"line":6,"column":44},"end":{"line":6,"column":66}},"5":{"start":{"line":8,"column":14},"end":{"line":8,"column":17}},"6":{"start":{"line":9,"column":4},"end":{"line":11,"column":5}},"7":{"start":{"line":9,"column":17},"end":{"line":9,"column":18}},"8":{"start":{"line":10,"column":8},"end":{"line":10,"column":36}},"9":{"start":{"line":14,"column":8},"end":{"line":14,"column":30}},"10":{"start":{"line":14,"column":21},"end":{"line":14,"column":30}},"11":{"start":{"line":15,"column":8},"end":{"line":15,"column":29}},"12":{"start":{"line":15,"column":20},"end":{"line":15,"column":29}},"13":{"start":{"line":16,"column":8},"end":{"line":16,"column":64}},"14":{"start":{"line":16,"column":42},"end":{"line":16,"column":64}},"15":{"start":{"line":18,"column":18},"end":{"line":18,"column":19}},"16":{"start":{"line":19,"column":8},"end":{"line":21,"column":9}},"17":{"start":{"line":20,"column":12},"end":{"line":20,"column":66}},"18":{"start":{"line":22,"column":8},"end":{"line":24,"column":9}},"19":{"start":{"line":23,"column":12},"end":{"line":23,"column":51}},"20":{"start":{"line":26,"column":8},"end":{"line":26,"column":29}},"21":{"start":{"line":27,"column":8},"end":{"line":27,"column":19}},"22":{"start":{"line":30,"column":4},"end":{"line":30,"column":24}}},"fnMap":{"0":{"name":"solve","decl":{"start":{"line":3,"column":16},"end":{"line":3,"column":21}},"loc":{"start":{"line":3,"column":27},"end":{"line":31,"column":1}},"line":3},"1":{"name":"(anonymous_1)","decl":{"start":{"line":5,"column":45},"end":{"line":5,"column":46}},"loc":{"start":{"line":6,"column":8},"end":{"line":6,"column":67}},"line":6},"2":{"name":"(anonymous_2)","decl":{"start":{"line":6,"column":38},"end":{"line":6,"column":39}},"loc":{"start":{"line":6,"column":44},"end":{"line":6,"column":66}},"line":6},"3":{"name":"dfs","decl":{"start":{"line":13,"column":13},"end":{"line":13,"column":16}},"loc":{"start":{"line":13,"column":29},"end":{"line":28,"column":5}},"line":13}},"branchMap":{"0":{"loc":{"start":{"line":14,"column":8},"end":{"line":14,"column":30}},"type":"if","locations":[{"start":{"line":14,"column":8},"end":{"line":14,"column":30}},{"start":{},"end":{}}],"line":14},"1":{"loc":{"start":{"line":15,"column":8},"end":{"line":15,"column":29}},"type":"if","locations":[{"start":{"line":15,"column":8},"end":{"line":15,"column":29}},{"start":{},"end":{}}],"line":15},"2":{"loc":{"start":{"line":16,"column":8},"end":{"line":16,"column":64}},"type":"if","locations":[{"start":{"line":16,"column":8},"end":{"line":16,"column":64}},{"start":{},"end":{}}],"line":16},"3":{"loc":{"start":{"line":19,"column":8},"end":{"line":21,"column":9}},"type":"if","locations":[{"start":{"line":19,"column":8},"end":{"line":21,"column":9}},{"start":{},"end":{}}],"line":19},"4":{"loc":{"start":{"line":19,"column":12},"end":{"line":19,"column":45}},"type":"binary-expr","locations":[{"start":{"line":19,"column":12},"end":{"line":19,"column":14}},{"start":{"line":19,"column":18},"end":{"line":19,"column":45}}],"line":19},"5":{"loc":{"start":{"line":22,"column":8},"end":{"line":24,"column":9}},"type":"if","locations":[{"start":{"line":22,"column":8},"end":{"line":24,"column":9}},{"start":{},"end":{}}],"line":22}},"s":{"0":1,"1":16,"2":16,"3":129,"4":1277,"5":16,"6":16,"7":16,"8":97,"9":1064,"10":102,"11":962,"12":81,"13":881,"14":341,"15":540,"16":540,"17":508,"18":540,"19":540,"20":540,"21":540,"22":16},"f":{"0":16,"1":129,"2":1277,"3":1064},"b":{"0":[102,962],"1":[81,881],"2":[341,540],"3":[508,32],"4":[540,262],"5":[540,0]},"_coverageSchema":"1a1c01bbd47fc00a2c39e90264f33305004495a9","hash":"f90703f78db97712f67022577e236549b4f8dfb2"}
}
