<?xml version="1.0" encoding="UTF-8"?>
<coverage generated="1754675612859" clover="3.2.0">
  <project timestamp="1754675612859" name="All files">
    <metrics statements="30" coveredstatements="30" conditionals="6" coveredconditionals="6" methods="6" coveredmethods="6" elements="42" coveredelements="42" complexity="0" loc="30" ncloc="30" packages="1" files="1" classes="1"/>
    <file name="41.js" path="E:\desktop\Thesis\solutions-algorithm\41.js">
      <metrics statements="30" coveredstatements="30" conditionals="6" coveredconditionals="6" methods="6" coveredmethods="6"/>
      <line num="3" count="11" type="stmt"/>
      <line num="4" count="32" type="stmt"/>
      <line num="5" count="11" type="stmt"/>
      <line num="6" count="26" type="cond" truecount="2" falsecount="0"/>
      <line num="9" count="11" type="stmt"/>
      <line num="10" count="11" type="stmt"/>
      <line num="11" count="11" type="stmt"/>
      <line num="13" count="32" type="stmt"/>
      <line num="14" count="11" type="stmt"/>
      <line num="15" count="11" type="stmt"/>
      <line num="17" count="11" type="stmt"/>
      <line num="18" count="31" type="stmt"/>
      <line num="19" count="31" type="stmt"/>
      <line num="20" count="23" type="stmt"/>
      <line num="21" count="23" type="cond" truecount="2" falsecount="0"/>
      <line num="22" count="20" type="stmt"/>
      <line num="23" count="20" type="stmt"/>
      <line num="24" count="20" type="stmt"/>
      <line num="29" count="11" type="cond" truecount="2" falsecount="0"/>
      <line num="31" count="9" type="stmt"/>
      <line num="32" count="9" type="stmt"/>
      <line num="33" count="9" type="stmt"/>
      <line num="34" count="22" type="stmt"/>
      <line num="35" count="22" type="stmt"/>
      <line num="37" count="9" type="stmt"/>
      <line num="43" count="11" type="stmt"/>
      <line num="47" count="31" type="stmt"/>
      <line num="48" count="31" type="stmt"/>
      <line num="52" count="31" type="stmt"/>
      <line num="56" count="42" type="stmt"/>
    </file>
  </project>
</coverage>
