{"E:\\desktop\\Thesis\\solutions-descriptive\\41.js": {"path":"E:\\desktop\\Thesis\\solutions-descriptive\\41.js","statementMap":{"0":{"start":{"line":3,"column":8},"end":{"line":3,"column":23}},"1":{"start":{"line":4,"column":8},"end":{"line":4,"column":23}},"2":{"start":{"line":5,"column":8},"end":{"line":5,"column":23}},"3":{"start":{"line":9,"column":16},"end":{"line":9,"column":17}},"4":{"start":{"line":10,"column":8},"end":{"line":13,"column":9}},"5":{"start":{"line":11,"column":12},"end":{"line":11,"column":39}},"6":{"start":{"line":12,"column":12},"end":{"line":12,"column":48}},"7":{"start":{"line":14,"column":8},"end":{"line":16,"column":9}},"8":{"start":{"line":15,"column":12},"end":{"line":15,"column":47}},"9":{"start":{"line":20,"column":16},"end":{"line":20,"column":17}},"10":{"start":{"line":21,"column":8},"end":{"line":24,"column":9}},"11":{"start":{"line":22,"column":12},"end":{"line":22,"column":39}},"12":{"start":{"line":23,"column":12},"end":{"line":23,"column":48}},"13":{"start":{"line":25,"column":8},"end":{"line":27,"column":9}},"14":{"start":{"line":26,"column":12},"end":{"line":26,"column":48}},"15":{"start":{"line":31,"column":22},"end":{"line":31,"column":42}},"16":{"start":{"line":32,"column":8},"end":{"line":32,"column":36}},"17":{"start":{"line":33,"column":8},"end":{"line":33,"column":20}},"18":{"start":{"line":34,"column":8},"end":{"line":34,"column":21}},"19":{"start":{"line":38,"column":22},"end":{"line":38,"column":43}},"20":{"start":{"line":39,"column":8},"end":{"line":39,"column":37}},"21":{"start":{"line":40,"column":8},"end":{"line":40,"column":21}},"22":{"start":{"line":41,"column":8},"end":{"line":41,"column":21}},"23":{"start":{"line":45,"column":8},"end":{"line":45,"column":71}},"24":{"start":{"line":49,"column":8},"end":{"line":49,"column":45}},"25":{"start":{"line":53,"column":8},"end":{"line":53,"column":36}},"26":{"start":{"line":57,"column":8},"end":{"line":60,"column":9}},"27":{"start":{"line":57,"column":21},"end":{"line":57,"column":31}},"28":{"start":{"line":58,"column":27},"end":{"line":58,"column":65}},"29":{"start":{"line":59,"column":12},"end":{"line":59,"column":40}},"30":{"start":{"line":59,"column":34},"end":{"line":59,"column":40}},"31":{"start":{"line":65,"column":27},"end":{"line":65,"column":55}},"32":{"start":{"line":66,"column":4},"end":{"line":68,"column":5}},"33":{"start":{"line":66,"column":17},"end":{"line":66,"column":18}},"34":{"start":{"line":67,"column":8},"end":{"line":67,"column":46}},"35":{"start":{"line":70,"column":27},"end":{"line":70,"column":55}},"36":{"start":{"line":71,"column":4},"end":{"line":73,"column":5}},"37":{"start":{"line":71,"column":17},"end":{"line":71,"column":18}},"38":{"start":{"line":72,"column":8},"end":{"line":72,"column":70}},"39":{"start":{"line":75,"column":19},"end":{"line":75,"column":20}},"40":{"start":{"line":76,"column":4},"end":{"line":78,"column":5}},"41":{"start":{"line":76,"column":17},"end":{"line":76,"column":18}},"42":{"start":{"line":77,"column":8},"end":{"line":77,"column":47}},"43":{"start":{"line":80,"column":32},"end":{"line":80,"column":60}},"44":{"start":{"line":81,"column":21},"end":{"line":81,"column":29}},"45":{"start":{"line":82,"column":4},"end":{"line":85,"column":5}},"46":{"start":{"line":82,"column":17},"end":{"line":82,"column":18}},"47":{"start":{"line":83,"column":8},"end":{"line":83,"column":44}},"48":{"start":{"line":84,"column":8},"end":{"line":84,"column":57}},"49":{"start":{"line":87,"column":30},"end":{"line":87,"column":59}},"50":{"start":{"line":88,"column":4},"end":{"line":90,"column":5}},"51":{"start":{"line":88,"column":17},"end":{"line":88,"column":18}},"52":{"start":{"line":89,"column":8},"end":{"line":89,"column":89}},"53":{"start":{"line":92,"column":24},"end":{"line":92,"column":53}},"54":{"start":{"line":93,"column":4},"end":{"line":95,"column":5}},"55":{"start":{"line":93,"column":17},"end":{"line":93,"column":18}},"56":{"start":{"line":94,"column":8},"end":{"line":94,"column":67}},"57":{"start":{"line":97,"column":27},"end":{"line":97,"column":56}},"58":{"start":{"line":98,"column":4},"end":{"line":100,"column":5}},"59":{"start":{"line":98,"column":17},"end":{"line":98,"column":18}},"60":{"start":{"line":99,"column":8},"end":{"line":99,"column":67}},"61":{"start":{"line":102,"column":19},"end":{"line":102,"column":21}},"62":{"start":{"line":103,"column":4},"end":{"line":106,"column":5}},"63":{"start":{"line":104,"column":23},"end":{"line":104,"column":61}},"64":{"start":{"line":105,"column":8},"end":{"line":105,"column":39}},"65":{"start":{"line":108,"column":4},"end":{"line":108,"column":18}},"66":{"start":{"line":111,"column":8},"end":{"line":118,"column":9}},"67":{"start":{"line":112,"column":24},"end":{"line":112,"column":52}},"68":{"start":{"line":113,"column":12},"end":{"line":117,"column":13}},"69":{"start":{"line":114,"column":16},"end":{"line":114,"column":30}},"70":{"start":{"line":116,"column":16},"end":{"line":116,"column":31}},"71":{"start":{"line":119,"column":8},"end":{"line":119,"column":20}},"72":{"start":{"line":123,"column":8},"end":{"line":123,"column":37}},"73":{"start":{"line":123,"column":27},"end":{"line":123,"column":37}},"74":{"start":{"line":125,"column":26},"end":{"line":125,"column":88}},"75":{"start":{"line":125,"column":58},"end":{"line":125,"column":87}},"76":{"start":{"line":126,"column":26},"end":{"line":126,"column":62}},"77":{"start":{"line":129,"column":8},"end":{"line":135,"column":9}},"78":{"start":{"line":130,"column":12},"end":{"line":130,"column":37}},"79":{"start":{"line":131,"column":12},"end":{"line":131,"column":43}},"80":{"start":{"line":133,"column":12},"end":{"line":133,"column":33}},"81":{"start":{"line":134,"column":12},"end":{"line":134,"column":31}},"82":{"start":{"line":137,"column":8},"end":{"line":139,"column":70}}},"fnMap":{"0":{"name":"(anonymous_0)","decl":{"start":{"line":2,"column":4},"end":{"line":2,"column":5}},"loc":{"start":{"line":2,"column":18},"end":{"line":6,"column":5}},"line":2},"1":{"name":"(anonymous_1)","decl":{"start":{"line":8,"column":4},"end":{"line":8,"column":5}},"loc":{"start":{"line":8,"column":20},"end":{"line":17,"column":5}},"line":8},"2":{"name":"(anonymous_2)","decl":{"start":{"line":19,"column":4},"end":{"line":19,"column":5}},"loc":{"start":{"line":19,"column":23},"end":{"line":28,"column":5}},"line":19},"3":{"name":"(anonymous_3)","decl":{"start":{"line":30,"column":4},"end":{"line":30,"column":5}},"loc":{"start":{"line":30,"column":10},"end":{"line":35,"column":5}},"line":30},"4":{"name":"(anonymous_4)","decl":{"start":{"line":37,"column":4},"end":{"line":37,"column":5}},"loc":{"start":{"line":37,"column":12},"end":{"line":42,"column":5}},"line":37},"5":{"name":"(anonymous_5)","decl":{"start":{"line":44,"column":4},"end":{"line":44,"column":5}},"loc":{"start":{"line":44,"column":17},"end":{"line":46,"column":5}},"line":44},"6":{"name":"(anonymous_6)","decl":{"start":{"line":48,"column":4},"end":{"line":48,"column":5}},"loc":{"start":{"line":48,"column":15},"end":{"line":50,"column":5}},"line":48},"7":{"name":"(anonymous_7)","decl":{"start":{"line":52,"column":4},"end":{"line":52,"column":5}},"loc":{"start":{"line":52,"column":14},"end":{"line":54,"column":5}},"line":52},"8":{"name":"(anonymous_8)","decl":{"start":{"line":56,"column":4},"end":{"line":56,"column":5}},"loc":{"start":{"line":56,"column":22},"end":{"line":61,"column":5}},"line":56},"9":{"name":"solve","decl":{"start":{"line":64,"column":16},"end":{"line":64,"column":21}},"loc":{"start":{"line":64,"column":49},"end":{"line":141,"column":1}},"line":64},"10":{"name":"binarySearch","decl":{"start":{"line":110,"column":13},"end":{"line":110,"column":25}},"loc":{"start":{"line":110,"column":48},"end":{"line":120,"column":5}},"line":110},"11":{"name":"calculate","decl":{"start":{"line":122,"column":13},"end":{"line":122,"column":22}},"loc":{"start":{"line":122,"column":33},"end":{"line":140,"column":5}},"line":122},"12":{"name":"(anonymous_12)","decl":{"start":{"line":125,"column":53},"end":{"line":125,"column":54}},"loc":{"start":{"line":125,"column":58},"end":{"line":125,"column":87}},"line":125}},"branchMap":{"0":{"loc":{"start":{"line":10,"column":8},"end":{"line":13,"column":9}},"type":"if","locations":[{"start":{"line":10,"column":8},"end":{"line":13,"column":9}},{"start":{},"end":{}}],"line":10},"1":{"loc":{"start":{"line":21,"column":8},"end":{"line":24,"column":9}},"type":"if","locations":[{"start":{"line":21,"column":8},"end":{"line":24,"column":9}},{"start":{},"end":{}}],"line":21},"2":{"loc":{"start":{"line":45,"column":15},"end":{"line":45,"column":70}},"type":"cond-expr","locations":[{"start":{"line":45,"column":40},"end":{"line":45,"column":41}},{"start":{"line":45,"column":44},"end":{"line":45,"column":70}}],"line":45},"3":{"loc":{"start":{"line":59,"column":12},"end":{"line":59,"column":40}},"type":"if","locations":[{"start":{"line":59,"column":12},"end":{"line":59,"column":40}},{"start":{},"end":{}}],"line":59},"4":{"loc":{"start":{"line":113,"column":12},"end":{"line":117,"column":13}},"type":"if","locations":[{"start":{"line":113,"column":12},"end":{"line":117,"column":13}},{"start":{"line":115,"column":19},"end":{"line":117,"column":13}}],"line":113},"5":{"loc":{"start":{"line":123,"column":8},"end":{"line":123,"column":37}},"type":"if","locations":[{"start":{"line":123,"column":8},"end":{"line":123,"column":37}},{"start":{},"end":{}}],"line":123},"6":{"loc":{"start":{"line":129,"column":8},"end":{"line":135,"column":9}},"type":"if","locations":[{"start":{"line":129,"column":8},"end":{"line":135,"column":9}},{"start":{"line":132,"column":15},"end":{"line":135,"column":9}}],"line":129}},"s":{"0":0,"1":0,"2":0,"3":0,"4":0,"5":0,"6":0,"7":0,"8":0,"9":0,"10":0,"11":0,"12":0,"13":0,"14":0,"15":0,"16":0,"17":0,"18":0,"19":0,"20":0,"21":0,"22":0,"23":0,"24":0,"25":0,"26":0,"27":0,"28":0,"29":0,"30":0,"31":10,"32":10,"33":10,"34":26,"35":10,"36":10,"37":10,"38":26,"39":10,"40":10,"41":10,"42":26,"43":10,"44":10,"45":10,"46":10,"47":26,"48":26,"49":10,"50":10,"51":10,"52":26,"53":10,"54":10,"55":10,"56":26,"57":10,"58":10,"59":10,"60":26,"61":10,"62":10,"63":33,"64":32,"65":9,"66":49,"67":97,"68":97,"69":51,"70":46,"71":49,"72":65,"73":16,"74":49,"75":97,"76":49,"77":49,"78":25,"79":25,"80":24,"81":24,"82":49},"f":{"0":0,"1":0,"2":0,"3":0,"4":0,"5":0,"6":0,"7":0,"8":0,"9":10,"10":49,"11":65,"12":97},"b":{"0":[0,0],"1":[0,0],"2":[0,0],"3":[0,0],"4":[51,46],"5":[16,49],"6":[25,24]},"_coverageSchema":"1a1c01bbd47fc00a2c39e90264f33305004495a9","hash":"6502c87a75480740d3d766f43346ebe64637eee8"}
}
