TN:
SF:solutions-descriptive\41.js
FN:2,(anonymous_0)
FN:8,(anonymous_1)
FN:19,(anonymous_2)
FN:30,(anonymous_3)
FN:37,(anonymous_4)
FN:44,(anonymous_5)
FN:48,(anonymous_6)
FN:52,(anonymous_7)
FN:56,(anonymous_8)
FN:64,solve
FN:110,binarySearch
FN:122,calculate
FN:125,(anonymous_12)
FNF:13
FNH:4
FNDA:0,(anonymous_0)
FNDA:0,(anonymous_1)
FNDA:0,(anonymous_2)
FNDA:0,(anonymous_3)
FNDA:0,(anonymous_4)
FNDA:0,(anonymous_5)
FNDA:0,(anonymous_6)
FNDA:0,(anonymous_7)
FNDA:0,(anonymous_8)
FNDA:10,solve
FNDA:49,binarySearch
FNDA:65,calculate
FNDA:97,(anonymous_12)
DA:3,0
DA:4,0
DA:5,0
DA:9,0
DA:10,0
DA:11,0
DA:12,0
DA:14,0
DA:15,0
DA:20,0
DA:21,0
DA:22,0
DA:23,0
DA:25,0
DA:26,0
DA:31,0
DA:32,0
DA:33,0
DA:34,0
DA:38,0
DA:39,0
DA:40,0
DA:41,0
DA:45,0
DA:49,0
DA:53,0
DA:57,0
DA:58,0
DA:59,0
DA:65,10
DA:66,10
DA:67,26
DA:70,10
DA:71,10
DA:72,26
DA:75,10
DA:76,10
DA:77,26
DA:80,10
DA:81,10
DA:82,10
DA:83,26
DA:84,26
DA:87,10
DA:88,10
DA:89,26
DA:92,10
DA:93,10
DA:94,26
DA:97,10
DA:98,10
DA:99,26
DA:102,10
DA:103,10
DA:104,33
DA:105,32
DA:108,9
DA:111,49
DA:112,97
DA:113,97
DA:114,51
DA:116,46
DA:119,49
DA:123,65
DA:125,97
DA:126,49
DA:129,49
DA:130,25
DA:131,25
DA:133,24
DA:134,24
DA:137,49
LF:72
LH:43
BRDA:10,0,0,0
BRDA:10,0,1,0
BRDA:21,1,0,0
BRDA:21,1,1,0
BRDA:45,2,0,0
BRDA:45,2,1,0
BRDA:59,3,0,0
BRDA:59,3,1,0
BRDA:113,4,0,51
BRDA:113,4,1,46
BRDA:123,5,0,16
BRDA:123,5,1,49
BRDA:129,6,0,25
BRDA:129,6,1,24
BRF:14
BRH:6
end_of_record
