TN:
SF:solutions-descriptive\25.js
FN:3,solve
FN:26,(anonymous_1)
FN:30,(anonymous_2)
FN:35,(anonymous_3)
FN:36,(anonymous_4)
FN:60,(anonymous_5)
FN:61,(anonymous_6)
FN:67,(anonymous_7)
FN:75,nextPermutation
FNF:9
FNH:4
FNDA:12,solve
FNDA:7,(anonymous_1)
FNDA:11,(anonymous_2)
FNDA:0,(anonymous_3)
FNDA:0,(anonymous_4)
FNDA:0,(anonymous_5)
FNDA:0,(anonymous_6)
FNDA:0,(anonymous_7)
FNDA:1,nextPermutation
DA:4,12
DA:5,2
DA:6,1
DA:9,10
DA:10,4
DA:11,3
DA:14,6
DA:16,2
DA:17,2
DA:18,5
DA:19,2
DA:22,2
DA:24,2
DA:25,2
DA:26,7
DA:28,2
DA:29,3
DA:30,11
DA:31,3
DA:32,3
DA:35,0
DA:36,0
DA:38,0
DA:40,0
DA:41,0
DA:43,0
DA:44,0
DA:46,0
DA:47,0
DA:48,0
DA:49,0
DA:51,0
DA:52,0
DA:55,0
DA:56,0
DA:57,0
DA:59,0
DA:60,0
DA:61,0
DA:63,0
DA:66,0
DA:67,0
DA:68,0
DA:72,2
DA:76,1
DA:77,1
DA:78,1
DA:79,1
DA:80,1
DA:84,1
DA:86,1
DA:87,1
DA:89,1
DA:91,1
DA:92,1
DA:93,0
DA:94,0
DA:95,0
DA:98,1
LF:59
LH:33
BRDA:4,0,0,2
BRDA:4,0,1,10
BRDA:5,1,0,1
BRDA:5,1,1,1
BRDA:9,2,0,4
BRDA:9,2,1,6
BRDA:10,3,0,1
BRDA:10,3,1,3
BRDA:14,4,0,4
BRDA:14,4,1,2
BRDA:14,5,0,6
BRDA:14,5,1,2
BRDA:14,5,2,1
BRDA:16,6,0,2
BRDA:16,6,1,0
BRDA:19,7,0,0
BRDA:19,7,1,2
BRDA:19,8,0,2
BRDA:19,8,1,2
BRDA:24,9,0,2
BRDA:24,9,1,0
BRDA:32,10,0,2
BRDA:32,10,1,1
BRDA:57,11,0,0
BRDA:57,11,1,0
BRDA:63,12,0,0
BRDA:63,12,1,0
BRDA:63,13,0,0
BRDA:63,13,1,0
BRDA:78,14,0,1
BRDA:78,14,1,0
BRDA:84,15,0,0
BRDA:84,15,1,1
BRF:33
BRH:22
end_of_record
