TN:
SF:solutions-descriptive\49.js
FN:2,(anonymous_0)
FN:7,(anonymous_1)
FN:17,(anonymous_2)
FN:27,(anonymous_3)
FN:33,(anonymous_4)
FN:39,(anonymous_5)
FN:43,(anonymous_6)
FN:46,(anonymous_7)
FN:49,(anonymous_8)
FN:57,solve
FN:84,dfs2
FN:108,dfs
FNF:12
FNH:8
FNDA:66,(anonymous_0)
FNDA:172,(anonymous_1)
FNDA:0,(anonymous_2)
FNDA:172,(anonymous_3)
FNDA:0,(anonymous_4)
FNDA:658,(anonymous_5)
FNDA:0,(anonymous_6)
FNDA:668,(anonymous_7)
FNDA:0,(anonymous_8)
FNDA:15,solve
FNDA:33,dfs2
FNDA:33,dfs
DA:3,66
DA:4,66
DA:5,66
DA:8,172
DA:9,172
DA:10,66
DA:11,66
DA:13,172
DA:14,106
DA:18,0
DA:19,0
DA:20,0
DA:21,0
DA:23,0
DA:24,0
DA:28,172
DA:29,172
DA:30,172
DA:31,172
DA:34,0
DA:35,0
DA:36,0
DA:37,0
DA:40,658
DA:41,526
DA:44,0
DA:47,668
DA:50,0
DA:51,0
DA:52,0
DA:58,15
DA:59,15
DA:60,15
DA:62,15
DA:63,33
DA:64,33
DA:66,33
DA:67,62
DA:68,62
DA:69,62
DA:70,62
DA:71,62
DA:74,33
DA:75,33
DA:76,33
DA:77,33
DA:78,33
DA:79,33
DA:80,33
DA:81,33
DA:82,33
DA:85,33
DA:86,33
DA:87,33
DA:88,33
DA:89,210
DA:90,210
DA:92,210
DA:93,210
DA:94,124
DA:95,124
DA:96,124
DA:97,53
DA:100,86
DA:101,86
DA:102,53
DA:109,33
DA:110,33
DA:111,33
DA:112,33
DA:113,210
DA:114,210
DA:115,210
DA:116,86
DA:118,210
DA:119,124
DA:120,124
DA:121,124
DA:122,53
DA:123,53
DA:124,71
DA:125,18
DA:128,86
DA:129,86
DA:130,53
DA:131,53
DA:132,33
DA:137,33
DA:141,15
LF:89
LH:75
BRDA:9,0,0,66
BRDA:9,0,1,106
BRDA:19,1,0,0
BRDA:19,1,1,0
BRDA:40,2,0,132
BRDA:40,2,1,526
BRDA:52,3,0,0
BRDA:52,3,1,0
BRDA:68,4,0,62
BRDA:68,4,1,18
BRDA:69,5,0,62
BRDA:69,5,1,53
BRDA:92,6,0,210
BRDA:92,6,1,15
BRDA:93,7,0,124
BRDA:93,7,1,86
BRDA:96,8,0,53
BRDA:96,8,1,71
BRDA:101,9,0,53
BRDA:101,9,1,33
BRDA:114,10,0,210
BRDA:114,10,1,15
BRDA:115,11,0,86
BRDA:115,11,1,124
BRDA:118,12,0,124
BRDA:118,12,1,86
BRDA:121,13,0,53
BRDA:121,13,1,71
BRDA:124,14,0,18
BRDA:124,14,1,53
BRDA:129,15,0,53
BRDA:129,15,1,33
BRDA:131,16,0,33
BRDA:131,16,1,20
BRF:34
BRH:30
end_of_record
