TN:
SF:solutions-descriptive\32.js
FN:5,sieve
FN:22,solve
FNF:2
FNH:2
FNDA:1,sieve
FNDA:10,solve
DA:1,1
DA:2,1
DA:3,1
DA:6,1
DA:7,399999
DA:8,33860
DA:9,33860
DA:11,399999
DA:12,634103
DA:13,634103
DA:14,366139
DA:15,366139
DA:20,1
DA:23,10
DA:24,1
DA:25,1
DA:28,10
DA:29,0
DA:30,0
DA:31,0
DA:34,0
DA:35,0
DA:36,0
DA:37,0
DA:38,0
DA:39,0
DA:40,0
DA:42,0
DA:46,0
DA:47,0
DA:48,0
DA:51,0
DA:52,0
DA:53,0
DA:54,0
DA:55,0
DA:56,0
DA:57,0
DA:59,0
DA:60,0
DA:61,0
DA:65,0
LF:42
LH:17
BRDA:7,0,0,33860
BRDA:7,0,1,366139
BRDA:13,1,0,267964
BRDA:13,1,1,366139
BRDA:15,2,0,132035
BRDA:15,2,1,234104
BRDA:23,3,0,1
BRDA:23,3,1,9
BRDA:37,4,0,0
BRDA:37,4,1,0
BRDA:38,5,0,0
BRDA:38,5,1,0
BRDA:46,6,0,0
BRDA:46,6,1,0
BRDA:53,7,0,0
BRDA:53,7,1,0
BRDA:54,8,0,0
BRDA:54,8,1,0
BRDA:55,9,0,0
BRDA:55,9,1,0
BRDA:59,10,0,0
BRDA:59,10,1,0
BRF:22
BRH:8
end_of_record
