TN:
SF:solutions-descriptive\15.js
FN:1,solve
FN:51,countRange
FNF:2
FNH:2
FNDA:7,solve
FNDA:40,countRange
DA:2,7
DA:3,7
DA:4,7
DA:5,7
DA:6,7
DA:7,7
DA:9,7
DA:11,7
DA:12,16
DA:14,16
DA:15,7
DA:16,7
DA:19,16
DA:20,11
DA:21,4
DA:22,7
DA:23,2
DA:25,5
DA:26,3
DA:28,5
DA:29,5
DA:30,5
DA:34,16
DA:36,16
DA:37,8
DA:38,8
DA:40,8
DA:41,8
DA:42,8
DA:45,16
DA:48,7
DA:52,40
LF:32
LH:32
BRDA:14,0,0,7
BRDA:14,0,1,9
BRDA:15,1,0,3
BRDA:15,1,1,4
BRDA:16,2,0,6
BRDA:16,2,1,1
BRDA:19,3,0,11
BRDA:19,3,1,5
BRDA:20,4,0,4
BRDA:20,4,1,7
BRDA:22,5,0,2
BRDA:22,5,1,5
BRDA:25,6,0,3
BRDA:25,6,1,2
BRDA:36,7,0,8
BRDA:36,7,1,8
BRF:16
BRH:16
end_of_record
