<?xml version="1.0" encoding="UTF-8"?>
<coverage generated="1755790929080" clover="3.2.0">
  <project timestamp="1755790929080" name="All files">
    <metrics statements="27" coveredstatements="25" conditionals="22" coveredconditionals="22" methods="5" coveredmethods="3" elements="54" coveredelements="50" complexity="0" loc="27" ncloc="27" packages="1" files="1" classes="1"/>
    <file name="36.js" path="E:\desktop\Thesis\solutions-descriptive\36.js">
      <metrics statements="27" coveredstatements="25" conditionals="22" coveredconditionals="22" methods="5" coveredmethods="3"/>
      <line num="1" count="1" type="stmt"/>
      <line num="2" count="1" type="stmt"/>
      <line num="5" count="0" type="stmt"/>
      <line num="9" count="0" type="stmt"/>
      <line num="13" count="10" type="stmt"/>
      <line num="16" count="10" type="stmt"/>
      <line num="20" count="2" type="stmt"/>
      <line num="21" count="2" type="stmt"/>
      <line num="22" count="2" type="stmt"/>
      <line num="23" count="6" type="cond" truecount="2" falsecount="0"/>
      <line num="24" count="4" type="stmt"/>
      <line num="26" count="6" type="stmt"/>
      <line num="27" count="6" type="stmt"/>
      <line num="29" count="2" type="stmt"/>
      <line num="33" count="14" type="stmt"/>
      <line num="34" count="14" type="stmt"/>
      <line num="36" count="14" type="stmt"/>
      <line num="37" count="200033" type="stmt"/>
      <line num="38" count="200033" type="cond" truecount="4" falsecount="0"/>
      <line num="39" count="200033" type="cond" truecount="8" falsecount="0"/>
      <line num="41" count="200033" type="cond" truecount="4" falsecount="0"/>
      <line num="42" count="27" type="stmt"/>
      <line num="43" count="27" type="stmt"/>
      <line num="47" count="14" type="stmt"/>
      <line num="49" count="14" type="cond" truecount="2" falsecount="0"/>
      <line num="50" count="4" type="cond" truecount="2" falsecount="0"/>
      <line num="52" count="10" type="stmt"/>
    </file>
  </project>
</coverage>
