TN:
SF:solutions-descriptive\38.js
FN:5,lowbit
FN:9,add
FN:16,ask
FN:25,solve
FNF:4
FNH:4
FNDA:2229,lowbit
FNDA:117,add
FNDA:94,ask
FNDA:23,solve
DA:1,1
DA:2,1
DA:3,1
DA:6,2229
DA:10,117
DA:11,1292
DA:12,1292
DA:17,94
DA:18,94
DA:19,937
DA:20,937
DA:22,94
DA:26,23
DA:27,23
DA:29,23
DA:30,94
DA:31,58
DA:33,36
DA:37,23
DA:38,23
DA:39,23
DA:41,23
DA:42,23
DA:44,23
DA:45,94
DA:46,94
DA:47,94
DA:48,94
DA:51,23
LF:29
LH:29
BRDA:30,0,0,58
BRDA:30,0,1,36
BRDA:46,1,0,94
BRDA:46,1,1,79
BRDA:47,2,0,94
BRDA:47,2,1,89
BRF:6
BRH:6
end_of_record
