TN:
SF:solutions-descriptive\26.js
FN:1,solve
FN:49,computeTailSum
FN:57,arithmeticSum
FNF:3
FNH:3
FNDA:20,solve
FNDA:50,computeTailSum
FNDA:33,arithmeticSum
DA:2,20
DA:6,20
DA:7,91
DA:8,42
DA:9,42
DA:11,49
DA:12,49
DA:17,20
DA:18,4
DA:21,16
DA:24,16
DA:25,45
DA:28,45
DA:31,25
DA:32,11
DA:37,14
DA:42,25
DA:46,16
DA:50,50
DA:51,29
DA:58,33
LF:21
LH:21
BRDA:7,0,0,42
BRDA:7,0,1,49
BRDA:17,1,0,4
BRDA:17,1,1,16
BRDA:17,2,0,20
BRDA:17,2,1,7
BRDA:28,3,0,25
BRDA:28,3,1,20
BRDA:31,4,0,11
BRDA:31,4,1,14
BRDA:50,5,0,21
BRDA:50,5,1,29
BRDA:51,6,0,15
BRDA:51,6,1,14
BRF:14
BRH:14
end_of_record
