<?xml version="1.0" encoding="UTF-8"?>
<coverage generated="1754635475857" clover="3.2.0">
  <project timestamp="1754635475857" name="All files">
    <metrics statements="24" coveredstatements="24" conditionals="8" coveredconditionals="8" methods="1" coveredmethods="1" elements="33" coveredelements="33" complexity="0" loc="24" ncloc="24" packages="1" files="1" classes="1"/>
    <file name="15.js" path="C:\Users\ASUS\OneDrive\Documents\GitHub\Thesis\solutions-algorithm\15.js">
      <metrics statements="24" coveredstatements="24" conditionals="8" coveredconditionals="8" methods="1" coveredmethods="1"/>
      <line num="5" count="10" type="stmt"/>
      <line num="6" count="10" type="stmt"/>
      <line num="8" count="10" type="stmt"/>
      <line num="9" count="10" type="stmt"/>
      <line num="11" count="10" type="stmt"/>
      <line num="12" count="10" type="stmt"/>
      <line num="14" count="10" type="stmt"/>
      <line num="15" count="10" type="stmt"/>
      <line num="17" count="10" type="stmt"/>
      <line num="18" count="38" type="stmt"/>
      <line num="19" count="38" type="cond" truecount="2" falsecount="0"/>
      <line num="20" count="18" type="stmt"/>
      <line num="21" count="18" type="stmt"/>
      <line num="22" count="20" type="cond" truecount="2" falsecount="0"/>
      <line num="23" count="10" type="stmt"/>
      <line num="24" count="10" type="stmt"/>
      <line num="27" count="38" type="cond" truecount="2" falsecount="0"/>
      <line num="28" count="21" type="stmt"/>
      <line num="29" count="21" type="stmt"/>
      <line num="30" count="17" type="cond" truecount="2" falsecount="0"/>
      <line num="31" count="14" type="stmt"/>
      <line num="32" count="14" type="stmt"/>
      <line num="35" count="38" type="stmt"/>
      <line num="38" count="10" type="stmt"/>
    </file>
  </project>
</coverage>
