{"E:\\desktop\\Thesis\\solutions-algorithm\\3.js": {"path":"E:\\desktop\\Thesis\\solutions-algorithm\\3.js","statementMap":{"0":{"start":{"line":4,"column":4},"end":{"line":4,"column":30}},"1":{"start":{"line":4,"column":23},"end":{"line":4,"column":28}},"2":{"start":{"line":6,"column":15},"end":{"line":6,"column":16}},"3":{"start":{"line":7,"column":4},"end":{"line":11,"column":5}},"4":{"start":{"line":7,"column":17},"end":{"line":7,"column":18}},"5":{"start":{"line":8,"column":8},"end":{"line":10,"column":9}},"6":{"start":{"line":9,"column":12},"end":{"line":9,"column":19}},"7":{"start":{"line":12,"column":4},"end":{"line":12,"column":36}}},"fnMap":{"0":{"name":"solve","decl":{"start":{"line":2,"column":16},"end":{"line":2,"column":21}},"loc":{"start":{"line":2,"column":30},"end":{"line":13,"column":1}},"line":2},"1":{"name":"(anonymous_1)","decl":{"start":{"line":4,"column":13},"end":{"line":4,"column":14}},"loc":{"start":{"line":4,"column":23},"end":{"line":4,"column":28}},"line":4}},"branchMap":{"0":{"loc":{"start":{"line":8,"column":8},"end":{"line":10,"column":9}},"type":"if","locations":[{"start":{"line":8,"column":8},"end":{"line":10,"column":9}},{"start":{},"end":{}}],"line":8},"1":{"loc":{"start":{"line":12,"column":11},"end":{"line":12,"column":35}},"type":"cond-expr","locations":[{"start":{"line":12,"column":23},"end":{"line":12,"column":27}},{"start":{"line":12,"column":30},"end":{"line":12,"column":35}}],"line":12}},"s":{"0":8,"1":21,"2":8,"3":8,"4":8,"5":19,"6":5,"7":8},"f":{"0":8,"1":21},"b":{"0":[5,14],"1":[2,6]},"_coverageSchema":"1a1c01bbd47fc00a2c39e90264f33305004495a9","hash":"47b9e63e2f767685a4dd68dc98eab075d2379853"}
}
