<?xml version="1.0" encoding="UTF-8"?>
<coverage generated="1755951610787" clover="3.2.0">
  <project timestamp="1755951610788" name="All files">
    <metrics statements="150" coveredstatements="150" conditionals="47" coveredconditionals="47" methods="29" coveredmethods="29" elements="226" coveredelements="226" complexity="0" loc="150" ncloc="150" packages="1" files="15" classes="15"/>
    <file name="1.js" path="E:\desktop\Thesis\solutions-algorithm\1.js">
      <metrics statements="2" coveredstatements="2" conditionals="0" coveredconditionals="0" methods="2" coveredmethods="2"/>
      <line num="3" count="11" type="stmt"/>
      <line num="6" count="52" type="stmt"/>
    </file>
    <file name="11.js" path="E:\desktop\Thesis\solutions-algorithm\11.js">
      <metrics statements="4" coveredstatements="4" conditionals="0" coveredconditionals="0" methods="2" coveredmethods="2"/>
      <line num="5" count="10" type="stmt"/>
      <line num="6" count="41" type="stmt"/>
      <line num="7" count="41" type="stmt"/>
      <line num="8" count="41" type="stmt"/>
    </file>
    <file name="12.js" path="E:\desktop\Thesis\solutions-algorithm\12.js">
      <metrics statements="2" coveredstatements="2" conditionals="0" coveredconditionals="0" methods="1" coveredmethods="1"/>
      <line num="4" count="9" type="stmt"/>
      <line num="5" count="9" type="stmt"/>
    </file>
    <file name="13.js" path="E:\desktop\Thesis\solutions-algorithm\13.js">
      <metrics statements="1" coveredstatements="1" conditionals="0" coveredconditionals="0" methods="2" coveredmethods="2"/>
      <line num="5" count="13" type="stmt"/>
    </file>
    <file name="2.js" path="E:\desktop\Thesis\solutions-algorithm\2.js">
      <metrics statements="3" coveredstatements="3" conditionals="2" coveredconditionals="2" methods="1" coveredmethods="1"/>
      <line num="3" count="19" type="stmt"/>
      <line num="4" count="19" type="stmt"/>
      <line num="5" count="19" type="cond" truecount="2" falsecount="0"/>
    </file>
    <file name="21.js" path="E:\desktop\Thesis\solutions-algorithm\21.js">
      <metrics statements="2" coveredstatements="2" conditionals="5" coveredconditionals="5" methods="2" coveredmethods="2"/>
      <line num="5" count="13" type="stmt"/>
      <line num="6" count="20" type="cond" truecount="2" falsecount="0"/>
    </file>
    <file name="22.js" path="E:\desktop\Thesis\solutions-algorithm\22.js">
      <metrics statements="1" coveredstatements="1" conditionals="2" coveredconditionals="2" methods="2" coveredmethods="2"/>
      <line num="5" count="28" type="cond" truecount="2" falsecount="0"/>
    </file>
    <file name="23.js" path="E:\desktop\Thesis\solutions-algorithm\23.js">
      <metrics statements="3" coveredstatements="3" conditionals="0" coveredconditionals="0" methods="2" coveredmethods="2"/>
      <line num="5" count="9" type="stmt"/>
      <line num="6" count="14" type="stmt"/>
      <line num="7" count="14" type="stmt"/>
    </file>
    <file name="3.js" path="E:\desktop\Thesis\solutions-algorithm\3.js">
      <metrics statements="6" coveredstatements="6" conditionals="2" coveredconditionals="2" methods="2" coveredmethods="2"/>
      <line num="4" count="52" type="stmt"/>
      <line num="6" count="15" type="stmt"/>
      <line num="7" count="15" type="stmt"/>
      <line num="8" count="33" type="cond" truecount="2" falsecount="0"/>
      <line num="9" count="7" type="stmt"/>
      <line num="12" count="8" type="stmt"/>
    </file>
    <file name="31.js" path="E:\desktop\Thesis\solutions-algorithm\31.js">
      <metrics statements="12" coveredstatements="12" conditionals="2" coveredconditionals="2" methods="1" coveredmethods="1"/>
      <line num="4" count="8" type="stmt"/>
      <line num="6" count="8" type="stmt"/>
      <line num="7" count="9" type="stmt"/>
      <line num="8" count="9" type="stmt"/>
      <line num="10" count="9" type="cond" truecount="2" falsecount="0"/>
      <line num="11" count="2" type="stmt"/>
      <line num="13" count="7" type="stmt"/>
      <line num="14" count="7" type="stmt"/>
      <line num="15" count="11" type="stmt"/>
      <line num="17" count="7" type="stmt"/>
      <line num="20" count="9" type="stmt"/>
      <line num="23" count="8" type="stmt"/>
    </file>
    <file name="32.js" path="E:\desktop\Thesis\solutions-algorithm\32.js">
      <metrics statements="31" coveredstatements="31" conditionals="10" coveredconditionals="10" methods="1" coveredmethods="1"/>
      <line num="10" count="7" type="stmt"/>
      <line num="11" count="7" type="stmt"/>
      <line num="13" count="7" type="stmt"/>
      <line num="15" count="14" type="stmt"/>
      <line num="16" count="14" type="stmt"/>
      <line num="17" count="64" type="stmt"/>
      <line num="20" count="14" type="stmt"/>
      <line num="21" count="14" type="stmt"/>
      <line num="22" count="64" type="cond" truecount="2" falsecount="0"/>
      <line num="25" count="14" type="stmt"/>
      <line num="26" count="14" type="stmt"/>
      <line num="28" count="14" type="stmt"/>
      <line num="29" count="64" type="cond" truecount="2" falsecount="0"/>
      <line num="30" count="36" type="stmt"/>
      <line num="31" count="36" type="stmt"/>
      <line num="32" count="36" type="stmt"/>
      <line num="33" count="64" type="stmt"/>
      <line num="34" count="64" type="stmt"/>
      <line num="35" count="64" type="stmt"/>
      <line num="37" count="36" type="stmt"/>
      <line num="41" count="14" type="stmt"/>
      <line num="42" count="14" type="stmt"/>
      <line num="43" count="36" type="stmt"/>
      <line num="44" count="36" type="stmt"/>
      <line num="45" count="51" type="cond" truecount="2" falsecount="0"/>
      <line num="46" count="12" type="stmt"/>
      <line num="47" count="12" type="stmt"/>
      <line num="51" count="36" type="cond" truecount="4" falsecount="0"/>
      <line num="52" count="10" type="stmt"/>
      <line num="56" count="14" type="stmt"/>
      <line num="59" count="7" type="stmt"/>
    </file>
    <file name="33.js" path="E:\desktop\Thesis\solutions-algorithm\33.js">
      <metrics statements="22" coveredstatements="22" conditionals="6" coveredconditionals="6" methods="1" coveredmethods="1"/>
      <line num="9" count="7" type="stmt"/>
      <line num="11" count="7" type="stmt"/>
      <line num="13" count="9" type="stmt"/>
      <line num="14" count="9" type="stmt"/>
      <line num="15" count="9" type="stmt"/>
      <line num="16" count="9" type="stmt"/>
      <line num="17" count="9" type="stmt"/>
      <line num="19" count="9" type="stmt"/>
      <line num="20" count="1026" type="stmt"/>
      <line num="21" count="1026" type="cond" truecount="2" falsecount="0"/>
      <line num="22" count="4" type="stmt"/>
      <line num="24" count="1022" type="stmt"/>
      <line num="28" count="9" type="stmt"/>
      <line num="29" count="19" type="cond" truecount="2" falsecount="0"/>
      <line num="31" count="9" type="stmt"/>
      <line num="32" count="13" type="stmt"/>
      <line num="33" count="13" type="cond" truecount="2" falsecount="0"/>
      <line num="34" count="10" type="stmt"/>
      <line num="35" count="10" type="stmt"/>
      <line num="36" count="10" type="stmt"/>
      <line num="41" count="9" type="stmt"/>
      <line num="44" count="7" type="stmt"/>
    </file>
    <file name="41.js" path="E:\desktop\Thesis\solutions-algorithm\41.js">
      <metrics statements="30" coveredstatements="30" conditionals="6" coveredconditionals="6" methods="6" coveredmethods="6"/>
      <line num="3" count="10" type="stmt"/>
      <line num="4" count="29" type="stmt"/>
      <line num="5" count="10" type="stmt"/>
      <line num="6" count="23" type="cond" truecount="2" falsecount="0"/>
      <line num="9" count="10" type="stmt"/>
      <line num="10" count="10" type="stmt"/>
      <line num="11" count="10" type="stmt"/>
      <line num="13" count="29" type="stmt"/>
      <line num="14" count="10" type="stmt"/>
      <line num="15" count="10" type="stmt"/>
      <line num="17" count="10" type="stmt"/>
      <line num="18" count="28" type="stmt"/>
      <line num="19" count="28" type="stmt"/>
      <line num="20" count="20" type="stmt"/>
      <line num="21" count="20" type="cond" truecount="2" falsecount="0"/>
      <line num="22" count="18" type="stmt"/>
      <line num="23" count="18" type="stmt"/>
      <line num="24" count="18" type="stmt"/>
      <line num="29" count="10" type="cond" truecount="2" falsecount="0"/>
      <line num="31" count="8" type="stmt"/>
      <line num="32" count="8" type="stmt"/>
      <line num="33" count="8" type="stmt"/>
      <line num="34" count="20" type="stmt"/>
      <line num="35" count="20" type="stmt"/>
      <line num="37" count="8" type="stmt"/>
      <line num="43" count="10" type="stmt"/>
      <line num="47" count="28" type="stmt"/>
      <line num="48" count="28" type="stmt"/>
      <line num="52" count="28" type="stmt"/>
      <line num="56" count="38" type="stmt"/>
    </file>
    <file name="42.js" path="E:\desktop\Thesis\solutions-algorithm\42.js">
      <metrics statements="11" coveredstatements="11" conditionals="2" coveredconditionals="2" methods="1" coveredmethods="1"/>
      <line num="5" count="10" type="stmt"/>
      <line num="6" count="10" type="stmt"/>
      <line num="7" count="37" type="stmt"/>
      <line num="8" count="37" type="stmt"/>
      <line num="9" count="37" type="stmt"/>
      <line num="10" count="39" type="stmt"/>
      <line num="11" count="39" type="cond" truecount="2" falsecount="0"/>
      <line num="12" count="26" type="stmt"/>
      <line num="14" count="13" type="stmt"/>
      <line num="17" count="37" type="stmt"/>
      <line num="19" count="10" type="stmt"/>
    </file>
    <file name="43.js" path="E:\desktop\Thesis\solutions-algorithm\43.js">
      <metrics statements="20" coveredstatements="20" conditionals="10" coveredconditionals="10" methods="3" coveredmethods="3"/>
      <line num="5" count="37" type="stmt"/>
      <line num="6" count="37" type="stmt"/>
      <line num="9" count="8" type="stmt"/>
      <line num="10" count="21" type="stmt"/>
      <line num="11" count="85" type="cond" truecount="2" falsecount="0"/>
      <line num="12" count="85" type="cond" truecount="2" falsecount="0"/>
      <line num="17" count="8" type="stmt"/>
      <line num="18" count="8" type="stmt"/>
      <line num="19" count="21" type="stmt"/>
      <line num="20" count="32" type="cond" truecount="2" falsecount="0"/>
      <line num="24" count="8" type="stmt"/>
      <line num="25" count="8" type="stmt"/>
      <line num="27" count="8" type="stmt"/>
      <line num="28" count="21" type="stmt"/>
      <line num="30" count="32" type="stmt"/>
      <line num="37" count="32" type="cond" truecount="2" falsecount="0"/>
      <line num="38" count="23" type="cond" truecount="2" falsecount="0"/>
      <line num="39" count="8" type="stmt"/>
      <line num="40" count="8" type="stmt"/>
      <line num="45" count="8" type="stmt"/>
    </file>
  </project>
</coverage>
