<?xml version="1.0" encoding="UTF-8"?>
<coverage generated="1755791399442" clover="3.2.0">
  <project timestamp="1755791399442" name="All files">
    <metrics statements="64" coveredstatements="64" conditionals="50" coveredconditionals="44" methods="4" coveredmethods="4" elements="118" coveredelements="112" complexity="0" loc="64" ncloc="64" packages="1" files="1" classes="1"/>
    <file name="37.js" path="E:\desktop\Thesis\solutions-descriptive\37.js">
      <metrics statements="64" coveredstatements="64" conditionals="50" coveredconditionals="44" methods="4" coveredmethods="4"/>
      <line num="1" count="1" type="stmt"/>
      <line num="5" count="20" type="stmt"/>
      <line num="9" count="23" type="cond" truecount="2" falsecount="0"/>
      <line num="11" count="20" type="stmt"/>
      <line num="12" count="20" type="stmt"/>
      <line num="13" count="20" type="stmt"/>
      <line num="16" count="20" type="stmt"/>
      <line num="17" count="20" type="stmt"/>
      <line num="18" count="400037" type="cond" truecount="2" falsecount="0"/>
      <line num="19" count="3" type="stmt"/>
      <line num="20" count="3" type="stmt"/>
      <line num="24" count="20" type="cond" truecount="2" falsecount="0"/>
      <line num="26" count="17" type="stmt"/>
      <line num="27" count="400051" type="stmt"/>
      <line num="28" count="17" type="cond" truecount="2" falsecount="0"/>
      <line num="29" count="400050" type="stmt"/>
      <line num="32" count="17" type="stmt"/>
      <line num="33" count="17" type="stmt"/>
      <line num="35" count="17" type="stmt"/>
      <line num="36" count="17" type="stmt"/>
      <line num="37" count="17" type="stmt"/>
      <line num="38" count="17" type="stmt"/>
      <line num="40" count="17" type="stmt"/>
      <line num="41" count="400045" type="stmt"/>
      <line num="42" count="400045" type="stmt"/>
      <line num="43" count="400045" type="stmt"/>
      <line num="46" count="400045" type="cond" truecount="4" falsecount="0"/>
      <line num="47" count="6" type="stmt"/>
      <line num="48" count="6" type="stmt"/>
      <line num="49" count="6" type="stmt"/>
      <line num="51" count="6" type="cond" truecount="2" falsecount="0"/>
      <line num="52" count="12" type="stmt"/>
      <line num="53" count="12" type="stmt"/>
      <line num="56" count="12" type="cond" truecount="2" falsecount="0"/>
      <line num="57" count="8" type="stmt"/>
      <line num="58" count="8" type="cond" truecount="2" falsecount="0"/>
      <line num="59" count="8" type="cond" truecount="2" falsecount="0"/>
      <line num="60" count="1" type="cond" truecount="1" falsecount="1"/>
      <line num="61" count="1" type="cond" truecount="1" falsecount="1"/>
      <line num="65" count="12" type="stmt"/>
      <line num="66" count="12" type="cond" truecount="2" falsecount="0"/>
      <line num="70" count="6" type="cond" truecount="2" falsecount="0"/>
      <line num="71" count="5" type="cond" truecount="1" falsecount="1"/>
      <line num="72" count="5" type="cond" truecount="1" falsecount="1"/>
      <line num="75" count="6" type="cond" truecount="1" falsecount="1"/>
      <line num="76" count="6" type="stmt"/>
      <line num="77" count="6" type="cond" truecount="1" falsecount="1"/>
      <line num="78" count="6" type="stmt"/>
      <line num="79" count="6" type="cond" truecount="2" falsecount="0"/>
      <line num="85" count="400040" type="cond" truecount="2" falsecount="0"/>
      <line num="86" count="200009" type="stmt"/>
      <line num="88" count="400040" type="stmt"/>
      <line num="89" count="400040" type="stmt"/>
      <line num="90" count="3400104" type="stmt"/>
      <line num="91" count="3400104" type="cond" truecount="2" falsecount="0"/>
      <line num="93" count="3400104" type="cond" truecount="2" falsecount="0"/>
      <line num="94" count="59" type="stmt"/>
      <line num="95" count="59" type="cond" truecount="2" falsecount="0"/>
      <line num="96" count="19" type="stmt"/>
      <line num="97" count="59" type="stmt"/>
      <line num="100" count="3400104" type="stmt"/>
      <line num="102" count="3400104" type="cond" truecount="2" falsecount="0"/>
      <line num="103" count="1400015" type="stmt"/>
      <line num="107" count="17" type="cond" truecount="2" falsecount="0"/>
    </file>
  </project>
</coverage>
