TN:
SF:solutions-descriptive\41.js
FN:2,(anonymous_0)
FN:8,(anonymous_1)
FN:19,(anonymous_2)
FN:30,(anonymous_3)
FN:37,(anonymous_4)
FN:44,(anonymous_5)
FN:48,(anonymous_6)
FN:52,(anonymous_7)
FN:56,(anonymous_8)
FN:64,solve
FN:110,binarySearch
FN:122,calculate
FN:125,(anonymous_12)
FNF:13
FNH:4
FNDA:0,(anonymous_0)
FNDA:0,(anonymous_1)
FNDA:0,(anonymous_2)
FNDA:0,(anonymous_3)
FNDA:0,(anonymous_4)
FNDA:0,(anonymous_5)
FNDA:0,(anonymous_6)
FNDA:0,(anonymous_7)
FNDA:0,(anonymous_8)
FNDA:10,solve
FNDA:55,binarySearch
FNDA:74,calculate
FNDA:113,(anonymous_12)
DA:3,0
DA:4,0
DA:5,0
DA:9,0
DA:10,0
DA:11,0
DA:12,0
DA:14,0
DA:15,0
DA:20,0
DA:21,0
DA:22,0
DA:23,0
DA:25,0
DA:26,0
DA:31,0
DA:32,0
DA:33,0
DA:34,0
DA:38,0
DA:39,0
DA:40,0
DA:41,0
DA:45,0
DA:49,0
DA:53,0
DA:57,0
DA:58,0
DA:59,0
DA:65,10
DA:66,10
DA:67,32
DA:70,10
DA:71,10
DA:72,32
DA:75,10
DA:76,10
DA:77,32
DA:80,10
DA:81,10
DA:82,10
DA:83,32
DA:84,32
DA:87,10
DA:88,10
DA:89,32
DA:92,10
DA:93,10
DA:94,32
DA:97,10
DA:98,10
DA:99,32
DA:102,10
DA:103,10
DA:104,37
DA:105,37
DA:108,10
DA:111,55
DA:112,113
DA:113,113
DA:114,53
DA:116,60
DA:119,55
DA:123,74
DA:125,113
DA:126,55
DA:129,55
DA:130,29
DA:131,29
DA:133,26
DA:134,26
DA:137,55
LF:72
LH:43
BRDA:10,0,0,0
BRDA:10,0,1,0
BRDA:21,1,0,0
BRDA:21,1,1,0
BRDA:45,2,0,0
BRDA:45,2,1,0
BRDA:59,3,0,0
BRDA:59,3,1,0
BRDA:113,4,0,53
BRDA:113,4,1,60
BRDA:123,5,0,19
BRDA:123,5,1,55
BRDA:129,6,0,29
BRDA:129,6,1,26
BRF:14
BRH:6
end_of_record
