<?xml version="1.0" encoding="UTF-8"?>
<coverage generated="1754551599195" clover="3.2.0">
  <project timestamp="1754551599195" name="All files">
    <metrics statements="32" coveredstatements="32" conditionals="10" coveredconditionals="9" methods="3" coveredmethods="3" elements="45" coveredelements="44" complexity="0" loc="32" ncloc="32" packages="1" files="1" classes="1"/>
    <file name="22.js" path="E:\desktop\Thesis\solutions-descriptive\22.js">
      <metrics statements="32" coveredstatements="32" conditionals="10" coveredconditionals="9" methods="3" coveredmethods="3"/>
      <line num="2" count="14" type="stmt"/>
      <line num="3" count="14" type="stmt"/>
      <line num="5" count="14" type="stmt"/>
      <line num="6" count="416" type="stmt"/>
      <line num="7" count="416" type="stmt"/>
      <line num="9" count="416" type="stmt"/>
      <line num="10" count="1250" type="stmt"/>
      <line num="11" count="1250" type="stmt"/>
      <line num="12" count="1250" type="stmt"/>
      <line num="13" count="1250" type="stmt"/>
      <line num="15" count="1250" type="cond" truecount="2" falsecount="0"/>
      <line num="16" count="1229" type="stmt"/>
      <line num="17" count="1229" type="stmt"/>
      <line num="22" count="4282" type="stmt"/>
      <line num="24" count="416" type="stmt"/>
      <line num="25" count="416" type="stmt"/>
      <line num="27" count="416" type="stmt"/>
      <line num="28" count="1363" type="stmt"/>
      <line num="29" count="1363" type="cond" truecount="2" falsecount="0"/>
      <line num="30" count="288" type="stmt"/>
      <line num="31" count="288" type="stmt"/>
      <line num="35" count="416" type="cond" truecount="2" falsecount="0"/>
      <line num="36" count="288" type="stmt"/>
      <line num="37" count="288" type="stmt"/>
      <line num="39" count="128" type="stmt"/>
      <line num="43" count="14" type="cond" truecount="2" falsecount="0"/>
      <line num="48" count="1" type="stmt"/>
      <line num="67" count="1" type="stmt"/>
      <line num="68" count="4" type="stmt"/>
      <line num="69" count="4" type="stmt"/>
      <line num="70" count="4" type="cond" truecount="1" falsecount="1"/>
      <line num="74" count="1" type="stmt"/>
    </file>
  </project>
</coverage>
