TN:
SF:solutions-descriptive\20.js
FN:8,evaluateCandidateValue
FN:20,findBinarySearchSolution
FN:33,solve
FNF:3
FNH:3
FNDA:495,evaluateCandidateValue
FNDA:19,findBinarySearchSolution
FNDA:19,solve
DA:1,1
DA:2,1
DA:3,1
DA:6,1
DA:9,495
DA:10,495
DA:11,1511
DA:12,1511
DA:13,1261
DA:15,200
DA:16,160
DA:17,8
DA:21,19
DA:22,19
DA:23,19
DA:24,495
DA:25,495
DA:26,495
DA:27,487
DA:28,197
DA:30,11
DA:34,19
DA:35,19
DA:37,19
DA:38,19
DA:39,252
DA:42,19
DA:43,19
DA:45,8
DA:46,8
DA:47,8
DA:49,8
DA:50,116
DA:51,116
DA:52,116
DA:55,8
DA:57,8
DA:58,8
LF:38
LH:38
BRDA:12,0,0,250
BRDA:12,0,1,1261
BRDA:13,1,0,45
BRDA:13,1,1,1216
BRDA:15,2,0,40
BRDA:15,2,1,160
BRDA:16,3,0,152
BRDA:16,3,1,8
BRDA:26,4,0,8
BRDA:26,4,1,487
BRDA:27,5,0,290
BRDA:27,5,1,197
BRDA:43,6,0,11
BRDA:43,6,1,8
BRDA:57,7,0,0
BRDA:57,7,1,8
BRF:16
BRH:15
end_of_record
