TN:
SF:solutions-descriptive\28.js
FN:1,solve
FN:9,(anonymous_1)
FN:10,(anonymous_2)
FN:17,update
FNF:4
FNH:4
FNDA:9,solve
FNDA:549,(anonymous_1)
FNDA:33489,(anonymous_2)
FNDA:4049811,update
DA:2,9
DA:3,9
DA:4,9
DA:5,540
DA:9,9
DA:10,549
DA:11,33489
DA:15,9
DA:18,4049811
DA:19,3576087
DA:23,9
DA:24,549
DA:25,33489
DA:26,2009340
DA:27,680157
DA:28,680157
DA:29,680157
DA:30,680157
DA:32,33489
DA:33,2009340
DA:39,9
DA:40,9
DA:41,9
DA:42,143
DA:43,143
DA:44,134
DA:47,9
DA:48,9
DA:49,9
DA:50,549
DA:51,544
DA:52,544
DA:54,549
DA:57,9
LF:34
LH:34
BRDA:18,0,0,3576087
BRDA:18,0,1,473724
BRDA:18,1,0,4049811
BRDA:18,1,1,3812949
BRDA:19,2,0,2265597
BRDA:19,2,1,1310490
BRDA:26,3,0,1329183
BRDA:26,3,1,680157
BRDA:43,4,0,9
BRDA:43,4,1,134
BRDA:50,5,0,544
BRDA:50,5,1,5
BRDA:52,6,0,534
BRDA:52,6,1,10
BRF:14
BRH:14
end_of_record
