TN:
SF:solutions-descriptive\9.js
FN:1,solve
FNF:1
FNH:1
FNDA:14,solve
DA:2,14
DA:3,14
DA:4,14
DA:5,14
DA:7,14
DA:8,53
DA:9,14
DA:10,39
DA:11,39
DA:14,14
DA:15,71
DA:16,14
DA:17,53
DA:20,14
DA:21,14
DA:23,14
DA:24,53
DA:25,53
DA:26,53
DA:29,53
DA:30,40
DA:31,13
DA:32,11
DA:34,2
DA:37,53
DA:38,78
DA:39,39
DA:40,39
DA:41,39
DA:42,39
DA:47,14
DA:49,14
DA:50,35
DA:51,11
DA:52,11
DA:54,11
DA:55,16
DA:56,11
DA:58,5
DA:59,5
DA:61,5
DA:62,0
DA:65,5
DA:66,7
DA:69,5
DA:70,1
DA:71,1
DA:72,1
DA:74,4
DA:79,11
DA:80,12
DA:81,5
DA:84,7
DA:85,7
DA:86,6
DA:89,7
DA:90,2
DA:93,5
DA:94,0
DA:97,4
DA:100,7
LF:61
LH:59
BRDA:29,0,0,40
BRDA:29,0,1,13
BRDA:31,1,0,11
BRDA:31,1,1,2
BRDA:38,2,0,39
BRDA:38,2,1,39
BRDA:50,3,0,11
BRDA:50,3,1,24
BRDA:55,4,0,11
BRDA:55,4,1,5
BRDA:61,5,0,0
BRDA:61,5,1,5
BRDA:66,6,0,5
BRDA:66,6,1,2
BRDA:69,7,0,1
BRDA:69,7,1,4
BRDA:74,8,0,4
BRDA:74,8,1,0
BRDA:80,9,0,5
BRDA:80,9,1,7
BRDA:86,10,0,6
BRDA:86,10,1,0
BRDA:89,11,0,2
BRDA:89,11,1,5
BRDA:93,12,0,0
BRDA:93,12,1,5
BRF:26
BRH:22
end_of_record
