TN:
SF:solutions-algorithm\32.js
FN:8,solve
FNF:1
FNH:1
FNDA:7,solve
DA:10,7
DA:11,7
DA:13,7
DA:15,14
DA:16,14
DA:17,64
DA:20,14
DA:21,14
DA:22,64
DA:25,14
DA:26,14
DA:28,14
DA:29,64
DA:30,36
DA:31,36
DA:32,36
DA:33,64
DA:34,64
DA:35,64
DA:37,36
DA:41,14
DA:42,14
DA:43,36
DA:44,36
DA:45,51
DA:46,12
DA:47,12
DA:51,36
DA:52,10
DA:56,14
DA:59,7
LF:31
LH:31
BRDA:22,0,0,22
BRDA:22,0,1,42
BRDA:29,1,0,36
BRDA:29,1,1,28
BRDA:45,2,0,12
BRDA:45,2,1,39
BRDA:51,3,0,10
BRDA:51,3,1,26
BRDA:51,4,0,36
BRDA:51,4,1,24
BRF:10
BRH:10
end_of_record
