{"C:\\Users\\ASUS\\OneDrive\\Documents\\GitHub\\Thesis\\solutions-algorithm\\28.js": {"path":"C:\\Users\\ASUS\\OneDrive\\Documents\\GitHub\\Thesis\\solutions-algorithm\\28.js","statementMap":{"0":{"start":{"line":5,"column":20},"end":{"line":5,"column":22}},"1":{"start":{"line":7,"column":4},"end":{"line":23,"column":5}},"2":{"start":{"line":9,"column":18},"end":{"line":9,"column":19}},"3":{"start":{"line":11,"column":8},"end":{"line":20,"column":9}},"4":{"start":{"line":13,"column":12},"end":{"line":13,"column":44}},"5":{"start":{"line":14,"column":15},"end":{"line":20,"column":9}},"6":{"start":{"line":16,"column":12},"end":{"line":16,"column":44}},"7":{"start":{"line":19,"column":12},"end":{"line":19,"column":64}},"8":{"start":{"line":22,"column":8},"end":{"line":22,"column":26}},"9":{"start":{"line":25,"column":4},"end":{"line":25,"column":19}}},"fnMap":{"0":{"name":"solve","decl":{"start":{"line":4,"column":16},"end":{"line":4,"column":21}},"loc":{"start":{"line":4,"column":33},"end":{"line":26,"column":1}},"line":4}},"branchMap":{"0":{"loc":{"start":{"line":11,"column":8},"end":{"line":20,"column":9}},"type":"if","locations":[{"start":{"line":11,"column":8},"end":{"line":20,"column":9}},{"start":{"line":14,"column":15},"end":{"line":20,"column":9}}],"line":11},"1":{"loc":{"start":{"line":11,"column":12},"end":{"line":11,"column":79}},"type":"binary-expr","locations":[{"start":{"line":11,"column":12},"end":{"line":11,"column":25}},{"start":{"line":11,"column":29},"end":{"line":11,"column":42}},{"start":{"line":11,"column":46},"end":{"line":11,"column":79}}],"line":11},"2":{"loc":{"start":{"line":14,"column":15},"end":{"line":20,"column":9}},"type":"if","locations":[{"start":{"line":14,"column":15},"end":{"line":20,"column":9}},{"start":{"line":17,"column":15},"end":{"line":20,"column":9}}],"line":14},"3":{"loc":{"start":{"line":14,"column":19},"end":{"line":14,"column":86}},"type":"binary-expr","locations":[{"start":{"line":14,"column":19},"end":{"line":14,"column":32}},{"start":{"line":14,"column":36},"end":{"line":14,"column":49}},{"start":{"line":14,"column":53},"end":{"line":14,"column":86}}],"line":14}},"s":{"0":9,"1":9,"2":10,"3":10,"4":1,"5":9,"6":2,"7":7,"8":10,"9":9},"f":{"0":9},"b":{"0":[1,9],"1":[10,4,3],"2":[2,7],"3":[9,3,2]},"_coverageSchema":"1a1c01bbd47fc00a2c39e90264f33305004495a9","hash":"29f590c7a6f88521c5344d5b92ee5ad2b02f99fd"}
}
