{"E:\\desktop\\Thesis\\solutions-descriptive\\12.js": {"path":"E:\\desktop\\Thesis\\solutions-descriptive\\12.js","statementMap":{"0":{"start":{"line":3,"column":8},"end":{"line":17,"column":9}},"1":{"start":{"line":4,"column":12},"end":{"line":4,"column":27}},"2":{"start":{"line":5,"column":12},"end":{"line":5,"column":33}},"3":{"start":{"line":6,"column":12},"end":{"line":6,"column":36}},"4":{"start":{"line":7,"column":12},"end":{"line":7,"column":36}},"5":{"start":{"line":8,"column":12},"end":{"line":8,"column":29}},"6":{"start":{"line":9,"column":12},"end":{"line":9,"column":30}},"7":{"start":{"line":11,"column":12},"end":{"line":11,"column":27}},"8":{"start":{"line":12,"column":12},"end":{"line":12,"column":33}},"9":{"start":{"line":13,"column":12},"end":{"line":13,"column":44}},"10":{"start":{"line":14,"column":12},"end":{"line":14,"column":44}},"11":{"start":{"line":15,"column":12},"end":{"line":15,"column":37}},"12":{"start":{"line":16,"column":12},"end":{"line":16,"column":38}},"13":{"start":{"line":21,"column":23},"end":{"line":21,"column":33}},"14":{"start":{"line":22,"column":8},"end":{"line":22,"column":56}},"15":{"start":{"line":23,"column":8},"end":{"line":23,"column":109}},"16":{"start":{"line":24,"column":8},"end":{"line":24,"column":109}},"17":{"start":{"line":25,"column":8},"end":{"line":25,"column":89}},"18":{"start":{"line":26,"column":8},"end":{"line":26,"column":92}},"19":{"start":{"line":27,"column":8},"end":{"line":32,"column":10}},"20":{"start":{"line":33,"column":8},"end":{"line":33,"column":22}},"21":{"start":{"line":39,"column":8},"end":{"line":39,"column":25}},"22":{"start":{"line":40,"column":8},"end":{"line":40,"column":65}},"23":{"start":{"line":40,"column":53},"end":{"line":40,"column":63}},"24":{"start":{"line":44,"column":8},"end":{"line":44,"column":56}},"25":{"start":{"line":48,"column":8},"end":{"line":51,"column":9}},"26":{"start":{"line":49,"column":12},"end":{"line":49,"column":46}},"27":{"start":{"line":50,"column":12},"end":{"line":50,"column":19}},"28":{"start":{"line":53,"column":20},"end":{"line":53,"column":38}},"29":{"start":{"line":54,"column":8},"end":{"line":58,"column":9}},"30":{"start":{"line":55,"column":12},"end":{"line":55,"column":65}},"31":{"start":{"line":57,"column":12},"end":{"line":57,"column":67}},"32":{"start":{"line":60,"column":8},"end":{"line":60,"column":87}},"33":{"start":{"line":64,"column":8},"end":{"line":64,"column":40}},"34":{"start":{"line":70,"column":20},"end":{"line":70,"column":22}},"35":{"start":{"line":72,"column":4},"end":{"line":87,"column":5}},"36":{"start":{"line":73,"column":28},"end":{"line":73,"column":49}},"37":{"start":{"line":75,"column":8},"end":{"line":77,"column":9}},"38":{"start":{"line":75,"column":21},"end":{"line":75,"column":22}},"39":{"start":{"line":76,"column":12},"end":{"line":76,"column":45}},"40":{"start":{"line":79,"column":30},"end":{"line":79,"column":66}},"41":{"start":{"line":81,"column":8},"end":{"line":84,"column":9}},"42":{"start":{"line":82,"column":12},"end":{"line":82,"column":49}},"43":{"start":{"line":83,"column":12},"end":{"line":83,"column":67}},"44":{"start":{"line":86,"column":8},"end":{"line":86,"column":36}},"45":{"start":{"line":89,"column":4},"end":{"line":89,"column":19}},"46":{"start":{"line":94,"column":18},"end":{"line":113,"column":5}},"47":{"start":{"line":115,"column":19},"end":{"line":115,"column":31}},"48":{"start":{"line":116,"column":4},"end":{"line":120,"column":5}},"49":{"start":{"line":117,"column":8},"end":{"line":119,"column":9}},"50":{"start":{"line":118,"column":12},"end":{"line":118,"column":31}},"51":{"start":{"line":124,"column":1},"end":{"line":124,"column":16}}},"fnMap":{"0":{"name":"(anonymous_0)","decl":{"start":{"line":2,"column":4},"end":{"line":2,"column":5}},"loc":{"start":{"line":2,"column":30},"end":{"line":18,"column":5}},"line":2},"1":{"name":"(anonymous_1)","decl":{"start":{"line":20,"column":4},"end":{"line":20,"column":5}},"loc":{"start":{"line":20,"column":38},"end":{"line":34,"column":5}},"line":20},"2":{"name":"(anonymous_2)","decl":{"start":{"line":38,"column":4},"end":{"line":38,"column":5}},"loc":{"start":{"line":38,"column":22},"end":{"line":41,"column":5}},"line":38},"3":{"name":"(anonymous_3)","decl":{"start":{"line":40,"column":47},"end":{"line":40,"column":48}},"loc":{"start":{"line":40,"column":53},"end":{"line":40,"column":63}},"line":40},"4":{"name":"(anonymous_4)","decl":{"start":{"line":43,"column":4},"end":{"line":43,"column":5}},"loc":{"start":{"line":43,"column":25},"end":{"line":45,"column":5}},"line":43},"5":{"name":"(anonymous_5)","decl":{"start":{"line":47,"column":4},"end":{"line":47,"column":5}},"loc":{"start":{"line":47,"column":44},"end":{"line":61,"column":5}},"line":47},"6":{"name":"(anonymous_6)","decl":{"start":{"line":63,"column":4},"end":{"line":63,"column":5}},"loc":{"start":{"line":63,"column":27},"end":{"line":65,"column":5}},"line":63},"7":{"name":"solve","decl":{"start":{"line":69,"column":17},"end":{"line":69,"column":22}},"loc":{"start":{"line":69,"column":42},"end":{"line":90,"column":1}},"line":69},"8":{"name":"testing_test","decl":{"start":{"line":93,"column":9},"end":{"line":93,"column":21}},"loc":{"start":{"line":93,"column":24},"end":{"line":121,"column":1}},"line":93}},"branchMap":{"0":{"loc":{"start":{"line":2,"column":16},"end":{"line":2,"column":28}},"type":"default-arg","locations":[{"start":{"line":2,"column":24},"end":{"line":2,"column":28}}],"line":2},"1":{"loc":{"start":{"line":3,"column":8},"end":{"line":17,"column":9}},"type":"if","locations":[{"start":{"line":3,"column":8},"end":{"line":17,"column":9}},{"start":{"line":10,"column":15},"end":{"line":17,"column":9}}],"line":3},"2":{"loc":{"start":{"line":48,"column":8},"end":{"line":51,"column":9}},"type":"if","locations":[{"start":{"line":48,"column":8},"end":{"line":51,"column":9}},{"start":{},"end":{}}],"line":48},"3":{"loc":{"start":{"line":54,"column":8},"end":{"line":58,"column":9}},"type":"if","locations":[{"start":{"line":54,"column":8},"end":{"line":58,"column":9}},{"start":{"line":56,"column":15},"end":{"line":58,"column":9}}],"line":54}},"s":{"0":438,"1":363,"2":363,"3":363,"4":363,"5":363,"6":363,"7":75,"8":75,"9":75,"10":75,"11":75,"12":75,"13":167,"14":167,"15":167,"16":167,"17":167,"18":167,"19":167,"20":167,"21":12,"22":12,"23":196,"24":75,"25":242,"26":75,"27":75,"28":167,"29":167,"30":88,"31":79,"32":167,"33":38,"34":9,"35":9,"36":12,"37":12,"38":12,"39":49,"40":12,"41":12,"42":26,"43":26,"44":12,"45":9,"46":1,"47":1,"48":1,"49":3,"50":13,"51":1},"f":{"0":438,"1":167,"2":12,"3":196,"4":75,"5":242,"6":38,"7":9,"8":1},"b":{"0":[363],"1":[363,75],"2":[75,167],"3":[88,79]},"_coverageSchema":"1a1c01bbd47fc00a2c39e90264f33305004495a9","hash":"3dc19e29faa70221c45be1521e06819bae4fddf0"}
}
