TN:
SF:solutions-descriptive\12.js
FN:2,(anonymous_0)
FN:20,(anonymous_1)
FN:38,(anonymous_2)
FN:40,(anonymous_3)
FN:43,(anonymous_4)
FN:47,(anonymous_5)
FN:63,(anonymous_6)
FN:69,solve
FN:93,testing_test
FNF:9
FNH:9
FNDA:438,(anonymous_0)
FNDA:167,(anonymous_1)
FNDA:12,(anonymous_2)
FNDA:196,(anonymous_3)
FNDA:75,(anonymous_4)
FNDA:242,(anonymous_5)
FNDA:38,(anonymous_6)
FNDA:9,solve
FNDA:1,testing_test
DA:3,438
DA:4,363
DA:5,363
DA:6,363
DA:7,363
DA:8,363
DA:9,363
DA:11,75
DA:12,75
DA:13,75
DA:14,75
DA:15,75
DA:16,75
DA:21,167
DA:22,167
DA:23,167
DA:24,167
DA:25,167
DA:26,167
DA:27,167
DA:33,167
DA:39,12
DA:40,196
DA:44,75
DA:48,242
DA:49,75
DA:50,75
DA:53,167
DA:54,167
DA:55,88
DA:57,79
DA:60,167
DA:64,38
DA:70,9
DA:72,9
DA:73,12
DA:75,12
DA:76,49
DA:79,12
DA:81,12
DA:82,26
DA:83,26
DA:86,12
DA:89,9
DA:94,1
DA:115,1
DA:116,1
DA:117,3
DA:118,13
DA:124,1
LF:50
LH:50
BRDA:2,0,0,363
BRDA:3,1,0,363
BRDA:3,1,1,75
BRDA:48,2,0,75
BRDA:48,2,1,167
BRDA:54,3,0,88
BRDA:54,3,1,79
BRF:7
BRH:7
end_of_record
