{"C:\\Users\\ASUS\\OneDrive\\Documents\\GitHub\\Thesis\\solutions-descriptive\\4.js": {"path":"C:\\Users\\ASUS\\OneDrive\\Documents\\GitHub\\Thesis\\solutions-descriptive\\4.js","statementMap":{"0":{"start":{"line":2,"column":24},"end":{"line":2,"column":36}},"1":{"start":{"line":4,"column":20},"end":{"line":4,"column":84}},"2":{"start":{"line":4,"column":57},"end":{"line":4,"column":83}},"3":{"start":{"line":8,"column":4},"end":{"line":29,"column":5}},"4":{"start":{"line":8,"column":30},"end":{"line":8,"column":31}},"5":{"start":{"line":9,"column":8},"end":{"line":28,"column":9}},"6":{"start":{"line":9,"column":25},"end":{"line":9,"column":26}},"7":{"start":{"line":10,"column":24},"end":{"line":10,"column":50}},"8":{"start":{"line":13,"column":12},"end":{"line":27,"column":13}},"9":{"start":{"line":13,"column":34},"end":{"line":13,"column":43}},"10":{"start":{"line":15,"column":16},"end":{"line":17,"column":87}},"11":{"start":{"line":18,"column":16},"end":{"line":18,"column":82}},"12":{"start":{"line":21,"column":16},"end":{"line":21,"column":119}},"13":{"start":{"line":22,"column":16},"end":{"line":22,"column":82}},"14":{"start":{"line":25,"column":16},"end":{"line":25,"column":121}},"15":{"start":{"line":26,"column":16},"end":{"line":26,"column":82}},"16":{"start":{"line":30,"column":4},"end":{"line":30,"column":39}}},"fnMap":{"0":{"name":"solve","decl":{"start":{"line":1,"column":16},"end":{"line":1,"column":21}},"loc":{"start":{"line":1,"column":29},"end":{"line":31,"column":1}},"line":1},"1":{"name":"(anonymous_1)","decl":{"start":{"line":4,"column":51},"end":{"line":4,"column":52}},"loc":{"start":{"line":4,"column":57},"end":{"line":4,"column":83}},"line":4}},"branchMap":{"0":{"loc":{"start":{"line":16,"column":21},"end":{"line":16,"column":89}},"type":"cond-expr","locations":[{"start":{"line":16,"column":51},"end":{"line":16,"column":85}},{"start":{"line":16,"column":88},"end":{"line":16,"column":89}}],"line":16},"1":{"loc":{"start":{"line":17,"column":21},"end":{"line":17,"column":85}},"type":"cond-expr","locations":[{"start":{"line":17,"column":49},"end":{"line":17,"column":81}},{"start":{"line":17,"column":84},"end":{"line":17,"column":85}}],"line":17},"2":{"loc":{"start":{"line":21,"column":61},"end":{"line":21,"column":117}},"type":"cond-expr","locations":[{"start":{"line":21,"column":85},"end":{"line":21,"column":113}},{"start":{"line":21,"column":116},"end":{"line":21,"column":117}}],"line":21},"3":{"loc":{"start":{"line":25,"column":32},"end":{"line":25,"column":92}},"type":"cond-expr","locations":[{"start":{"line":25,"column":58},"end":{"line":25,"column":88}},{"start":{"line":25,"column":91},"end":{"line":25,"column":92}}],"line":25}},"s":{"0":10,"1":10,"2":10,"3":10,"4":10,"5":0,"6":0,"7":0,"8":0,"9":0,"10":0,"11":0,"12":0,"13":0,"14":0,"15":0,"16":10},"f":{"0":10,"1":10},"b":{"0":[0,0],"1":[0,0],"2":[0,0],"3":[0,0]},"_coverageSchema":"1a1c01bbd47fc00a2c39e90264f33305004495a9","hash":"399a77fc3a291f0018fdbe1e7d9ce97197dde002"}
}
