<?xml version="1.0" encoding="UTF-8"?>
<coverage generated="1754579298008" clover="3.2.0">
  <project timestamp="1754579298008" name="All files">
    <metrics statements="59" coveredstatements="52" conditionals="33" coveredconditionals="26" methods="9" coveredmethods="6" elements="101" coveredelements="84" complexity="0" loc="59" ncloc="59" packages="1" files="1" classes="1"/>
    <file name="25.js" path="E:\desktop\Thesis\solutions-descriptive\25.js">
      <metrics statements="59" coveredstatements="52" conditionals="33" coveredconditionals="26" methods="9" coveredmethods="6"/>
      <line num="4" count="16" type="cond" truecount="2" falsecount="0"/>
      <line num="5" count="2" type="cond" truecount="2" falsecount="0"/>
      <line num="6" count="1" type="stmt"/>
      <line num="9" count="14" type="cond" truecount="2" falsecount="0"/>
      <line num="10" count="2" type="cond" truecount="2" falsecount="0"/>
      <line num="11" count="1" type="stmt"/>
      <line num="14" count="12" type="cond" truecount="5" falsecount="0"/>
      <line num="16" count="8" type="cond" truecount="2" falsecount="0"/>
      <line num="17" count="7" type="stmt"/>
      <line num="18" count="25" type="stmt"/>
      <line num="19" count="7" type="cond" truecount="3" falsecount="1"/>
      <line num="22" count="8" type="stmt"/>
      <line num="24" count="8" type="cond" truecount="2" falsecount="0"/>
      <line num="25" count="7" type="stmt"/>
      <line num="26" count="38" type="stmt"/>
      <line num="28" count="7" type="stmt"/>
      <line num="29" count="20175" type="stmt"/>
      <line num="30" count="161352" type="stmt"/>
      <line num="31" count="20175" type="stmt"/>
      <line num="32" count="20175" type="cond" truecount="2" falsecount="0"/>
      <line num="35" count="3" type="stmt"/>
      <line num="36" count="3" type="stmt"/>
      <line num="38" count="3" type="stmt"/>
      <line num="40" count="1" type="stmt"/>
      <line num="41" count="1" type="stmt"/>
      <line num="43" count="1" type="stmt"/>
      <line num="44" count="2" type="stmt"/>
      <line num="46" count="1" type="stmt"/>
      <line num="47" count="2" type="stmt"/>
      <line num="48" count="1" type="stmt"/>
      <line num="49" count="1" type="stmt"/>
      <line num="51" count="1" type="stmt"/>
      <line num="52" count="3" type="stmt"/>
      <line num="55" count="1" type="stmt"/>
      <line num="56" count="1" type="stmt"/>
      <line num="57" count="1" type="cond" truecount="1" falsecount="1"/>
      <line num="59" count="0" type="stmt"/>
      <line num="60" count="0" type="stmt"/>
      <line num="61" count="0" type="stmt"/>
      <line num="63" count="0" type="cond" truecount="0" falsecount="4"/>
      <line num="66" count="0" type="stmt"/>
      <line num="67" count="0" type="stmt"/>
      <line num="68" count="0" type="stmt"/>
      <line num="72" count="8" type="stmt"/>
      <line num="76" count="20168" type="stmt"/>
      <line num="77" count="20168" type="stmt"/>
      <line num="78" count="34646" type="cond" truecount="2" falsecount="0"/>
      <line num="79" count="20168" type="stmt"/>
      <line num="80" count="20168" type="stmt"/>
      <line num="84" count="20168" type="cond" truecount="1" falsecount="1"/>
      <line num="86" count="20168" type="stmt"/>
      <line num="87" count="20168" type="stmt"/>
      <line num="89" count="20168" type="stmt"/>
      <line num="91" count="20168" type="stmt"/>
      <line num="92" count="20168" type="stmt"/>
      <line num="93" count="10949" type="stmt"/>
      <line num="94" count="10949" type="stmt"/>
      <line num="95" count="10949" type="stmt"/>
      <line num="98" count="20168" type="stmt"/>
    </file>
  </project>
</coverage>
