<?xml version="1.0" encoding="UTF-8"?>
<coverage generated="1755790537547" clover="3.2.0">
  <project timestamp="1755790537547" name="All files">
    <metrics statements="20" coveredstatements="20" conditionals="2" coveredconditionals="2" methods="1" coveredmethods="1" elements="23" coveredelements="23" complexity="0" loc="20" ncloc="20" packages="1" files="1" classes="1"/>
    <file name="18.js" path="E:\desktop\Thesis\solutions-descriptive\18.js">
      <metrics statements="20" coveredstatements="20" conditionals="2" coveredconditionals="2" methods="1" coveredmethods="1"/>
      <line num="2" count="19" type="stmt"/>
      <line num="4" count="19" type="stmt"/>
      <line num="5" count="54" type="stmt"/>
      <line num="6" count="3106" type="stmt"/>
      <line num="7" count="3106" type="stmt"/>
      <line num="8" count="7246" type="stmt"/>
      <line num="11" count="3106" type="stmt"/>
      <line num="12" count="3106" type="stmt"/>
      <line num="13" count="7246" type="stmt"/>
      <line num="17" count="54" type="stmt"/>
      <line num="18" count="4106" type="stmt"/>
      <line num="19" count="4106" type="stmt"/>
      <line num="20" count="7246" type="stmt"/>
      <line num="23" count="4106" type="stmt"/>
      <line num="24" count="7246" type="stmt"/>
      <line num="29" count="19" type="stmt"/>
      <line num="30" count="1529" type="stmt"/>
      <line num="31" count="3555" type="cond" truecount="2" falsecount="0"/>
      <line num="32" count="2" type="stmt"/>
      <line num="37" count="17" type="stmt"/>
    </file>
  </project>
</coverage>
