{"C:\\Users\\ASUS\\OneDrive\\Documents\\GitHub\\Thesis\\solutions-descriptive\\7.js": {"path":"C:\\Users\\ASUS\\OneDrive\\Documents\\GitHub\\Thesis\\solutions-descriptive\\7.js","statementMap":{"0":{"start":{"line":2,"column":12},"end":{"line":2,"column":30}},"1":{"start":{"line":3,"column":15},"end":{"line":3,"column":26}},"2":{"start":{"line":4,"column":4},"end":{"line":7,"column":5}},"3":{"start":{"line":4,"column":17},"end":{"line":4,"column":18}},"4":{"start":{"line":5,"column":21},"end":{"line":5,"column":66}},"5":{"start":{"line":5,"column":50},"end":{"line":5,"column":65}},"6":{"start":{"line":6,"column":8},"end":{"line":6,"column":27}},"7":{"start":{"line":8,"column":4},"end":{"line":8,"column":18}},"8":{"start":{"line":10,"column":19},"end":{"line":10,"column":29}},"9":{"start":{"line":11,"column":17},"end":{"line":11,"column":44}},"10":{"start":{"line":12,"column":22},"end":{"line":12,"column":38}},"11":{"start":{"line":14,"column":4},"end":{"line":20,"column":5}},"12":{"start":{"line":14,"column":17},"end":{"line":14,"column":40}},"13":{"start":{"line":15,"column":16},"end":{"line":15,"column":31}},"14":{"start":{"line":16,"column":8},"end":{"line":16,"column":36}},"15":{"start":{"line":17,"column":8},"end":{"line":19,"column":9}},"16":{"start":{"line":18,"column":12},"end":{"line":18,"column":58}},"17":{"start":{"line":22,"column":21},"end":{"line":22,"column":48}},"18":{"start":{"line":23,"column":4},"end":{"line":25,"column":5}},"19":{"start":{"line":23,"column":17},"end":{"line":23,"column":18}},"20":{"start":{"line":24,"column":8},"end":{"line":24,"column":54}},"21":{"start":{"line":27,"column":14},"end":{"line":27,"column":23}},"22":{"start":{"line":28,"column":4},"end":{"line":31,"column":5}},"23":{"start":{"line":28,"column":17},"end":{"line":28,"column":18}},"24":{"start":{"line":29,"column":16},"end":{"line":29,"column":97}},"25":{"start":{"line":30,"column":8},"end":{"line":30,"column":57}},"26":{"start":{"line":33,"column":4},"end":{"line":35,"column":5}},"27":{"start":{"line":33,"column":17},"end":{"line":33,"column":18}},"28":{"start":{"line":34,"column":8},"end":{"line":34,"column":69}},"29":{"start":{"line":37,"column":4},"end":{"line":44,"column":5}},"30":{"start":{"line":37,"column":17},"end":{"line":37,"column":18}},"31":{"start":{"line":38,"column":20},"end":{"line":38,"column":29}},"32":{"start":{"line":39,"column":8},"end":{"line":41,"column":9}},"33":{"start":{"line":40,"column":12},"end":{"line":40,"column":90}},"34":{"start":{"line":42,"column":8},"end":{"line":42,"column":27}},"35":{"start":{"line":43,"column":8},"end":{"line":43,"column":57}},"36":{"start":{"line":46,"column":4},"end":{"line":46,"column":26}},"37":{"start":{"line":51,"column":8},"end":{"line":51,"column":19}},"38":{"start":{"line":52,"column":8},"end":{"line":52,"column":23}},"39":{"start":{"line":53,"column":8},"end":{"line":53,"column":24}},"40":{"start":{"line":54,"column":8},"end":{"line":54,"column":44}},"41":{"start":{"line":55,"column":8},"end":{"line":55,"column":47}},"42":{"start":{"line":56,"column":8},"end":{"line":56,"column":26}},"43":{"start":{"line":57,"column":8},"end":{"line":57,"column":24}},"44":{"start":{"line":58,"column":8},"end":{"line":58,"column":42}},"45":{"start":{"line":59,"column":8},"end":{"line":59,"column":20}},"46":{"start":{"line":63,"column":8},"end":{"line":63,"column":30}},"47":{"start":{"line":67,"column":18},"end":{"line":67,"column":20}},"48":{"start":{"line":68,"column":8},"end":{"line":70,"column":9}},"49":{"start":{"line":68,"column":21},"end":{"line":68,"column":33}},"50":{"start":{"line":69,"column":12},"end":{"line":69,"column":32}},"51":{"start":{"line":71,"column":8},"end":{"line":71,"column":19}},"52":{"start":{"line":75,"column":8},"end":{"line":75,"column":50}},"53":{"start":{"line":75,"column":34},"end":{"line":75,"column":50}},"54":{"start":{"line":76,"column":8},"end":{"line":76,"column":72}},"55":{"start":{"line":76,"column":21},"end":{"line":76,"column":22}},"56":{"start":{"line":76,"column":45},"end":{"line":76,"column":72}},"57":{"start":{"line":77,"column":8},"end":{"line":77,"column":46}},"58":{"start":{"line":78,"column":8},"end":{"line":82,"column":9}},"59":{"start":{"line":78,"column":21},"end":{"line":78,"column":22}},"60":{"start":{"line":79,"column":20},"end":{"line":79,"column":37}},"61":{"start":{"line":80,"column":12},"end":{"line":80,"column":50}},"62":{"start":{"line":81,"column":12},"end":{"line":81,"column":24}},"63":{"start":{"line":84,"column":8},"end":{"line":84,"column":25}},"64":{"start":{"line":85,"column":8},"end":{"line":85,"column":31}},"65":{"start":{"line":86,"column":8},"end":{"line":86,"column":33}},"66":{"start":{"line":87,"column":8},"end":{"line":87,"column":30}},"67":{"start":{"line":89,"column":8},"end":{"line":97,"column":9}},"68":{"start":{"line":90,"column":12},"end":{"line":96,"column":13}},"69":{"start":{"line":91,"column":16},"end":{"line":95,"column":17}},"70":{"start":{"line":92,"column":20},"end":{"line":92,"column":39}},"71":{"start":{"line":93,"column":20},"end":{"line":93,"column":62}},"72":{"start":{"line":94,"column":20},"end":{"line":94,"column":41}},"73":{"start":{"line":99,"column":8},"end":{"line":99,"column":75}},"74":{"start":{"line":103,"column":8},"end":{"line":103,"column":31}},"75":{"start":{"line":107,"column":8},"end":{"line":107,"column":64}},"76":{"start":{"line":107,"column":42},"end":{"line":107,"column":62}}},"fnMap":{"0":{"name":"solve","decl":{"start":{"line":1,"column":16},"end":{"line":1,"column":21}},"loc":{"start":{"line":1,"column":29},"end":{"line":47,"column":1}},"line":1},"1":{"name":"(anonymous_1)","decl":{"start":{"line":5,"column":45},"end":{"line":5,"column":46}},"loc":{"start":{"line":5,"column":50},"end":{"line":5,"column":65}},"line":5},"2":{"name":"(anonymous_2)","decl":{"start":{"line":50,"column":4},"end":{"line":50,"column":5}},"loc":{"start":{"line":50,"column":19},"end":{"line":60,"column":5}},"line":50},"3":{"name":"(anonymous_3)","decl":{"start":{"line":62,"column":4},"end":{"line":62,"column":5}},"loc":{"start":{"line":62,"column":18},"end":{"line":64,"column":5}},"line":62},"4":{"name":"(anonymous_4)","decl":{"start":{"line":66,"column":4},"end":{"line":66,"column":5}},"loc":{"start":{"line":66,"column":17},"end":{"line":72,"column":5}},"line":66},"5":{"name":"(anonymous_5)","decl":{"start":{"line":74,"column":4},"end":{"line":74,"column":5}},"loc":{"start":{"line":74,"column":16},"end":{"line":100,"column":5}},"line":74},"6":{"name":"(anonymous_6)","decl":{"start":{"line":102,"column":4},"end":{"line":102,"column":5}},"loc":{"start":{"line":102,"column":14},"end":{"line":104,"column":5}},"line":102},"7":{"name":"(anonymous_7)","decl":{"start":{"line":106,"column":4},"end":{"line":106,"column":5}},"loc":{"start":{"line":106,"column":16},"end":{"line":108,"column":5}},"line":106},"8":{"name":"(anonymous_8)","decl":{"start":{"line":107,"column":37},"end":{"line":107,"column":38}},"loc":{"start":{"line":107,"column":42},"end":{"line":107,"column":62}},"line":107}},"branchMap":{"0":{"loc":{"start":{"line":17,"column":8},"end":{"line":19,"column":9}},"type":"if","locations":[{"start":{"line":17,"column":8},"end":{"line":19,"column":9}},{"start":{},"end":{}}],"line":17},"1":{"loc":{"start":{"line":91,"column":16},"end":{"line":95,"column":17}},"type":"if","locations":[{"start":{"line":91,"column":16},"end":{"line":95,"column":17}},{"start":{},"end":{}}],"line":91}},"s":{"0":17,"1":17,"2":17,"3":17,"4":2058,"5":4116,"6":2058,"7":17,"8":17,"9":17,"10":17,"11":17,"12":17,"13":2075,"14":2075,"15":2075,"16":2058,"17":17,"18":17,"19":17,"20":1052,"21":17,"22":17,"23":17,"24":2075,"25":2075,"26":17,"27":17,"28":1052,"29":17,"30":17,"31":2075,"32":2075,"33":2058,"34":2075,"35":2075,"36":17,"37":17,"38":17,"39":17,"40":17,"41":17,"42":17,"43":17,"44":17,"45":17,"46":2058,"47":4150,"48":4150,"49":4150,"50":8232,"51":4150,"52":17,"53":4116,"54":17,"55":17,"56":2092,"57":17,"58":17,"59":17,"60":4116,"61":4116,"62":4116,"63":17,"64":17,"65":17,"66":17,"67":17,"68":2075,"69":4116,"70":2058,"71":2058,"72":2058,"73":17,"74":2075,"75":2075,"76":4116},"f":{"0":17,"1":4116,"2":17,"3":2058,"4":4150,"5":17,"6":2075,"7":2075,"8":4116},"b":{"0":[2058,17],"1":[2058,2058]},"_coverageSchema":"1a1c01bbd47fc00a2c39e90264f33305004495a9","hash":"71d7efd80cbf889a60009d684f32496d61aa90d6"}
}
