{"E:\\desktop\\Thesis\\solutions-algorithm\\44.js": {"path":"E:\\desktop\\Thesis\\solutions-algorithm\\44.js","statementMap":{"0":{"start":{"line":3,"column":4},"end":{"line":3,"column":48}},"1":{"start":{"line":3,"column":38},"end":{"line":3,"column":48}},"2":{"start":{"line":5,"column":14},"end":{"line":5,"column":56}},"3":{"start":{"line":5,"column":54},"end":{"line":5,"column":55}},"4":{"start":{"line":6,"column":4},"end":{"line":6,"column":8}},"5":{"start":{"line":9,"column":8},"end":{"line":9,"column":43}},"6":{"start":{"line":9,"column":36},"end":{"line":9,"column":43}},"7":{"start":{"line":10,"column":8},"end":{"line":10,"column":15}},"8":{"start":{"line":11,"column":20},"end":{"line":11,"column":43}},"9":{"start":{"line":12,"column":8},"end":{"line":12,"column":52}},"10":{"start":{"line":13,"column":8},"end":{"line":13,"column":19}},"11":{"start":{"line":14,"column":8},"end":{"line":14,"column":19}},"12":{"start":{"line":17,"column":4},"end":{"line":17,"column":17}},"13":{"start":{"line":18,"column":4},"end":{"line":18,"column":29}}},"fnMap":{"0":{"name":"solve","decl":{"start":{"line":2,"column":16},"end":{"line":2,"column":21}},"loc":{"start":{"line":2,"column":28},"end":{"line":19,"column":1}},"line":2},"1":{"name":"(anonymous_1)","decl":{"start":{"line":5,"column":44},"end":{"line":5,"column":45}},"loc":{"start":{"line":5,"column":54},"end":{"line":5,"column":55}},"line":5},"2":{"name":"mg","decl":{"start":{"line":8,"column":13},"end":{"line":8,"column":15}},"loc":{"start":{"line":8,"column":22},"end":{"line":15,"column":5}},"line":8}},"branchMap":{"0":{"loc":{"start":{"line":3,"column":4},"end":{"line":3,"column":48}},"type":"if","locations":[{"start":{"line":3,"column":4},"end":{"line":3,"column":48}},{"start":{},"end":{}}],"line":3},"1":{"loc":{"start":{"line":3,"column":8},"end":{"line":3,"column":36}},"type":"binary-expr","locations":[{"start":{"line":3,"column":8},"end":{"line":3,"column":19}},{"start":{"line":3,"column":23},"end":{"line":3,"column":36}}],"line":3},"2":{"loc":{"start":{"line":9,"column":8},"end":{"line":9,"column":43}},"type":"if","locations":[{"start":{"line":9,"column":8},"end":{"line":9,"column":43}},{"start":{},"end":{}}],"line":9},"3":{"loc":{"start":{"line":9,"column":12},"end":{"line":9,"column":34}},"type":"binary-expr","locations":[{"start":{"line":9,"column":12},"end":{"line":9,"column":19}},{"start":{"line":9,"column":23},"end":{"line":9,"column":34}}],"line":9}},"s":{"0":15,"1":5,"2":10,"3":63,"4":10,"5":34,"6":22,"7":12,"8":12,"9":12,"10":12,"11":12,"12":10,"13":10},"f":{"0":15,"1":63,"2":34},"b":{"0":[5,10],"1":[15,10],"2":[22,12],"3":[34,19]},"_coverageSchema":"1a1c01bbd47fc00a2c39e90264f33305004495a9","hash":"6d01669cc8813573e6cc351f7a66d93cf99968be"}
}
