TN:
SF:solutions-descriptive\43.js
FN:1,solve
FNF:1
FNH:1
FNDA:14,solve
DA:2,14
DA:3,14
DA:4,14
DA:5,36
DA:6,36
DA:7,36
DA:8,36
DA:11,14
DA:12,14
DA:14,14
DA:18,14
DA:19,122
DA:20,122
DA:22,122
DA:23,72
DA:24,72
DA:25,72
DA:26,36
DA:29,50
DA:30,50
DA:31,50
DA:32,72
DA:33,36
DA:34,36
DA:39,14
LF:25
LH:25
BRDA:5,0,0,36
BRDA:5,0,1,13
BRDA:6,1,0,36
BRDA:6,1,1,36
BRDA:20,2,0,122
BRDA:20,2,1,1
BRDA:22,3,0,72
BRDA:22,3,1,50
BRDA:25,4,0,36
BRDA:25,4,1,36
BRDA:32,5,0,36
BRDA:32,5,1,36
BRF:12
BRH:12
end_of_record
