<?xml version="1.0" encoding="UTF-8"?>
<coverage generated="1754545795801" clover="3.2.0">
  <project timestamp="1754545795802" name="All files">
    <metrics statements="13" coveredstatements="13" conditionals="8" coveredconditionals="6" methods="2" coveredmethods="2" elements="23" coveredelements="21" complexity="0" loc="13" ncloc="13" packages="1" files="1" classes="1"/>
    <file name="4.js" path="C:\Users\ASUS\OneDrive\Documents\GitHub\Thesis\solutions-descriptive\4.js">
      <metrics statements="13" coveredstatements="13" conditionals="8" coveredconditionals="6" methods="2" coveredmethods="2"/>
      <line num="2" count="12" type="stmt"/>
      <line num="4" count="37" type="stmt"/>
      <line num="8" count="12" type="stmt"/>
      <line num="9" count="16" type="stmt"/>
      <line num="10" count="25" type="stmt"/>
      <line num="13" count="25" type="stmt"/>
      <line num="15" count="36" type="stmt"/>
      <line num="18" count="36" type="stmt"/>
      <line num="21" count="36" type="cond" truecount="1" falsecount="1"/>
      <line num="22" count="36" type="stmt"/>
      <line num="25" count="36" type="cond" truecount="1" falsecount="1"/>
      <line num="26" count="36" type="stmt"/>
      <line num="30" count="12" type="stmt"/>
    </file>
  </project>
</coverage>
