TN:
SF:solutions-descriptive\10.js
FN:3,solve
FNF:1
FNH:1
FNDA:12,solve
DA:4,12
DA:6,11
DA:7,11
DA:9,11
DA:10,25
DA:11,25
DA:12,25
DA:13,25
DA:14,25
DA:15,25
DA:18,11
DA:19,11
DA:20,11
DA:21,36
DA:22,26
DA:26,11
DA:27,11
DA:29,11
DA:30,25
DA:31,25
DA:33,25
DA:34,4
DA:35,4
DA:36,21
DA:37,2
DA:40,25
DA:41,25
DA:42,25
DA:43,10
DA:47,11
LF:30
LH:30
BRDA:4,0,0,1
BRDA:4,0,1,11
BRDA:21,1,0,26
BRDA:21,1,1,10
BRDA:33,2,0,4
BRDA:33,2,1,21
BRDA:36,3,0,2
BRDA:36,3,1,19
BRDA:42,4,0,10
BRDA:42,4,1,15
BRF:10
BRH:10
end_of_record
