TN:
SF:solutions-descriptive\1.js
FN:1,solve
FN:8,minSteps
FN:20,(anonymous_2)
FN:50,gcd
FNF:4
FNH:4
FNDA:29,solve
FNDA:50,minSteps
FNDA:386,(anonymous_2)
FNDA:29,gcd
DA:2,29
DA:3,29
DA:4,21
DA:5,21
DA:6,21
DA:9,50
DA:12,50
DA:13,1122
DA:14,91
DA:15,91
DA:16,65
DA:20,386
DA:22,42
DA:24,42
DA:25,156
DA:27,156
DA:28,1577
DA:29,1577
DA:31,1577
DA:32,836
DA:37,156
DA:38,116
DA:42,156
DA:45,42
DA:51,29
DA:52,38
DA:53,38
DA:54,38
DA:56,29
LF:29
LH:29
BRDA:6,0,0,4
BRDA:6,0,1,17
BRDA:13,1,0,91
BRDA:13,1,1,1023
BRDA:15,2,0,65
BRDA:15,2,1,26
BRDA:31,3,0,836
BRDA:31,3,1,741
BRDA:31,4,0,1577
BRDA:31,4,1,1024
BRDA:37,5,0,116
BRDA:37,5,1,40
BRDA:38,6,0,42
BRDA:38,6,1,74
BRF:14
BRH:14
end_of_record
