TN:
SF:solutions-descriptive\32.js
FN:5,sieve
FN:22,solve
FNF:2
FNH:2
FNDA:1,sieve
FNDA:18,solve
DA:1,1
DA:2,1
DA:3,1
DA:6,1
DA:7,399999
DA:8,33860
DA:9,33860
DA:11,399999
DA:12,634103
DA:13,634103
DA:14,366139
DA:15,366139
DA:20,1
DA:23,18
DA:24,1
DA:25,1
DA:28,18
DA:29,18
DA:30,18
DA:31,70
DA:34,18
DA:35,18
DA:36,56
DA:37,56
DA:38,34
DA:39,3
DA:40,3
DA:42,31
DA:46,15
DA:47,8
DA:48,8
DA:51,7
DA:52,13
DA:53,13
DA:54,6
DA:55,6
DA:56,3
DA:57,3
DA:59,0
DA:60,0
DA:61,0
DA:65,4
LF:42
LH:39
BRDA:7,0,0,33860
BRDA:7,0,1,366139
BRDA:13,1,0,267964
BRDA:13,1,1,366139
BRDA:15,2,0,132035
BRDA:15,2,1,234104
BRDA:23,3,0,1
BRDA:23,3,1,17
BRDA:37,4,0,34
BRDA:37,4,1,22
BRDA:38,5,0,3
BRDA:38,5,1,31
BRDA:46,6,0,8
BRDA:46,6,1,7
BRDA:53,7,0,7
BRDA:53,7,1,6
BRDA:54,8,0,6
BRDA:54,8,1,0
BRDA:55,9,0,3
BRDA:55,9,1,3
BRDA:59,10,0,0
BRDA:59,10,1,0
BRF:22
BRH:19
end_of_record
