{"C:\\Users\\ASUS\\OneDrive\\Documents\\GitHub\\Thesis\\solutions-algorithm\\18.js": {"path":"C:\\Users\\ASUS\\OneDrive\\Documents\\GitHub\\Thesis\\solutions-algorithm\\18.js","statementMap":{"0":{"start":{"line":5,"column":4},"end":{"line":7,"column":7}},"1":{"start":{"line":6,"column":8},"end":{"line":6,"column":69}}},"fnMap":{"0":{"name":"solve","decl":{"start":{"line":4,"column":16},"end":{"line":4,"column":21}},"loc":{"start":{"line":4,"column":29},"end":{"line":8,"column":1}},"line":4},"1":{"name":"(anonymous_1)","decl":{"start":{"line":5,"column":21},"end":{"line":5,"column":22}},"loc":{"start":{"line":5,"column":33},"end":{"line":7,"column":5}},"line":5}},"branchMap":{"0":{"loc":{"start":{"line":6,"column":15},"end":{"line":6,"column":68}},"type":"cond-expr","locations":[{"start":{"line":6,"column":27},"end":{"line":6,"column":39}},{"start":{"line":6,"column":42},"end":{"line":6,"column":68}}],"line":6}},"s":{"0":9,"1":9},"f":{"0":9,"1":9},"b":{"0":[3,6]},"_coverageSchema":"1a1c01bbd47fc00a2c39e90264f33305004495a9","hash":"c44de791cac8534cdaf82bd05f7d2f8566fd8387"}
}
