{"E:\\desktop\\Thesis\\solutions-descriptive\\18.js": {"path":"E:\\desktop\\Thesis\\solutions-descriptive\\18.js","statementMap":{"0":{"start":{"line":2,"column":21},"end":{"line":2,"column":57}},"1":{"start":{"line":4,"column":4},"end":{"line":27,"column":5}},"2":{"start":{"line":4,"column":25},"end":{"line":4,"column":26}},"3":{"start":{"line":5,"column":8},"end":{"line":15,"column":9}},"4":{"start":{"line":5,"column":23},"end":{"line":5,"column":24}},"5":{"start":{"line":6,"column":31},"end":{"line":6,"column":32}},"6":{"start":{"line":7,"column":12},"end":{"line":9,"column":13}},"7":{"start":{"line":7,"column":27},"end":{"line":7,"column":28}},"8":{"start":{"line":8,"column":16},"end":{"line":8,"column":107}},"9":{"start":{"line":11,"column":30},"end":{"line":11,"column":71}},"10":{"start":{"line":12,"column":12},"end":{"line":14,"column":13}},"11":{"start":{"line":12,"column":27},"end":{"line":12,"column":28}},"12":{"start":{"line":13,"column":16},"end":{"line":13,"column":60}},"13":{"start":{"line":17,"column":8},"end":{"line":26,"column":9}},"14":{"start":{"line":17,"column":23},"end":{"line":17,"column":24}},"15":{"start":{"line":18,"column":31},"end":{"line":18,"column":32}},"16":{"start":{"line":19,"column":12},"end":{"line":21,"column":13}},"17":{"start":{"line":19,"column":27},"end":{"line":19,"column":28}},"18":{"start":{"line":20,"column":16},"end":{"line":20,"column":107}},"19":{"start":{"line":23,"column":12},"end":{"line":25,"column":13}},"20":{"start":{"line":23,"column":27},"end":{"line":23,"column":28}},"21":{"start":{"line":24,"column":16},"end":{"line":24,"column":55}},"22":{"start":{"line":29,"column":4},"end":{"line":35,"column":5}},"23":{"start":{"line":29,"column":19},"end":{"line":29,"column":20}},"24":{"start":{"line":30,"column":8},"end":{"line":34,"column":9}},"25":{"start":{"line":30,"column":23},"end":{"line":30,"column":24}},"26":{"start":{"line":31,"column":12},"end":{"line":33,"column":13}},"27":{"start":{"line":32,"column":16},"end":{"line":32,"column":30}},"28":{"start":{"line":37,"column":4},"end":{"line":37,"column":19}}},"fnMap":{"0":{"name":"solve","decl":{"start":{"line":1,"column":16},"end":{"line":1,"column":21}},"loc":{"start":{"line":1,"column":74},"end":{"line":38,"column":1}},"line":1}},"branchMap":{"0":{"loc":{"start":{"line":31,"column":12},"end":{"line":33,"column":13}},"type":"if","locations":[{"start":{"line":31,"column":12},"end":{"line":33,"column":13}},{"start":{},"end":{}}],"line":31}},"s":{"0":12,"1":12,"2":12,"3":31,"4":31,"5":60,"6":60,"7":60,"8":124,"9":60,"10":60,"11":60,"12":124,"13":31,"14":31,"15":60,"16":60,"17":60,"18":124,"19":60,"20":60,"21":124,"22":12,"23":12,"24":19,"25":19,"26":36,"27":2,"28":10},"f":{"0":12},"b":{"0":[2,34]},"_coverageSchema":"1a1c01bbd47fc00a2c39e90264f33305004495a9","hash":"c5ca971ad36e4d58ead78deee194952d2de59fb0"}
}
