TN:
SF:solutions-algorithm\48.js
FN:2,solve
FN:12,addedge
FN:23,dfs
FNF:3
FNH:3
FNDA:14,solve
FNDA:122,addedge
FNDA:75,dfs
DA:3,14
DA:4,14
DA:5,14
DA:6,14
DA:7,14
DA:8,14
DA:9,14
DA:10,14
DA:13,122
DA:14,122
DA:15,122
DA:18,14
DA:19,61
DA:20,61
DA:24,75
DA:25,75
DA:26,75
DA:27,122
DA:28,122
DA:29,61
DA:33,14
DA:35,14
DA:36,14
DA:37,38
DA:38,38
DA:40,38
DA:41,38
DA:42,38
DA:43,42
DA:44,42
DA:45,42
DA:46,42
DA:47,33
DA:50,38
DA:51,38
DA:52,38
DA:53,38
DA:56,14
LF:38
LH:38
BRDA:28,0,0,61
BRDA:28,0,1,61
BRDA:46,1,0,9
BRDA:46,1,1,33
BRDA:52,2,0,8
BRDA:52,2,1,30
BRF:6
BRH:6
end_of_record
