TN:
SF:solutions-descriptive\36.js
FN:4,add
FN:8,minus
FN:12,mul
FN:19,pow
FN:32,solve
FNF:5
FNH:1
FNDA:0,add
FNDA:0,minus
FNDA:0,mul
FNDA:0,pow
FNDA:13,solve
DA:1,1
DA:2,1
DA:5,0
DA:9,0
DA:13,0
DA:16,0
DA:20,0
DA:21,0
DA:22,0
DA:23,0
DA:24,0
DA:26,0
DA:27,0
DA:29,0
DA:33,13
DA:34,13
DA:36,13
DA:37,21
DA:38,21
DA:39,21
DA:41,21
DA:42,8
DA:43,8
DA:47,13
DA:49,13
DA:50,0
DA:52,13
LF:27
LH:14
BRDA:23,0,0,0
BRDA:23,0,1,0
BRDA:38,1,0,21
BRDA:38,1,1,10
BRDA:38,1,2,9
BRDA:38,1,3,8
BRDA:39,2,0,21
BRDA:39,2,1,11
BRDA:39,2,2,14
BRDA:39,2,3,4
BRDA:39,2,4,14
BRDA:39,2,5,1
BRDA:39,2,6,14
BRDA:39,2,7,1
BRDA:41,3,0,8
BRDA:41,3,1,13
BRDA:41,4,0,21
BRDA:41,4,1,15
BRDA:49,5,0,0
BRDA:49,5,1,13
BRDA:50,6,0,0
BRDA:50,6,1,0
BRF:22
BRH:17
end_of_record
