<?xml version="1.0" encoding="UTF-8"?>
<coverage generated="1755896436945" clover="3.2.0">
  <project timestamp="1755896436946" name="All files">
    <metrics statements="39" coveredstatements="26" conditionals="20" coveredconditionals="11" methods="8" coveredmethods="4" elements="67" coveredelements="41" complexity="0" loc="39" ncloc="39" packages="1" files="1" classes="1"/>
    <file name="30.js" path="E:\desktop\Thesis\solutions-descriptive\30.js">
      <metrics statements="39" coveredstatements="26" conditionals="20" coveredconditionals="11" methods="8" coveredmethods="4"/>
      <line num="3" count="0" type="stmt"/>
      <line num="4" count="0" type="stmt"/>
      <line num="8" count="0" type="stmt"/>
      <line num="12" count="0" type="cond" truecount="0" falsecount="2"/>
      <line num="13" count="0" type="stmt"/>
      <line num="15" count="0" type="stmt"/>
      <line num="19" count="0" type="stmt"/>
      <line num="25" count="12" type="cond" truecount="2" falsecount="3"/>
      <line num="26" count="0" type="stmt"/>
      <line num="27" count="0" type="stmt"/>
      <line num="33" count="12" type="cond" truecount="2" falsecount="3"/>
      <line num="34" count="0" type="stmt"/>
      <line num="35" count="0" type="stmt"/>
      <line num="38" count="12" type="stmt"/>
      <line num="39" count="12" type="stmt"/>
      <line num="42" count="12" type="stmt"/>
      <line num="43" count="12" type="stmt"/>
      <line num="44" count="12" type="stmt"/>
      <line num="45" count="36" type="stmt"/>
      <line num="48" count="12" type="stmt"/>
      <line num="49" count="12" type="stmt"/>
      <line num="54" count="36" type="stmt"/>
      <line num="57" count="12" type="stmt"/>
      <line num="58" count="12" type="stmt"/>
      <line num="60" count="12" type="stmt"/>
      <line num="62" count="12" type="stmt"/>
      <line num="64" count="29" type="stmt"/>
      <line num="67" count="42" type="cond" truecount="4" falsecount="0"/>
      <line num="68" count="12" type="stmt"/>
      <line num="72" count="17" type="stmt"/>
      <line num="74" count="17" type="stmt"/>
      <line num="75" count="53" type="cond" truecount="2" falsecount="0"/>
      <line num="77" count="43" type="stmt"/>
      <line num="79" count="43" type="stmt"/>
      <line num="84" count="17" type="stmt"/>
      <line num="85" count="17" type="stmt"/>
      <line num="88" count="17" type="cond" truecount="1" falsecount="1"/>
      <line num="89" count="0" type="stmt"/>
      <line num="93" count="0" type="stmt"/>
    </file>
  </project>
</coverage>
