TN:
SF:solutions-algorithm\43.js
FN:4,solve
FN:5,(anonymous_1)
FN:6,(anonymous_2)
FNF:3
FNH:3
FNDA:14,solve
FNDA:180,(anonymous_1)
FNDA:180,(anonymous_2)
DA:5,180
DA:6,180
DA:9,14
DA:10,152
DA:11,10230
DA:12,10230
DA:17,14
DA:18,14
DA:19,152
DA:20,5039
DA:24,14
DA:25,14
DA:27,14
DA:28,152
DA:30,5039
DA:37,5039
DA:38,5019
DA:39,122
DA:40,122
DA:45,14
LF:20
LH:20
BRDA:11,0,0,5039
BRDA:11,0,1,5191
BRDA:12,1,0,5039
BRDA:12,1,1,5191
BRDA:20,2,0,4988
BRDA:20,2,1,51
BRDA:37,3,0,20
BRDA:37,3,1,5019
BRDA:38,4,0,122
BRDA:38,4,1,4897
BRF:10
BRH:10
end_of_record
