<?xml version="1.0" encoding="UTF-8"?>
<coverage generated="1754672667022" clover="3.2.0">
  <project timestamp="1754672667022" name="All files">
    <metrics statements="8" coveredstatements="8" conditionals="2" coveredconditionals="2" methods="3" coveredmethods="3" elements="13" coveredelements="13" complexity="0" loc="8" ncloc="8" packages="1" files="1" classes="1"/>
    <file name="35.js" path="E:\desktop\Thesis\solutions-algorithm\35.js">
      <metrics statements="8" coveredstatements="8" conditionals="2" coveredconditionals="2" methods="3" coveredmethods="3"/>
      <line num="10" count="31" type="cond" truecount="2" falsecount="0"/>
      <line num="11" count="4" type="stmt"/>
      <line num="13" count="27" type="stmt"/>
      <line num="14" count="27" type="stmt"/>
      <line num="15" count="88" type="stmt"/>
      <line num="16" count="88" type="stmt"/>
      <line num="18" count="27" type="stmt"/>
      <line num="27" count="31" type="stmt"/>
    </file>
  </project>
</coverage>
