<?xml version="1.0" encoding="UTF-8"?>
<coverage generated="1754657252829" clover="3.2.0">
  <project timestamp="1754657252829" name="All files">
    <metrics statements="9" coveredstatements="9" conditionals="2" coveredconditionals="2" methods="3" coveredmethods="3" elements="14" coveredelements="14" complexity="0" loc="9" ncloc="9" packages="1" files="1" classes="1"/>
    <file name="4.js" path="C:\Users\ASUS\OneDrive\Documents\GitHub\Thesis\solutions-algorithm\4.js">
      <metrics statements="9" coveredstatements="9" conditionals="2" coveredconditionals="2" methods="3" coveredmethods="3"/>
      <line num="3" count="12" type="stmt"/>
      <line num="4" count="40" type="stmt"/>
      <line num="5" count="12" type="stmt"/>
      <line num="6" count="12" type="stmt"/>
      <line num="8" count="12" type="stmt"/>
      <line num="9" count="38" type="cond" truecount="2" falsecount="0"/>
      <line num="10" count="23" type="stmt"/>
      <line num="12" count="15" type="stmt"/>
      <line num="16" count="12" type="stmt"/>
    </file>
  </project>
</coverage>
