TN:
SF:solutions-descriptive\45.js
FN:2,solve
FN:25,(anonymous_1)
FN:29,(anonymous_2)
FN:31,(anonymous_3)
FN:40,(anonymous_4)
FNF:5
FNH:5
FNDA:11,solve
FNDA:34,(anonymous_1)
FNDA:10,(anonymous_2)
FNDA:26,(anonymous_3)
FNDA:28,(anonymous_4)
DA:10,11
DA:11,11
DA:12,27
DA:13,27
DA:14,27
DA:15,27
DA:18,11
DA:19,11
DA:20,11
DA:23,11
DA:25,11
DA:26,34
DA:29,11
DA:31,11
DA:32,26
DA:33,10
DA:34,10
DA:35,6
DA:36,6
DA:40,11
DA:41,28
DA:42,28
DA:43,28
DA:45,28
DA:46,28
DA:48,28
DA:49,0
DA:50,0
DA:54,11
DA:55,28
DA:56,0
DA:57,0
DA:58,0
DA:61,28
DA:63,28
DA:64,28
DA:65,28
DA:66,28
DA:67,28
DA:69,28
DA:70,28
DA:71,47
DA:72,27
DA:73,27
DA:74,16
DA:76,9
DA:77,9
DA:79,11
DA:80,5
DA:81,5
DA:83,6
DA:86,27
DA:87,20
DA:88,20
DA:89,20
DA:95,11
LF:56
LH:51
BRDA:12,0,0,12
BRDA:12,0,1,15
BRDA:13,1,0,20
BRDA:13,1,1,7
BRDA:32,2,0,16
BRDA:32,2,1,10
BRDA:34,3,0,6
BRDA:34,3,1,4
BRDA:45,4,0,0
BRDA:45,4,1,28
BRDA:45,5,0,28
BRDA:45,5,1,0
BRDA:46,6,0,0
BRDA:46,6,1,28
BRDA:46,7,0,28
BRDA:46,7,1,0
BRDA:48,8,0,0
BRDA:48,8,1,28
BRDA:54,9,0,39
BRDA:54,9,1,31
BRDA:55,10,0,28
BRDA:55,10,1,28
BRDA:61,11,0,0
BRDA:61,11,1,28
BRDA:69,12,0,28
BRDA:69,12,1,1
BRDA:71,13,0,27
BRDA:71,13,1,20
BRDA:73,14,0,16
BRDA:73,14,1,11
BRDA:74,15,0,7
BRDA:74,15,1,9
BRDA:76,16,0,7
BRDA:76,16,1,2
BRDA:77,17,0,7
BRDA:77,17,1,2
BRDA:79,18,0,5
BRDA:79,18,1,6
BRDA:80,19,0,4
BRDA:80,19,1,1
BRDA:81,20,0,5
BRDA:81,20,1,0
BRDA:83,21,0,3
BRDA:83,21,1,3
BRDA:86,22,0,20
BRDA:86,22,1,7
BRF:46
BRH:39
end_of_record
