<?xml version="1.0" encoding="UTF-8"?>
<coverage generated="1754686760202" clover="3.2.0">
  <project timestamp="1754686760203" name="All files">
    <metrics statements="4" coveredstatements="4" conditionals="2" coveredconditionals="2" methods="1" coveredmethods="1" elements="7" coveredelements="7" complexity="0" loc="4" ncloc="4" packages="1" files="1" classes="1"/>
    <file name="47.js" path="E:\desktop\Thesis\solutions-algorithm\47.js">
      <metrics statements="4" coveredstatements="4" conditionals="2" coveredconditionals="2" methods="1" coveredmethods="1"/>
      <line num="3" count="14" type="stmt"/>
      <line num="4" count="14" type="stmt"/>
      <line num="5" count="200062" type="cond" truecount="2" falsecount="0"/>
      <line num="7" count="14" type="stmt"/>
    </file>
  </project>
</coverage>
