<?xml version="1.0" encoding="UTF-8"?>
<coverage generated="1754575077355" clover="3.2.0">
  <project timestamp="1754575077355" name="All files">
    <metrics statements="10" coveredstatements="10" conditionals="2" coveredconditionals="2" methods="4" coveredmethods="4" elements="16" coveredelements="16" complexity="0" loc="10" ncloc="10" packages="1" files="1" classes="1"/>
    <file name="17.js" path="C:\Users\ASUS\OneDrive\Documents\GitHub\Thesis\solutions-descriptive\17.js">
      <metrics statements="10" coveredstatements="10" conditionals="2" coveredconditionals="2" methods="4" coveredmethods="4"/>
      <line num="2" count="11" type="cond" truecount="2" falsecount="0"/>
      <line num="3" count="5" type="stmt"/>
      <line num="6" count="6" type="stmt"/>
      <line num="7" count="6" type="stmt"/>
      <line num="9" count="2042" type="stmt"/>
      <line num="11" count="6" type="stmt"/>
      <line num="12" count="2042" type="stmt"/>
      <line num="13" count="2248" type="stmt"/>
      <line num="17" count="6" type="stmt"/>
      <line num="18" count="2248" type="stmt"/>
    </file>
  </project>
</coverage>
