{"E:\\desktop\\Thesis\\solutions-algorithm\\34.js": {"path":"E:\\desktop\\Thesis\\solutions-algorithm\\34.js","statementMap":{"0":{"start":{"line":9,"column":4},"end":{"line":9,"column":34}},"1":{"start":{"line":9,"column":27},"end":{"line":9,"column":32}}},"fnMap":{"0":{"name":"solve","decl":{"start":{"line":8,"column":16},"end":{"line":8,"column":21}},"loc":{"start":{"line":8,"column":30},"end":{"line":10,"column":1}},"line":8},"1":{"name":"(anonymous_1)","decl":{"start":{"line":9,"column":22},"end":{"line":9,"column":23}},"loc":{"start":{"line":9,"column":27},"end":{"line":9,"column":32}},"line":9}},"branchMap":{},"s":{"0":9,"1":21},"f":{"0":9,"1":21},"b":{},"_coverageSchema":"1a1c01bbd47fc00a2c39e90264f33305004495a9","hash":"a04928ae56b16a37046f7fd765a9f5db98883e8c"}
}
