TN:
SF:solutions-descriptive\12.js
FN:2,(anonymous_0)
FN:20,(anonymous_1)
FN:38,(anonymous_2)
FN:40,(anonymous_3)
FN:43,(anonymous_4)
FN:47,(anonymous_5)
FN:63,(anonymous_6)
FN:69,solve
FN:93,testing_test
FNF:9
FNH:9
FNDA:147,(anonymous_0)
FNDA:62,(anonymous_1)
FNDA:11,(anonymous_2)
FNDA:60,(anonymous_3)
FNDA:25,(anonymous_4)
FNDA:87,(anonymous_5)
FNDA:13,(anonymous_6)
FNDA:9,solve
FNDA:1,testing_test
DA:3,147
DA:4,122
DA:5,122
DA:6,122
DA:7,122
DA:8,122
DA:9,122
DA:11,25
DA:12,25
DA:13,25
DA:14,25
DA:15,25
DA:16,25
DA:21,62
DA:22,62
DA:23,62
DA:24,62
DA:25,62
DA:26,62
DA:27,62
DA:33,62
DA:39,11
DA:40,60
DA:44,25
DA:48,87
DA:49,25
DA:50,25
DA:53,62
DA:54,62
DA:55,33
DA:57,29
DA:60,62
DA:64,13
DA:70,9
DA:72,9
DA:73,11
DA:75,3
DA:76,15
DA:79,3
DA:81,3
DA:82,10
DA:83,10
DA:86,3
DA:89,1
DA:94,1
DA:115,1
DA:116,1
DA:117,3
DA:118,13
DA:124,1
LF:50
LH:50
BRDA:2,0,0,122
BRDA:3,1,0,122
BRDA:3,1,1,25
BRDA:48,2,0,25
BRDA:48,2,1,62
BRDA:54,3,0,33
BRDA:54,3,1,29
BRF:7
BRH:7
end_of_record
