TN:
SF:solutions-descriptive\12.js
FN:2,(anonymous_0)
FN:20,(anonymous_1)
FN:38,(anonymous_2)
FN:40,(anonymous_3)
FN:43,(anonymous_4)
FN:47,(anonymous_5)
FN:63,(anonymous_6)
FN:69,solve
FN:93,testing_test
FNF:9
FNH:9
FNDA:508,(anonymous_0)
FNDA:208,(anonymous_1)
FNDA:12,(anonymous_2)
FNDA:212,(anonymous_3)
FNDA:88,(anonymous_4)
FNDA:296,(anonymous_5)
FNDA:47,(anonymous_6)
FNDA:9,solve
FNDA:1,testing_test
DA:3,508
DA:4,420
DA:5,420
DA:6,420
DA:7,420
DA:8,420
DA:9,420
DA:11,88
DA:12,88
DA:13,88
DA:14,88
DA:15,88
DA:16,88
DA:21,208
DA:22,208
DA:23,208
DA:24,208
DA:25,208
DA:26,208
DA:27,208
DA:33,208
DA:39,12
DA:40,212
DA:44,88
DA:48,296
DA:49,88
DA:50,88
DA:53,208
DA:54,208
DA:55,111
DA:57,97
DA:60,208
DA:64,47
DA:70,9
DA:72,9
DA:73,12
DA:75,12
DA:76,53
DA:79,12
DA:81,12
DA:82,35
DA:83,35
DA:86,12
DA:89,9
DA:94,1
DA:115,1
DA:116,1
DA:117,3
DA:118,13
DA:124,1
LF:50
LH:50
BRDA:2,0,0,420
BRDA:3,1,0,420
BRDA:3,1,1,88
BRDA:48,2,0,88
BRDA:48,2,1,208
BRDA:54,3,0,111
BRDA:54,3,1,97
BRF:7
BRH:7
end_of_record
