TN:
SF:solutions-descriptive\50.js
FN:1,solve
FN:7,(anonymous_1)
FN:24,countMultiples
FN:38,getLCM
FN:42,gcd
FNF:5
FNH:1
FNDA:10,solve
FNDA:0,(anonymous_1)
FNDA:0,countMultiples
FNDA:0,getLCM
FNDA:0,gcd
DA:2,10
DA:3,10
DA:4,10
DA:5,0
DA:7,10
DA:9,0
DA:10,0
DA:11,0
DA:12,0
DA:14,0
DA:16,0
DA:17,0
DA:18,0
DA:19,0
DA:20,0
DA:22,0
DA:25,0
DA:26,0
DA:28,0
DA:29,0
DA:30,0
DA:31,0
DA:34,0
DA:39,0
DA:43,0
DA:44,0
DA:45,0
DA:46,0
DA:48,0
LF:29
LH:4
BRDA:12,0,0,0
BRDA:12,0,1,0
BRDA:14,1,0,0
BRDA:14,1,1,0
BRDA:19,2,0,0
BRDA:19,2,1,0
BRDA:25,3,0,0
BRDA:25,3,1,0
BRDA:29,4,0,0
BRDA:29,4,1,0
BRDA:30,5,0,0
BRDA:30,5,1,0
BRDA:34,6,0,0
BRDA:34,6,1,0
BRF:14
BRH:0
end_of_record
