<?xml version="1.0" encoding="UTF-8"?>
<coverage generated="1754581229857" clover="3.2.0">
  <project timestamp="1754581229857" name="All files">
    <metrics statements="56" coveredstatements="51" conditionals="46" coveredconditionals="38" methods="5" coveredmethods="5" elements="107" coveredelements="94" complexity="0" loc="56" ncloc="56" packages="1" files="1" classes="1"/>
    <file name="45.js" path="C:\Users\ASUS\OneDrive\Documents\GitHub\Thesis\solutions-descriptive\45.js">
      <metrics statements="56" coveredstatements="51" conditionals="46" coveredconditionals="38" methods="5" coveredmethods="5"/>
      <line num="10" count="15" type="stmt"/>
      <line num="11" count="15" type="stmt"/>
      <line num="12" count="2032" type="cond" truecount="2" falsecount="0"/>
      <line num="13" count="2032" type="cond" truecount="2" falsecount="0"/>
      <line num="14" count="2032" type="stmt"/>
      <line num="15" count="2032" type="stmt"/>
      <line num="18" count="15" type="stmt"/>
      <line num="19" count="15" type="stmt"/>
      <line num="20" count="15" type="stmt"/>
      <line num="23" count="15" type="stmt"/>
      <line num="25" count="15" type="stmt"/>
      <line num="26" count="2045" type="stmt"/>
      <line num="29" count="15" type="stmt"/>
      <line num="31" count="15" type="stmt"/>
      <line num="32" count="2032" type="cond" truecount="2" falsecount="0"/>
      <line num="33" count="9" type="stmt"/>
      <line num="34" count="9" type="cond" truecount="2" falsecount="0"/>
      <line num="35" count="5" type="stmt"/>
      <line num="36" count="5" type="stmt"/>
      <line num="40" count="15" type="stmt"/>
      <line num="41" count="2040" type="stmt"/>
      <line num="42" count="2040" type="stmt"/>
      <line num="43" count="2040" type="stmt"/>
      <line num="45" count="2040" type="cond" truecount="2" falsecount="2"/>
      <line num="46" count="2040" type="cond" truecount="2" falsecount="2"/>
      <line num="48" count="2040" type="cond" truecount="1" falsecount="1"/>
      <line num="49" count="0" type="stmt"/>
      <line num="50" count="0" type="stmt"/>
      <line num="54" count="15" type="cond" truecount="2" falsecount="0"/>
      <line num="55" count="2040" type="cond" truecount="2" falsecount="0"/>
      <line num="56" count="0" type="stmt"/>
      <line num="57" count="0" type="stmt"/>
      <line num="58" count="0" type="stmt"/>
      <line num="61" count="2040" type="cond" truecount="1" falsecount="1"/>
      <line num="63" count="2040" type="stmt"/>
      <line num="64" count="2040" type="stmt"/>
      <line num="65" count="2040" type="stmt"/>
      <line num="66" count="2040" type="stmt"/>
      <line num="67" count="2040" type="stmt"/>
      <line num="69" count="2040" type="cond" truecount="1" falsecount="1"/>
      <line num="70" count="2040" type="stmt"/>
      <line num="71" count="4060" type="cond" truecount="2" falsecount="0"/>
      <line num="72" count="2032" type="stmt"/>
      <line num="73" count="2032" type="cond" truecount="2" falsecount="0"/>
      <line num="74" count="1185" type="cond" truecount="2" falsecount="0"/>
      <line num="76" count="9" type="cond" truecount="2" falsecount="0"/>
      <line num="77" count="9" type="cond" truecount="2" falsecount="0"/>
      <line num="79" count="847" type="cond" truecount="2" falsecount="0"/>
      <line num="80" count="111" type="cond" truecount="2" falsecount="0"/>
      <line num="81" count="111" type="cond" truecount="1" falsecount="1"/>
      <line num="83" count="736" type="cond" truecount="2" falsecount="0"/>
      <line num="86" count="2032" type="cond" truecount="2" falsecount="0"/>
      <line num="87" count="2027" type="stmt"/>
      <line num="88" count="2027" type="stmt"/>
      <line num="89" count="2027" type="stmt"/>
      <line num="95" count="15" type="stmt"/>
    </file>
  </project>
</coverage>
