TN:
SF:solutions-algorithm\32.js
FN:8,solve
FNF:1
FNH:1
FNDA:9,solve
DA:10,9
DA:11,9
DA:13,9
DA:15,19
DA:16,19
DA:17,98
DA:20,19
DA:21,19
DA:22,98
DA:25,19
DA:26,19
DA:28,19
DA:29,98
DA:30,52
DA:31,52
DA:32,52
DA:33,98
DA:34,98
DA:35,98
DA:37,52
DA:41,19
DA:42,19
DA:43,52
DA:44,52
DA:45,83
DA:46,24
DA:47,24
DA:51,52
DA:52,18
DA:56,19
DA:59,9
LF:31
LH:31
BRDA:22,0,0,36
BRDA:22,0,1,62
BRDA:29,1,0,52
BRDA:29,1,1,46
BRDA:45,2,0,24
BRDA:45,2,1,59
BRDA:51,3,0,18
BRDA:51,3,1,34
BRDA:51,4,0,52
BRDA:51,4,1,28
BRF:10
BRH:10
end_of_record
