TN:
SF:solutions-descriptive\37.js
FN:4,getBitLength
FN:8,solve
FN:27,(anonymous_2)
FN:29,(anonymous_3)
FNF:4
FNH:4
FNDA:20,getBitLength
FNDA:23,solve
FNDA:400051,(anonymous_2)
FNDA:400050,(anonymous_3)
DA:1,1
DA:5,20
DA:9,23
DA:11,20
DA:12,20
DA:13,20
DA:16,20
DA:17,20
DA:18,400037
DA:19,3
DA:20,3
DA:24,20
DA:26,17
DA:27,400051
DA:28,17
DA:29,400050
DA:32,17
DA:33,17
DA:35,17
DA:36,17
DA:37,17
DA:38,17
DA:40,17
DA:41,400045
DA:42,400045
DA:43,400045
DA:46,400045
DA:47,6
DA:48,6
DA:49,6
DA:51,6
DA:52,12
DA:53,12
DA:56,12
DA:57,8
DA:58,8
DA:59,8
DA:60,1
DA:61,1
DA:65,12
DA:66,12
DA:70,6
DA:71,5
DA:72,5
DA:75,6
DA:76,6
DA:77,6
DA:78,6
DA:79,6
DA:85,400040
DA:86,200009
DA:88,400040
DA:89,400040
DA:90,3400104
DA:91,3400104
DA:93,3400104
DA:94,59
DA:95,59
DA:96,19
DA:97,59
DA:100,3400104
DA:102,3400104
DA:103,1400015
DA:107,17
LF:64
LH:64
BRDA:9,0,0,3
BRDA:9,0,1,20
BRDA:18,1,0,3
BRDA:18,1,1,400034
BRDA:24,2,0,3
BRDA:24,2,1,17
BRDA:28,3,0,16
BRDA:28,3,1,1
BRDA:46,4,0,6
BRDA:46,4,1,400039
BRDA:46,5,0,200013
BRDA:46,5,1,200032
BRDA:51,6,0,18
BRDA:51,6,1,13
BRDA:56,7,0,8
BRDA:56,7,1,4
BRDA:58,8,0,4
BRDA:58,8,1,4
BRDA:59,9,0,1
BRDA:59,9,1,7
BRDA:60,10,0,0
BRDA:60,10,1,1
BRDA:61,11,0,1
BRDA:61,11,1,0
BRDA:66,12,0,6
BRDA:66,12,1,6
BRDA:70,13,0,5
BRDA:70,13,1,1
BRDA:71,14,0,5
BRDA:71,14,1,0
BRDA:72,15,0,5
BRDA:72,15,1,0
BRDA:75,16,0,6
BRDA:75,16,1,0
BRDA:77,17,0,6
BRDA:77,17,1,0
BRDA:79,18,0,5
BRDA:79,18,1,1
BRDA:85,19,0,200031
BRDA:85,19,1,200009
BRDA:91,20,0,3200058
BRDA:91,20,1,200046
BRDA:93,21,0,59
BRDA:93,21,1,3400045
BRDA:95,22,0,40
BRDA:95,22,1,19
BRDA:102,23,0,2000089
BRDA:102,23,1,1400015
BRDA:107,24,0,6
BRDA:107,24,1,11
BRF:50
BRH:44
end_of_record
