TN:
SF:solutions-descriptive\43.js
FN:1,solve
FNF:1
FNH:1
FNDA:14,solve
DA:2,14
DA:3,14
DA:4,14
DA:5,34
DA:6,34
DA:7,34
DA:8,34
DA:11,14
DA:12,14
DA:14,14
DA:18,14
DA:19,116
DA:20,116
DA:22,116
DA:23,68
DA:24,68
DA:25,68
DA:26,34
DA:29,48
DA:30,48
DA:31,48
DA:32,68
DA:33,34
DA:34,34
DA:39,14
LF:25
LH:25
BRDA:5,0,0,34
BRDA:5,0,1,13
BRDA:6,1,0,34
BRDA:6,1,1,34
BRDA:20,2,0,116
BRDA:20,2,1,1
BRDA:22,3,0,68
BRDA:22,3,1,48
BRDA:25,4,0,34
BRDA:25,4,1,34
BRDA:32,5,0,34
BRDA:32,5,1,34
BRF:12
BRH:12
end_of_record
