TN:
SF:solutions-descriptive\20.js
FN:8,evaluateCandidateValue
FN:20,findBinarySearchSolution
FN:33,solve
FNF:3
FNH:3
FNDA:638,evaluateCandidateValue
FNDA:22,findBinarySearchSolution
FNDA:22,solve
DA:1,1
DA:2,1
DA:3,1
DA:6,1
DA:9,638
DA:10,638
DA:11,402601
DA:12,402601
DA:13,402579
DA:15,541
DA:16,387
DA:17,10
DA:21,22
DA:22,22
DA:23,22
DA:24,638
DA:25,638
DA:26,638
DA:27,628
DA:28,452
DA:30,12
DA:34,22
DA:35,22
DA:37,22
DA:38,22
DA:39,400062
DA:42,22
DA:43,22
DA:45,10
DA:46,10
DA:47,10
DA:49,10
DA:50,400023
DA:51,400023
DA:52,400023
DA:55,10
DA:57,10
DA:58,10
LF:38
LH:38
BRDA:12,0,0,22
BRDA:12,0,1,402579
BRDA:13,1,0,75
BRDA:13,1,1,402504
BRDA:15,2,0,154
BRDA:15,2,1,387
BRDA:16,3,0,377
BRDA:16,3,1,10
BRDA:26,4,0,10
BRDA:26,4,1,628
BRDA:27,5,0,176
BRDA:27,5,1,452
BRDA:43,6,0,12
BRDA:43,6,1,10
BRDA:57,7,0,0
BRDA:57,7,1,10
BRF:16
BRH:15
end_of_record
