TN:
SF:solutions-descriptive\28.js
FN:1,solve
FN:9,(anonymous_1)
FN:10,(anonymous_2)
FN:17,update
FNF:4
FNH:4
FNDA:10,solve
FNDA:610,(anonymous_1)
FNDA:37210,(anonymous_2)
FNDA:4499790,update
DA:2,10
DA:3,10
DA:4,10
DA:5,600
DA:9,10
DA:10,610
DA:11,37210
DA:15,10
DA:18,4499790
DA:19,3973430
DA:23,10
DA:24,610
DA:25,37210
DA:26,2232600
DA:27,755730
DA:28,755730
DA:29,755730
DA:30,755730
DA:32,37210
DA:33,2232600
DA:39,10
DA:40,10
DA:41,10
DA:42,224
DA:43,224
DA:44,214
DA:47,10
DA:48,10
DA:49,10
DA:50,610
DA:51,451
DA:52,451
DA:54,610
DA:57,10
LF:34
LH:34
BRDA:18,0,0,3973430
BRDA:18,0,1,526360
BRDA:18,1,0,4499790
BRDA:18,1,1,4236610
BRDA:19,2,0,2517330
BRDA:19,2,1,1456100
BRDA:26,3,0,1476870
BRDA:26,3,1,755730
BRDA:43,4,0,10
BRDA:43,4,1,214
BRDA:50,5,0,451
BRDA:50,5,1,159
BRDA:52,6,0,441
BRDA:52,6,1,10
BRF:14
BRH:14
end_of_record
