<?xml version="1.0" encoding="UTF-8"?>
<coverage generated="1755792003928" clover="3.2.0">
  <project timestamp="1755792003928" name="All files">
    <metrics statements="72" coveredstatements="43" conditionals="14" coveredconditionals="6" methods="13" coveredmethods="4" elements="99" coveredelements="53" complexity="0" loc="72" ncloc="72" packages="1" files="1" classes="1"/>
    <file name="41.js" path="E:\desktop\Thesis\solutions-descriptive\41.js">
      <metrics statements="72" coveredstatements="43" conditionals="14" coveredconditionals="6" methods="13" coveredmethods="4"/>
      <line num="3" count="0" type="stmt"/>
      <line num="4" count="0" type="stmt"/>
      <line num="5" count="0" type="stmt"/>
      <line num="9" count="0" type="stmt"/>
      <line num="10" count="0" type="cond" truecount="0" falsecount="2"/>
      <line num="11" count="0" type="stmt"/>
      <line num="12" count="0" type="stmt"/>
      <line num="14" count="0" type="stmt"/>
      <line num="15" count="0" type="stmt"/>
      <line num="20" count="0" type="stmt"/>
      <line num="21" count="0" type="cond" truecount="0" falsecount="2"/>
      <line num="22" count="0" type="stmt"/>
      <line num="23" count="0" type="stmt"/>
      <line num="25" count="0" type="stmt"/>
      <line num="26" count="0" type="stmt"/>
      <line num="31" count="0" type="stmt"/>
      <line num="32" count="0" type="stmt"/>
      <line num="33" count="0" type="stmt"/>
      <line num="34" count="0" type="stmt"/>
      <line num="38" count="0" type="stmt"/>
      <line num="39" count="0" type="stmt"/>
      <line num="40" count="0" type="stmt"/>
      <line num="41" count="0" type="stmt"/>
      <line num="45" count="0" type="cond" truecount="0" falsecount="2"/>
      <line num="49" count="0" type="stmt"/>
      <line num="53" count="0" type="stmt"/>
      <line num="57" count="0" type="stmt"/>
      <line num="58" count="0" type="stmt"/>
      <line num="59" count="0" type="cond" truecount="0" falsecount="2"/>
      <line num="65" count="10" type="stmt"/>
      <line num="66" count="10" type="stmt"/>
      <line num="67" count="32" type="stmt"/>
      <line num="70" count="10" type="stmt"/>
      <line num="71" count="10" type="stmt"/>
      <line num="72" count="32" type="stmt"/>
      <line num="75" count="10" type="stmt"/>
      <line num="76" count="10" type="stmt"/>
      <line num="77" count="32" type="stmt"/>
      <line num="80" count="10" type="stmt"/>
      <line num="81" count="10" type="stmt"/>
      <line num="82" count="10" type="stmt"/>
      <line num="83" count="32" type="stmt"/>
      <line num="84" count="32" type="stmt"/>
      <line num="87" count="10" type="stmt"/>
      <line num="88" count="10" type="stmt"/>
      <line num="89" count="32" type="stmt"/>
      <line num="92" count="10" type="stmt"/>
      <line num="93" count="10" type="stmt"/>
      <line num="94" count="32" type="stmt"/>
      <line num="97" count="10" type="stmt"/>
      <line num="98" count="10" type="stmt"/>
      <line num="99" count="32" type="stmt"/>
      <line num="102" count="10" type="stmt"/>
      <line num="103" count="10" type="stmt"/>
      <line num="104" count="37" type="stmt"/>
      <line num="105" count="37" type="stmt"/>
      <line num="108" count="10" type="stmt"/>
      <line num="111" count="55" type="stmt"/>
      <line num="112" count="113" type="stmt"/>
      <line num="113" count="113" type="cond" truecount="2" falsecount="0"/>
      <line num="114" count="53" type="stmt"/>
      <line num="116" count="60" type="stmt"/>
      <line num="119" count="55" type="stmt"/>
      <line num="123" count="74" type="cond" truecount="2" falsecount="0"/>
      <line num="125" count="113" type="stmt"/>
      <line num="126" count="55" type="stmt"/>
      <line num="129" count="55" type="cond" truecount="2" falsecount="0"/>
      <line num="130" count="29" type="stmt"/>
      <line num="131" count="29" type="stmt"/>
      <line num="133" count="26" type="stmt"/>
      <line num="134" count="26" type="stmt"/>
      <line num="137" count="55" type="stmt"/>
    </file>
  </project>
</coverage>
