TN:
SF:solutions-algorithm\43.js
FN:4,solve
FN:5,(anonymous_1)
FN:6,(anonymous_2)
FNF:3
FNH:3
FNDA:8,solve
FNDA:44,(anonymous_1)
FNDA:44,(anonymous_2)
DA:5,44
DA:6,44
DA:9,8
DA:10,28
DA:11,108
DA:12,108
DA:17,8
DA:18,8
DA:19,28
DA:20,40
DA:24,8
DA:25,8
DA:27,8
DA:28,28
DA:30,40
DA:37,40
DA:38,35
DA:39,17
DA:40,17
DA:45,8
LF:20
LH:20
BRDA:11,0,0,40
BRDA:11,0,1,68
BRDA:12,1,0,40
BRDA:12,1,1,68
BRDA:20,2,0,26
BRDA:20,2,1,14
BRDA:37,3,0,5
BRDA:37,3,1,35
BRDA:38,4,0,17
BRDA:38,4,1,18
BRF:10
BRH:10
end_of_record
