TN:
SF:solutions-descriptive\33.js
FN:1,solve
FN:22,divide
FN:32,gcd
FN:68,(anonymous_3)
FN:72,(anonymous_4)
FNF:5
FNH:3
FNDA:15,solve
FNDA:30,divide
FNDA:0,gcd
FNDA:0,(anonymous_3)
FNDA:60,(anonymous_4)
DA:2,15
DA:3,15
DA:4,15
DA:5,15
DA:7,15
DA:8,15
DA:9,15
DA:10,15
DA:12,15
DA:13,15
DA:14,0
DA:15,0
DA:16,0
DA:19,15
DA:23,30
DA:24,0
DA:25,0
DA:27,30
DA:28,30
DA:29,30
DA:33,0
DA:34,0
DA:35,0
DA:36,0
DA:37,0
DA:38,0
DA:40,0
DA:65,1
DA:69,0
DA:70,0
DA:73,60
LF:31
LH:17
BRDA:23,0,0,0
BRDA:23,0,1,30
BRDA:23,1,0,30
BRDA:23,1,1,0
BRDA:28,2,0,0
BRDA:28,2,1,30
BRDA:29,3,0,0
BRDA:29,3,1,30
BRDA:33,4,0,0
BRDA:33,4,1,0
BRDA:34,5,0,0
BRDA:34,5,1,0
BRF:12
BRH:4
end_of_record
