<?xml version="1.0" encoding="UTF-8"?>
<coverage generated="1755797042461" clover="3.2.0">
  <project timestamp="1755797042462" name="All files">
    <metrics statements="16" coveredstatements="16" conditionals="8" coveredconditionals="7" methods="2" coveredmethods="2" elements="26" coveredelements="25" complexity="0" loc="16" ncloc="16" packages="1" files="1" classes="1"/>
    <file name="48.js" path="E:\desktop\Thesis\solutions-descriptive\48.js">
      <metrics statements="16" coveredstatements="16" conditionals="8" coveredconditionals="7" methods="2" coveredmethods="2"/>
      <line num="3" count="13" type="stmt"/>
      <line num="5" count="13" type="stmt"/>
      <line num="6" count="10034" type="stmt"/>
      <line num="7" count="10034" type="cond" truecount="2" falsecount="0"/>
      <line num="9" count="10034" type="cond" truecount="2" falsecount="0"/>
      <line num="12" count="14" type="stmt"/>
      <line num="15" count="10034" type="stmt"/>
      <line num="16" count="10034" type="cond" truecount="2" falsecount="0"/>
      <line num="19" count="13" type="stmt"/>
      <line num="24" count="1" type="stmt"/>
      <line num="30" count="1" type="stmt"/>
      <line num="31" count="3" type="stmt"/>
      <line num="32" count="3" type="stmt"/>
      <line num="33" count="3" type="stmt"/>
      <line num="34" count="3" type="stmt"/>
      <line num="41" count="1" type="stmt"/>
    </file>
  </project>
</coverage>
