<?xml version="1.0" encoding="UTF-8"?>
<coverage generated="1754580503273" clover="3.2.0">
  <project timestamp="1754580503273" name="All files">
    <metrics statements="25" coveredstatements="25" conditionals="12" coveredconditionals="12" methods="1" coveredmethods="1" elements="38" coveredelements="38" complexity="0" loc="25" ncloc="25" packages="1" files="1" classes="1"/>
    <file name="43.js" path="C:\Users\ASUS\OneDrive\Documents\GitHub\Thesis\solutions-descriptive\43.js">
      <metrics statements="25" coveredstatements="25" conditionals="12" coveredconditionals="12" methods="1" coveredmethods="1"/>
      <line num="2" count="14" type="stmt"/>
      <line num="3" count="14" type="stmt"/>
      <line num="4" count="14" type="stmt"/>
      <line num="5" count="36" type="cond" truecount="2" falsecount="0"/>
      <line num="6" count="36" type="cond" truecount="2" falsecount="0"/>
      <line num="7" count="36" type="stmt"/>
      <line num="8" count="36" type="stmt"/>
      <line num="11" count="14" type="stmt"/>
      <line num="12" count="14" type="stmt"/>
      <line num="14" count="14" type="stmt"/>
      <line num="18" count="14" type="stmt"/>
      <line num="19" count="122" type="stmt"/>
      <line num="20" count="122" type="cond" truecount="2" falsecount="0"/>
      <line num="22" count="122" type="cond" truecount="2" falsecount="0"/>
      <line num="23" count="72" type="stmt"/>
      <line num="24" count="72" type="stmt"/>
      <line num="25" count="72" type="cond" truecount="2" falsecount="0"/>
      <line num="26" count="36" type="stmt"/>
      <line num="29" count="50" type="stmt"/>
      <line num="30" count="50" type="stmt"/>
      <line num="31" count="50" type="stmt"/>
      <line num="32" count="72" type="cond" truecount="2" falsecount="0"/>
      <line num="33" count="36" type="stmt"/>
      <line num="34" count="36" type="stmt"/>
      <line num="39" count="14" type="stmt"/>
    </file>
  </project>
</coverage>
