TN:
SF:solutions-descriptive\15.js
FN:1,solve
FN:51,countRange
FNF:2
FNH:2
FNDA:15,solve
FNDA:114,countRange
DA:2,15
DA:3,15
DA:4,15
DA:5,15
DA:6,15
DA:7,15
DA:9,15
DA:11,15
DA:12,42
DA:14,42
DA:15,11
DA:16,11
DA:19,42
DA:20,34
DA:21,11
DA:22,23
DA:23,12
DA:25,11
DA:26,4
DA:28,11
DA:29,11
DA:30,11
DA:34,42
DA:36,42
DA:37,12
DA:38,12
DA:40,30
DA:41,30
DA:42,30
DA:45,42
DA:48,15
DA:52,114
LF:32
LH:32
BRDA:14,0,0,11
BRDA:14,0,1,31
BRDA:15,1,0,10
BRDA:15,1,1,1
BRDA:16,2,0,8
BRDA:16,2,1,3
BRDA:19,3,0,34
BRDA:19,3,1,8
BRDA:20,4,0,11
BRDA:20,4,1,23
BRDA:22,5,0,12
BRDA:22,5,1,11
BRDA:25,6,0,4
BRDA:25,6,1,7
BRDA:36,7,0,12
BRDA:36,7,1,30
BRF:16
BRH:16
end_of_record
