<?xml version="1.0" encoding="UTF-8"?>
<coverage generated="1754670932032" clover="3.2.0">
  <project timestamp="1754670932032" name="All files">
    <metrics statements="12" coveredstatements="12" conditionals="2" coveredconditionals="2" methods="1" coveredmethods="1" elements="15" coveredelements="15" complexity="0" loc="12" ncloc="12" packages="1" files="1" classes="1"/>
    <file name="31.js" path="E:\desktop\Thesis\solutions-algorithm\31.js">
      <metrics statements="12" coveredstatements="12" conditionals="2" coveredconditionals="2" methods="1" coveredmethods="1"/>
      <line num="4" count="9" type="stmt"/>
      <line num="6" count="9" type="stmt"/>
      <line num="7" count="10" type="stmt"/>
      <line num="8" count="10" type="stmt"/>
      <line num="10" count="10" type="cond" truecount="2" falsecount="0"/>
      <line num="11" count="2" type="stmt"/>
      <line num="13" count="8" type="stmt"/>
      <line num="14" count="8" type="stmt"/>
      <line num="15" count="11" type="stmt"/>
      <line num="17" count="8" type="stmt"/>
      <line num="20" count="10" type="stmt"/>
      <line num="23" count="9" type="stmt"/>
    </file>
  </project>
</coverage>
