TN:
SF:solutions-descriptive\44.js
FN:7,initializeSieve
FN:25,computeSGValues
FN:38,solve
FNF:3
FNH:3
FNDA:1,initializeSieve
FNDA:1,computeSGValues
FNDA:11,solve
DA:1,1
DA:2,1
DA:3,1
DA:4,1
DA:5,1
DA:8,1
DA:9,1
DA:10,10000008
DA:11,664579
DA:12,664579
DA:14,10000008
DA:15,9335429
DA:16,9335429
DA:17,3300902
DA:18,3300902
DA:20,6034527
DA:26,1
DA:27,1
DA:28,10000009
DA:29,5000005
DA:30,664579
DA:32,4335426
DA:39,11
DA:40,11
DA:41,37
DA:43,11
DA:46,1
DA:47,1
LF:28
LH:28
BRDA:10,0,0,664579
BRDA:10,0,1,9335429
BRDA:14,1,0,16034535
BRDA:14,1,1,16034535
BRDA:16,2,0,3300902
BRDA:16,2,1,6034527
BRDA:28,3,0,5000005
BRDA:28,3,1,5000004
BRDA:29,4,0,664579
BRDA:29,4,1,4335426
BRDA:43,5,0,4
BRDA:43,5,1,7
BRF:12
BRH:12
end_of_record
