<?xml version="1.0" encoding="UTF-8"?>
<coverage generated="1755600485722" clover="3.2.0">
  <project timestamp="1755600485722" name="All files">
    <metrics statements="15" coveredstatements="15" conditionals="7" coveredconditionals="7" methods="1" coveredmethods="1" elements="23" coveredelements="23" complexity="0" loc="15" ncloc="15" packages="1" files="1" classes="1"/>
    <file name="10.js" path="E:\desktop\Thesis\solutions-algorithm\10.js">
      <metrics statements="15" coveredstatements="15" conditionals="7" coveredconditionals="7" methods="1" coveredmethods="1"/>
      <line num="4" count="10" type="cond" truecount="5" falsecount="0"/>
      <line num="5" count="2" type="stmt"/>
      <line num="8" count="8" type="stmt"/>
      <line num="9" count="8" type="stmt"/>
      <line num="10" count="8" type="stmt"/>
      <line num="11" count="8" type="stmt"/>
      <line num="13" count="8" type="stmt"/>
      <line num="14" count="34" type="stmt"/>
      <line num="15" count="34" type="cond" truecount="2" falsecount="0"/>
      <line num="16" count="20" type="stmt"/>
      <line num="17" count="20" type="stmt"/>
      <line num="19" count="34" type="stmt"/>
      <line num="20" count="34" type="stmt"/>
      <line num="24" count="8" type="stmt"/>
      <line num="26" count="8" type="stmt"/>
    </file>
  </project>
</coverage>
