<?xml version="1.0" encoding="UTF-8"?>
<coverage generated="1754579929903" clover="3.2.0">
  <project timestamp="1754579929903" name="All files">
    <metrics statements="59" coveredstatements="57" conditionals="26" coveredconditionals="24" methods="3" coveredmethods="3" elements="88" coveredelements="84" complexity="0" loc="59" ncloc="59" packages="1" files="1" classes="1"/>
    <file name="40.js" path="C:\Users\ASUS\OneDrive\Documents\GitHub\Thesis\solutions-descriptive\40.js">
      <metrics statements="59" coveredstatements="57" conditionals="26" coveredconditionals="24" methods="3" coveredmethods="3"/>
      <line num="2" count="22" type="stmt"/>
      <line num="3" count="22" type="stmt"/>
      <line num="4" count="22" type="stmt"/>
      <line num="5" count="122" type="stmt"/>
      <line num="6" count="122" type="cond" truecount="2" falsecount="0"/>
      <line num="7" count="122" type="stmt"/>
      <line num="8" count="122" type="stmt"/>
      <line num="11" count="22" type="stmt"/>
      <line num="12" count="22" type="stmt"/>
      <line num="13" count="22" type="stmt"/>
      <line num="14" count="22" type="stmt"/>
      <line num="15" count="22" type="stmt"/>
      <line num="16" count="22" type="stmt"/>
      <line num="18" count="22" type="stmt"/>
      <line num="19" count="32" type="stmt"/>
      <line num="20" count="32" type="stmt"/>
      <line num="22" count="32" type="stmt"/>
      <line num="23" count="32" type="stmt"/>
      <line num="24" count="32" type="stmt"/>
      <line num="26" count="32" type="cond" truecount="2" falsecount="0"/>
      <line num="27" count="25" type="cond" truecount="4" falsecount="0"/>
      <line num="28" count="8" type="stmt"/>
      <line num="29" count="35" type="cond" truecount="4" falsecount="0"/>
      <line num="30" count="8" type="stmt"/>
      <line num="31" count="8" type="stmt"/>
      <line num="32" count="8" type="stmt"/>
      <line num="35" count="17" type="cond" truecount="2" falsecount="0"/>
      <line num="36" count="6" type="stmt"/>
      <line num="37" count="6" type="stmt"/>
      <line num="39" count="11" type="stmt"/>
      <line num="40" count="11" type="stmt"/>
      <line num="43" count="7" type="cond" truecount="4" falsecount="0"/>
      <line num="44" count="2" type="stmt"/>
      <line num="45" count="7" type="cond" truecount="4" falsecount="0"/>
      <line num="46" count="2" type="stmt"/>
      <line num="47" count="2" type="stmt"/>
      <line num="48" count="2" type="stmt"/>
      <line num="51" count="5" type="cond" truecount="1" falsecount="1"/>
      <line num="52" count="0" type="stmt"/>
      <line num="53" count="0" type="stmt"/>
      <line num="55" count="5" type="stmt"/>
      <line num="56" count="5" type="stmt"/>
      <line num="61" count="22" type="stmt"/>
      <line num="62" count="22" type="cond" truecount="1" falsecount="1"/>
      <line num="64" count="22" type="stmt"/>
      <line num="68" count="22" type="stmt"/>
      <line num="69" count="44" type="stmt"/>
      <line num="70" count="44" type="stmt"/>
      <line num="71" count="44" type="stmt"/>
      <line num="76" count="10" type="stmt"/>
      <line num="77" count="10" type="stmt"/>
      <line num="78" count="10" type="stmt"/>
      <line num="79" count="28" type="stmt"/>
      <line num="80" count="28" type="stmt"/>
      <line num="81" count="28" type="stmt"/>
      <line num="83" count="10" type="stmt"/>
      <line num="84" count="28" type="stmt"/>
      <line num="85" count="28" type="stmt"/>
      <line num="86" count="28" type="stmt"/>
    </file>
  </project>
</coverage>
