TN:
SF:solutions-descriptive\36.js
FN:4,add
FN:8,minus
FN:12,mul
FN:19,pow
FN:32,solve
FNF:5
FNH:3
FNDA:0,add
FNDA:0,minus
FNDA:16,mul
FNDA:3,pow
FNDA:11,solve
DA:1,1
DA:2,1
DA:5,0
DA:9,0
DA:13,16
DA:16,16
DA:20,3
DA:21,3
DA:22,3
DA:23,11
DA:24,5
DA:26,11
DA:27,11
DA:29,3
DA:33,11
DA:34,11
DA:36,11
DA:37,34
DA:38,34
DA:39,34
DA:41,34
DA:42,32
DA:43,32
DA:47,11
DA:49,11
DA:50,4
DA:52,7
LF:27
LH:25
BRDA:23,0,0,5
BRDA:23,0,1,6
BRDA:38,1,0,34
BRDA:38,1,1,24
BRDA:38,1,2,16
BRDA:38,1,3,9
BRDA:39,2,0,34
BRDA:39,2,1,10
BRDA:39,2,2,33
BRDA:39,2,3,9
BRDA:39,2,4,33
BRDA:39,2,5,8
BRDA:39,2,6,33
BRDA:39,2,7,8
BRDA:41,3,0,32
BRDA:41,3,1,2
BRDA:41,4,0,34
BRDA:41,4,1,33
BRDA:49,5,0,4
BRDA:49,5,1,7
BRDA:50,6,0,1
BRDA:50,6,1,3
BRF:22
BRH:22
end_of_record
