TN:
SF:solutions-algorithm\41.js
FN:2,solve
FN:42,(anonymous_1)
FN:46,(anonymous_2)
FN:48,(anonymous_3)
FN:51,(anonymous_4)
FN:55,(anonymous_5)
FNF:6
FNH:6
FNDA:15,solve
FNDA:15,(anonymous_1)
FNDA:45,(anonymous_2)
FNDA:19,(anonymous_3)
FNDA:45,(anonymous_4)
FNDA:60,(anonymous_5)
DA:3,15
DA:4,100045
DA:5,15
DA:6,41
DA:9,15
DA:10,15
DA:11,15
DA:13,100045
DA:14,15
DA:15,15
DA:17,15
DA:18,45
DA:19,45
DA:20,35
DA:21,35
DA:22,30
DA:23,30
DA:24,30
DA:29,15
DA:31,10
DA:32,10
DA:33,10
DA:34,31
DA:35,31
DA:37,10
DA:43,15
DA:47,45
DA:48,45
DA:52,45
DA:56,60
LF:30
LH:30
BRDA:6,0,0,37
BRDA:6,0,1,4
BRDA:21,1,0,30
BRDA:21,1,1,5
BRDA:29,2,0,5
BRDA:29,2,1,10
BRF:6
BRH:6
end_of_record
