<?xml version="1.0" encoding="UTF-8"?>
<coverage generated="1754543920252" clover="3.2.0">
  <project timestamp="1754543920252" name="All files">
    <metrics statements="21" coveredstatements="21" conditionals="8" coveredconditionals="8" methods="3" coveredmethods="3" elements="32" coveredelements="32" complexity="0" loc="21" ncloc="21" packages="1" files="1" classes="1"/>
    <file name="3.js" path="C:\Users\ASUS\OneDrive\Documents\GitHub\Thesis\solutions-descriptive\3.js">
      <metrics statements="21" coveredstatements="21" conditionals="8" coveredconditionals="8" methods="3" coveredmethods="3"/>
      <line num="56" count="18" type="stmt"/>
      <line num="57" count="18" type="stmt"/>
      <line num="58" count="18" type="stmt"/>
      <line num="59" count="18" type="stmt"/>
      <line num="61" count="18" type="stmt"/>
      <line num="62" count="18" type="stmt"/>
      <line num="63" count="39" type="stmt"/>
      <line num="64" count="124" type="stmt"/>
      <line num="65" count="124" type="stmt"/>
      <line num="68" count="18" type="stmt"/>
      <line num="73" count="765" type="cond" truecount="4" falsecount="0"/>
      <line num="74" count="79" type="stmt"/>
      <line num="75" count="79" type="stmt"/>
      <line num="78" count="686" type="stmt"/>
      <line num="81" count="686" type="cond" truecount="2" falsecount="0"/>
      <line num="82" count="686" type="cond" truecount="2" falsecount="0"/>
      <line num="86" count="124" type="stmt"/>
      <line num="87" count="170" type="stmt"/>
      <line num="88" count="170" type="stmt"/>
      <line num="89" count="170" type="stmt"/>
      <line num="91" count="124" type="stmt"/>
    </file>
  </project>
</coverage>
