TN:
SF:solutions-descriptive\3.js
FN:55,solve
FN:71,computeSegments
FN:85,gcd
FNF:3
FNH:3
FNDA:18,solve
FNDA:765,computeSegments
FNDA:124,gcd
DA:56,18
DA:57,18
DA:58,18
DA:59,18
DA:61,18
DA:62,18
DA:63,39
DA:64,124
DA:65,124
DA:68,18
DA:73,765
DA:74,79
DA:75,79
DA:78,686
DA:81,686
DA:82,686
DA:86,124
DA:87,170
DA:88,170
DA:89,170
DA:91,124
LF:21
LH:21
BRDA:73,0,0,79
BRDA:73,0,1,686
BRDA:73,1,0,765
BRDA:73,1,1,380
BRDA:81,2,0,617
BRDA:81,2,1,69
BRDA:82,3,0,112
BRDA:82,3,1,574
BRF:8
BRH:8
end_of_record
