TN:
SF:solutions-descriptive\11.js
FN:1,solve
FN:4,(anonymous_1)
FN:5,(anonymous_2)
FN:14,(anonymous_3)
FNF:4
FNH:4
FNDA:8,solve
FNDA:34,(anonymous_1)
FNDA:23,(anonymous_2)
FNDA:15,(anonymous_3)
DA:2,8
DA:4,34
DA:5,23
DA:6,8
DA:8,8
DA:10,15
DA:11,15
DA:14,15
DA:16,8
DA:17,15
DA:18,15
DA:19,15
DA:21,15
DA:22,53
DA:23,53
DA:26,15
DA:27,15
DA:28,15
DA:30,15
DA:31,75
DA:32,75
DA:33,49
DA:35,49
DA:36,138
DA:37,138
DA:38,60
DA:39,60
DA:40,26
DA:42,34
DA:49,8
DA:51,8
DA:52,23
DA:54,23
DA:55,26
DA:56,26
DA:57,18
DA:58,18
DA:62,23
DA:65,8
LF:39
LH:39
BRDA:32,0,0,26
BRDA:32,0,1,49
BRDA:37,1,0,60
BRDA:37,1,1,78
BRDA:39,2,0,26
BRDA:39,2,1,34
BRDA:56,3,0,18
BRDA:56,3,1,8
BRF:8
BRH:8
end_of_record
