<?xml version="1.0" encoding="UTF-8"?>
<coverage generated="1754639764291" clover="3.2.0">
  <project timestamp="1754639764291" name="All files">
    <metrics statements="11" coveredstatements="10" conditionals="8" coveredconditionals="8" methods="3" coveredmethods="3" elements="22" coveredelements="21" complexity="0" loc="11" ncloc="11" packages="1" files="1" classes="1"/>
    <file name="25.js" path="C:\Users\ASUS\OneDrive\Documents\GitHub\Thesis\solutions-algorithm\25.js">
      <metrics statements="11" coveredstatements="10" conditionals="8" coveredconditionals="8" methods="3" coveredmethods="3"/>
      <line num="5" count="12" type="stmt"/>
      <line num="6" count="61" type="stmt"/>
      <line num="8" count="14" type="cond" truecount="4" falsecount="0"/>
      <line num="10" count="6" type="stmt"/>
      <line num="11" count="6" type="stmt"/>
      <line num="13" count="6" type="stmt"/>
      <line num="14" count="14" type="cond" truecount="2" falsecount="0"/>
      <line num="15" count="10" type="stmt"/>
      <line num="17" count="14" type="cond" truecount="2" falsecount="0"/>
      <line num="18" count="6" type="stmt"/>
      <line num="22" count="0" type="stmt"/>
    </file>
  </project>
</coverage>
