<?xml version="1.0" encoding="UTF-8"?>
<coverage generated="1754664308956" clover="3.2.0">
  <project timestamp="1754664308956" name="All files">
    <metrics statements="89" coveredstatements="75" conditionals="34" coveredconditionals="30" methods="12" coveredmethods="8" elements="135" coveredelements="113" complexity="0" loc="89" ncloc="89" packages="1" files="1" classes="1"/>
    <file name="49.js" path="E:\desktop\Thesis\solutions-descriptive\49.js">
      <metrics statements="89" coveredstatements="75" conditionals="34" coveredconditionals="30" methods="12" coveredmethods="8"/>
      <line num="3" count="32" type="stmt"/>
      <line num="4" count="32" type="stmt"/>
      <line num="5" count="32" type="stmt"/>
      <line num="8" count="112" type="stmt"/>
      <line num="9" count="112" type="cond" truecount="2" falsecount="0"/>
      <line num="10" count="32" type="stmt"/>
      <line num="11" count="32" type="stmt"/>
      <line num="13" count="112" type="stmt"/>
      <line num="14" count="80" type="stmt"/>
      <line num="18" count="0" type="stmt"/>
      <line num="19" count="0" type="cond" truecount="0" falsecount="2"/>
      <line num="20" count="0" type="stmt"/>
      <line num="21" count="0" type="stmt"/>
      <line num="23" count="0" type="stmt"/>
      <line num="24" count="0" type="stmt"/>
      <line num="28" count="112" type="stmt"/>
      <line num="29" count="112" type="stmt"/>
      <line num="30" count="112" type="stmt"/>
      <line num="31" count="112" type="stmt"/>
      <line num="34" count="0" type="stmt"/>
      <line num="35" count="0" type="stmt"/>
      <line num="36" count="0" type="stmt"/>
      <line num="37" count="0" type="stmt"/>
      <line num="40" count="596" type="cond" truecount="2" falsecount="0"/>
      <line num="41" count="532" type="stmt"/>
      <line num="44" count="0" type="stmt"/>
      <line num="47" count="792" type="stmt"/>
      <line num="50" count="0" type="stmt"/>
      <line num="51" count="0" type="stmt"/>
      <line num="52" count="0" type="cond" truecount="0" falsecount="2"/>
      <line num="58" count="15" type="stmt"/>
      <line num="59" count="15" type="stmt"/>
      <line num="60" count="15" type="stmt"/>
      <line num="62" count="15" type="stmt"/>
      <line num="63" count="16" type="stmt"/>
      <line num="64" count="16" type="stmt"/>
      <line num="66" count="16" type="stmt"/>
      <line num="67" count="89" type="stmt"/>
      <line num="68" count="89" type="cond" truecount="2" falsecount="0"/>
      <line num="69" count="89" type="cond" truecount="2" falsecount="0"/>
      <line num="70" count="89" type="stmt"/>
      <line num="71" count="89" type="stmt"/>
      <line num="74" count="16" type="stmt"/>
      <line num="75" count="16" type="stmt"/>
      <line num="76" count="16" type="stmt"/>
      <line num="77" count="16" type="stmt"/>
      <line num="78" count="16" type="stmt"/>
      <line num="79" count="16" type="stmt"/>
      <line num="80" count="16" type="stmt"/>
      <line num="81" count="16" type="stmt"/>
      <line num="82" count="16" type="stmt"/>
      <line num="85" count="16" type="stmt"/>
      <line num="86" count="16" type="stmt"/>
      <line num="87" count="16" type="stmt"/>
      <line num="88" count="16" type="stmt"/>
      <line num="89" count="226" type="stmt"/>
      <line num="90" count="226" type="stmt"/>
      <line num="92" count="226" type="cond" truecount="2" falsecount="0"/>
      <line num="93" count="226" type="cond" truecount="2" falsecount="0"/>
      <line num="94" count="170" type="stmt"/>
      <line num="95" count="170" type="stmt"/>
      <line num="96" count="170" type="cond" truecount="2" falsecount="0"/>
      <line num="97" count="40" type="stmt"/>
      <line num="100" count="56" type="stmt"/>
      <line num="101" count="56" type="cond" truecount="2" falsecount="0"/>
      <line num="102" count="40" type="stmt"/>
      <line num="109" count="16" type="stmt"/>
      <line num="110" count="16" type="stmt"/>
      <line num="111" count="16" type="stmt"/>
      <line num="112" count="16" type="stmt"/>
      <line num="113" count="226" type="stmt"/>
      <line num="114" count="226" type="cond" truecount="2" falsecount="0"/>
      <line num="115" count="226" type="cond" truecount="2" falsecount="0"/>
      <line num="116" count="56" type="stmt"/>
      <line num="118" count="226" type="cond" truecount="2" falsecount="0"/>
      <line num="119" count="170" type="stmt"/>
      <line num="120" count="170" type="stmt"/>
      <line num="121" count="170" type="cond" truecount="2" falsecount="0"/>
      <line num="122" count="40" type="stmt"/>
      <line num="123" count="40" type="stmt"/>
      <line num="124" count="130" type="cond" truecount="2" falsecount="0"/>
      <line num="125" count="90" type="stmt"/>
      <line num="128" count="56" type="stmt"/>
      <line num="129" count="56" type="cond" truecount="2" falsecount="0"/>
      <line num="130" count="40" type="stmt"/>
      <line num="131" count="40" type="cond" truecount="2" falsecount="0"/>
      <line num="132" count="20" type="stmt"/>
      <line num="137" count="16" type="stmt"/>
      <line num="141" count="15" type="stmt"/>
    </file>
  </project>
</coverage>
