TN:
SF:solutions-descriptive\1.js
FN:1,solve
FN:8,minSteps
FN:20,(anonymous_2)
FN:50,gcd
FNF:4
FNH:4
FNDA:21,solve
FNDA:42,minSteps
FNDA:74,(anonymous_2)
FNDA:21,gcd
DA:2,21
DA:3,21
DA:4,21
DA:5,21
DA:6,21
DA:9,42
DA:12,42
DA:13,75
DA:14,54
DA:15,54
DA:16,31
DA:20,74
DA:22,42
DA:24,42
DA:25,85
DA:27,85
DA:28,77
DA:29,77
DA:31,77
DA:32,52
DA:37,85
DA:38,72
DA:42,85
DA:45,42
DA:51,21
DA:52,34
DA:53,34
DA:54,34
DA:56,21
LF:29
LH:29
BRDA:6,0,0,5
BRDA:6,0,1,16
BRDA:13,1,0,54
BRDA:13,1,1,21
BRDA:15,2,0,31
BRDA:15,2,1,23
BRDA:31,3,0,52
BRDA:31,3,1,25
BRDA:31,4,0,77
BRDA:31,4,1,71
BRDA:37,5,0,72
BRDA:37,5,1,13
BRDA:38,6,0,42
BRDA:38,6,1,30
BRF:14
BRH:14
end_of_record
