TN:
SF:solutions-descriptive\1.js
FN:1,solve
FN:8,minSteps
FN:20,(anonymous_2)
FN:50,gcd
FN:60,testing_test
FNF:5
FNH:5
FNDA:29,solve
FNDA:58,minSteps
FNDA:1407,(anonymous_2)
FNDA:29,gcd
FNDA:1,testing_test
DA:2,29
DA:3,29
DA:4,29
DA:5,29
DA:6,29
DA:9,58
DA:12,58
DA:13,1132
DA:14,210
DA:15,210
DA:16,183
DA:20,1407
DA:22,58
DA:24,58
DA:25,393
DA:27,393
DA:28,29173
DA:29,29173
DA:31,29173
DA:32,1740
DA:37,393
DA:38,129
DA:42,393
DA:45,58
DA:51,29
DA:52,53
DA:53,53
DA:54,53
DA:56,29
DA:61,1
DA:72,1
DA:73,8
DA:74,8
DA:75,8
DA:76,8
DA:80,1
LF:36
LH:36
BRDA:6,0,0,8
BRDA:6,0,1,21
BRDA:13,1,0,210
BRDA:13,1,1,922
BRDA:15,2,0,183
BRDA:15,2,1,27
BRDA:31,3,0,1740
BRDA:31,3,1,27433
BRDA:31,4,0,29173
BRDA:31,4,1,8162
BRDA:37,5,0,129
BRDA:37,5,1,264
BRDA:38,6,0,58
BRDA:38,6,1,71
BRDA:76,7,0,8
BRDA:76,7,1,0
BRF:16
BRH:15
end_of_record
