TN:
SF:solutions-descriptive\22.js
FN:1,solve
FN:22,(anonymous_1)
FN:47,testing_test
FNF:3
FNH:3
FNDA:22,solve
FNDA:283961,(anonymous_1)
FNDA:1,testing_test
DA:2,22
DA:3,22
DA:5,22
DA:6,655
DA:7,655
DA:9,655
DA:10,30998
DA:11,30998
DA:12,30998
DA:13,30998
DA:15,30998
DA:16,30975
DA:17,30975
DA:22,283961
DA:24,655
DA:25,655
DA:27,655
DA:28,31403
DA:29,31403
DA:30,430
DA:31,430
DA:35,655
DA:36,430
DA:37,430
DA:39,225
DA:43,22
DA:48,1
DA:67,1
DA:68,4
DA:69,4
DA:70,4
DA:74,1
LF:32
LH:32
BRDA:15,0,0,30975
BRDA:15,0,1,23
BRDA:29,1,0,430
BRDA:29,1,1,30973
BRDA:35,2,0,430
BRDA:35,2,1,225
BRDA:43,3,0,6
BRDA:43,3,1,16
BRDA:70,4,0,4
BRDA:70,4,1,0
BRF:10
BRH:9
end_of_record
