{"E:\\desktop\\Thesis\\solutions-descriptive\\28.js": {"path":"E:\\desktop\\Thesis\\solutions-descriptive\\28.js","statementMap":{"0":{"start":{"line":2,"column":21},"end":{"line":2,"column":23}},"1":{"start":{"line":3,"column":24},"end":{"line":3,"column":52}},"2":{"start":{"line":4,"column":4},"end":{"line":6,"column":5}},"3":{"start":{"line":4,"column":17},"end":{"line":4,"column":18}},"4":{"start":{"line":5,"column":8},"end":{"line":5,"column":49}},"5":{"start":{"line":9,"column":15},"end":{"line":13,"column":5}},"6":{"start":{"line":10,"column":8},"end":{"line":12,"column":9}},"7":{"start":{"line":11,"column":12},"end":{"line":11,"column":46}},"8":{"start":{"line":15,"column":4},"end":{"line":15,"column":22}},"9":{"start":{"line":18,"column":8},"end":{"line":20,"column":9}},"10":{"start":{"line":19,"column":12},"end":{"line":19,"column":64}},"11":{"start":{"line":23,"column":4},"end":{"line":36,"column":5}},"12":{"start":{"line":23,"column":17},"end":{"line":23,"column":18}},"13":{"start":{"line":24,"column":8},"end":{"line":35,"column":9}},"14":{"start":{"line":24,"column":21},"end":{"line":24,"column":22}},"15":{"start":{"line":25,"column":12},"end":{"line":31,"column":13}},"16":{"start":{"line":25,"column":25},"end":{"line":25,"column":33}},"17":{"start":{"line":26,"column":16},"end":{"line":26,"column":55}},"18":{"start":{"line":26,"column":46},"end":{"line":26,"column":55}},"19":{"start":{"line":27,"column":29},"end":{"line":27,"column":61}},"20":{"start":{"line":28,"column":16},"end":{"line":28,"column":50}},"21":{"start":{"line":29,"column":16},"end":{"line":29,"column":50}},"22":{"start":{"line":30,"column":16},"end":{"line":30,"column":49}},"23":{"start":{"line":32,"column":12},"end":{"line":34,"column":13}},"24":{"start":{"line":32,"column":25},"end":{"line":32,"column":26}},"25":{"start":{"line":33,"column":16},"end":{"line":33,"column":45}},"26":{"start":{"line":39,"column":23},"end":{"line":39,"column":32}},"27":{"start":{"line":40,"column":12},"end":{"line":40,"column":16}},"28":{"start":{"line":41,"column":4},"end":{"line":45,"column":5}},"29":{"start":{"line":41,"column":17},"end":{"line":41,"column":18}},"30":{"start":{"line":42,"column":8},"end":{"line":42,"column":29}},"31":{"start":{"line":43,"column":8},"end":{"line":43,"column":28}},"32":{"start":{"line":43,"column":22},"end":{"line":43,"column":28}},"33":{"start":{"line":44,"column":8},"end":{"line":44,"column":19}},"34":{"start":{"line":47,"column":12},"end":{"line":47,"column":16}},"35":{"start":{"line":48,"column":17},"end":{"line":48,"column":25}},"36":{"start":{"line":49,"column":4},"end":{"line":55,"column":5}},"37":{"start":{"line":49,"column":17},"end":{"line":49,"column":18}},"38":{"start":{"line":50,"column":8},"end":{"line":53,"column":9}},"39":{"start":{"line":51,"column":22},"end":{"line":51,"column":39}},"40":{"start":{"line":52,"column":12},"end":{"line":52,"column":65}},"41":{"start":{"line":54,"column":8},"end":{"line":54,"column":19}},"42":{"start":{"line":57,"column":4},"end":{"line":57,"column":18}}},"fnMap":{"0":{"name":"solve","decl":{"start":{"line":1,"column":16},"end":{"line":1,"column":21}},"loc":{"start":{"line":1,"column":34},"end":{"line":58,"column":1}},"line":1},"1":{"name":"(anonymous_1)","decl":{"start":{"line":9,"column":52},"end":{"line":9,"column":53}},"loc":{"start":{"line":10,"column":8},"end":{"line":12,"column":9}},"line":10},"2":{"name":"(anonymous_2)","decl":{"start":{"line":10,"column":45},"end":{"line":10,"column":46}},"loc":{"start":{"line":11,"column":12},"end":{"line":11,"column":46}},"line":11},"3":{"name":"update","decl":{"start":{"line":17,"column":13},"end":{"line":17,"column":19}},"loc":{"start":{"line":17,"column":34},"end":{"line":21,"column":5}},"line":17}},"branchMap":{"0":{"loc":{"start":{"line":18,"column":8},"end":{"line":20,"column":9}},"type":"if","locations":[{"start":{"line":18,"column":8},"end":{"line":20,"column":9}},{"start":{},"end":{}}],"line":18},"1":{"loc":{"start":{"line":18,"column":12},"end":{"line":18,"column":42}},"type":"binary-expr","locations":[{"start":{"line":18,"column":12},"end":{"line":18,"column":25}},{"start":{"line":18,"column":29},"end":{"line":18,"column":42}}],"line":18},"2":{"loc":{"start":{"line":19,"column":26},"end":{"line":19,"column":63}},"type":"cond-expr","locations":[{"start":{"line":19,"column":46},"end":{"line":19,"column":57}},{"start":{"line":19,"column":60},"end":{"line":19,"column":63}}],"line":19},"3":{"loc":{"start":{"line":26,"column":16},"end":{"line":26,"column":55}},"type":"if","locations":[{"start":{"line":26,"column":16},"end":{"line":26,"column":55}},{"start":{},"end":{}}],"line":26},"4":{"loc":{"start":{"line":43,"column":8},"end":{"line":43,"column":28}},"type":"if","locations":[{"start":{"line":43,"column":8},"end":{"line":43,"column":28}},{"start":{},"end":{}}],"line":43},"5":{"loc":{"start":{"line":50,"column":8},"end":{"line":53,"column":9}},"type":"if","locations":[{"start":{"line":50,"column":8},"end":{"line":53,"column":9}},{"start":{},"end":{}}],"line":50},"6":{"loc":{"start":{"line":52,"column":21},"end":{"line":52,"column":64}},"type":"cond-expr","locations":[{"start":{"line":52,"column":44},"end":{"line":52,"column":50}},{"start":{"line":52,"column":53},"end":{"line":52,"column":64}}],"line":52}},"s":{"0":9,"1":9,"2":9,"3":9,"4":540,"5":9,"6":549,"7":33489,"8":9,"9":4049811,"10":3576087,"11":9,"12":9,"13":549,"14":549,"15":33489,"16":33489,"17":2009340,"18":1329183,"19":680157,"20":680157,"21":680157,"22":680157,"23":33489,"24":33489,"25":2009340,"26":9,"27":9,"28":9,"29":9,"30":143,"31":143,"32":9,"33":134,"34":9,"35":9,"36":9,"37":9,"38":549,"39":544,"40":544,"41":549,"42":9},"f":{"0":9,"1":549,"2":33489,"3":4049811},"b":{"0":[3576087,473724],"1":[4049811,3812949],"2":[2265597,1310490],"3":[1329183,680157],"4":[9,134],"5":[544,5],"6":[534,10]},"_coverageSchema":"1a1c01bbd47fc00a2c39e90264f33305004495a9","hash":"7019f1b76f5a54db8e248e227c8d118cb0c7d64c"}
}
