<?xml version="1.0" encoding="UTF-8"?>
<coverage generated="1754575919244" clover="3.2.0">
  <project timestamp="1754575919245" name="All files">
    <metrics statements="38" coveredstatements="38" conditionals="16" coveredconditionals="15" methods="3" coveredmethods="3" elements="57" coveredelements="56" complexity="0" loc="38" ncloc="38" packages="1" files="1" classes="1"/>
    <file name="20.js" path="C:\Users\ASUS\OneDrive\Documents\GitHub\Thesis\solutions-descriptive\20.js">
      <metrics statements="38" coveredstatements="38" conditionals="16" coveredconditionals="15" methods="3" coveredmethods="3"/>
      <line num="1" count="1" type="stmt"/>
      <line num="2" count="1" type="stmt"/>
      <line num="3" count="1" type="stmt"/>
      <line num="6" count="1" type="stmt"/>
      <line num="9" count="495" type="stmt"/>
      <line num="10" count="495" type="stmt"/>
      <line num="11" count="1511" type="stmt"/>
      <line num="12" count="1511" type="cond" truecount="2" falsecount="0"/>
      <line num="13" count="1261" type="cond" truecount="2" falsecount="0"/>
      <line num="15" count="200" type="cond" truecount="2" falsecount="0"/>
      <line num="16" count="160" type="cond" truecount="2" falsecount="0"/>
      <line num="17" count="8" type="stmt"/>
      <line num="21" count="19" type="stmt"/>
      <line num="22" count="19" type="stmt"/>
      <line num="23" count="19" type="stmt"/>
      <line num="24" count="495" type="stmt"/>
      <line num="25" count="495" type="stmt"/>
      <line num="26" count="495" type="cond" truecount="2" falsecount="0"/>
      <line num="27" count="487" type="cond" truecount="2" falsecount="0"/>
      <line num="28" count="197" type="stmt"/>
      <line num="30" count="11" type="stmt"/>
      <line num="34" count="19" type="stmt"/>
      <line num="35" count="19" type="stmt"/>
      <line num="37" count="19" type="stmt"/>
      <line num="38" count="19" type="stmt"/>
      <line num="39" count="252" type="stmt"/>
      <line num="42" count="19" type="stmt"/>
      <line num="43" count="19" type="cond" truecount="2" falsecount="0"/>
      <line num="45" count="8" type="stmt"/>
      <line num="46" count="8" type="stmt"/>
      <line num="47" count="8" type="stmt"/>
      <line num="49" count="8" type="stmt"/>
      <line num="50" count="116" type="stmt"/>
      <line num="51" count="116" type="stmt"/>
      <line num="52" count="116" type="stmt"/>
      <line num="55" count="8" type="stmt"/>
      <line num="57" count="8" type="cond" truecount="1" falsecount="1"/>
      <line num="58" count="8" type="stmt"/>
    </file>
  </project>
</coverage>
