{"E:\\desktop\\Thesis\\solutions-descriptive\\31.js": {"path":"E:\\desktop\\Thesis\\solutions-descriptive\\31.js","statementMap":{"0":{"start":{"line":1,"column":12},"end":{"line":1,"column":29}},"1":{"start":{"line":4,"column":14},"end":{"line":4,"column":22}},"2":{"start":{"line":5,"column":12},"end":{"line":5,"column":35}},"3":{"start":{"line":6,"column":4},"end":{"line":13,"column":5}},"4":{"start":{"line":6,"column":17},"end":{"line":6,"column":18}},"5":{"start":{"line":7,"column":19},"end":{"line":7,"column":21}},"6":{"start":{"line":8,"column":8},"end":{"line":11,"column":9}},"7":{"start":{"line":8,"column":21},"end":{"line":8,"column":22}},"8":{"start":{"line":9,"column":12},"end":{"line":9,"column":36}},"9":{"start":{"line":10,"column":12},"end":{"line":10,"column":24}},"10":{"start":{"line":12,"column":8},"end":{"line":12,"column":20}},"11":{"start":{"line":14,"column":4},"end":{"line":14,"column":13}},"12":{"start":{"line":18,"column":14},"end":{"line":18,"column":22}},"13":{"start":{"line":19,"column":12},"end":{"line":19,"column":35}},"14":{"start":{"line":20,"column":4},"end":{"line":20,"column":14}},"15":{"start":{"line":21,"column":4},"end":{"line":27,"column":5}},"16":{"start":{"line":22,"column":8},"end":{"line":24,"column":9}},"17":{"start":{"line":23,"column":12},"end":{"line":23,"column":34}},"18":{"start":{"line":25,"column":8},"end":{"line":25,"column":30}},"19":{"start":{"line":26,"column":8},"end":{"line":26,"column":17}},"20":{"start":{"line":28,"column":4},"end":{"line":28,"column":13}}},"fnMap":{"0":{"name":"convolution","decl":{"start":{"line":3,"column":9},"end":{"line":3,"column":20}},"loc":{"start":{"line":3,"column":27},"end":{"line":15,"column":1}},"line":3},"1":{"name":"solve","decl":{"start":{"line":17,"column":16},"end":{"line":17,"column":21}},"loc":{"start":{"line":17,"column":28},"end":{"line":29,"column":1}},"line":17}},"branchMap":{"0":{"loc":{"start":{"line":22,"column":8},"end":{"line":24,"column":9}},"type":"if","locations":[{"start":{"line":22,"column":8},"end":{"line":24,"column":9}},{"start":{},"end":{}}],"line":22}},"s":{"0":1,"1":61,"2":61,"3":61,"4":61,"5":146,"6":146,"7":146,"8":274,"9":273,"10":145,"11":60,"12":14,"13":14,"14":14,"15":14,"16":41,"17":21,"18":40,"19":40,"20":13},"f":{"0":61,"1":14},"b":{"0":[21,20]},"_coverageSchema":"1a1c01bbd47fc00a2c39e90264f33305004495a9","hash":"64d817a64d88331fabc55ec62ce75687283c3963"}
}
