TN:
SF:solutions-descriptive\22.js
FN:1,solve
FN:22,(anonymous_1)
FN:47,testing_test
FNF:3
FNH:3
FNDA:14,solve
FNDA:4282,(anonymous_1)
FNDA:1,testing_test
DA:2,14
DA:3,14
DA:5,14
DA:6,416
DA:7,416
DA:9,416
DA:10,1250
DA:11,1250
DA:12,1250
DA:13,1250
DA:15,1250
DA:16,1229
DA:17,1229
DA:22,4282
DA:24,416
DA:25,416
DA:27,416
DA:28,1363
DA:29,1363
DA:30,288
DA:31,288
DA:35,416
DA:36,288
DA:37,288
DA:39,128
DA:43,14
DA:48,1
DA:67,1
DA:68,4
DA:69,4
DA:70,4
DA:74,1
LF:32
LH:32
BRDA:15,0,0,1229
BRDA:15,0,1,21
BRDA:29,1,0,288
BRDA:29,1,1,1075
BRDA:35,2,0,288
BRDA:35,2,1,128
BRDA:43,3,0,3
BRDA:43,3,1,11
BRDA:70,4,0,4
BRDA:70,4,1,0
BRF:10
BRH:9
end_of_record
