TN:
SF:solutions-algorithm\48.js
FN:2,solve
FN:12,addedge
FN:23,dfs
FNF:3
FNH:3
FNDA:9,solve
FNDA:58,addedge
FNDA:38,dfs
DA:3,9
DA:4,9
DA:5,9
DA:6,9
DA:7,9
DA:8,9
DA:9,9
DA:10,9
DA:13,58
DA:14,58
DA:15,58
DA:18,9
DA:19,29
DA:20,29
DA:24,38
DA:25,38
DA:26,38
DA:27,58
DA:28,58
DA:29,29
DA:33,9
DA:35,9
DA:36,9
DA:37,15
DA:38,15
DA:40,15
DA:41,15
DA:42,15
DA:43,9
DA:44,9
DA:45,9
DA:46,9
DA:47,4
DA:50,15
DA:51,15
DA:52,15
DA:53,15
DA:56,9
LF:38
LH:38
BRDA:28,0,0,29
BRDA:28,0,1,29
BRDA:46,1,0,5
BRDA:46,1,1,4
BRDA:52,2,0,4
BRDA:52,2,1,11
BRF:6
BRH:6
end_of_record
