TN:
SF:solutions-algorithm\45.js
FN:3,solve
FN:5,(anonymous_1)
FN:6,(anonymous_2)
FN:13,dfs
FNF:4
FNH:4
FNDA:16,solve
FNDA:129,(anonymous_1)
FNDA:1277,(anonymous_2)
FNDA:1064,dfs
DA:1,1
DA:4,16
DA:5,16
DA:6,1277
DA:8,16
DA:9,16
DA:10,97
DA:14,1064
DA:15,962
DA:16,881
DA:18,540
DA:19,540
DA:20,508
DA:22,540
DA:23,540
DA:26,540
DA:27,540
DA:30,16
LF:18
LH:18
BRDA:14,0,0,102
BRDA:14,0,1,962
BRDA:15,1,0,81
BRDA:15,1,1,881
BRDA:16,2,0,341
BRDA:16,2,1,540
BRDA:19,3,0,508
BRDA:19,3,1,32
BRDA:19,4,0,540
BRDA:19,4,1,262
BRDA:22,5,0,540
BRDA:22,5,1,0
BRF:12
BRH:11
end_of_record
