<?xml version="1.0" encoding="UTF-8"?>
<coverage generated="1755981202827" clover="3.2.0">
  <project timestamp="1755981202827" name="All files">
    <metrics statements="445" coveredstatements="441" conditionals="170" coveredconditionals="165" methods="91" coveredmethods="91" elements="706" coveredelements="697" complexity="0" loc="445" ncloc="445" packages="1" files="49" classes="49"/>
    <file name="1.js" path="E:\desktop\Thesis\solutions-algorithm\1.js">
      <metrics statements="2" coveredstatements="2" conditionals="0" coveredconditionals="0" methods="2" coveredmethods="2"/>
      <line num="3" count="24" type="stmt"/>
      <line num="6" count="982" type="stmt"/>
    </file>
    <file name="10.js" path="E:\desktop\Thesis\solutions-algorithm\10.js">
      <metrics statements="15" coveredstatements="14" conditionals="7" coveredconditionals="6" methods="1" coveredmethods="1"/>
      <line num="4" count="9" type="cond" truecount="4" falsecount="1"/>
      <line num="5" count="0" type="stmt"/>
      <line num="8" count="9" type="stmt"/>
      <line num="9" count="9" type="stmt"/>
      <line num="10" count="9" type="stmt"/>
      <line num="11" count="9" type="stmt"/>
      <line num="13" count="9" type="stmt"/>
      <line num="14" count="29" type="stmt"/>
      <line num="15" count="29" type="cond" truecount="2" falsecount="0"/>
      <line num="16" count="18" type="stmt"/>
      <line num="17" count="18" type="stmt"/>
      <line num="19" count="29" type="stmt"/>
      <line num="20" count="29" type="stmt"/>
      <line num="24" count="9" type="stmt"/>
      <line num="26" count="9" type="stmt"/>
    </file>
    <file name="11.js" path="E:\desktop\Thesis\solutions-algorithm\11.js">
      <metrics statements="4" coveredstatements="4" conditionals="0" coveredconditionals="0" methods="2" coveredmethods="2"/>
      <line num="5" count="18" type="stmt"/>
      <line num="6" count="41" type="stmt"/>
      <line num="7" count="41" type="stmt"/>
      <line num="8" count="41" type="stmt"/>
    </file>
    <file name="12.js" path="E:\desktop\Thesis\solutions-algorithm\12.js">
      <metrics statements="2" coveredstatements="2" conditionals="0" coveredconditionals="0" methods="1" coveredmethods="1"/>
      <line num="4" count="36" type="stmt"/>
      <line num="5" count="36" type="stmt"/>
    </file>
    <file name="13.js" path="E:\desktop\Thesis\solutions-algorithm\13.js">
      <metrics statements="1" coveredstatements="1" conditionals="0" coveredconditionals="0" methods="2" coveredmethods="2"/>
      <line num="5" count="19" type="stmt"/>
    </file>
    <file name="14.js" path="E:\desktop\Thesis\solutions-algorithm\14.js">
      <metrics statements="4" coveredstatements="4" conditionals="0" coveredconditionals="0" methods="1" coveredmethods="1"/>
      <line num="5" count="12" type="stmt"/>
      <line num="6" count="12" type="stmt"/>
      <line num="7" count="79" type="stmt"/>
      <line num="9" count="12" type="stmt"/>
    </file>
    <file name="15.js" path="E:\desktop\Thesis\solutions-algorithm\15.js">
      <metrics statements="24" coveredstatements="24" conditionals="8" coveredconditionals="8" methods="1" coveredmethods="1"/>
      <line num="5" count="16" type="stmt"/>
      <line num="6" count="16" type="stmt"/>
      <line num="8" count="16" type="stmt"/>
      <line num="9" count="16" type="stmt"/>
      <line num="11" count="16" type="stmt"/>
      <line num="12" count="16" type="stmt"/>
      <line num="14" count="16" type="stmt"/>
      <line num="15" count="16" type="stmt"/>
      <line num="17" count="16" type="stmt"/>
      <line num="18" count="64" type="stmt"/>
      <line num="19" count="64" type="cond" truecount="2" falsecount="0"/>
      <line num="20" count="31" type="stmt"/>
      <line num="21" count="31" type="stmt"/>
      <line num="22" count="33" type="cond" truecount="2" falsecount="0"/>
      <line num="23" count="21" type="stmt"/>
      <line num="24" count="21" type="stmt"/>
      <line num="27" count="64" type="cond" truecount="2" falsecount="0"/>
      <line num="28" count="26" type="stmt"/>
      <line num="29" count="26" type="stmt"/>
      <line num="30" count="38" type="cond" truecount="2" falsecount="0"/>
      <line num="31" count="27" type="stmt"/>
      <line num="32" count="27" type="stmt"/>
      <line num="35" count="64" type="stmt"/>
      <line num="38" count="16" type="stmt"/>
    </file>
    <file name="16.js" path="E:\desktop\Thesis\solutions-algorithm\16.js">
      <metrics statements="9" coveredstatements="9" conditionals="2" coveredconditionals="2" methods="1" coveredmethods="1"/>
      <line num="5" count="73" type="stmt"/>
      <line num="6" count="73" type="stmt"/>
      <line num="8" count="73" type="cond" truecount="2" falsecount="0"/>
      <line num="9" count="35" type="stmt"/>
      <line num="10" count="35" type="stmt"/>
      <line num="13" count="73" type="stmt"/>
      <line num="14" count="73" type="stmt"/>
      <line num="15" count="100370" type="stmt"/>
      <line num="18" count="73" type="stmt"/>
    </file>
    <file name="17.js" path="E:\desktop\Thesis\solutions-algorithm\17.js">
      <metrics statements="1" coveredstatements="1" conditionals="2" coveredconditionals="2" methods="2" coveredmethods="2"/>
      <line num="5" count="30" type="cond" truecount="2" falsecount="0"/>
    </file>
    <file name="18.js" path="E:\desktop\Thesis\solutions-algorithm\18.js">
      <metrics statements="2" coveredstatements="2" conditionals="2" coveredconditionals="2" methods="2" coveredmethods="2"/>
      <line num="5" count="9" type="stmt"/>
      <line num="6" count="20" type="cond" truecount="2" falsecount="0"/>
    </file>
    <file name="19.js" path="E:\desktop\Thesis\solutions-algorithm\19.js">
      <metrics statements="1" coveredstatements="1" conditionals="2" coveredconditionals="2" methods="1" coveredmethods="1"/>
      <line num="5" count="17" type="cond" truecount="2" falsecount="0"/>
    </file>
    <file name="2.js" path="E:\desktop\Thesis\solutions-algorithm\2.js">
      <metrics statements="3" coveredstatements="3" conditionals="2" coveredconditionals="2" methods="1" coveredmethods="1"/>
      <line num="3" count="20" type="stmt"/>
      <line num="4" count="20" type="stmt"/>
      <line num="5" count="20" type="cond" truecount="2" falsecount="0"/>
    </file>
    <file name="20.js" path="E:\desktop\Thesis\solutions-algorithm\20.js">
      <metrics statements="2" coveredstatements="2" conditionals="0" coveredconditionals="0" methods="2" coveredmethods="2"/>
      <line num="5" count="334" type="stmt"/>
      <line num="6" count="15" type="stmt"/>
    </file>
    <file name="21.js" path="E:\desktop\Thesis\solutions-algorithm\21.js">
      <metrics statements="2" coveredstatements="2" conditionals="5" coveredconditionals="5" methods="2" coveredmethods="2"/>
      <line num="5" count="23" type="stmt"/>
      <line num="6" count="36" type="cond" truecount="2" falsecount="0"/>
    </file>
    <file name="22.js" path="E:\desktop\Thesis\solutions-algorithm\22.js">
      <metrics statements="1" coveredstatements="1" conditionals="2" coveredconditionals="2" methods="2" coveredmethods="2"/>
      <line num="5" count="38" type="cond" truecount="2" falsecount="0"/>
    </file>
    <file name="23.js" path="E:\desktop\Thesis\solutions-algorithm\23.js">
      <metrics statements="3" coveredstatements="3" conditionals="0" coveredconditionals="0" methods="2" coveredmethods="2"/>
      <line num="5" count="15" type="stmt"/>
      <line num="6" count="25" type="stmt"/>
      <line num="7" count="25" type="stmt"/>
    </file>
    <file name="24.js" path="E:\desktop\Thesis\solutions-algorithm\24.js">
      <metrics statements="1" coveredstatements="1" conditionals="0" coveredconditionals="0" methods="2" coveredmethods="2"/>
      <line num="5" count="34" type="stmt"/>
    </file>
    <file name="25.js" path="E:\desktop\Thesis\solutions-algorithm\25.js">
      <metrics statements="11" coveredstatements="10" conditionals="8" coveredconditionals="8" methods="3" coveredmethods="3"/>
      <line num="5" count="13" type="stmt"/>
      <line num="6" count="63" type="stmt"/>
      <line num="8" count="15" type="cond" truecount="4" falsecount="0"/>
      <line num="10" count="6" type="stmt"/>
      <line num="11" count="6" type="stmt"/>
      <line num="13" count="6" type="stmt"/>
      <line num="14" count="13" type="cond" truecount="2" falsecount="0"/>
      <line num="15" count="12" type="stmt"/>
      <line num="17" count="13" type="cond" truecount="2" falsecount="0"/>
      <line num="18" count="6" type="stmt"/>
      <line num="22" count="0" type="stmt"/>
    </file>
    <file name="26.js" path="E:\desktop\Thesis\solutions-algorithm\26.js">
      <metrics statements="7" coveredstatements="7" conditionals="4" coveredconditionals="4" methods="2" coveredmethods="2"/>
      <line num="5" count="7" type="stmt"/>
      <line num="6" count="10" type="stmt"/>
      <line num="7" count="10" type="stmt"/>
      <line num="9" count="10" type="stmt"/>
      <line num="10" count="18" type="cond" truecount="4" falsecount="0"/>
      <line num="11" count="8" type="stmt"/>
      <line num="14" count="2" type="stmt"/>
    </file>
    <file name="27.js" path="E:\desktop\Thesis\solutions-algorithm\27.js">
      <metrics statements="2" coveredstatements="2" conditionals="2" coveredconditionals="2" methods="2" coveredmethods="2"/>
      <line num="5" count="18" type="stmt"/>
      <line num="6" count="32" type="cond" truecount="2" falsecount="0"/>
    </file>
    <file name="28.js" path="E:\desktop\Thesis\solutions-algorithm\28.js">
      <metrics statements="10" coveredstatements="10" conditionals="10" coveredconditionals="10" methods="1" coveredmethods="1"/>
      <line num="5" count="15" type="stmt"/>
      <line num="7" count="15" type="stmt"/>
      <line num="9" count="21" type="stmt"/>
      <line num="11" count="21" type="cond" truecount="5" falsecount="0"/>
      <line num="13" count="3" type="stmt"/>
      <line num="14" count="18" type="cond" truecount="5" falsecount="0"/>
      <line num="16" count="4" type="stmt"/>
      <line num="19" count="14" type="stmt"/>
      <line num="22" count="21" type="stmt"/>
      <line num="25" count="15" type="stmt"/>
    </file>
    <file name="29.js" path="E:\desktop\Thesis\solutions-algorithm\29.js">
      <metrics statements="8" coveredstatements="8" conditionals="2" coveredconditionals="2" methods="2" coveredmethods="2"/>
      <line num="5" count="4" type="stmt"/>
      <line num="6" count="4" type="stmt"/>
      <line num="7" count="4" type="stmt"/>
      <line num="8" count="4" type="stmt"/>
      <line num="9" count="16" type="cond" truecount="2" falsecount="0"/>
      <line num="10" count="16" type="stmt"/>
      <line num="11" count="16" type="stmt"/>
      <line num="13" count="4" type="stmt"/>
    </file>
    <file name="3.js" path="E:\desktop\Thesis\solutions-algorithm\3.js">
      <metrics statements="6" coveredstatements="6" conditionals="2" coveredconditionals="2" methods="2" coveredmethods="2"/>
      <line num="4" count="48" type="stmt"/>
      <line num="6" count="19" type="stmt"/>
      <line num="7" count="19" type="stmt"/>
      <line num="8" count="34" type="cond" truecount="2" falsecount="0"/>
      <line num="9" count="7" type="stmt"/>
      <line num="12" count="12" type="stmt"/>
    </file>
    <file name="31.js" path="E:\desktop\Thesis\solutions-algorithm\31.js">
      <metrics statements="12" coveredstatements="12" conditionals="2" coveredconditionals="2" methods="1" coveredmethods="1"/>
      <line num="4" count="8" type="stmt"/>
      <line num="6" count="8" type="stmt"/>
      <line num="7" count="20" type="stmt"/>
      <line num="8" count="20" type="stmt"/>
      <line num="10" count="20" type="cond" truecount="2" falsecount="0"/>
      <line num="11" count="3" type="stmt"/>
      <line num="13" count="17" type="stmt"/>
      <line num="14" count="17" type="stmt"/>
      <line num="15" count="300052" type="stmt"/>
      <line num="17" count="17" type="stmt"/>
      <line num="20" count="20" type="stmt"/>
      <line num="23" count="8" type="stmt"/>
    </file>
    <file name="32.js" path="E:\desktop\Thesis\solutions-algorithm\32.js">
      <metrics statements="31" coveredstatements="31" conditionals="10" coveredconditionals="10" methods="1" coveredmethods="1"/>
      <line num="10" count="8" type="stmt"/>
      <line num="11" count="8" type="stmt"/>
      <line num="13" count="8" type="stmt"/>
      <line num="15" count="18" type="stmt"/>
      <line num="16" count="18" type="stmt"/>
      <line num="17" count="92" type="stmt"/>
      <line num="20" count="18" type="stmt"/>
      <line num="21" count="18" type="stmt"/>
      <line num="22" count="92" type="cond" truecount="2" falsecount="0"/>
      <line num="25" count="18" type="stmt"/>
      <line num="26" count="18" type="stmt"/>
      <line num="28" count="18" type="stmt"/>
      <line num="29" count="92" type="cond" truecount="2" falsecount="0"/>
      <line num="30" count="49" type="stmt"/>
      <line num="31" count="49" type="stmt"/>
      <line num="32" count="49" type="stmt"/>
      <line num="33" count="92" type="stmt"/>
      <line num="34" count="92" type="stmt"/>
      <line num="35" count="92" type="stmt"/>
      <line num="37" count="49" type="stmt"/>
      <line num="41" count="18" type="stmt"/>
      <line num="42" count="18" type="stmt"/>
      <line num="43" count="49" type="stmt"/>
      <line num="44" count="49" type="stmt"/>
      <line num="45" count="78" type="cond" truecount="2" falsecount="0"/>
      <line num="46" count="23" type="stmt"/>
      <line num="47" count="23" type="stmt"/>
      <line num="51" count="49" type="cond" truecount="4" falsecount="0"/>
      <line num="52" count="16" type="stmt"/>
      <line num="56" count="18" type="stmt"/>
      <line num="59" count="8" type="stmt"/>
    </file>
    <file name="33.js" path="E:\desktop\Thesis\solutions-algorithm\33.js">
      <metrics statements="22" coveredstatements="22" conditionals="6" coveredconditionals="6" methods="1" coveredmethods="1"/>
      <line num="9" count="6" type="stmt"/>
      <line num="11" count="6" type="stmt"/>
      <line num="13" count="9" type="stmt"/>
      <line num="14" count="9" type="stmt"/>
      <line num="15" count="9" type="stmt"/>
      <line num="16" count="9" type="stmt"/>
      <line num="17" count="9" type="stmt"/>
      <line num="19" count="9" type="stmt"/>
      <line num="20" count="11021" type="stmt"/>
      <line num="21" count="11021" type="cond" truecount="2" falsecount="0"/>
      <line num="22" count="10003" type="stmt"/>
      <line num="24" count="1018" type="stmt"/>
      <line num="28" count="9" type="stmt"/>
      <line num="29" count="10018" type="cond" truecount="2" falsecount="0"/>
      <line num="31" count="10" type="stmt"/>
      <line num="32" count="10013" type="stmt"/>
      <line num="33" count="10013" type="cond" truecount="2" falsecount="0"/>
      <line num="34" count="10009" type="stmt"/>
      <line num="35" count="10009" type="stmt"/>
      <line num="36" count="10009" type="stmt"/>
      <line num="41" count="9" type="stmt"/>
      <line num="44" count="6" type="stmt"/>
    </file>
    <file name="34.js" path="E:\desktop\Thesis\solutions-algorithm\34.js">
      <metrics statements="1" coveredstatements="1" conditionals="0" coveredconditionals="0" methods="2" coveredmethods="2"/>
      <line num="9" count="126" type="stmt"/>
    </file>
    <file name="35.js" path="E:\desktop\Thesis\solutions-algorithm\35.js">
      <metrics statements="8" coveredstatements="8" conditionals="2" coveredconditionals="2" methods="3" coveredmethods="3"/>
      <line num="10" count="28" type="cond" truecount="2" falsecount="0"/>
      <line num="11" count="4" type="stmt"/>
      <line num="13" count="24" type="stmt"/>
      <line num="14" count="24" type="stmt"/>
      <line num="15" count="83" type="stmt"/>
      <line num="16" count="83" type="stmt"/>
      <line num="18" count="24" type="stmt"/>
      <line num="27" count="28" type="stmt"/>
    </file>
    <file name="36.js" path="E:\desktop\Thesis\solutions-algorithm\36.js">
      <metrics statements="20" coveredstatements="19" conditionals="6" coveredconditionals="5" methods="2" coveredmethods="2"/>
      <line num="2" count="11" type="stmt"/>
      <line num="3" count="11" type="stmt"/>
      <line num="5" count="11" type="stmt"/>
      <line num="6" count="11" type="stmt"/>
      <line num="7" count="11" type="cond" truecount="2" falsecount="0"/>
      <line num="9" count="11" type="stmt"/>
      <line num="10" count="11" type="stmt"/>
      <line num="11" count="11" type="stmt"/>
      <line num="12" count="11" type="cond" truecount="2" falsecount="0"/>
      <line num="14" count="11" type="stmt"/>
      <line num="19" count="1" type="stmt"/>
      <line num="20" count="1" type="stmt"/>
      <line num="22" count="1" type="stmt"/>
      <line num="24" count="1" type="stmt"/>
      <line num="25" count="1" type="stmt"/>
      <line num="26" count="1" type="stmt"/>
      <line num="28" count="1" type="cond" truecount="1" falsecount="1"/>
      <line num="29" count="1" type="stmt"/>
      <line num="31" count="0" type="stmt"/>
      <line num="36" count="1" type="stmt"/>
    </file>
    <file name="37.js" path="E:\desktop\Thesis\solutions-algorithm\37.js">
      <metrics statements="4" coveredstatements="4" conditionals="0" coveredconditionals="0" methods="1" coveredmethods="1"/>
      <line num="3" count="24" type="stmt"/>
      <line num="4" count="24" type="stmt"/>
      <line num="5" count="407" type="stmt"/>
      <line num="7" count="24" type="stmt"/>
    </file>
    <file name="38.js" path="E:\desktop\Thesis\solutions-algorithm\38.js">
      <metrics statements="1" coveredstatements="1" conditionals="2" coveredconditionals="2" methods="1" coveredmethods="1"/>
      <line num="3" count="21" type="cond" truecount="2" falsecount="0"/>
    </file>
    <file name="39.js" path="E:\desktop\Thesis\solutions-algorithm\39.js">
      <metrics statements="5" coveredstatements="5" conditionals="6" coveredconditionals="6" methods="1" coveredmethods="1"/>
      <line num="3" count="100" type="cond" truecount="4" falsecount="0"/>
      <line num="4" count="11" type="stmt"/>
      <line num="6" count="89" type="cond" truecount="2" falsecount="0"/>
      <line num="7" count="8" type="stmt"/>
      <line num="9" count="81" type="stmt"/>
    </file>
    <file name="4.js" path="E:\desktop\Thesis\solutions-algorithm\4.js">
      <metrics statements="9" coveredstatements="9" conditionals="2" coveredconditionals="2" methods="3" coveredmethods="3"/>
      <line num="3" count="10" type="stmt"/>
      <line num="4" count="35" type="stmt"/>
      <line num="5" count="10" type="stmt"/>
      <line num="6" count="10" type="stmt"/>
      <line num="8" count="10" type="stmt"/>
      <line num="9" count="38" type="cond" truecount="2" falsecount="0"/>
      <line num="10" count="19" type="stmt"/>
      <line num="12" count="19" type="stmt"/>
      <line num="16" count="10" type="stmt"/>
    </file>
    <file name="40.js" path="E:\desktop\Thesis\solutions-algorithm\40.js">
      <metrics statements="14" coveredstatements="13" conditionals="8" coveredconditionals="7" methods="2" coveredmethods="2"/>
      <line num="3" count="13" type="stmt"/>
      <line num="4" count="13" type="stmt"/>
      <line num="5" count="13" type="stmt"/>
      <line num="6" count="13" type="cond" truecount="2" falsecount="0"/>
      <line num="7" count="20" type="cond" truecount="2" falsecount="0"/>
      <line num="9" count="13" type="stmt"/>
      <line num="11" count="13" type="stmt"/>
      <line num="16" count="13" type="stmt"/>
      <line num="17" count="13" type="stmt"/>
      <line num="18" count="13" type="cond" truecount="2" falsecount="0"/>
      <line num="19" count="7" type="cond" truecount="1" falsecount="1"/>
      <line num="20" count="7" type="stmt"/>
      <line num="22" count="0" type="stmt"/>
      <line num="25" count="13" type="stmt"/>
    </file>
    <file name="41.js" path="E:\desktop\Thesis\solutions-algorithm\41.js">
      <metrics statements="30" coveredstatements="30" conditionals="6" coveredconditionals="6" methods="6" coveredmethods="6"/>
      <line num="3" count="14" type="stmt"/>
      <line num="4" count="100042" type="stmt"/>
      <line num="5" count="14" type="stmt"/>
      <line num="6" count="39" type="cond" truecount="2" falsecount="0"/>
      <line num="9" count="14" type="stmt"/>
      <line num="10" count="14" type="stmt"/>
      <line num="11" count="14" type="stmt"/>
      <line num="13" count="100042" type="stmt"/>
      <line num="14" count="14" type="stmt"/>
      <line num="15" count="14" type="stmt"/>
      <line num="17" count="14" type="stmt"/>
      <line num="18" count="44" type="stmt"/>
      <line num="19" count="44" type="stmt"/>
      <line num="20" count="35" type="stmt"/>
      <line num="21" count="35" type="cond" truecount="2" falsecount="0"/>
      <line num="22" count="30" type="stmt"/>
      <line num="23" count="30" type="stmt"/>
      <line num="24" count="30" type="stmt"/>
      <line num="29" count="14" type="cond" truecount="2" falsecount="0"/>
      <line num="31" count="10" type="stmt"/>
      <line num="32" count="10" type="stmt"/>
      <line num="33" count="10" type="stmt"/>
      <line num="34" count="31" type="stmt"/>
      <line num="35" count="31" type="stmt"/>
      <line num="37" count="10" type="stmt"/>
      <line num="43" count="14" type="stmt"/>
      <line num="47" count="44" type="stmt"/>
      <line num="48" count="44" type="stmt"/>
      <line num="52" count="44" type="stmt"/>
      <line num="56" count="58" type="stmt"/>
    </file>
    <file name="42.js" path="E:\desktop\Thesis\solutions-algorithm\42.js">
      <metrics statements="11" coveredstatements="11" conditionals="2" coveredconditionals="2" methods="1" coveredmethods="1"/>
      <line num="5" count="15" type="stmt"/>
      <line num="6" count="15" type="stmt"/>
      <line num="7" count="200058" type="stmt"/>
      <line num="8" count="200058" type="stmt"/>
      <line num="9" count="200058" type="stmt"/>
      <line num="10" count="1569008" type="stmt"/>
      <line num="11" count="1569008" type="cond" truecount="2" falsecount="0"/>
      <line num="12" count="1468988" type="stmt"/>
      <line num="14" count="100020" type="stmt"/>
      <line num="17" count="200058" type="stmt"/>
      <line num="19" count="15" type="stmt"/>
    </file>
    <file name="43.js" path="E:\desktop\Thesis\solutions-algorithm\43.js">
      <metrics statements="20" coveredstatements="20" conditionals="10" coveredconditionals="10" methods="3" coveredmethods="3"/>
      <line num="5" count="137" type="stmt"/>
      <line num="6" count="137" type="stmt"/>
      <line num="9" count="7" type="stmt"/>
      <line num="10" count="123" type="stmt"/>
      <line num="11" count="10099" type="cond" truecount="2" falsecount="0"/>
      <line num="12" count="10099" type="cond" truecount="2" falsecount="0"/>
      <line num="17" count="7" type="stmt"/>
      <line num="18" count="7" type="stmt"/>
      <line num="19" count="123" type="stmt"/>
      <line num="20" count="4988" type="cond" truecount="2" falsecount="0"/>
      <line num="24" count="7" type="stmt"/>
      <line num="25" count="7" type="stmt"/>
      <line num="27" count="7" type="stmt"/>
      <line num="28" count="123" type="stmt"/>
      <line num="30" count="4988" type="stmt"/>
      <line num="37" count="4988" type="cond" truecount="2" falsecount="0"/>
      <line num="38" count="4977" type="cond" truecount="2" falsecount="0"/>
      <line num="39" count="108" type="stmt"/>
      <line num="40" count="108" type="stmt"/>
      <line num="45" count="7" type="stmt"/>
    </file>
    <file name="44.js" path="E:\desktop\Thesis\solutions-algorithm\44.js">
      <metrics statements="11" coveredstatements="11" conditionals="8" coveredconditionals="8" methods="3" coveredmethods="3"/>
      <line num="3" count="12" type="cond" truecount="4" falsecount="0"/>
      <line num="5" count="100051" type="stmt"/>
      <line num="6" count="8" type="stmt"/>
      <line num="9" count="200032" type="cond" truecount="4" falsecount="0"/>
      <line num="10" count="100012" type="stmt"/>
      <line num="11" count="100012" type="stmt"/>
      <line num="12" count="100012" type="stmt"/>
      <line num="13" count="100012" type="stmt"/>
      <line num="14" count="100012" type="stmt"/>
      <line num="17" count="8" type="stmt"/>
      <line num="18" count="8" type="stmt"/>
    </file>
    <file name="45.js" path="E:\desktop\Thesis\solutions-algorithm\45.js">
      <metrics statements="18" coveredstatements="18" conditionals="12" coveredconditionals="11" methods="4" coveredmethods="4"/>
      <line num="1" count="1" type="stmt"/>
      <line num="4" count="8" type="stmt"/>
      <line num="5" count="8" type="stmt"/>
      <line num="6" count="389" type="stmt"/>
      <line num="8" count="8" type="stmt"/>
      <line num="9" count="8" type="stmt"/>
      <line num="10" count="35" type="stmt"/>
      <line num="14" count="241" type="cond" truecount="2" falsecount="0"/>
      <line num="15" count="212" type="cond" truecount="2" falsecount="0"/>
      <line num="16" count="185" type="cond" truecount="2" falsecount="0"/>
      <line num="18" count="120" type="stmt"/>
      <line num="19" count="120" type="cond" truecount="4" falsecount="0"/>
      <line num="20" count="113" type="stmt"/>
      <line num="22" count="120" type="cond" truecount="1" falsecount="1"/>
      <line num="23" count="120" type="stmt"/>
      <line num="26" count="120" type="stmt"/>
      <line num="27" count="120" type="stmt"/>
      <line num="30" count="8" type="stmt"/>
    </file>
    <file name="46.js" path="E:\desktop\Thesis\solutions-algorithm\46.js">
      <metrics statements="12" coveredstatements="12" conditionals="4" coveredconditionals="3" methods="2" coveredmethods="2"/>
      <line num="3" count="13" type="stmt"/>
      <line num="4" count="13" type="stmt"/>
      <line num="7" count="13" type="stmt"/>
      <line num="8" count="4061" type="stmt"/>
      <line num="9" count="4061" type="cond" truecount="1" falsecount="1"/>
      <line num="10" count="4061" type="cond" truecount="2" falsecount="0"/>
      <line num="11" count="4061" type="stmt"/>
      <line num="16" count="4074" type="stmt"/>
      <line num="17" count="4074" type="stmt"/>
      <line num="18" count="4061" type="stmt"/>
      <line num="22" count="13" type="stmt"/>
      <line num="23" count="13" type="stmt"/>
    </file>
    <file name="47.js" path="E:\desktop\Thesis\solutions-algorithm\47.js">
      <metrics statements="4" coveredstatements="4" conditionals="2" coveredconditionals="2" methods="1" coveredmethods="1"/>
      <line num="3" count="11" type="stmt"/>
      <line num="4" count="11" type="stmt"/>
      <line num="5" count="200041" type="cond" truecount="2" falsecount="0"/>
      <line num="7" count="11" type="stmt"/>
    </file>
    <file name="48.js" path="E:\desktop\Thesis\solutions-algorithm\48.js">
      <metrics statements="38" coveredstatements="38" conditionals="6" coveredconditionals="6" methods="3" coveredmethods="3"/>
      <line num="3" count="10" type="stmt"/>
      <line num="4" count="10" type="stmt"/>
      <line num="5" count="10" type="stmt"/>
      <line num="6" count="10" type="stmt"/>
      <line num="7" count="10" type="stmt"/>
      <line num="8" count="10" type="stmt"/>
      <line num="9" count="10" type="stmt"/>
      <line num="10" count="10" type="stmt"/>
      <line num="13" count="90" type="stmt"/>
      <line num="14" count="90" type="stmt"/>
      <line num="15" count="90" type="stmt"/>
      <line num="18" count="10" type="stmt"/>
      <line num="19" count="45" type="stmt"/>
      <line num="20" count="45" type="stmt"/>
      <line num="24" count="55" type="stmt"/>
      <line num="25" count="55" type="stmt"/>
      <line num="26" count="55" type="stmt"/>
      <line num="27" count="90" type="stmt"/>
      <line num="28" count="90" type="cond" truecount="2" falsecount="0"/>
      <line num="29" count="45" type="stmt"/>
      <line num="33" count="10" type="stmt"/>
      <line num="35" count="10" type="stmt"/>
      <line num="36" count="10" type="stmt"/>
      <line num="37" count="25" type="stmt"/>
      <line num="38" count="25" type="stmt"/>
      <line num="40" count="25" type="stmt"/>
      <line num="41" count="25" type="stmt"/>
      <line num="42" count="25" type="stmt"/>
      <line num="43" count="29" type="stmt"/>
      <line num="44" count="29" type="stmt"/>
      <line num="45" count="29" type="stmt"/>
      <line num="46" count="29" type="cond" truecount="2" falsecount="0"/>
      <line num="47" count="24" type="stmt"/>
      <line num="50" count="25" type="stmt"/>
      <line num="51" count="25" type="stmt"/>
      <line num="52" count="25" type="cond" truecount="2" falsecount="0"/>
      <line num="53" count="25" type="stmt"/>
      <line num="56" count="10" type="stmt"/>
    </file>
    <file name="49.js" path="E:\desktop\Thesis\solutions-algorithm\49.js">
      <metrics statements="1" coveredstatements="1" conditionals="2" coveredconditionals="2" methods="1" coveredmethods="1"/>
      <line num="3" count="18" type="cond" truecount="2" falsecount="0"/>
    </file>
    <file name="5.js" path="E:\desktop\Thesis\solutions-algorithm\5.js">
      <metrics statements="9" coveredstatements="9" conditionals="2" coveredconditionals="2" methods="1" coveredmethods="1"/>
      <line num="2" count="12" type="stmt"/>
      <line num="3" count="12" type="stmt"/>
      <line num="4" count="12" type="stmt"/>
      <line num="6" count="12" type="stmt"/>
      <line num="7" count="200044" type="cond" truecount="2" falsecount="0"/>
      <line num="8" count="9" type="stmt"/>
      <line num="9" count="9" type="stmt"/>
      <line num="11" count="200035" type="stmt"/>
      <line num="15" count="12" type="stmt"/>
    </file>
    <file name="50.js" path="E:\desktop\Thesis\solutions-algorithm\50.js">
      <metrics statements="5" coveredstatements="5" conditionals="0" coveredconditionals="0" methods="2" coveredmethods="2"/>
      <line num="3" count="11" type="stmt"/>
      <line num="5" count="11" type="stmt"/>
      <line num="6" count="110092" type="stmt"/>
      <line num="7" count="110092" type="stmt"/>
      <line num="10" count="43" type="stmt"/>
    </file>
    <file name="6.js" path="E:\desktop\Thesis\solutions-algorithm\6.js">
      <metrics statements="2" coveredstatements="2" conditionals="0" coveredconditionals="0" methods="2" coveredmethods="2"/>
      <line num="3" count="77" type="stmt"/>
      <line num="4" count="10" type="stmt"/>
    </file>
    <file name="7.js" path="E:\desktop\Thesis\solutions-algorithm\7.js">
      <metrics statements="10" coveredstatements="10" conditionals="4" coveredconditionals="4" methods="2" coveredmethods="2"/>
      <line num="3" count="19" type="stmt"/>
      <line num="4" count="19" type="stmt"/>
      <line num="6" count="19" type="stmt"/>
      <line num="7" count="86" type="cond" truecount="2" falsecount="0"/>
      <line num="8" count="47" type="stmt"/>
      <line num="10" count="39" type="cond" truecount="2" falsecount="0"/>
      <line num="11" count="4" type="stmt"/>
      <line num="13" count="55" type="stmt"/>
      <line num="14" count="35" type="stmt"/>
      <line num="18" count="19" type="stmt"/>
    </file>
    <file name="8.js" path="E:\desktop\Thesis\solutions-algorithm\8.js">
      <metrics statements="6" coveredstatements="6" conditionals="0" coveredconditionals="0" methods="2" coveredmethods="2"/>
      <line num="4" count="7" type="stmt"/>
      <line num="5" count="7" type="stmt"/>
      <line num="7" count="7" type="stmt"/>
      <line num="8" count="100030" type="stmt"/>
      <line num="9" count="100030" type="stmt"/>
      <line num="13" count="26" type="stmt"/>
    </file>
    <file name="9.js" path="E:\desktop\Thesis\solutions-algorithm\9.js">
      <metrics statements="20" coveredstatements="20" conditionals="8" coveredconditionals="8" methods="1" coveredmethods="1"/>
      <line num="4" count="10" type="stmt"/>
      <line num="5" count="10" type="stmt"/>
      <line num="6" count="47" type="cond" truecount="2" falsecount="0"/>
      <line num="9" count="10" type="stmt"/>
      <line num="10" count="37" type="stmt"/>
      <line num="14" count="10" type="stmt"/>
      <line num="15" count="28" type="cond" truecount="2" falsecount="0"/>
      <line num="16" count="10" type="stmt"/>
      <line num="17" count="10" type="stmt"/>
      <line num="22" count="10" type="stmt"/>
      <line num="23" count="10" type="stmt"/>
      <line num="24" count="47" type="cond" truecount="2" falsecount="0"/>
      <line num="27" count="10" type="stmt"/>
      <line num="28" count="27" type="stmt"/>
      <line num="31" count="10" type="stmt"/>
      <line num="34" count="10" type="stmt"/>
      <line num="35" count="25" type="cond" truecount="2" falsecount="0"/>
      <line num="36" count="10" type="stmt"/>
      <line num="37" count="10" type="stmt"/>
      <line num="41" count="10" type="stmt"/>
    </file>
  </project>
</coverage>
