{"E:\\desktop\\Thesis\\solutions-descriptive\\1.js": {"path":"E:\\desktop\\Thesis\\solutions-descriptive\\1.js","statementMap":{"0":{"start":{"line":2,"column":22},"end":{"line":2,"column":31}},"1":{"start":{"line":3,"column":21},"end":{"line":3,"column":44}},"2":{"start":{"line":4,"column":21},"end":{"line":4,"column":44}},"3":{"start":{"line":5,"column":23},"end":{"line":5,"column":42}},"4":{"start":{"line":6,"column":4},"end":{"line":6,"column":53}},"5":{"start":{"line":9,"column":28},"end":{"line":9,"column":30}},"6":{"start":{"line":12,"column":8},"end":{"line":19,"column":9}},"7":{"start":{"line":12,"column":21},"end":{"line":12,"column":22}},"8":{"start":{"line":13,"column":12},"end":{"line":18,"column":13}},"9":{"start":{"line":14,"column":16},"end":{"line":14,"column":36}},"10":{"start":{"line":15,"column":16},"end":{"line":17,"column":17}},"11":{"start":{"line":16,"column":20},"end":{"line":16,"column":49}},"12":{"start":{"line":20,"column":8},"end":{"line":20,"column":42}},"13":{"start":{"line":20,"column":35},"end":{"line":20,"column":40}},"14":{"start":{"line":22,"column":30},"end":{"line":22,"column":70}},"15":{"start":{"line":24,"column":8},"end":{"line":43,"column":9}},"16":{"start":{"line":24,"column":21},"end":{"line":24,"column":22}},"17":{"start":{"line":25,"column":31},"end":{"line":25,"column":39}},"18":{"start":{"line":27,"column":12},"end":{"line":34,"column":13}},"19":{"start":{"line":27,"column":25},"end":{"line":27,"column":26}},"20":{"start":{"line":28,"column":31},"end":{"line":28,"column":45}},"21":{"start":{"line":29,"column":32},"end":{"line":29,"column":46}},"22":{"start":{"line":31,"column":16},"end":{"line":33,"column":17}},"23":{"start":{"line":32,"column":20},"end":{"line":32,"column":76}},"24":{"start":{"line":37,"column":12},"end":{"line":39,"column":13}},"25":{"start":{"line":38,"column":16},"end":{"line":38,"column":64}},"26":{"start":{"line":42,"column":12},"end":{"line":42,"column":76}},"27":{"start":{"line":45,"column":8},"end":{"line":45,"column":53}},"28":{"start":{"line":51,"column":4},"end":{"line":55,"column":5}},"29":{"start":{"line":52,"column":26},"end":{"line":52,"column":31}},"30":{"start":{"line":53,"column":8},"end":{"line":53,"column":14}},"31":{"start":{"line":54,"column":8},"end":{"line":54,"column":22}},"32":{"start":{"line":56,"column":4},"end":{"line":56,"column":13}}},"fnMap":{"0":{"name":"solve","decl":{"start":{"line":1,"column":16},"end":{"line":1,"column":21}},"loc":{"start":{"line":1,"column":44},"end":{"line":47,"column":1}},"line":1},"1":{"name":"minSteps","decl":{"start":{"line":8,"column":13},"end":{"line":8,"column":21}},"loc":{"start":{"line":8,"column":30},"end":{"line":46,"column":5}},"line":8},"2":{"name":"(anonymous_2)","decl":{"start":{"line":20,"column":25},"end":{"line":20,"column":26}},"loc":{"start":{"line":20,"column":35},"end":{"line":20,"column":40}},"line":20},"3":{"name":"gcd","decl":{"start":{"line":50,"column":9},"end":{"line":50,"column":12}},"loc":{"start":{"line":50,"column":19},"end":{"line":57,"column":1}},"line":50}},"branchMap":{"0":{"loc":{"start":{"line":6,"column":11},"end":{"line":6,"column":52}},"type":"cond-expr","locations":[{"start":{"line":6,"column":37},"end":{"line":6,"column":39}},{"start":{"line":6,"column":42},"end":{"line":6,"column":52}}],"line":6},"1":{"loc":{"start":{"line":13,"column":12},"end":{"line":18,"column":13}},"type":"if","locations":[{"start":{"line":13,"column":12},"end":{"line":18,"column":13}},{"start":{},"end":{}}],"line":13},"2":{"loc":{"start":{"line":15,"column":16},"end":{"line":17,"column":17}},"type":"if","locations":[{"start":{"line":15,"column":16},"end":{"line":17,"column":17}},{"start":{},"end":{}}],"line":15},"3":{"loc":{"start":{"line":31,"column":16},"end":{"line":33,"column":17}},"type":"if","locations":[{"start":{"line":31,"column":16},"end":{"line":33,"column":17}},{"start":{},"end":{}}],"line":31},"4":{"loc":{"start":{"line":31,"column":20},"end":{"line":31,"column":82}},"type":"binary-expr","locations":[{"start":{"line":31,"column":20},"end":{"line":31,"column":42}},{"start":{"line":31,"column":46},"end":{"line":31,"column":82}}],"line":31},"5":{"loc":{"start":{"line":37,"column":12},"end":{"line":39,"column":13}},"type":"if","locations":[{"start":{"line":37,"column":12},"end":{"line":39,"column":13}},{"start":{},"end":{}}],"line":37},"6":{"loc":{"start":{"line":38,"column":35},"end":{"line":38,"column":63}},"type":"cond-expr","locations":[{"start":{"line":38,"column":58},"end":{"line":38,"column":59}},{"start":{"line":38,"column":62},"end":{"line":38,"column":63}}],"line":38}},"s":{"0":10,"1":10,"2":10,"3":10,"4":10,"5":20,"6":20,"7":20,"8":1060,"9":159,"10":159,"11":150,"12":20,"13":1327,"14":20,"15":20,"16":20,"17":309,"18":309,"19":309,"20":29090,"21":29090,"22":29090,"23":1686,"24":309,"25":60,"26":309,"27":20,"28":10,"29":21,"30":21,"31":21,"32":10},"f":{"0":10,"1":20,"2":1327,"3":10},"b":{"0":[2,8],"1":[159,901],"2":[150,9],"3":[1686,27404],"4":[29090,8086],"5":[60,249],"6":[20,40]},"_coverageSchema":"1a1c01bbd47fc00a2c39e90264f33305004495a9","hash":"f46be141b91703e35414452ba20f0234e6cfb820"}
,"E:\\desktop\\Thesis\\solutions-descriptive\\10.js": {"path":"E:\\desktop\\Thesis\\solutions-descriptive\\10.js","statementMap":{"0":{"start":{"line":4,"column":4},"end":{"line":4,"column":29}},"1":{"start":{"line":4,"column":17},"end":{"line":4,"column":29}},"2":{"start":{"line":6,"column":16},"end":{"line":6,"column":34}},"3":{"start":{"line":7,"column":16},"end":{"line":7,"column":34}},"4":{"start":{"line":9,"column":4},"end":{"line":16,"column":5}},"5":{"start":{"line":10,"column":19},"end":{"line":10,"column":24}},"6":{"start":{"line":11,"column":19},"end":{"line":11,"column":24}},"7":{"start":{"line":12,"column":8},"end":{"line":12,"column":18}},"8":{"start":{"line":13,"column":8},"end":{"line":13,"column":18}},"9":{"start":{"line":14,"column":8},"end":{"line":14,"column":22}},"10":{"start":{"line":15,"column":8},"end":{"line":15,"column":22}},"11":{"start":{"line":18,"column":14},"end":{"line":18,"column":16}},"12":{"start":{"line":19,"column":16},"end":{"line":19,"column":17}},"13":{"start":{"line":20,"column":4},"end":{"line":24,"column":5}},"14":{"start":{"line":20,"column":17},"end":{"line":20,"column":18}},"15":{"start":{"line":21,"column":8},"end":{"line":23,"column":9}},"16":{"start":{"line":22,"column":12},"end":{"line":22,"column":27}},"17":{"start":{"line":26,"column":14},"end":{"line":26,"column":15}},"18":{"start":{"line":27,"column":15},"end":{"line":27,"column":16}},"19":{"start":{"line":29,"column":4},"end":{"line":45,"column":5}},"20":{"start":{"line":29,"column":17},"end":{"line":29,"column":18}},"21":{"start":{"line":30,"column":18},"end":{"line":30,"column":27}},"22":{"start":{"line":31,"column":18},"end":{"line":31,"column":24}},"23":{"start":{"line":33,"column":8},"end":{"line":38,"column":9}},"24":{"start":{"line":34,"column":12},"end":{"line":34,"column":31}},"25":{"start":{"line":35,"column":12},"end":{"line":35,"column":24}},"26":{"start":{"line":36,"column":15},"end":{"line":38,"column":9}},"27":{"start":{"line":37,"column":12},"end":{"line":37,"column":24}},"28":{"start":{"line":40,"column":8},"end":{"line":40,"column":20}},"29":{"start":{"line":41,"column":8},"end":{"line":41,"column":17}},"30":{"start":{"line":42,"column":8},"end":{"line":44,"column":9}},"31":{"start":{"line":43,"column":12},"end":{"line":43,"column":27}},"32":{"start":{"line":47,"column":4},"end":{"line":47,"column":28}}},"fnMap":{"0":{"name":"solve","decl":{"start":{"line":3,"column":16},"end":{"line":3,"column":21}},"loc":{"start":{"line":3,"column":38},"end":{"line":48,"column":1}},"line":3}},"branchMap":{"0":{"loc":{"start":{"line":4,"column":4},"end":{"line":4,"column":29}},"type":"if","locations":[{"start":{"line":4,"column":4},"end":{"line":4,"column":29}},{"start":{},"end":{}}],"line":4},"1":{"loc":{"start":{"line":21,"column":8},"end":{"line":23,"column":9}},"type":"if","locations":[{"start":{"line":21,"column":8},"end":{"line":23,"column":9}},{"start":{},"end":{}}],"line":21},"2":{"loc":{"start":{"line":33,"column":8},"end":{"line":38,"column":9}},"type":"if","locations":[{"start":{"line":33,"column":8},"end":{"line":38,"column":9}},{"start":{"line":36,"column":15},"end":{"line":38,"column":9}}],"line":33},"3":{"loc":{"start":{"line":36,"column":15},"end":{"line":38,"column":9}},"type":"if","locations":[{"start":{"line":36,"column":15},"end":{"line":38,"column":9}},{"start":{},"end":{}}],"line":36},"4":{"loc":{"start":{"line":42,"column":8},"end":{"line":44,"column":9}},"type":"if","locations":[{"start":{"line":42,"column":8},"end":{"line":44,"column":9}},{"start":{},"end":{}}],"line":42}},"s":{"0":8,"1":1,"2":7,"3":7,"4":7,"5":26,"6":26,"7":26,"8":26,"9":26,"10":26,"11":7,"12":7,"13":7,"14":7,"15":33,"16":18,"17":7,"18":7,"19":7,"20":7,"21":26,"22":26,"23":26,"24":9,"25":9,"26":17,"27":4,"28":26,"29":26,"30":26,"31":15,"32":7},"f":{"0":8},"b":{"0":[1,7],"1":[18,15],"2":[9,17],"3":[4,13],"4":[15,11]},"_coverageSchema":"1a1c01bbd47fc00a2c39e90264f33305004495a9","hash":"4b48e38320ddbd868d5af16edd418447fe51150a"}
,"E:\\desktop\\Thesis\\solutions-descriptive\\11.js": {"path":"E:\\desktop\\Thesis\\solutions-descriptive\\11.js","statementMap":{"0":{"start":{"line":2,"column":16},"end":{"line":2,"column":23}},"1":{"start":{"line":4,"column":18},"end":{"line":4,"column":59}},"2":{"start":{"line":4,"column":56},"end":{"line":4,"column":58}},"3":{"start":{"line":5,"column":27},"end":{"line":5,"column":100}},"4":{"start":{"line":5,"column":65},"end":{"line":5,"column":99}},"5":{"start":{"line":6,"column":20},"end":{"line":6,"column":49}},"6":{"start":{"line":8,"column":4},"end":{"line":12,"column":5}},"7":{"start":{"line":10,"column":8},"end":{"line":10,"column":30}},"8":{"start":{"line":11,"column":8},"end":{"line":11,"column":30}},"9":{"start":{"line":14,"column":4},"end":{"line":14,"column":39}},"10":{"start":{"line":14,"column":28},"end":{"line":14,"column":37}},"11":{"start":{"line":16,"column":4},"end":{"line":47,"column":5}},"12":{"start":{"line":16,"column":25},"end":{"line":16,"column":26}},"13":{"start":{"line":17,"column":25},"end":{"line":17,"column":48}},"14":{"start":{"line":18,"column":8},"end":{"line":18,"column":30}},"15":{"start":{"line":19,"column":8},"end":{"line":19,"column":30}},"16":{"start":{"line":21,"column":8},"end":{"line":24,"column":9}},"17":{"start":{"line":21,"column":21},"end":{"line":21,"column":22}},"18":{"start":{"line":22,"column":12},"end":{"line":22,"column":27}},"19":{"start":{"line":23,"column":12},"end":{"line":23,"column":47}},"20":{"start":{"line":26,"column":26},"end":{"line":26,"column":27}},"21":{"start":{"line":27,"column":8},"end":{"line":27,"column":49}},"22":{"start":{"line":28,"column":22},"end":{"line":28,"column":33}},"23":{"start":{"line":30,"column":8},"end":{"line":46,"column":9}},"24":{"start":{"line":31,"column":28},"end":{"line":31,"column":41}},"25":{"start":{"line":32,"column":12},"end":{"line":32,"column":43}},"26":{"start":{"line":32,"column":34},"end":{"line":32,"column":43}},"27":{"start":{"line":33,"column":12},"end":{"line":33,"column":33}},"28":{"start":{"line":35,"column":12},"end":{"line":45,"column":13}},"29":{"start":{"line":36,"column":36},"end":{"line":36,"column":79}},"30":{"start":{"line":37,"column":16},"end":{"line":44,"column":17}},"31":{"start":{"line":38,"column":20},"end":{"line":38,"column":70}},"32":{"start":{"line":39,"column":20},"end":{"line":43,"column":21}},"33":{"start":{"line":40,"column":24},"end":{"line":40,"column":48}},"34":{"start":{"line":42,"column":24},"end":{"line":42,"column":45}},"35":{"start":{"line":49,"column":20},"end":{"line":49,"column":22}},"36":{"start":{"line":51,"column":4},"end":{"line":63,"column":5}},"37":{"start":{"line":52,"column":29},"end":{"line":52,"column":31}},"38":{"start":{"line":54,"column":8},"end":{"line":60,"column":9}},"39":{"start":{"line":54,"column":29},"end":{"line":54,"column":30}},"40":{"start":{"line":55,"column":33},"end":{"line":55,"column":102}},"41":{"start":{"line":56,"column":12},"end":{"line":59,"column":13}},"42":{"start":{"line":57,"column":16},"end":{"line":57,"column":59}},"43":{"start":{"line":58,"column":16},"end":{"line":58,"column":22}},"44":{"start":{"line":62,"column":8},"end":{"line":62,"column":37}},"45":{"start":{"line":65,"column":4},"end":{"line":65,"column":19}}},"fnMap":{"0":{"name":"solve","decl":{"start":{"line":1,"column":16},"end":{"line":1,"column":21}},"loc":{"start":{"line":1,"column":65},"end":{"line":66,"column":1}},"line":1},"1":{"name":"(anonymous_1)","decl":{"start":{"line":4,"column":50},"end":{"line":4,"column":51}},"loc":{"start":{"line":4,"column":56},"end":{"line":4,"column":58}},"line":4},"2":{"name":"(anonymous_2)","decl":{"start":{"line":5,"column":59},"end":{"line":5,"column":60}},"loc":{"start":{"line":5,"column":65},"end":{"line":5,"column":99}},"line":5},"3":{"name":"(anonymous_3)","decl":{"start":{"line":14,"column":18},"end":{"line":14,"column":19}},"loc":{"start":{"line":14,"column":28},"end":{"line":14,"column":37}},"line":14}},"branchMap":{"0":{"loc":{"start":{"line":32,"column":12},"end":{"line":32,"column":43}},"type":"if","locations":[{"start":{"line":32,"column":12},"end":{"line":32,"column":43}},{"start":{},"end":{}}],"line":32},"1":{"loc":{"start":{"line":37,"column":16},"end":{"line":44,"column":17}},"type":"if","locations":[{"start":{"line":37,"column":16},"end":{"line":44,"column":17}},{"start":{},"end":{}}],"line":37},"2":{"loc":{"start":{"line":39,"column":20},"end":{"line":43,"column":21}},"type":"if","locations":[{"start":{"line":39,"column":20},"end":{"line":43,"column":21}},{"start":{"line":41,"column":27},"end":{"line":43,"column":21}}],"line":39},"3":{"loc":{"start":{"line":56,"column":12},"end":{"line":59,"column":13}},"type":"if","locations":[{"start":{"line":56,"column":12},"end":{"line":59,"column":13}},{"start":{},"end":{}}],"line":56}},"s":{"0":6,"1":6,"2":30,"3":6,"4":29,"5":6,"6":6,"7":23,"8":23,"9":6,"10":26,"11":6,"12":6,"13":23,"14":23,"15":23,"16":23,"17":23,"18":105,"19":105,"20":23,"21":23,"22":23,"23":23,"24":163,"25":163,"26":58,"27":105,"28":105,"29":344,"30":344,"31":140,"32":140,"33":58,"34":82,"35":6,"36":6,"37":14,"38":14,"39":14,"40":26,"41":26,"42":14,"43":14,"44":14,"45":6},"f":{"0":6,"1":30,"2":29,"3":26},"b":{"0":[58,105],"1":[140,204],"2":[58,82],"3":[14,12]},"_coverageSchema":"1a1c01bbd47fc00a2c39e90264f33305004495a9","hash":"796d6b558b8d9aa21dbeef2998f4e30104fbdc3d"}
,"E:\\desktop\\Thesis\\solutions-descriptive\\14.js": {"path":"E:\\desktop\\Thesis\\solutions-descriptive\\14.js","statementMap":{"0":{"start":{"line":49,"column":4},"end":{"line":49,"column":18}},"1":{"start":{"line":50,"column":4},"end":{"line":50,"column":21}},"2":{"start":{"line":51,"column":4},"end":{"line":51,"column":64}},"3":{"start":{"line":51,"column":50},"end":{"line":51,"column":62}},"4":{"start":{"line":53,"column":22},"end":{"line":53,"column":23}},"5":{"start":{"line":54,"column":26},"end":{"line":54,"column":27}},"6":{"start":{"line":56,"column":4},"end":{"line":78,"column":5}},"7":{"start":{"line":56,"column":17},"end":{"line":56,"column":18}},"8":{"start":{"line":57,"column":8},"end":{"line":77,"column":9}},"9":{"start":{"line":58,"column":32},"end":{"line":58,"column":80}},"10":{"start":{"line":60,"column":12},"end":{"line":62,"column":13}},"11":{"start":{"line":61,"column":16},"end":{"line":61,"column":62}},"12":{"start":{"line":64,"column":12},"end":{"line":64,"column":41}},"13":{"start":{"line":66,"column":12},"end":{"line":70,"column":13}},"14":{"start":{"line":67,"column":16},"end":{"line":67,"column":60}},"15":{"start":{"line":69,"column":16},"end":{"line":69,"column":43}},"16":{"start":{"line":73,"column":12},"end":{"line":76,"column":14}},"17":{"start":{"line":80,"column":4},"end":{"line":80,"column":68}}},"fnMap":{"0":{"name":"solve","decl":{"start":{"line":48,"column":16},"end":{"line":48,"column":21}},"loc":{"start":{"line":48,"column":71},"end":{"line":81,"column":1}},"line":48},"1":{"name":"(anonymous_1)","decl":{"start":{"line":51,"column":38},"end":{"line":51,"column":39}},"loc":{"start":{"line":51,"column":50},"end":{"line":51,"column":62}},"line":51}},"branchMap":{"0":{"loc":{"start":{"line":57,"column":8},"end":{"line":77,"column":9}},"type":"if","locations":[{"start":{"line":57,"column":8},"end":{"line":77,"column":9}},{"start":{"line":72,"column":15},"end":{"line":77,"column":9}}],"line":57},"1":{"loc":{"start":{"line":60,"column":12},"end":{"line":62,"column":13}},"type":"if","locations":[{"start":{"line":60,"column":12},"end":{"line":62,"column":13}},{"start":{},"end":{}}],"line":60},"2":{"loc":{"start":{"line":66,"column":12},"end":{"line":70,"column":13}},"type":"if","locations":[{"start":{"line":66,"column":12},"end":{"line":70,"column":13}},{"start":{"line":68,"column":19},"end":{"line":70,"column":13}}],"line":66}},"s":{"0":7,"1":7,"2":7,"3":20,"4":7,"5":7,"6":7,"7":7,"8":20,"9":4,"10":4,"11":2,"12":4,"13":4,"14":2,"15":2,"16":16,"17":7},"f":{"0":7,"1":20},"b":{"0":[4,16],"1":[2,2],"2":[2,2]},"_coverageSchema":"1a1c01bbd47fc00a2c39e90264f33305004495a9","hash":"a0e75e8d3994f5b04b2d1dedeba2a7ca0aba8cea"}
,"E:\\desktop\\Thesis\\solutions-descriptive\\15.js": {"path":"E:\\desktop\\Thesis\\solutions-descriptive\\15.js","statementMap":{"0":{"start":{"line":2,"column":23},"end":{"line":2,"column":36}},"1":{"start":{"line":3,"column":24},"end":{"line":3,"column":25}},"2":{"start":{"line":4,"column":18},"end":{"line":4,"column":33}},"3":{"start":{"line":5,"column":19},"end":{"line":5,"column":34}},"4":{"start":{"line":6,"column":28},"end":{"line":6,"column":33}},"5":{"start":{"line":7,"column":24},"end":{"line":7,"column":29}},"6":{"start":{"line":9,"column":19},"end":{"line":9,"column":36}},"7":{"start":{"line":11,"column":4},"end":{"line":46,"column":5}},"8":{"start":{"line":11,"column":17},"end":{"line":11,"column":18}},"9":{"start":{"line":12,"column":30},"end":{"line":12,"column":48}},"10":{"start":{"line":14,"column":8},"end":{"line":17,"column":9}},"11":{"start":{"line":15,"column":12},"end":{"line":15,"column":61}},"12":{"start":{"line":15,"column":46},"end":{"line":15,"column":61}},"13":{"start":{"line":16,"column":12},"end":{"line":16,"column":63}},"14":{"start":{"line":16,"column":47},"end":{"line":16,"column":63}},"15":{"start":{"line":19,"column":8},"end":{"line":32,"column":9}},"16":{"start":{"line":20,"column":12},"end":{"line":31,"column":13}},"17":{"start":{"line":21,"column":16},"end":{"line":21,"column":26}},"18":{"start":{"line":22,"column":19},"end":{"line":31,"column":13}},"19":{"start":{"line":23,"column":16},"end":{"line":23,"column":27}},"20":{"start":{"line":25,"column":16},"end":{"line":27,"column":17}},"21":{"start":{"line":26,"column":20},"end":{"line":26,"column":41}},"22":{"start":{"line":28,"column":16},"end":{"line":28,"column":41}},"23":{"start":{"line":29,"column":16},"end":{"line":29,"column":65}},"24":{"start":{"line":30,"column":16},"end":{"line":30,"column":59}},"25":{"start":{"line":34,"column":30},"end":{"line":34,"column":31}},"26":{"start":{"line":36,"column":8},"end":{"line":43,"column":9}},"27":{"start":{"line":37,"column":12},"end":{"line":37,"column":60}},"28":{"start":{"line":38,"column":12},"end":{"line":38,"column":96}},"29":{"start":{"line":40,"column":12},"end":{"line":40,"column":61}},"30":{"start":{"line":41,"column":12},"end":{"line":41,"column":83}},"31":{"start":{"line":42,"column":12},"end":{"line":42,"column":91}},"32":{"start":{"line":45,"column":8},"end":{"line":45,"column":36}},"33":{"start":{"line":48,"column":4},"end":{"line":48,"column":28}},"34":{"start":{"line":52,"column":4},"end":{"line":52,"column":27}}},"fnMap":{"0":{"name":"solve","decl":{"start":{"line":1,"column":16},"end":{"line":1,"column":21}},"loc":{"start":{"line":1,"column":79},"end":{"line":49,"column":1}},"line":1},"1":{"name":"countRange","decl":{"start":{"line":51,"column":9},"end":{"line":51,"column":19}},"loc":{"start":{"line":51,"column":32},"end":{"line":53,"column":1}},"line":51}},"branchMap":{"0":{"loc":{"start":{"line":14,"column":8},"end":{"line":17,"column":9}},"type":"if","locations":[{"start":{"line":14,"column":8},"end":{"line":17,"column":9}},{"start":{},"end":{}}],"line":14},"1":{"loc":{"start":{"line":15,"column":12},"end":{"line":15,"column":61}},"type":"if","locations":[{"start":{"line":15,"column":12},"end":{"line":15,"column":61}},{"start":{},"end":{}}],"line":15},"2":{"loc":{"start":{"line":16,"column":12},"end":{"line":16,"column":63}},"type":"if","locations":[{"start":{"line":16,"column":12},"end":{"line":16,"column":63}},{"start":{},"end":{}}],"line":16},"3":{"loc":{"start":{"line":19,"column":8},"end":{"line":32,"column":9}},"type":"if","locations":[{"start":{"line":19,"column":8},"end":{"line":32,"column":9}},{"start":{},"end":{}}],"line":19},"4":{"loc":{"start":{"line":20,"column":12},"end":{"line":31,"column":13}},"type":"if","locations":[{"start":{"line":20,"column":12},"end":{"line":31,"column":13}},{"start":{"line":22,"column":19},"end":{"line":31,"column":13}}],"line":20},"5":{"loc":{"start":{"line":22,"column":19},"end":{"line":31,"column":13}},"type":"if","locations":[{"start":{"line":22,"column":19},"end":{"line":31,"column":13}},{"start":{"line":24,"column":19},"end":{"line":31,"column":13}}],"line":22},"6":{"loc":{"start":{"line":25,"column":16},"end":{"line":27,"column":17}},"type":"if","locations":[{"start":{"line":25,"column":16},"end":{"line":27,"column":17}},{"start":{},"end":{}}],"line":25},"7":{"loc":{"start":{"line":36,"column":8},"end":{"line":43,"column":9}},"type":"if","locations":[{"start":{"line":36,"column":8},"end":{"line":43,"column":9}},{"start":{"line":39,"column":15},"end":{"line":43,"column":9}}],"line":36}},"s":{"0":7,"1":7,"2":7,"3":7,"4":7,"5":7,"6":7,"7":7,"8":7,"9":22,"10":22,"11":10,"12":7,"13":10,"14":4,"15":22,"16":19,"17":7,"18":12,"19":4,"20":8,"21":2,"22":8,"23":8,"24":8,"25":22,"26":22,"27":5,"28":5,"29":17,"30":17,"31":17,"32":22,"33":7,"34":61},"f":{"0":7,"1":61},"b":{"0":[10,12],"1":[7,3],"2":[4,6],"3":[19,3],"4":[7,12],"5":[4,8],"6":[2,6],"7":[5,17]},"_coverageSchema":"1a1c01bbd47fc00a2c39e90264f33305004495a9","hash":"328489af91da66e2a567b8896429d253d75c945c"}
,"E:\\desktop\\Thesis\\solutions-descriptive\\17.js": {"path":"E:\\desktop\\Thesis\\solutions-descriptive\\17.js","statementMap":{"0":{"start":{"line":2,"column":4},"end":{"line":4,"column":5}},"1":{"start":{"line":3,"column":8},"end":{"line":3,"column":20}},"2":{"start":{"line":6,"column":24},"end":{"line":6,"column":38}},"3":{"start":{"line":7,"column":28},"end":{"line":9,"column":37}},"4":{"start":{"line":9,"column":19},"end":{"line":9,"column":36}},"5":{"start":{"line":11,"column":4},"end":{"line":15,"column":5}},"6":{"start":{"line":11,"column":25},"end":{"line":11,"column":26}},"7":{"start":{"line":12,"column":8},"end":{"line":14,"column":9}},"8":{"start":{"line":12,"column":29},"end":{"line":12,"column":30}},"9":{"start":{"line":13,"column":12},"end":{"line":13,"column":105}},"10":{"start":{"line":17,"column":4},"end":{"line":19,"column":18}},"11":{"start":{"line":18,"column":8},"end":{"line":18,"column":45}},"12":{"start":{"line":18,"column":28},"end":{"line":18,"column":33}}},"fnMap":{"0":{"name":"solve","decl":{"start":{"line":1,"column":16},"end":{"line":1,"column":21}},"loc":{"start":{"line":1,"column":46},"end":{"line":20,"column":1}},"line":1},"1":{"name":"(anonymous_1)","decl":{"start":{"line":9,"column":13},"end":{"line":9,"column":14}},"loc":{"start":{"line":9,"column":19},"end":{"line":9,"column":36}},"line":9},"2":{"name":"(anonymous_2)","decl":{"start":{"line":17,"column":41},"end":{"line":17,"column":42}},"loc":{"start":{"line":17,"column":48},"end":{"line":19,"column":5}},"line":17},"3":{"name":"(anonymous_3)","decl":{"start":{"line":18,"column":23},"end":{"line":18,"column":24}},"loc":{"start":{"line":18,"column":28},"end":{"line":18,"column":33}},"line":18}},"branchMap":{"0":{"loc":{"start":{"line":2,"column":4},"end":{"line":4,"column":5}},"type":"if","locations":[{"start":{"line":2,"column":4},"end":{"line":4,"column":5}},{"start":{},"end":{}}],"line":2}},"s":{"0":5,"1":2,"2":3,"3":3,"4":2012,"5":3,"6":3,"7":2012,"8":2012,"9":2000042,"10":3,"11":2012,"12":2000042},"f":{"0":5,"1":2012,"2":2012,"3":2000042},"b":{"0":[2,3]},"_coverageSchema":"1a1c01bbd47fc00a2c39e90264f33305004495a9","hash":"037e500e86cf2878e361d9426cdaa6b5da3e49c8"}
,"E:\\desktop\\Thesis\\solutions-descriptive\\19.js": {"path":"E:\\desktop\\Thesis\\solutions-descriptive\\19.js","statementMap":{"0":{"start":{"line":3,"column":4},"end":{"line":3,"column":35}},"1":{"start":{"line":7,"column":17},"end":{"line":7,"column":39}},"2":{"start":{"line":8,"column":17},"end":{"line":8,"column":39}},"3":{"start":{"line":9,"column":30},"end":{"line":9,"column":31}},"4":{"start":{"line":10,"column":30},"end":{"line":10,"column":31}},"5":{"start":{"line":12,"column":4},"end":{"line":15,"column":5}},"6":{"start":{"line":12,"column":17},"end":{"line":12,"column":18}},"7":{"start":{"line":13,"column":8},"end":{"line":13,"column":32}},"8":{"start":{"line":14,"column":8},"end":{"line":14,"column":53}},"9":{"start":{"line":14,"column":29},"end":{"line":14,"column":53}},"10":{"start":{"line":17,"column":4},"end":{"line":20,"column":5}},"11":{"start":{"line":17,"column":17},"end":{"line":17,"column":18}},"12":{"start":{"line":18,"column":8},"end":{"line":18,"column":32}},"13":{"start":{"line":19,"column":8},"end":{"line":19,"column":53}},"14":{"start":{"line":19,"column":29},"end":{"line":19,"column":53}},"15":{"start":{"line":22,"column":19},"end":{"line":22,"column":20}},"16":{"start":{"line":23,"column":4},"end":{"line":23,"column":73}},"17":{"start":{"line":23,"column":17},"end":{"line":23,"column":18}},"18":{"start":{"line":23,"column":51},"end":{"line":23,"column":73}},"19":{"start":{"line":24,"column":4},"end":{"line":24,"column":73}},"20":{"start":{"line":24,"column":17},"end":{"line":24,"column":18}},"21":{"start":{"line":24,"column":51},"end":{"line":24,"column":73}},"22":{"start":{"line":25,"column":4},"end":{"line":25,"column":64}},"23":{"start":{"line":27,"column":13},"end":{"line":29,"column":74}},"24":{"start":{"line":29,"column":19},"end":{"line":29,"column":73}},"25":{"start":{"line":31,"column":4},"end":{"line":31,"column":17}},"26":{"start":{"line":33,"column":4},"end":{"line":48,"column":5}},"27":{"start":{"line":33,"column":17},"end":{"line":33,"column":36}},"28":{"start":{"line":34,"column":8},"end":{"line":47,"column":9}},"29":{"start":{"line":34,"column":21},"end":{"line":34,"column":40}},"30":{"start":{"line":35,"column":12},"end":{"line":40,"column":13}},"31":{"start":{"line":36,"column":16},"end":{"line":39,"column":18}},"32":{"start":{"line":41,"column":12},"end":{"line":46,"column":13}},"33":{"start":{"line":42,"column":16},"end":{"line":45,"column":18}},"34":{"start":{"line":50,"column":4},"end":{"line":50,"column":75}}},"fnMap":{"0":{"name":"solve","decl":{"start":{"line":2,"column":16},"end":{"line":2,"column":21}},"loc":{"start":{"line":2,"column":28},"end":{"line":4,"column":1}},"line":2},"1":{"name":"calculateSumWithGCD","decl":{"start":{"line":6,"column":9},"end":{"line":6,"column":28}},"loc":{"start":{"line":6,"column":38},"end":{"line":51,"column":1}},"line":6},"2":{"name":"(anonymous_2)","decl":{"start":{"line":29,"column":13},"end":{"line":29,"column":14}},"loc":{"start":{"line":29,"column":19},"end":{"line":29,"column":73}},"line":29}},"branchMap":{"0":{"loc":{"start":{"line":3,"column":11},"end":{"line":3,"column":34}},"type":"cond-expr","locations":[{"start":{"line":3,"column":15},"end":{"line":3,"column":30}},{"start":{"line":3,"column":33},"end":{"line":3,"column":34}}],"line":3},"1":{"loc":{"start":{"line":14,"column":8},"end":{"line":14,"column":53}},"type":"if","locations":[{"start":{"line":14,"column":8},"end":{"line":14,"column":53}},{"start":{},"end":{}}],"line":14},"2":{"loc":{"start":{"line":19,"column":8},"end":{"line":19,"column":53}},"type":"if","locations":[{"start":{"line":19,"column":8},"end":{"line":19,"column":53}},{"start":{},"end":{}}],"line":19},"3":{"loc":{"start":{"line":35,"column":12},"end":{"line":40,"column":13}},"type":"if","locations":[{"start":{"line":35,"column":12},"end":{"line":40,"column":13}},{"start":{},"end":{}}],"line":35},"4":{"loc":{"start":{"line":41,"column":12},"end":{"line":46,"column":13}},"type":"if","locations":[{"start":{"line":41,"column":12},"end":{"line":46,"column":13}},{"start":{},"end":{}}],"line":41}},"s":{"0":32,"1":0,"2":0,"3":0,"4":0,"5":0,"6":0,"7":0,"8":0,"9":0,"10":0,"11":0,"12":0,"13":0,"14":0,"15":0,"16":0,"17":0,"18":0,"19":0,"20":0,"21":0,"22":0,"23":0,"24":0,"25":0,"26":0,"27":0,"28":0,"29":0,"30":0,"31":0,"32":0,"33":0,"34":0},"f":{"0":32,"1":0,"2":0},"b":{"0":[22,10],"1":[0,0],"2":[0,0],"3":[0,0],"4":[0,0]},"_coverageSchema":"1a1c01bbd47fc00a2c39e90264f33305004495a9","hash":"1b308a90a5e6d24ce99ffa86c6bdec377d1e3ca8"}
,"E:\\desktop\\Thesis\\solutions-descriptive\\2.js": {"path":"E:\\desktop\\Thesis\\solutions-descriptive\\2.js","statementMap":{"0":{"start":{"line":1,"column":12},"end":{"line":1,"column":19}},"1":{"start":{"line":2,"column":19},"end":{"line":2,"column":48}},"2":{"start":{"line":6,"column":4},"end":{"line":6,"column":25}},"3":{"start":{"line":10,"column":4},"end":{"line":10,"column":38}},"4":{"start":{"line":15,"column":17},"end":{"line":17,"column":25}},"5":{"start":{"line":18,"column":4},"end":{"line":18,"column":24}},"6":{"start":{"line":21,"column":14},"end":{"line":21,"column":17}},"7":{"start":{"line":22,"column":18},"end":{"line":22,"column":46}},"8":{"start":{"line":23,"column":25},"end":{"line":23,"column":53}},"9":{"start":{"line":25,"column":0},"end":{"line":28,"column":1}},"10":{"start":{"line":25,"column":13},"end":{"line":25,"column":14}},"11":{"start":{"line":26,"column":4},"end":{"line":26,"column":47}},"12":{"start":{"line":27,"column":4},"end":{"line":27,"column":72}},"13":{"start":{"line":31,"column":18},"end":{"line":31,"column":34}},"14":{"start":{"line":32,"column":18},"end":{"line":32,"column":92}},"15":{"start":{"line":33,"column":18},"end":{"line":33,"column":74}},"16":{"start":{"line":34,"column":18},"end":{"line":34,"column":38}},"17":{"start":{"line":35,"column":4},"end":{"line":35,"column":47}},"18":{"start":{"line":40,"column":17},"end":{"line":40,"column":18}},"19":{"start":{"line":41,"column":23},"end":{"line":41,"column":25}},"20":{"start":{"line":43,"column":4},"end":{"line":46,"column":5}},"21":{"start":{"line":44,"column":8},"end":{"line":44,"column":43}},"22":{"start":{"line":45,"column":8},"end":{"line":45,"column":44}},"23":{"start":{"line":48,"column":17},"end":{"line":48,"column":18}},"24":{"start":{"line":49,"column":20},"end":{"line":49,"column":21}},"25":{"start":{"line":51,"column":4},"end":{"line":54,"column":5}},"26":{"start":{"line":51,"column":17},"end":{"line":51,"column":18}},"27":{"start":{"line":52,"column":8},"end":{"line":52,"column":66}},"28":{"start":{"line":53,"column":8},"end":{"line":53,"column":45}},"29":{"start":{"line":56,"column":4},"end":{"line":56,"column":18}},"30":{"start":{"line":61,"column":19},"end":{"line":61,"column":20}},"31":{"start":{"line":64,"column":4},"end":{"line":70,"column":5}},"32":{"start":{"line":65,"column":24},"end":{"line":65,"column":61}},"33":{"start":{"line":66,"column":8},"end":{"line":66,"column":46}},"34":{"start":{"line":67,"column":8},"end":{"line":67,"column":23}},"35":{"start":{"line":69,"column":8},"end":{"line":69,"column":31}},"36":{"start":{"line":72,"column":19},"end":{"line":72,"column":29}},"37":{"start":{"line":74,"column":4},"end":{"line":85,"column":5}},"38":{"start":{"line":74,"column":21},"end":{"line":74,"column":22}},"39":{"start":{"line":75,"column":27},"end":{"line":75,"column":58}},"40":{"start":{"line":76,"column":8},"end":{"line":76,"column":48}},"41":{"start":{"line":76,"column":42},"end":{"line":76,"column":48}},"42":{"start":{"line":78,"column":8},"end":{"line":82,"column":9}},"43":{"start":{"line":79,"column":25},"end":{"line":79,"column":48}},"44":{"start":{"line":80,"column":23},"end":{"line":80,"column":53}},"45":{"start":{"line":81,"column":12},"end":{"line":81,"column":77}},"46":{"start":{"line":84,"column":8},"end":{"line":84,"column":34}},"47":{"start":{"line":87,"column":4},"end":{"line":87,"column":46}},"48":{"start":{"line":89,"column":4},"end":{"line":91,"column":5}},"49":{"start":{"line":89,"column":21},"end":{"line":89,"column":22}},"50":{"start":{"line":90,"column":8},"end":{"line":90,"column":64}},"51":{"start":{"line":93,"column":4},"end":{"line":93,"column":20}}},"fnMap":{"0":{"name":"modAdd","decl":{"start":{"line":5,"column":9},"end":{"line":5,"column":15}},"loc":{"start":{"line":5,"column":22},"end":{"line":7,"column":1}},"line":5},"1":{"name":"modSub","decl":{"start":{"line":9,"column":9},"end":{"line":9,"column":15}},"loc":{"start":{"line":9,"column":22},"end":{"line":11,"column":1}},"line":9},"2":{"name":"modMul","decl":{"start":{"line":13,"column":9},"end":{"line":13,"column":15}},"loc":{"start":{"line":13,"column":22},"end":{"line":19,"column":1}},"line":13},"3":{"name":"computeRangeSum","decl":{"start":{"line":30,"column":9},"end":{"line":30,"column":24}},"loc":{"start":{"line":30,"column":48},"end":{"line":36,"column":1}},"line":30},"4":{"name":"calculateBaseSum","decl":{"start":{"line":39,"column":9},"end":{"line":39,"column":25}},"loc":{"start":{"line":39,"column":36},"end":{"line":57,"column":1}},"line":39},"5":{"name":"solve","decl":{"start":{"line":60,"column":16},"end":{"line":60,"column":21}},"loc":{"start":{"line":60,"column":28},"end":{"line":94,"column":1}},"line":60}},"branchMap":{"0":{"loc":{"start":{"line":64,"column":4},"end":{"line":70,"column":5}},"type":"if","locations":[{"start":{"line":64,"column":4},"end":{"line":70,"column":5}},{"start":{"line":68,"column":11},"end":{"line":70,"column":5}}],"line":64},"1":{"loc":{"start":{"line":76,"column":8},"end":{"line":76,"column":48}},"type":"if","locations":[{"start":{"line":76,"column":8},"end":{"line":76,"column":48}},{"start":{},"end":{}}],"line":76},"2":{"loc":{"start":{"line":78,"column":8},"end":{"line":82,"column":9}},"type":"if","locations":[{"start":{"line":78,"column":8},"end":{"line":82,"column":9}},{"start":{},"end":{}}],"line":78}},"s":{"0":1,"1":1,"2":605525,"3":1341,"4":304351,"5":304351,"6":1,"7":1,"8":1,"9":1,"10":1,"11":300000,"12":300000,"13":447,"14":447,"15":447,"16":447,"17":447,"18":447,"19":447,"20":447,"21":1502,"22":1502,"23":447,"24":447,"25":447,"26":447,"27":1502,"28":1502,"29":447,"30":7,"31":7,"32":6,"33":6,"34":6,"35":1,"36":7,"37":7,"38":7,"39":456,"40":456,"41":7,"42":449,"43":447,"44":447,"45":447,"46":449,"47":7,"48":7,"49":7,"50":447,"51":7},"f":{"0":605525,"1":1341,"2":304351,"3":447,"4":447,"5":7},"b":{"0":[6,1],"1":[7,449],"2":[447,2]},"_coverageSchema":"1a1c01bbd47fc00a2c39e90264f33305004495a9","hash":"fa17b4ffd213573f4971b512a924474f4835e00e"}
,"E:\\desktop\\Thesis\\solutions-descriptive\\20.js": {"path":"E:\\desktop\\Thesis\\solutions-descriptive\\20.js","statementMap":{"0":{"start":{"line":1,"column":23},"end":{"line":1,"column":29}},"1":{"start":{"line":2,"column":20},"end":{"line":2,"column":30}},"2":{"start":{"line":3,"column":20},"end":{"line":3,"column":32}},"3":{"start":{"line":6,"column":25},"end":{"line":6,"column":56}},"4":{"start":{"line":9,"column":23},"end":{"line":9,"column":32}},"5":{"start":{"line":10,"column":4},"end":{"line":14,"column":5}},"6":{"start":{"line":10,"column":21},"end":{"line":10,"column":43}},"7":{"start":{"line":11,"column":8},"end":{"line":11,"column":68}},"8":{"start":{"line":12,"column":8},"end":{"line":12,"column":50}},"9":{"start":{"line":12,"column":40},"end":{"line":12,"column":50}},"10":{"start":{"line":13,"column":8},"end":{"line":13,"column":49}},"11":{"start":{"line":13,"column":40},"end":{"line":13,"column":49}},"12":{"start":{"line":15,"column":4},"end":{"line":15,"column":44}},"13":{"start":{"line":15,"column":34},"end":{"line":15,"column":44}},"14":{"start":{"line":16,"column":4},"end":{"line":16,"column":43}},"15":{"start":{"line":16,"column":34},"end":{"line":16,"column":43}},"16":{"start":{"line":17,"column":4},"end":{"line":17,"column":13}},"17":{"start":{"line":21,"column":19},"end":{"line":21,"column":30}},"18":{"start":{"line":22,"column":20},"end":{"line":22,"column":31}},"19":{"start":{"line":23,"column":4},"end":{"line":29,"column":5}},"20":{"start":{"line":24,"column":23},"end":{"line":24,"column":50}},"21":{"start":{"line":25,"column":21},"end":{"line":25,"column":53}},"22":{"start":{"line":26,"column":8},"end":{"line":28,"column":34}},"23":{"start":{"line":26,"column":26},"end":{"line":26,"column":42}},"24":{"start":{"line":27,"column":13},"end":{"line":28,"column":34}},"25":{"start":{"line":27,"column":29},"end":{"line":27,"column":49}},"26":{"start":{"line":28,"column":13},"end":{"line":28,"column":34}},"27":{"start":{"line":30,"column":4},"end":{"line":30,"column":29}},"28":{"start":{"line":34,"column":4},"end":{"line":34,"column":43}},"29":{"start":{"line":35,"column":4},"end":{"line":35,"column":39}},"30":{"start":{"line":37,"column":24},"end":{"line":37,"column":25}},"31":{"start":{"line":38,"column":4},"end":{"line":40,"column":5}},"32":{"start":{"line":38,"column":21},"end":{"line":38,"column":22}},"33":{"start":{"line":39,"column":8},"end":{"line":39,"column":51}},"34":{"start":{"line":42,"column":28},"end":{"line":42,"column":54}},"35":{"start":{"line":43,"column":4},"end":{"line":43,"column":51}},"36":{"start":{"line":43,"column":41},"end":{"line":43,"column":51}},"37":{"start":{"line":45,"column":28},"end":{"line":45,"column":45}},"38":{"start":{"line":46,"column":26},"end":{"line":46,"column":27}},"39":{"start":{"line":47,"column":31},"end":{"line":47,"column":48}},"40":{"start":{"line":49,"column":4},"end":{"line":53,"column":5}},"41":{"start":{"line":49,"column":21},"end":{"line":49,"column":43}},"42":{"start":{"line":50,"column":8},"end":{"line":50,"column":78}},"43":{"start":{"line":51,"column":8},"end":{"line":51,"column":48}},"44":{"start":{"line":52,"column":8},"end":{"line":52,"column":84}},"45":{"start":{"line":55,"column":4},"end":{"line":55,"column":62}},"46":{"start":{"line":57,"column":4},"end":{"line":57,"column":51}},"47":{"start":{"line":57,"column":41},"end":{"line":57,"column":51}},"48":{"start":{"line":58,"column":4},"end":{"line":58,"column":27}}},"fnMap":{"0":{"name":"evaluateCandidateValue","decl":{"start":{"line":8,"column":9},"end":{"line":8,"column":31}},"loc":{"start":{"line":8,"column":43},"end":{"line":18,"column":1}},"line":8},"1":{"name":"findBinarySearchSolution","decl":{"start":{"line":20,"column":9},"end":{"line":20,"column":33}},"loc":{"start":{"line":20,"column":36},"end":{"line":31,"column":1}},"line":20},"2":{"name":"solve","decl":{"start":{"line":33,"column":16},"end":{"line":33,"column":21}},"loc":{"start":{"line":33,"column":34},"end":{"line":59,"column":1}},"line":33}},"branchMap":{"0":{"loc":{"start":{"line":12,"column":8},"end":{"line":12,"column":50}},"type":"if","locations":[{"start":{"line":12,"column":8},"end":{"line":12,"column":50}},{"start":{},"end":{}}],"line":12},"1":{"loc":{"start":{"line":13,"column":8},"end":{"line":13,"column":49}},"type":"if","locations":[{"start":{"line":13,"column":8},"end":{"line":13,"column":49}},{"start":{},"end":{}}],"line":13},"2":{"loc":{"start":{"line":15,"column":4},"end":{"line":15,"column":44}},"type":"if","locations":[{"start":{"line":15,"column":4},"end":{"line":15,"column":44}},{"start":{},"end":{}}],"line":15},"3":{"loc":{"start":{"line":16,"column":4},"end":{"line":16,"column":43}},"type":"if","locations":[{"start":{"line":16,"column":4},"end":{"line":16,"column":43}},{"start":{},"end":{}}],"line":16},"4":{"loc":{"start":{"line":26,"column":8},"end":{"line":28,"column":34}},"type":"if","locations":[{"start":{"line":26,"column":8},"end":{"line":28,"column":34}},{"start":{"line":27,"column":13},"end":{"line":28,"column":34}}],"line":26},"5":{"loc":{"start":{"line":27,"column":13},"end":{"line":28,"column":34}},"type":"if","locations":[{"start":{"line":27,"column":13},"end":{"line":28,"column":34}},{"start":{"line":28,"column":13},"end":{"line":28,"column":34}}],"line":27},"6":{"loc":{"start":{"line":43,"column":4},"end":{"line":43,"column":51}},"type":"if","locations":[{"start":{"line":43,"column":4},"end":{"line":43,"column":51}},{"start":{},"end":{}}],"line":43},"7":{"loc":{"start":{"line":57,"column":4},"end":{"line":57,"column":51}},"type":"if","locations":[{"start":{"line":57,"column":4},"end":{"line":57,"column":51}},{"start":{},"end":{}}],"line":57}},"s":{"0":1,"1":1,"2":1,"3":1,"4":153,"5":153,"6":153,"7":479,"8":479,"9":1,"10":478,"11":11,"12":141,"13":24,"14":117,"15":114,"16":3,"17":5,"18":5,"19":5,"20":153,"21":153,"22":153,"23":3,"24":150,"25":25,"26":125,"27":2,"28":5,"29":5,"30":5,"31":5,"32":5,"33":16,"34":5,"35":5,"36":2,"37":3,"38":3,"39":3,"40":3,"41":3,"42":11,"43":11,"44":11,"45":3,"46":3,"47":0,"48":3},"f":{"0":153,"1":5,"2":5},"b":{"0":[1,478],"1":[11,467],"2":[24,117],"3":[114,3],"4":[3,150],"5":[25,125],"6":[2,3],"7":[0,3]},"_coverageSchema":"1a1c01bbd47fc00a2c39e90264f33305004495a9","hash":"7347f5f2fa261b3fbf64cb6eb90dc115b8d8bf1c"}
,"E:\\desktop\\Thesis\\solutions-descriptive\\21.js": {"path":"E:\\desktop\\Thesis\\solutions-descriptive\\21.js","statementMap":{"0":{"start":{"line":1,"column":14},"end":{"line":1,"column":21}},"1":{"start":{"line":2,"column":15},"end":{"line":2,"column":17}},"2":{"start":{"line":3,"column":14},"end":{"line":3,"column":39}},"3":{"start":{"line":6,"column":0},"end":{"line":13,"column":1}},"4":{"start":{"line":6,"column":13},"end":{"line":6,"column":14}},"5":{"start":{"line":7,"column":4},"end":{"line":7,"column":34}},"6":{"start":{"line":7,"column":19},"end":{"line":7,"column":34}},"7":{"start":{"line":8,"column":4},"end":{"line":12,"column":5}},"8":{"start":{"line":9,"column":8},"end":{"line":9,"column":33}},"9":{"start":{"line":9,"column":27},"end":{"line":9,"column":33}},"10":{"start":{"line":10,"column":8},"end":{"line":10,"column":25}},"11":{"start":{"line":11,"column":8},"end":{"line":11,"column":31}},"12":{"start":{"line":11,"column":25},"end":{"line":11,"column":31}},"13":{"start":{"line":17,"column":12},"end":{"line":17,"column":14}},"14":{"start":{"line":18,"column":4},"end":{"line":26,"column":5}},"15":{"start":{"line":19,"column":8},"end":{"line":22,"column":9}},"16":{"start":{"line":20,"column":12},"end":{"line":20,"column":22}},"17":{"start":{"line":21,"column":12},"end":{"line":21,"column":18}},"18":{"start":{"line":23,"column":16},"end":{"line":23,"column":24}},"19":{"start":{"line":24,"column":8},"end":{"line":24,"column":18}},"20":{"start":{"line":25,"column":8},"end":{"line":25,"column":50}},"21":{"start":{"line":25,"column":28},"end":{"line":25,"column":50}},"22":{"start":{"line":28,"column":15},"end":{"line":28,"column":18}},"23":{"start":{"line":29,"column":4},"end":{"line":34,"column":5}},"24":{"start":{"line":30,"column":16},"end":{"line":30,"column":27}},"25":{"start":{"line":31,"column":8},"end":{"line":33,"column":9}},"26":{"start":{"line":31,"column":21},"end":{"line":31,"column":22}},"27":{"start":{"line":32,"column":12},"end":{"line":32,"column":38}},"28":{"start":{"line":35,"column":4},"end":{"line":35,"column":16}},"29":{"start":{"line":40,"column":16},"end":{"line":40,"column":26}},"30":{"start":{"line":41,"column":14},"end":{"line":41,"column":37}},"31":{"start":{"line":44,"column":4},"end":{"line":46,"column":5}},"32":{"start":{"line":45,"column":8},"end":{"line":45,"column":27}},"33":{"start":{"line":48,"column":4},"end":{"line":66,"column":5}},"34":{"start":{"line":48,"column":17},"end":{"line":48,"column":18}},"35":{"start":{"line":49,"column":19},"end":{"line":49,"column":28}},"36":{"start":{"line":50,"column":19},"end":{"line":50,"column":20}},"37":{"start":{"line":52,"column":8},"end":{"line":56,"column":9}},"38":{"start":{"line":53,"column":12},"end":{"line":53,"column":34}},"39":{"start":{"line":53,"column":25},"end":{"line":53,"column":34}},"40":{"start":{"line":54,"column":12},"end":{"line":55,"column":45}},"41":{"start":{"line":54,"column":23},"end":{"line":54,"column":50}},"42":{"start":{"line":55,"column":17},"end":{"line":55,"column":45}},"43":{"start":{"line":57,"column":8},"end":{"line":57,"column":42}},"44":{"start":{"line":59,"column":8},"end":{"line":61,"column":9}},"45":{"start":{"line":60,"column":12},"end":{"line":60,"column":24}},"46":{"start":{"line":63,"column":8},"end":{"line":65,"column":9}},"47":{"start":{"line":64,"column":12},"end":{"line":64,"column":59}}},"fnMap":{"0":{"name":"rad","decl":{"start":{"line":16,"column":9},"end":{"line":16,"column":12}},"loc":{"start":{"line":16,"column":16},"end":{"line":36,"column":1}},"line":16},"1":{"name":"solve","decl":{"start":{"line":39,"column":16},"end":{"line":39,"column":21}},"loc":{"start":{"line":39,"column":25},"end":{"line":67,"column":1}},"line":39}},"branchMap":{"0":{"loc":{"start":{"line":7,"column":4},"end":{"line":7,"column":34}},"type":"if","locations":[{"start":{"line":7,"column":4},"end":{"line":7,"column":34}},{"start":{},"end":{}}],"line":7},"1":{"loc":{"start":{"line":9,"column":8},"end":{"line":9,"column":33}},"type":"if","locations":[{"start":{"line":9,"column":8},"end":{"line":9,"column":33}},{"start":{},"end":{}}],"line":9},"2":{"loc":{"start":{"line":11,"column":8},"end":{"line":11,"column":31}},"type":"if","locations":[{"start":{"line":11,"column":8},"end":{"line":11,"column":31}},{"start":{},"end":{}}],"line":11},"3":{"loc":{"start":{"line":19,"column":8},"end":{"line":22,"column":9}},"type":"if","locations":[{"start":{"line":19,"column":8},"end":{"line":22,"column":9}},{"start":{},"end":{}}],"line":19},"4":{"loc":{"start":{"line":53,"column":12},"end":{"line":53,"column":34}},"type":"if","locations":[{"start":{"line":53,"column":12},"end":{"line":53,"column":34}},{"start":{},"end":{}}],"line":53},"5":{"loc":{"start":{"line":54,"column":12},"end":{"line":55,"column":45}},"type":"if","locations":[{"start":{"line":54,"column":12},"end":{"line":55,"column":45}},{"start":{"line":55,"column":17},"end":{"line":55,"column":45}}],"line":54},"6":{"loc":{"start":{"line":59,"column":8},"end":{"line":61,"column":9}},"type":"if","locations":[{"start":{"line":59,"column":8},"end":{"line":61,"column":9}},{"start":{},"end":{}}],"line":59}},"s":{"0":1,"1":1,"2":1,"3":1,"4":1,"5":999999,"6":78498,"7":999999,"8":1591422,"9":669921,"10":921501,"11":921501,"12":330078,"13":17,"14":17,"15":21,"16":11,"17":11,"18":10,"19":10,"20":10,"21":19,"22":17,"23":17,"24":21,"25":21,"26":21,"27":25,"28":17,"29":4,"30":4,"31":4,"32":8,"33":4,"34":4,"35":13,"36":13,"37":13,"38":34,"39":13,"40":21,"41":4,"42":17,"43":13,"44":13,"45":4,"46":9,"47":24},"f":{"0":17,"1":4},"b":{"0":[78498,921501],"1":[669921,921501],"2":[330078,591423],"3":[11,10],"4":[13,21],"5":[4,17],"6":[4,9]},"_coverageSchema":"1a1c01bbd47fc00a2c39e90264f33305004495a9","hash":"5eb17b394d2d574ac40a7b15295ea7d523daa082"}
,"E:\\desktop\\Thesis\\solutions-descriptive\\22.js": {"path":"E:\\desktop\\Thesis\\solutions-descriptive\\22.js","statementMap":{"0":{"start":{"line":2,"column":22},"end":{"line":2,"column":30}},"1":{"start":{"line":3,"column":14},"end":{"line":3,"column":15}},"2":{"start":{"line":3,"column":24},"end":{"line":3,"column":27}},"3":{"start":{"line":5,"column":4},"end":{"line":41,"column":5}},"4":{"start":{"line":6,"column":24},"end":{"line":6,"column":52}},"5":{"start":{"line":7,"column":29},"end":{"line":7,"column":31}},"6":{"start":{"line":9,"column":8},"end":{"line":19,"column":9}},"7":{"start":{"line":9,"column":21},"end":{"line":9,"column":22}},"8":{"start":{"line":10,"column":31},"end":{"line":10,"column":66}},"9":{"start":{"line":11,"column":30},"end":{"line":11,"column":50}},"10":{"start":{"line":12,"column":31},"end":{"line":12,"column":60}},"11":{"start":{"line":13,"column":29},"end":{"line":13,"column":58}},"12":{"start":{"line":15,"column":12},"end":{"line":18,"column":13}},"13":{"start":{"line":16,"column":16},"end":{"line":16,"column":51}},"14":{"start":{"line":17,"column":16},"end":{"line":17,"column":54}},"15":{"start":{"line":22,"column":8},"end":{"line":22,"column":49}},"16":{"start":{"line":22,"column":36},"end":{"line":22,"column":47}},"17":{"start":{"line":24,"column":26},"end":{"line":24,"column":27}},"18":{"start":{"line":25,"column":23},"end":{"line":25,"column":28}},"19":{"start":{"line":27,"column":8},"end":{"line":33,"column":9}},"20":{"start":{"line":27,"column":21},"end":{"line":27,"column":22}},"21":{"start":{"line":28,"column":12},"end":{"line":28,"column":46}},"22":{"start":{"line":29,"column":12},"end":{"line":32,"column":13}},"23":{"start":{"line":30,"column":16},"end":{"line":30,"column":32}},"24":{"start":{"line":31,"column":16},"end":{"line":31,"column":22}},"25":{"start":{"line":35,"column":8},"end":{"line":40,"column":9}},"26":{"start":{"line":36,"column":12},"end":{"line":36,"column":34}},"27":{"start":{"line":37,"column":12},"end":{"line":37,"column":31}},"28":{"start":{"line":39,"column":12},"end":{"line":39,"column":30}},"29":{"start":{"line":43,"column":4},"end":{"line":43,"column":55}},"30":{"start":{"line":48,"column":22},"end":{"line":65,"column":5}},"31":{"start":{"line":67,"column":4},"end":{"line":71,"column":5}},"32":{"start":{"line":67,"column":17},"end":{"line":67,"column":18}},"33":{"start":{"line":68,"column":36},"end":{"line":68,"column":48}},"34":{"start":{"line":69,"column":23},"end":{"line":69,"column":38}},"35":{"start":{"line":70,"column":8},"end":{"line":70,"column":126}},"36":{"start":{"line":74,"column":0},"end":{"line":74,"column":15}}},"fnMap":{"0":{"name":"solve","decl":{"start":{"line":1,"column":16},"end":{"line":1,"column":21}},"loc":{"start":{"line":1,"column":89},"end":{"line":44,"column":1}},"line":1},"1":{"name":"(anonymous_1)","decl":{"start":{"line":22,"column":26},"end":{"line":22,"column":27}},"loc":{"start":{"line":22,"column":36},"end":{"line":22,"column":47}},"line":22},"2":{"name":"testing_test","decl":{"start":{"line":47,"column":9},"end":{"line":47,"column":21}},"loc":{"start":{"line":47,"column":24},"end":{"line":72,"column":1}},"line":47}},"branchMap":{"0":{"loc":{"start":{"line":15,"column":12},"end":{"line":18,"column":13}},"type":"if","locations":[{"start":{"line":15,"column":12},"end":{"line":18,"column":13}},{"start":{},"end":{}}],"line":15},"1":{"loc":{"start":{"line":29,"column":12},"end":{"line":32,"column":13}},"type":"if","locations":[{"start":{"line":29,"column":12},"end":{"line":32,"column":13}},{"start":{},"end":{}}],"line":29},"2":{"loc":{"start":{"line":35,"column":8},"end":{"line":40,"column":9}},"type":"if","locations":[{"start":{"line":35,"column":8},"end":{"line":40,"column":9}},{"start":{"line":38,"column":15},"end":{"line":40,"column":9}}],"line":35},"3":{"loc":{"start":{"line":43,"column":11},"end":{"line":43,"column":54}},"type":"cond-expr","locations":[{"start":{"line":43,"column":38},"end":{"line":43,"column":40}},{"start":{"line":43,"column":43},"end":{"line":43,"column":54}}],"line":43},"4":{"loc":{"start":{"line":70,"column":43},"end":{"line":70,"column":124}},"type":"cond-expr","locations":[{"start":{"line":70,"column":65},"end":{"line":70,"column":73}},{"start":{"line":70,"column":76},"end":{"line":70,"column":124}}],"line":70}},"s":{"0":9,"1":9,"2":9,"3":9,"4":269,"5":269,"6":269,"7":269,"8":897,"9":897,"10":897,"11":897,"12":897,"13":884,"14":884,"15":269,"16":3137,"17":269,"18":269,"19":269,"20":269,"21":1070,"22":1070,"23":146,"24":146,"25":269,"26":146,"27":146,"28":123,"29":9,"30":1,"31":1,"32":1,"33":4,"34":4,"35":4,"36":1},"f":{"0":9,"1":3137,"2":1},"b":{"0":[884,13],"1":[146,924],"2":[146,123],"3":[3,6],"4":[4,0]},"_coverageSchema":"1a1c01bbd47fc00a2c39e90264f33305004495a9","hash":"1e973be810049479c2da38e4f23f768405d3ecba"}
,"E:\\desktop\\Thesis\\solutions-descriptive\\23.js": {"path":"E:\\desktop\\Thesis\\solutions-descriptive\\23.js","statementMap":{"0":{"start":{"line":2,"column":21},"end":{"line":28,"column":3}},"1":{"start":{"line":3,"column":22},"end":{"line":3,"column":24}},"2":{"start":{"line":6,"column":6},"end":{"line":8,"column":7}},"3":{"start":{"line":6,"column":21},"end":{"line":6,"column":23}},"4":{"start":{"line":7,"column":10},"end":{"line":7,"column":50}},"5":{"start":{"line":11,"column":6},"end":{"line":11,"column":32}},"6":{"start":{"line":12,"column":6},"end":{"line":25,"column":7}},"7":{"start":{"line":13,"column":29},"end":{"line":13,"column":53}},"8":{"start":{"line":14,"column":10},"end":{"line":14,"column":29}},"9":{"start":{"line":17,"column":10},"end":{"line":19,"column":11}},"10":{"start":{"line":17,"column":25},"end":{"line":17,"column":27}},"11":{"start":{"line":18,"column":14},"end":{"line":18,"column":89}},"12":{"start":{"line":22,"column":10},"end":{"line":24,"column":11}},"13":{"start":{"line":23,"column":14},"end":{"line":23,"column":39}},"14":{"start":{"line":27,"column":6},"end":{"line":27,"column":23}},"15":{"start":{"line":30,"column":19},"end":{"line":30,"column":106}},"16":{"start":{"line":31,"column":2},"end":{"line":31,"column":18}}},"fnMap":{"0":{"name":"solve","decl":{"start":{"line":1,"column":16},"end":{"line":1,"column":21}},"loc":{"start":{"line":1,"column":58},"end":{"line":32,"column":1}},"line":1},"1":{"name":"(anonymous_1)","decl":{"start":{"line":2,"column":21},"end":{"line":2,"column":22}},"loc":{"start":{"line":2,"column":55},"end":{"line":28,"column":3}},"line":2}},"branchMap":{"0":{"loc":{"start":{"line":12,"column":6},"end":{"line":25,"column":7}},"type":"if","locations":[{"start":{"line":12,"column":6},"end":{"line":25,"column":7}},{"start":{},"end":{}}],"line":12},"1":{"loc":{"start":{"line":22,"column":10},"end":{"line":24,"column":11}},"type":"if","locations":[{"start":{"line":22,"column":10},"end":{"line":24,"column":11}},{"start":{},"end":{}}],"line":22}},"s":{"0":7,"1":14,"2":14,"3":14,"4":16,"5":14,"6":14,"7":12,"8":12,"9":12,"10":12,"11":15,"12":12,"13":5,"14":14,"15":7,"16":7},"f":{"0":7,"1":14},"b":{"0":[12,2],"1":[5,7]},"_coverageSchema":"1a1c01bbd47fc00a2c39e90264f33305004495a9","hash":"7cade80b2384edece8561abbc7c0e4be52af3834"}
,"E:\\desktop\\Thesis\\solutions-descriptive\\24.js": {"path":"E:\\desktop\\Thesis\\solutions-descriptive\\24.js","statementMap":{"0":{"start":{"line":2,"column":4},"end":{"line":2,"column":82}},"1":{"start":{"line":6,"column":4},"end":{"line":6,"column":39}},"2":{"start":{"line":6,"column":26},"end":{"line":6,"column":39}},"3":{"start":{"line":8,"column":22},"end":{"line":8,"column":86}},"4":{"start":{"line":10,"column":4},"end":{"line":17,"column":5}},"5":{"start":{"line":10,"column":23},"end":{"line":10,"column":33}},"6":{"start":{"line":11,"column":23},"end":{"line":11,"column":57}},"7":{"start":{"line":12,"column":8},"end":{"line":12,"column":88}},"8":{"start":{"line":14,"column":8},"end":{"line":14,"column":32}},"9":{"start":{"line":14,"column":26},"end":{"line":14,"column":32}},"10":{"start":{"line":16,"column":8},"end":{"line":16,"column":74}},"11":{"start":{"line":19,"column":4},"end":{"line":19,"column":23}},"12":{"start":{"line":23,"column":27},"end":{"line":23,"column":50}},"13":{"start":{"line":25,"column":4},"end":{"line":43,"column":5}},"14":{"start":{"line":25,"column":26},"end":{"line":25,"column":27}},"15":{"start":{"line":26,"column":30},"end":{"line":26,"column":90}},"16":{"start":{"line":27,"column":26},"end":{"line":27,"column":51}},"17":{"start":{"line":29,"column":8},"end":{"line":32,"column":9}},"18":{"start":{"line":30,"column":12},"end":{"line":30,"column":110}},"19":{"start":{"line":31,"column":12},"end":{"line":31,"column":18}},"20":{"start":{"line":34,"column":8},"end":{"line":40,"column":10}},"21":{"start":{"line":42,"column":8},"end":{"line":42,"column":67}},"22":{"start":{"line":45,"column":4},"end":{"line":45,"column":28}}},"fnMap":{"0":{"name":"calculateCost","decl":{"start":{"line":1,"column":9},"end":{"line":1,"column":22}},"loc":{"start":{"line":1,"column":71},"end":{"line":3,"column":1}},"line":1},"1":{"name":"optimizeCostInRange","decl":{"start":{"line":5,"column":9},"end":{"line":5,"column":28}},"loc":{"start":{"line":5,"column":92},"end":{"line":20,"column":1}},"line":5},"2":{"name":"solve","decl":{"start":{"line":22,"column":16},"end":{"line":22,"column":21}},"loc":{"start":{"line":22,"column":71},"end":{"line":46,"column":1}},"line":22}},"branchMap":{"0":{"loc":{"start":{"line":6,"column":4},"end":{"line":6,"column":39}},"type":"if","locations":[{"start":{"line":6,"column":4},"end":{"line":6,"column":39}},{"start":{},"end":{}}],"line":6},"1":{"loc":{"start":{"line":14,"column":8},"end":{"line":14,"column":32}},"type":"if","locations":[{"start":{"line":14,"column":8},"end":{"line":14,"column":32}},{"start":{},"end":{}}],"line":14},"2":{"loc":{"start":{"line":29,"column":8},"end":{"line":32,"column":9}},"type":"if","locations":[{"start":{"line":29,"column":8},"end":{"line":32,"column":9}},{"start":{},"end":{}}],"line":29}},"s":{"0":17,"1":17,"2":6,"3":17,"4":17,"5":17,"6":60,"7":60,"8":60,"9":2,"10":58,"11":17,"12":6,"13":6,"14":6,"15":23,"16":23,"17":23,"18":6,"19":6,"20":17,"21":17,"22":6},"f":{"0":17,"1":17,"2":6},"b":{"0":[6,11],"1":[2,58],"2":[6,17]},"_coverageSchema":"1a1c01bbd47fc00a2c39e90264f33305004495a9","hash":"11eead232432680e19716573961ee429b1c0f6af"}
,"E:\\desktop\\Thesis\\solutions-descriptive\\25.js": {"path":"E:\\desktop\\Thesis\\solutions-descriptive\\25.js","statementMap":{"0":{"start":{"line":4,"column":4},"end":{"line":7,"column":5}},"1":{"start":{"line":5,"column":8},"end":{"line":5,"column":36}},"2":{"start":{"line":5,"column":21},"end":{"line":5,"column":36}},"3":{"start":{"line":6,"column":8},"end":{"line":6,"column":20}},"4":{"start":{"line":9,"column":4},"end":{"line":12,"column":5}},"5":{"start":{"line":10,"column":8},"end":{"line":10,"column":45}},"6":{"start":{"line":10,"column":21},"end":{"line":10,"column":45}},"7":{"start":{"line":11,"column":8},"end":{"line":11,"column":20}},"8":{"start":{"line":14,"column":4},"end":{"line":14,"column":61}},"9":{"start":{"line":14,"column":49},"end":{"line":14,"column":61}},"10":{"start":{"line":16,"column":4},"end":{"line":20,"column":5}},"11":{"start":{"line":17,"column":24},"end":{"line":17,"column":25}},"12":{"start":{"line":18,"column":8},"end":{"line":18,"column":52}},"13":{"start":{"line":18,"column":21},"end":{"line":18,"column":22}},"14":{"start":{"line":18,"column":37},"end":{"line":18,"column":52}},"15":{"start":{"line":19,"column":8},"end":{"line":19,"column":62}},"16":{"start":{"line":19,"column":50},"end":{"line":19,"column":62}},"17":{"start":{"line":22,"column":19},"end":{"line":22,"column":21}},"18":{"start":{"line":24,"column":4},"end":{"line":70,"column":5}},"19":{"start":{"line":25,"column":20},"end":{"line":25,"column":21}},"20":{"start":{"line":26,"column":19},"end":{"line":26,"column":61}},"21":{"start":{"line":26,"column":55},"end":{"line":26,"column":60}},"22":{"start":{"line":28,"column":8},"end":{"line":33,"column":40}},"23":{"start":{"line":29,"column":12},"end":{"line":29,"column":40}},"24":{"start":{"line":30,"column":12},"end":{"line":30,"column":60}},"25":{"start":{"line":30,"column":38},"end":{"line":30,"column":47}},"26":{"start":{"line":31,"column":12},"end":{"line":31,"column":23}},"27":{"start":{"line":32,"column":12},"end":{"line":32,"column":35}},"28":{"start":{"line":32,"column":29},"end":{"line":32,"column":35}},"29":{"start":{"line":35,"column":23},"end":{"line":35,"column":65}},"30":{"start":{"line":35,"column":59},"end":{"line":35,"column":64}},"31":{"start":{"line":36,"column":27},"end":{"line":36,"column":62}},"32":{"start":{"line":36,"column":53},"end":{"line":36,"column":61}},"33":{"start":{"line":38,"column":8},"end":{"line":38,"column":61}},"34":{"start":{"line":38,"column":21},"end":{"line":38,"column":22}},"35":{"start":{"line":38,"column":36},"end":{"line":38,"column":61}},"36":{"start":{"line":40,"column":18},"end":{"line":40,"column":35}},"37":{"start":{"line":41,"column":20},"end":{"line":41,"column":21}},"38":{"start":{"line":43,"column":8},"end":{"line":43,"column":69}},"39":{"start":{"line":43,"column":21},"end":{"line":43,"column":28}},"40":{"start":{"line":43,"column":42},"end":{"line":43,"column":69}},"41":{"start":{"line":44,"column":8},"end":{"line":44,"column":66}},"42":{"start":{"line":44,"column":21},"end":{"line":44,"column":22}},"43":{"start":{"line":44,"column":39},"end":{"line":44,"column":66}},"44":{"start":{"line":46,"column":8},"end":{"line":46,"column":18}},"45":{"start":{"line":47,"column":8},"end":{"line":47,"column":76}},"46":{"start":{"line":47,"column":21},"end":{"line":47,"column":24}},"47":{"start":{"line":47,"column":39},"end":{"line":47,"column":76}},"48":{"start":{"line":48,"column":8},"end":{"line":48,"column":18}},"49":{"start":{"line":49,"column":8},"end":{"line":49,"column":79}},"50":{"start":{"line":49,"column":21},"end":{"line":49,"column":26}},"51":{"start":{"line":49,"column":42},"end":{"line":49,"column":79}},"52":{"start":{"line":51,"column":8},"end":{"line":53,"column":9}},"53":{"start":{"line":51,"column":21},"end":{"line":51,"column":22}},"54":{"start":{"line":52,"column":12},"end":{"line":52,"column":49}},"55":{"start":{"line":55,"column":20},"end":{"line":55,"column":21}},"56":{"start":{"line":56,"column":8},"end":{"line":69,"column":44}},"57":{"start":{"line":56,"column":15},"end":{"line":69,"column":44}},"58":{"start":{"line":57,"column":12},"end":{"line":57,"column":35}},"59":{"start":{"line":57,"column":29},"end":{"line":57,"column":35}},"60":{"start":{"line":59,"column":12},"end":{"line":64,"column":13}},"61":{"start":{"line":59,"column":25},"end":{"line":59,"column":26}},"62":{"start":{"line":60,"column":36},"end":{"line":60,"column":92}},"63":{"start":{"line":60,"column":65},"end":{"line":60,"column":91}},"64":{"start":{"line":61,"column":36},"end":{"line":61,"column":102}},"65":{"start":{"line":61,"column":65},"end":{"line":61,"column":101}},"66":{"start":{"line":63,"column":16},"end":{"line":63,"column":67}},"67":{"start":{"line":63,"column":52},"end":{"line":63,"column":67}},"68":{"start":{"line":66,"column":12},"end":{"line":66,"column":44}},"69":{"start":{"line":67,"column":12},"end":{"line":67,"column":64}},"70":{"start":{"line":67,"column":42},"end":{"line":67,"column":51}},"71":{"start":{"line":68,"column":12},"end":{"line":68,"column":23}},"72":{"start":{"line":72,"column":4},"end":{"line":72,"column":18}},"73":{"start":{"line":76,"column":12},"end":{"line":76,"column":14}},"74":{"start":{"line":77,"column":4},"end":{"line":82,"column":5}},"75":{"start":{"line":77,"column":19},"end":{"line":77,"column":35}},"76":{"start":{"line":78,"column":8},"end":{"line":81,"column":9}},"77":{"start":{"line":79,"column":12},"end":{"line":79,"column":20}},"78":{"start":{"line":80,"column":12},"end":{"line":80,"column":18}},"79":{"start":{"line":84,"column":4},"end":{"line":84,"column":31}},"80":{"start":{"line":84,"column":18},"end":{"line":84,"column":31}},"81":{"start":{"line":86,"column":12},"end":{"line":86,"column":28}},"82":{"start":{"line":87,"column":4},"end":{"line":87,"column":37}},"83":{"start":{"line":87,"column":33},"end":{"line":87,"column":37}},"84":{"start":{"line":89,"column":4},"end":{"line":89,"column":48}},"85":{"start":{"line":91,"column":15},"end":{"line":91,"column":20}},"86":{"start":{"line":91,"column":30},"end":{"line":91,"column":46}},"87":{"start":{"line":92,"column":4},"end":{"line":96,"column":5}},"88":{"start":{"line":93,"column":8},"end":{"line":93,"column":66}},"89":{"start":{"line":94,"column":8},"end":{"line":94,"column":15}},"90":{"start":{"line":95,"column":8},"end":{"line":95,"column":16}},"91":{"start":{"line":98,"column":4},"end":{"line":98,"column":16}}},"fnMap":{"0":{"name":"solve","decl":{"start":{"line":3,"column":16},"end":{"line":3,"column":21}},"loc":{"start":{"line":3,"column":28},"end":{"line":73,"column":1}},"line":3},"1":{"name":"(anonymous_1)","decl":{"start":{"line":26,"column":45},"end":{"line":26,"column":46}},"loc":{"start":{"line":26,"column":55},"end":{"line":26,"column":60}},"line":26},"2":{"name":"(anonymous_2)","decl":{"start":{"line":30,"column":33},"end":{"line":30,"column":34}},"loc":{"start":{"line":30,"column":38},"end":{"line":30,"column":47}},"line":30},"3":{"name":"(anonymous_3)","decl":{"start":{"line":35,"column":49},"end":{"line":35,"column":50}},"loc":{"start":{"line":35,"column":59},"end":{"line":35,"column":64}},"line":35},"4":{"name":"(anonymous_4)","decl":{"start":{"line":36,"column":47},"end":{"line":36,"column":48}},"loc":{"start":{"line":36,"column":53},"end":{"line":36,"column":61}},"line":36},"5":{"name":"(anonymous_5)","decl":{"start":{"line":60,"column":51},"end":{"line":60,"column":52}},"loc":{"start":{"line":60,"column":65},"end":{"line":60,"column":91}},"line":60},"6":{"name":"(anonymous_6)","decl":{"start":{"line":61,"column":51},"end":{"line":61,"column":52}},"loc":{"start":{"line":61,"column":65},"end":{"line":61,"column":101}},"line":61},"7":{"name":"(anonymous_7)","decl":{"start":{"line":67,"column":37},"end":{"line":67,"column":38}},"loc":{"start":{"line":67,"column":42},"end":{"line":67,"column":51}},"line":67},"8":{"name":"nextPermutation","decl":{"start":{"line":75,"column":9},"end":{"line":75,"column":24}},"loc":{"start":{"line":75,"column":32},"end":{"line":99,"column":1}},"line":75}},"branchMap":{"0":{"loc":{"start":{"line":4,"column":4},"end":{"line":7,"column":5}},"type":"if","locations":[{"start":{"line":4,"column":4},"end":{"line":7,"column":5}},{"start":{},"end":{}}],"line":4},"1":{"loc":{"start":{"line":5,"column":8},"end":{"line":5,"column":36}},"type":"if","locations":[{"start":{"line":5,"column":8},"end":{"line":5,"column":36}},{"start":{},"end":{}}],"line":5},"2":{"loc":{"start":{"line":9,"column":4},"end":{"line":12,"column":5}},"type":"if","locations":[{"start":{"line":9,"column":4},"end":{"line":12,"column":5}},{"start":{},"end":{}}],"line":9},"3":{"loc":{"start":{"line":10,"column":8},"end":{"line":10,"column":45}},"type":"if","locations":[{"start":{"line":10,"column":8},"end":{"line":10,"column":45}},{"start":{},"end":{}}],"line":10},"4":{"loc":{"start":{"line":14,"column":4},"end":{"line":14,"column":61}},"type":"if","locations":[{"start":{"line":14,"column":4},"end":{"line":14,"column":61}},{"start":{},"end":{}}],"line":14},"5":{"loc":{"start":{"line":14,"column":8},"end":{"line":14,"column":47}},"type":"binary-expr","locations":[{"start":{"line":14,"column":8},"end":{"line":14,"column":15}},{"start":{"line":14,"column":20},"end":{"line":14,"column":31}},{"start":{"line":14,"column":35},"end":{"line":14,"column":46}}],"line":14},"6":{"loc":{"start":{"line":16,"column":4},"end":{"line":20,"column":5}},"type":"if","locations":[{"start":{"line":16,"column":4},"end":{"line":20,"column":5}},{"start":{},"end":{}}],"line":16},"7":{"loc":{"start":{"line":19,"column":8},"end":{"line":19,"column":62}},"type":"if","locations":[{"start":{"line":19,"column":8},"end":{"line":19,"column":62}},{"start":{},"end":{}}],"line":19},"8":{"loc":{"start":{"line":19,"column":12},"end":{"line":19,"column":48}},"type":"binary-expr","locations":[{"start":{"line":19,"column":12},"end":{"line":19,"column":25}},{"start":{"line":19,"column":29},"end":{"line":19,"column":48}}],"line":19},"9":{"loc":{"start":{"line":24,"column":4},"end":{"line":70,"column":5}},"type":"if","locations":[{"start":{"line":24,"column":4},"end":{"line":70,"column":5}},{"start":{"line":34,"column":11},"end":{"line":70,"column":5}}],"line":24},"10":{"loc":{"start":{"line":32,"column":12},"end":{"line":32,"column":35}},"type":"if","locations":[{"start":{"line":32,"column":12},"end":{"line":32,"column":35}},{"start":{},"end":{}}],"line":32},"11":{"loc":{"start":{"line":57,"column":12},"end":{"line":57,"column":35}},"type":"if","locations":[{"start":{"line":57,"column":12},"end":{"line":57,"column":35}},{"start":{},"end":{}}],"line":57},"12":{"loc":{"start":{"line":63,"column":16},"end":{"line":63,"column":67}},"type":"if","locations":[{"start":{"line":63,"column":16},"end":{"line":63,"column":67}},{"start":{},"end":{}}],"line":63},"13":{"loc":{"start":{"line":63,"column":20},"end":{"line":63,"column":50}},"type":"binary-expr","locations":[{"start":{"line":63,"column":20},"end":{"line":63,"column":33}},{"start":{"line":63,"column":37},"end":{"line":63,"column":50}}],"line":63},"14":{"loc":{"start":{"line":78,"column":8},"end":{"line":81,"column":9}},"type":"if","locations":[{"start":{"line":78,"column":8},"end":{"line":81,"column":9}},{"start":{},"end":{}}],"line":78},"15":{"loc":{"start":{"line":84,"column":4},"end":{"line":84,"column":31}},"type":"if","locations":[{"start":{"line":84,"column":4},"end":{"line":84,"column":31}},{"start":{},"end":{}}],"line":84}},"s":{"0":8,"1":2,"2":1,"3":1,"4":6,"5":1,"6":1,"7":0,"8":5,"9":2,"10":3,"11":3,"12":3,"13":3,"14":11,"15":3,"16":0,"17":3,"18":3,"19":2,"20":2,"21":11,"22":2,"23":4,"24":4,"25":22,"26":4,"27":4,"28":2,"29":1,"30":3,"31":1,"32":3,"33":1,"34":1,"35":3,"36":1,"37":1,"38":1,"39":1,"40":1,"41":1,"42":1,"43":2,"44":1,"45":1,"46":1,"47":2,"48":1,"49":1,"50":1,"51":1,"52":1,"53":1,"54":3,"55":1,"56":1,"57":1,"58":1,"59":1,"60":0,"61":0,"62":0,"63":0,"64":0,"65":0,"66":0,"67":0,"68":0,"69":0,"70":0,"71":0,"72":3,"73":2,"74":2,"75":2,"76":2,"77":2,"78":2,"79":2,"80":0,"81":2,"82":2,"83":0,"84":2,"85":2,"86":2,"87":2,"88":0,"89":0,"90":0,"91":2},"f":{"0":8,"1":11,"2":22,"3":3,"4":3,"5":0,"6":0,"7":0,"8":2},"b":{"0":[2,6],"1":[1,1],"2":[1,5],"3":[1,0],"4":[2,3],"5":[5,4,2],"6":[3,0],"7":[0,3],"8":[3,3],"9":[2,1],"10":[2,2],"11":[1,0],"12":[0,0],"13":[0,0],"14":[2,0],"15":[0,2]},"_coverageSchema":"1a1c01bbd47fc00a2c39e90264f33305004495a9","hash":"489193620181b702f4340e641941eb594e5e70fe"}
,"E:\\desktop\\Thesis\\solutions-descriptive\\26.js": {"path":"E:\\desktop\\Thesis\\solutions-descriptive\\26.js","statementMap":{"0":{"start":{"line":2,"column":21},"end":{"line":2,"column":23}},"1":{"start":{"line":6,"column":4},"end":{"line":14,"column":5}},"2":{"start":{"line":6,"column":17},"end":{"line":6,"column":18}},"3":{"start":{"line":7,"column":8},"end":{"line":13,"column":9}},"4":{"start":{"line":8,"column":12},"end":{"line":8,"column":35}},"5":{"start":{"line":9,"column":12},"end":{"line":9,"column":37}},"6":{"start":{"line":11,"column":12},"end":{"line":11,"column":61}},"7":{"start":{"line":12,"column":12},"end":{"line":12,"column":42}},"8":{"start":{"line":17,"column":4},"end":{"line":19,"column":5}},"9":{"start":{"line":18,"column":8},"end":{"line":18,"column":44}},"10":{"start":{"line":21,"column":19},"end":{"line":21,"column":20}},"11":{"start":{"line":24,"column":4},"end":{"line":44,"column":5}},"12":{"start":{"line":24,"column":17},"end":{"line":24,"column":18}},"13":{"start":{"line":25,"column":24},"end":{"line":25,"column":35}},"14":{"start":{"line":28,"column":8},"end":{"line":43,"column":9}},"15":{"start":{"line":31,"column":12},"end":{"line":40,"column":13}},"16":{"start":{"line":32,"column":16},"end":{"line":35,"column":18}},"17":{"start":{"line":37,"column":16},"end":{"line":39,"column":60}},"18":{"start":{"line":42,"column":12},"end":{"line":42,"column":51}},"19":{"start":{"line":46,"column":4},"end":{"line":46,"column":20}},"20":{"start":{"line":50,"column":8},"end":{"line":50,"column":31}},"21":{"start":{"line":50,"column":22},"end":{"line":50,"column":31}},"22":{"start":{"line":51,"column":8},"end":{"line":53,"column":71}},"23":{"start":{"line":58,"column":8},"end":{"line":58,"column":55}}},"fnMap":{"0":{"name":"solve","decl":{"start":{"line":1,"column":16},"end":{"line":1,"column":21}},"loc":{"start":{"line":1,"column":44},"end":{"line":60,"column":1}},"line":1},"1":{"name":"computeTailSum","decl":{"start":{"line":49,"column":13},"end":{"line":49,"column":27}},"loc":{"start":{"line":49,"column":50},"end":{"line":54,"column":5}},"line":49},"2":{"name":"arithmeticSum","decl":{"start":{"line":57,"column":13},"end":{"line":57,"column":26}},"loc":{"start":{"line":57,"column":41},"end":{"line":59,"column":5}},"line":57}},"branchMap":{"0":{"loc":{"start":{"line":7,"column":8},"end":{"line":13,"column":9}},"type":"if","locations":[{"start":{"line":7,"column":8},"end":{"line":13,"column":9}},{"start":{"line":10,"column":15},"end":{"line":13,"column":9}}],"line":7},"1":{"loc":{"start":{"line":17,"column":4},"end":{"line":19,"column":5}},"type":"if","locations":[{"start":{"line":17,"column":4},"end":{"line":19,"column":5}},{"start":{},"end":{}}],"line":17},"2":{"loc":{"start":{"line":17,"column":8},"end":{"line":17,"column":66}},"type":"binary-expr","locations":[{"start":{"line":17,"column":8},"end":{"line":17,"column":39}},{"start":{"line":17,"column":43},"end":{"line":17,"column":66}}],"line":17},"3":{"loc":{"start":{"line":28,"column":8},"end":{"line":43,"column":9}},"type":"if","locations":[{"start":{"line":28,"column":8},"end":{"line":43,"column":9}},{"start":{},"end":{}}],"line":28},"4":{"loc":{"start":{"line":31,"column":12},"end":{"line":40,"column":13}},"type":"if","locations":[{"start":{"line":31,"column":12},"end":{"line":40,"column":13}},{"start":{"line":36,"column":19},"end":{"line":40,"column":13}}],"line":31},"5":{"loc":{"start":{"line":50,"column":8},"end":{"line":50,"column":31}},"type":"if","locations":[{"start":{"line":50,"column":8},"end":{"line":50,"column":31}},{"start":{},"end":{}}],"line":50},"6":{"loc":{"start":{"line":51,"column":15},"end":{"line":53,"column":70}},"type":"cond-expr","locations":[{"start":{"line":52,"column":14},"end":{"line":52,"column":56}},{"start":{"line":53,"column":14},"end":{"line":53,"column":70}}],"line":51}},"s":{"0":7,"1":7,"2":7,"3":200021,"4":200007,"5":200007,"6":14,"7":14,"8":7,"9":2,"10":5,"11":5,"12":5,"13":12,"14":12,"15":7,"16":3,"17":4,"18":7,"19":5,"20":14,"21":7,"22":7,"23":9},"f":{"0":7,"1":14,"2":9},"b":{"0":[200007,14],"1":[2,5],"2":[7,4],"3":[7,5],"4":[3,4],"5":[7,7],"6":[3,4]},"_coverageSchema":"1a1c01bbd47fc00a2c39e90264f33305004495a9","hash":"214961b66f34fbbdb1b1cfe54f6e81858b8a207a"}
,"E:\\desktop\\Thesis\\solutions-descriptive\\27.js": {"path":"E:\\desktop\\Thesis\\solutions-descriptive\\27.js","statementMap":{"0":{"start":{"line":2,"column":23},"end":{"line":2,"column":32}},"1":{"start":{"line":3,"column":33},"end":{"line":3,"column":42}},"2":{"start":{"line":5,"column":4},"end":{"line":10,"column":5}},"3":{"start":{"line":5,"column":17},"end":{"line":5,"column":18}},"4":{"start":{"line":6,"column":23},"end":{"line":6,"column":35}},"5":{"start":{"line":8,"column":8},"end":{"line":8,"column":56}},"6":{"start":{"line":9,"column":8},"end":{"line":9,"column":84}},"7":{"start":{"line":15,"column":4},"end":{"line":20,"column":5}},"8":{"start":{"line":16,"column":8},"end":{"line":19,"column":9}},"9":{"start":{"line":17,"column":12},"end":{"line":17,"column":29}},"10":{"start":{"line":18,"column":12},"end":{"line":18,"column":18}},"11":{"start":{"line":23,"column":4},"end":{"line":28,"column":5}},"12":{"start":{"line":24,"column":8},"end":{"line":27,"column":9}},"13":{"start":{"line":25,"column":12},"end":{"line":25,"column":44}},"14":{"start":{"line":26,"column":12},"end":{"line":26,"column":18}},"15":{"start":{"line":30,"column":4},"end":{"line":30,"column":30}}},"fnMap":{"0":{"name":"solve","decl":{"start":{"line":1,"column":16},"end":{"line":1,"column":21}},"loc":{"start":{"line":1,"column":44},"end":{"line":31,"column":1}},"line":1}},"branchMap":{"0":{"loc":{"start":{"line":8,"column":27},"end":{"line":8,"column":49}},"type":"binary-expr","locations":[{"start":{"line":8,"column":27},"end":{"line":8,"column":44}},{"start":{"line":8,"column":48},"end":{"line":8,"column":49}}],"line":8},"1":{"loc":{"start":{"line":9,"column":41},"end":{"line":9,"column":77}},"type":"binary-expr","locations":[{"start":{"line":9,"column":41},"end":{"line":9,"column":72}},{"start":{"line":9,"column":76},"end":{"line":9,"column":77}}],"line":9},"2":{"loc":{"start":{"line":16,"column":8},"end":{"line":19,"column":9}},"type":"if","locations":[{"start":{"line":16,"column":8},"end":{"line":19,"column":9}},{"start":{},"end":{}}],"line":16},"3":{"loc":{"start":{"line":24,"column":8},"end":{"line":27,"column":9}},"type":"if","locations":[{"start":{"line":24,"column":8},"end":{"line":27,"column":9}},{"start":{},"end":{}}],"line":24}},"s":{"0":4,"1":4,"2":4,"3":4,"4":26,"5":26,"6":26,"7":4,"8":8,"9":4,"10":4,"11":4,"12":5,"13":4,"14":4,"15":4},"f":{"0":4},"b":{"0":[26,12],"1":[26,13],"2":[4,4],"3":[4,1]},"_coverageSchema":"1a1c01bbd47fc00a2c39e90264f33305004495a9","hash":"dd16d5eaae9d72d71588d4db148137cbad783f75"}
,"E:\\desktop\\Thesis\\solutions-descriptive\\28.js": {"path":"E:\\desktop\\Thesis\\solutions-descriptive\\28.js","statementMap":{"0":{"start":{"line":2,"column":21},"end":{"line":2,"column":23}},"1":{"start":{"line":3,"column":24},"end":{"line":3,"column":52}},"2":{"start":{"line":4,"column":4},"end":{"line":6,"column":5}},"3":{"start":{"line":4,"column":17},"end":{"line":4,"column":18}},"4":{"start":{"line":5,"column":8},"end":{"line":5,"column":49}},"5":{"start":{"line":9,"column":15},"end":{"line":13,"column":5}},"6":{"start":{"line":10,"column":8},"end":{"line":12,"column":9}},"7":{"start":{"line":11,"column":12},"end":{"line":11,"column":46}},"8":{"start":{"line":15,"column":4},"end":{"line":15,"column":22}},"9":{"start":{"line":18,"column":8},"end":{"line":20,"column":9}},"10":{"start":{"line":19,"column":12},"end":{"line":19,"column":64}},"11":{"start":{"line":23,"column":4},"end":{"line":36,"column":5}},"12":{"start":{"line":23,"column":17},"end":{"line":23,"column":18}},"13":{"start":{"line":24,"column":8},"end":{"line":35,"column":9}},"14":{"start":{"line":24,"column":21},"end":{"line":24,"column":22}},"15":{"start":{"line":25,"column":12},"end":{"line":31,"column":13}},"16":{"start":{"line":25,"column":25},"end":{"line":25,"column":33}},"17":{"start":{"line":26,"column":16},"end":{"line":26,"column":55}},"18":{"start":{"line":26,"column":46},"end":{"line":26,"column":55}},"19":{"start":{"line":27,"column":29},"end":{"line":27,"column":61}},"20":{"start":{"line":28,"column":16},"end":{"line":28,"column":50}},"21":{"start":{"line":29,"column":16},"end":{"line":29,"column":50}},"22":{"start":{"line":30,"column":16},"end":{"line":30,"column":49}},"23":{"start":{"line":32,"column":12},"end":{"line":34,"column":13}},"24":{"start":{"line":32,"column":25},"end":{"line":32,"column":26}},"25":{"start":{"line":33,"column":16},"end":{"line":33,"column":45}},"26":{"start":{"line":39,"column":23},"end":{"line":39,"column":32}},"27":{"start":{"line":40,"column":12},"end":{"line":40,"column":16}},"28":{"start":{"line":41,"column":4},"end":{"line":45,"column":5}},"29":{"start":{"line":41,"column":17},"end":{"line":41,"column":18}},"30":{"start":{"line":42,"column":8},"end":{"line":42,"column":29}},"31":{"start":{"line":43,"column":8},"end":{"line":43,"column":28}},"32":{"start":{"line":43,"column":22},"end":{"line":43,"column":28}},"33":{"start":{"line":44,"column":8},"end":{"line":44,"column":19}},"34":{"start":{"line":47,"column":12},"end":{"line":47,"column":16}},"35":{"start":{"line":48,"column":17},"end":{"line":48,"column":25}},"36":{"start":{"line":49,"column":4},"end":{"line":55,"column":5}},"37":{"start":{"line":49,"column":17},"end":{"line":49,"column":18}},"38":{"start":{"line":50,"column":8},"end":{"line":53,"column":9}},"39":{"start":{"line":51,"column":22},"end":{"line":51,"column":39}},"40":{"start":{"line":52,"column":12},"end":{"line":52,"column":65}},"41":{"start":{"line":54,"column":8},"end":{"line":54,"column":19}},"42":{"start":{"line":57,"column":4},"end":{"line":57,"column":18}}},"fnMap":{"0":{"name":"solve","decl":{"start":{"line":1,"column":16},"end":{"line":1,"column":21}},"loc":{"start":{"line":1,"column":34},"end":{"line":58,"column":1}},"line":1},"1":{"name":"(anonymous_1)","decl":{"start":{"line":9,"column":52},"end":{"line":9,"column":53}},"loc":{"start":{"line":10,"column
[...]
t":{"line":38,"column":20},"end":{"line":38,"column":29}},"32":{"start":{"line":39,"column":8},"end":{"line":41,"column":9}},"33":{"start":{"line":40,"column":12},"end":{"line":40,"column":90}},"34":{"start":{"line":42,"column":8},"end":{"line":42,"column":27}},"35":{"start":{"line":43,"column":8},"end":{"line":43,"column":57}},"36":{"start":{"line":46,"column":4},"end":{"line":46,"column":26}},"37":{"start":{"line":51,"column":8},"end":{"line":51,"column":19}},"38":{"start":{"line":52,"column":8},"end":{"line":52,"column":23}},"39":{"start":{"line":53,"column":8},"end":{"line":53,"column":24}},"40":{"start":{"line":54,"column":8},"end":{"line":54,"column":44}},"41":{"start":{"line":55,"column":8},"end":{"line":55,"column":47}},"42":{"start":{"line":56,"column":8},"end":{"line":56,"column":26}},"43":{"start":{"line":57,"column":8},"end":{"line":57,"column":24}},"44":{"start":{"line":58,"column":8},"end":{"line":58,"column":42}},"45":{"start":{"line":59,"column":8},"end":{"line":59,"column":20}},"46":{"start":{"line":63,"column":8},"end":{"line":63,"column":30}},"47":{"start":{"line":67,"column":18},"end":{"line":67,"column":20}},"48":{"start":{"line":68,"column":8},"end":{"line":70,"column":9}},"49":{"start":{"line":68,"column":21},"end":{"line":68,"column":33}},"50":{"start":{"line":69,"column":12},"end":{"line":69,"column":32}},"51":{"start":{"line":71,"column":8},"end":{"line":71,"column":19}},"52":{"start":{"line":75,"column":8},"end":{"line":75,"column":50}},"53":{"start":{"line":75,"column":34},"end":{"line":75,"column":50}},"54":{"start":{"line":76,"column":8},"end":{"line":76,"column":72}},"55":{"start":{"line":76,"column":21},"end":{"line":76,"column":22}},"56":{"start":{"line":76,"column":45},"end":{"line":76,"column":72}},"57":{"start":{"line":77,"column":8},"end":{"line":77,"column":46}},"58":{"start":{"line":78,"column":8},"end":{"line":82,"column":9}},"59":{"start":{"line":78,"column":21},"end":{"line":78,"column":22}},"60":{"start":{"line":79,"column":20},"end":{"line":79,"column":37}},"61":{"start":{"line":80,"column":12},"end":{"line":80,"column":50}},"62":{"start":{"line":81,"column":12},"end":{"line":81,"column":24}},"63":{"start":{"line":84,"column":8},"end":{"line":84,"column":25}},"64":{"start":{"line":85,"column":8},"end":{"line":85,"column":31}},"65":{"start":{"line":86,"column":8},"end":{"line":86,"column":33}},"66":{"start":{"line":87,"column":8},"end":{"line":87,"column":30}},"67":{"start":{"line":89,"column":8},"end":{"line":97,"column":9}},"68":{"start":{"line":90,"column":12},"end":{"line":96,"column":13}},"69":{"start":{"line":91,"column":16},"end":{"line":95,"column":17}},"70":{"start":{"line":92,"column":20},"end":{"line":92,"column":39}},"71":{"start":{"line":93,"column":20},"end":{"line":93,"column":62}},"72":{"start":{"line":94,"column":20},"end":{"line":94,"column":41}},"73":{"start":{"line":99,"column":8},"end":{"line":99,"column":75}},"74":{"start":{"line":103,"column":8},"end":{"line":103,"column":31}},"75":{"start":{"line":107,"column":8},"end":{"line":107,"column":64}},"76":{"start":{"line":107,"column":42},"end":{"line":107,"column":62}}},"fnMap":{"0":{"name":"solve","decl":{"start":{"line":1,"column":16},"end":{"line":1,"column":21}},"loc":{"start":{"line":1,"column":29},"end":{"line":47,"column":1}},"line":1},"1":{"name":"(anonymous_1)","decl":{"start":{"line":5,"column":45},"end":{"line":5,"column":46}},"loc":{"start":{"line":5,"column":50},"end":{"line":5,"column":65}},"line":5},"2":{"name":"(anonymous_2)","decl":{"start":{"line":50,"column":4},"end":{"line":50,"column":5}},"loc":{"start":{"line":50,"column":19},"end":{"line":60,"column":5}},"line":50},"3":{"name":"(anonymous_3)","decl":{"start":{"line":62,"column":4},"end":{"line":62,"column":5}},"loc":{"start":{"line":62,"column":18},"end":{"line":64,"column":5}},"line":62},"4":{"name":"(anonymous_4)","decl":{"start":{"line":66,"column":4},"end":{"line":66,"column":5}},"loc":{"start":{"line":66,"column":17},"end":{"line":72,"column":5}},"line":66},"5":{"name":"(anonymous_5)","decl":{"start":{"line":74,"column":4},"end":{"line":74,"column":5}},"loc":{"start":{"line":74,"column":16},"end":{"line":100,"column":5}},"line":74},"6":{"name":"(anonymous_6)","decl":{"start":{"line":102,"column":4},"end":{"line":102,"column":5}},"loc":{"start":{"line":102,"column":14},"end":{"line":104,"column":5}},"line":102},"7":{"name":"(anonymous_7)","decl":{"start":{"line":106,"column":4},"end":{"line":106,"column":5}},"loc":{"start":{"line":106,"column":16},"end":{"line":108,"column":5}},"line":106},"8":{"name":"(anonymous_8)","decl":{"start":{"line":107,"column":37},"end":{"line":107,"column":38}},"loc":{"start":{"line":107,"column":42},"end":{"line":107,"column":62}},"line":107}},"branchMap":{"0":{"loc":{"start":{"line":17,"column":8},"end":{"line":19,"column":9}},"type":"if","locations":[{"start":{"line":17,"column":8},"end":{"line":19,"column":9}},{"start":{},"end":{}}],"line":17},"1":{"loc":{"start":{"line":91,"column":16},"end":{"line":95,"column":17}},"type":"if","locations":[{"start":{"line":91,"column":16},"end":{"line":95,"column":17}},{"start":{},"end":{}}],"line":91}},"s":{"0":4,"1":4,"2":4,"3":4,"4":16,"5":32,"6":16,"7":4,"8":4,"9":4,"10":4,"11":4,"12":4,"13":20,"14":20,"15":20,"16":16,"17":4,"18":4,"19":4,"20":14,"21":4,"22":4,"23":4,"24":20,"25":20,"26":4,"27":4,"28":14,"29":4,"30":4,"31":20,"32":20,"33":16,"34":20,"35":20,"36":4,"37":4,"38":4,"39":4,"40":4,"41":4,"42":4,"43":4,"44":4,"45":4,"46":16,"47":40,"48":40,"49":40,"50":64,"51":40,"52":4,"53":32,"54":4,"55":4,"56":24,"57":4,"58":4,"59":4,"60":32,"61":32,"62":32,"63":4,"64":4,"65":4,"66":4,"67":4,"68":20,"69":32,"70":16,"71":16,"72":16,"73":4,"74":20,"75":20,"76":32},"f":{"0":4,"1":32,"2":4,"3":16,"4":40,"5":4,"6":20,"7":20,"8":32},"b":{"0":[16,4],"1":[16,16]},"_coverageSchema":"1a1c01bbd47fc00a2c39e90264f33305004495a9","hash":"5a66df452115c2df5f1b30c8bbdba8fa066b4359"}
,"E:\\desktop\\Thesis\\solutions-descriptive\\8.js": {"path":"E:\\desktop\\Thesis\\solutions-descriptive\\8.js","statementMap":{"0":{"start":{"line":2,"column":4},"end":{"line":2,"column":33}},"1":{"start":{"line":2,"column":26},"end":{"line":2,"column":31}},"2":{"start":{"line":3,"column":4},"end":{"line":3,"column":33}},"3":{"start":{"line":3,"column":26},"end":{"line":3,"column":31}},"4":{"start":{"line":5,"column":16},"end":{"line":5,"column":18}},"5":{"start":{"line":6,"column":16},"end":{"line":6,"column":18}},"6":{"start":{"line":9,"column":4},"end":{"line":11,"column":5}},"7":{"start":{"line":9,"column":17},"end":{"line":9,"column":18}},"8":{"start":{"line":10,"column":8},"end":{"line":10,"column":50}},"9":{"start":{"line":14,"column":4},"end":{"line":16,"column":5}},"10":{"start":{"line":14,"column":17},"end":{"line":14,"column":18}},"11":{"start":{"line":15,"column":8},"end":{"line":15,"column":50}},"12":{"start":{"line":18,"column":21},"end":{"line":18,"column":60}},"13":{"start":{"line":19,"column":24},"end":{"line":19,"column":45}},"14":{"start":{"line":21,"column":21},"end":{"line":21,"column":23}},"15":{"start":{"line":22,"column":17},"end":{"line":22,"column":18}},"16":{"start":{"line":23,"column":17},"end":{"line":23,"column":18}},"17":{"start":{"line":24,"column":26},"end":{"line":24,"column":27}},"18":{"start":{"line":26,"column":4},"end":{"line":56,"column":5}},"19":{"start":{"line":26,"column":24},"end":{"line":26,"column":25}},"20":{"start":{"line":27,"column":8},"end":{"line":32,"column":9}},"21":{"start":{"line":28,"column":12},"end":{"line":28,"column":45}},"22":{"start":{"line":29,"column":12},"end":{"line":29,"column":21}},"23":{"start":{"line":30,"column":12},"end":{"line":30,"column":21}},"24":{"start":{"line":31,"column":12},"end":{"line":31,"column":45}},"25":{"start":{"line":34,"column":8},"end":{"line":39,"column":9}},"26":{"start":{"line":35,"column":12},"end":{"line":35,"column":45}},"27":{"start":{"line":36,"column":12},"end":{"line":36,"column":21}},"28":{"start":{"line":37,"column":12},"end":{"line":37,"column":21}},"29":{"start":{"line":38,"column":12},"end":{"line":38,"column":45}},"30":{"start":{"line":41,"column":8},"end":{"line":53,"column":9}},"31":{"start":{"line":42,"column":12},"end":{"line":42,"column":45}},"32":{"start":{"line":43,"column":12},"end":{"line":43,"column":21}},"33":{"start":{"line":44,"column":15},"end":{"line":53,"column":9}},"34":{"start":{"line":45,"column":12},"end":{"line":45,"column":45}},"35":{"start":{"line":46,"column":12},"end":{"line":46,"column":21}},"36":{"start":{"line":47,"column":15},"end":{"line":53,"column":9}},"37":{"start":{"line":48,"column":12},"end":{"line":48,"column":45}},"38":{"start":{"line":49,"column":12},"end":{"line":49,"column":21}},"39":{"start":{"line":51,"column":12},"end":{"line":51,"column":45}},"40":{"start":{"line":52,"column":12},"end":{"line":52,"column":21}},"41":{"start":{"line":55,"column":8},"end":{"line":55,"column":39}},"42":{"start":{"line":58,"column":4},"end":{"line":60,"column":5}},"43":{"start":{"line":59,"column":8},"end":{"line":59,"column":45}},"44":{"start":{"line":62,"column":4},"end":{"line":62,"column":34}}},"fnMap":{"0":{"name":"solve","decl":{"start":{"line":1,"column":16},"end":{"line":1,"column":21}},"loc":{"start":{"line":1,"column":44},"end":{"line":63,"column":1}},"line":1},"1":{"name":"(anonymous_1)","decl":{"start":{"line":2,"column":16},"end":{"line":2,"column":17}},"loc":{"start":{"line":2,"column":26},"end":{"line":2,"column":31}},"line":2},"2":{"name":"(anonymous_2)","decl":{"start":{"line":3,"column":16},"end":{"line":3,"column":17}},"loc":{"start":{"line":3,"column":26},"end":{"line":3,"column":31}},"line":3}},"branchMap":{"0":{"loc":{"start":{"line":27,"column":8},"end":{"line":32,"column":9}},"type":"if","locations":[{"start":{"line":27,"column":8},"end":{"line":32,"column":9}},{"start":{},"end":{}}],"line":27},"1":{"loc":{"start":{"line":34,"column":8},"end":{"line":39,"column":9}},"type":"if","locations":[{"start":{"line":34,"column":8},"end":{"line":39,"column":9}},{"start":{},"end":{}}],"line":34},"2":{"loc":{"start":{"line":41,"column":8},"end":{"line":53,"column":9}},"type":"if","locations":[{"start":{"line":41,"column":8},"end":{"line":53,"column":9}},{"start":{"line":44,"column":15},"end":{"line":53,"column":9}}],"line":41},"3":{"loc":{"start":{"line":44,"column":15},"end":{"line":53,"column":9}},"type":"if","locations":[{"start":{"line":44,"column":15},"end":{"line":53,"column":9}},{"start":{"line":47,"column":15},"end":{"line":53,"column":9}}],"line":44},"4":{"loc":{"start":{"line":47,"column":15},"end":{"line":53,"column":9}},"type":"if","locations":[{"start":{"line":47,"column":15},"end":{"line":53,"column":9}},{"start":{"line":50,"column":15},"end":{"line":53,"column":9}}],"line":47},"5":{"loc":{"start":{"line":58,"column":4},"end":{"line":60,"column":5}},"type":"if","locations":[{"start":{"line":58,"column":4},"end":{"line":60,"column":5}},{"start":{},"end":{}}],"line":58}},"s":{"0":6,"1":30,"2":6,"3":22,"4":6,"5":6,"6":6,"7":6,"8":9,"9":6,"10":6,"11":9,"12":6,"13":6,"14":6,"15":6,"16":6,"17":6,"18":6,"19":6,"20":11,"21":1,"22":1,"23":1,"24":1,"25":11,"26":1,"27":1,"28":1,"29":1,"30":11,"31":3,"32":3,"33":8,"34":2,"35":2,"36":6,"37":2,"38":2,"39":4,"40":4,"41":11,"42":6,"43":5,"44":6},"f":{"0":6,"1":30,"2":22},"b":{"0":[1,10],"1":[1,10],"2":[3,8],"3":[2,6],"4":[2,4],"5":[5,1]},"_coverageSchema":"1a1c01bbd47fc00a2c39e90264f33305004495a9","hash":"c29e2eea28f87233bcb1ebe3218656b59db8b3b2"}
,"E:\\desktop\\Thesis\\solutions-descriptive\\9.js": {"path":"E:\\desktop\\Thesis\\solutions-descriptive\\9.js","statementMap":{"0":{"start":{"line":2,"column":16},"end":{"line":2,"column":34}},"1":{"start":{"line":3,"column":15},"end":{"line":3,"column":33}},"2":{"start":{"line":4,"column":17},"end":{"line":4,"column":35}},"3":{"start":{"line":5,"column":17},"end":{"line":5,"column":31}},"4":{"start":{"line":7,"column":14},"end":{"line":7,"column":26}},"5":{"start":{"line":8,"column":4},"end":{"line":8,"column":44}},"6":{"start":{"line":8,"column":17},"end":{"line":8,"column":18}},"7":{"start":{"line":8,"column":32},"end":{"line":8,"column":44}},"8":{"start":{"line":9,"column":4},"end":{"line":12,"column":5}},"9":{"start":{"line":10,"column":8},"end":{"line":10,"column":23}},"10":{"start":{"line":11,"column":8},"end":{"line":11,"column":23}},"11":{"start":{"line":14,"column":19},"end":{"line":14,"column":40}},"12":{"start":{"line":15,"column":4},"end":{"line":15,"column":55}},"13":{"start":{"line":15,"column":17},"end":{"line":15,"column":18}},"14":{"start":{"line":15,"column":38},"end":{"line":15,"column":55}},"15":{"start":{"line":16,"column":4},"end":{"line":18,"column":5}},"16":{"start":{"line":16,"column":17},"end":{"line":16,"column":18}},"17":{"start":{"line":17,"column":8},"end":{"line":17,"column":31}},"18":{"start":{"line":20,"column":16},"end":{"line":20,"column":19}},"19":{"start":{"line":21,"column":4},"end":{"line":21,"column":18}},"20":{"start":{"line":23,"column":4},"end":{"line":45,"column":5}},"21":{"start":{"line":24,"column":16},"end":{"line":24,"column":27}},"22":{"start":{"line":25,"column":17},"end":{"line":25,"column":24}},"23":{"start":{"line":26,"column":17},"end":{"line":26,"column":25}},"24":{"start":{"line":29,"column":8},"end":{"line":35,"column":9}},"25":{"start":{"line":30,"column":12},"end":{"line":30,"column":20}},"26":{"start":{"line":31,"column":15},"end":{"line":35,"column":9}},"27":{"start":{"line":32,"column":12},"end":{"line":32,"column":27}},"28":{"start":{"line":34,"column":12},"end":{"line":34,"column":20}},"29":{"start":{"line":37,"column":8},"end":{"line":44,"column":9}},"30":{"start":{"line":38,"column":12},"end":{"line":43,"column":13}},"31":{"start":{"line":39,"column":16},"end":{"line":39,"column":30}},"32":{"start":{"line":40,"column":16},"end":{"line":40,"column":30}},"33":{"start":{"line":41,"column":16},"end":{"line":41,"column":34}},"34":{"start":{"line":42,"column":16},"end":{"line":42,"column":30}},"35":{"start":{"line":47,"column":15},"end":{"line":47,"column":21}},"36":{"start":{"line":49,"column":4},"end":{"line":99,"column":5}},"37":{"start":{"line":49,"column":17},"end":{"line":49,"column":25}},"38":{"start":{"line":50,"column":8},"end":{"line":98,"column":9}},"39":{"start":{"line":51,"column":21},"end":{"line":51,"column":25}},"40":{"start":{"line":52,"column":22},"end":{"line":52,"column":26}},"41":{"start":{"line":54,"column":12},"end":{"line":77,"column":13}},"42":{"start":{"line":55,"column":16},"end":{"line":76,"column":17}},"43":{"start":{"line":56,"column":20},"end":{"line":56,"column":27}},"44":{"start":{"line":58,"column":29},"end":{"line":58,"column":30}},"45":{"start":{"line":59,"column":30},"end":{"line":59,"column":32}},"46":{"start":{"line":61,"column":20},"end":{"line":63,"column":21}},"47":{"start":{"line":62,"column":24},"end":{"line":62,"column":44}},"48":{"start":{"line":65,"column":20},"end":{"line":67,"column":21}},"49":{"start":{"line":66,"column":24},"end":{"line":66,"column":82}},"50":{"start":{"line":69,"column":20},"end":{"line":75,"column":21}},"51":{"start":{"line":70,"column":24},"end":{"line":70,"column":33}},"52":{"start":{"line":71,"column":24},"end":{"line":71,"column":32}},"53":{"start":{"line":72,"column":24},"end":{"line":72,"column":30}},"54":{"start":{"line":74,"column":24},"end":{"line":74,"column":60}},"55":{"start":{"line":79,"column":12},"end":{"line":96,"column":13}},"56":{"start":{"line":80,"column":16},"end":{"line":82,"column":17}},"57":{"start":{"line":81,"column":20},"end":{"line":81,"column":34}},"58":{"start":{"line":84,"column":28},"end":{"line":84,"column":29}},"59":{"start":{"line":85,"column":16},"end":{"line":87,"column":17}},"60":{"start":{"line":86,"column":20},"end":{"line":86,"column":90}},"61":{"start":{"line":89,"column":16},"end":{"line":91,"column":17}},"62":{"start":{"line":90,"column":20},"end":{"line":90,"column":34}},"63":{"start":{"line":93,"column":16},"end":{"line":95,"column":17}},"64":{"start":{"line":94,"column":20},"end":{"line":94,"column":35}},"65":{"start":{"line":97,"column":12},"end":{"line":97,"column":21}},"66":{"start":{"line":100,"column":4},"end":{"line":100,"column":13}}},"fnMap":{"0":{"name":"solve","decl":{"start":{"line":1,"column":16},"end":{"line":1,"column":21}},"loc":{"start":{"line":1,"column":35},"end":{"line":101,"column":1}},"line":1}},"branchMap":{"0":{"loc":{"start":{"line":29,"column":8},"end":{"line":35,"column":9}},"type":"if","locations":[{"start":{"line":29,"column":8},"end":{"line":35,"column":9}},{"start":{"line":31,"column":15},"end":{"line":35,"column":9}}],"line":29},"1":{"loc":{"start":{"line":31,"column":15},"end":{"line":35,"column":9}},"type":"if","locations":[{"start":{"line":31,"column":15},"end":{"line":35,"column":9}},{"start":{"line":33,"column":15},"end":{"line":35,"column":9}}],"line":31},"2":{"loc":{"start":{"line":38,"column":12},"end":{"line":43,"column":13}},"type":"if","locations":[{"start":{"line":38,"column":12},"end":{"line":43,"column":13}},{"start":{},"end":{}}],"line":38},"3":{"loc":{"start":{"line":50,"column":8},"end":{"line":98,"column":9}},"type":"if","locations":[{"start":{"line":50,"column":8},"end":{"line":98,"column":9}},{"start":{},"end":{}}],"line":50},"4":{"loc":{"start":{"line":55,"column":16},"end":{"line":76,"column":17}},"type":"if","locations":[{"start":{"line":55,"column":16},"end":{"line":76,"column":17}},{"start":{"line":57,"column":23},"end":{"line":76,"column":17}}],"line":55},"5":{"loc":{"start":{"line":61,"column":20},"end":{"line":63,"column":21}},"type":"if","locations":[{"start":{"line":61,"column":20},"end":{"line":63,"column":21}},{"start":{},"end":{}}],"line":61},"6":{"loc":{"start":{"line":66,"column":29},"end":{"line":66,"column":81}},"type":"cond-expr","locations":[{"start":{"line":66,"column":60},"end":{"line":66,"column":68}},{"start":{"line":66,"column":71},"end":{"line":66,"column":81}}],"line":66},"7":{"loc":{"start":{"line":69,"column":20},"end":{"line":75,"column":21}},"type":"if","locations":[{"start":{"line":69,"column":20},"end":{"line":75,"column":21}},{"start":{"line":73,"column":27},"end":{"line":75,"column":21}}],"line":69},"8":{"loc":{"start":{"line":74,"column":29},"end":{"line":74,"column":59}},"type":"cond-expr","locations":[{"start":{"line":74,"column":52},"end":{"line":74,"column":53}},{"start":{"line":74,"column":56},"end":{"line":74,"column":59}}],"line":74},"9":{"loc":{"start":{"line":80,"column":16},"end":{"line":82,"column":17}},"type":"if","locations":[{"start":{"line":80,"column":16},"end":{"line":82,"column":17}},{"start":{},"end":{}}],"line":80},"10":{"loc":{"start":{"line":86,"column":28},"end":{"line":86,"column":89}},"type":"cond-expr","locations":[{"start":{"line":86,"column":62},"end":{"line":86,"column":73}},{"start":{"line":86,"column":76},"end":{"line":86,"column":89}}],"line":86},"11":{"loc":{"start":{"line":89,"column":16},"end":{"line":91,"column":17}},"type":"if","locations":[{"start":{"line":89,"column":16},"end":{"line":91,"column":17}},{"start":{},"end":{}}],"line":89},"12":{"loc":{"start":{"line":93,"column":16},"end":{"line":95,"column":17}},"type":"if","locations":[{"start":{"line":93,"column":16},"end":{"line":95,"column":17}},{"start":{},"end":{}}],"line":93}},"s":{"0":4,"1":4,"2":4,"3":4,"4":4,"5":4,"6":4,"7":20,"8":4,"9":16,"10":16,"11":4,"12":4,"13":4,"14":17,"15":4,"16":4,"17":20,"18":4,"19":4,"20":4,"21":20,"22":20,"23":20,"24":20,"25":12,"26":8,"27":6,"28":2,"29":20,"30":32,"31":16,"32":16,"33":16,"34":16,"35":4,"36":4,"37":4,"38":10,"39":9,"40":9,"41":9,"42":11,"43":9,"44":2,"45":2,"46":2,"47":0,"48":2,"49":2,"50":2,"51":1,"52":1,"53":1,"54":1,"55":9,"56":9,"57":1,"58":8,"59":8,"60":7,"61":8,"62":1,"63":7,"64":1,"65":6,"66":1},"f":{"0":4},"b":{"0":[12,8],"1":[6,2],"2":[16,16],"3":[9,1],"4":[9,2],"5":[0,2],"6":[2,0],"7":[1,1],"8":[1,0],"9":[1,8],"10":[5,2],"11":[1,7],"12":[1,6]},"_coverageSchema":"1a1c01bbd47fc00a2c39e90264f33305004495a9","hash":"63a8e9e22ab0ac310c68571c99d81d34d10688cf"}
}
