TN:
SF:solutions-descriptive\1.js
FN:1,solve
FN:8,minSteps
FN:20,(anonymous_2)
FN:50,gcd
FN:60,test
FNF:5
FNH:5
FNDA:11,solve
FNDA:22,minSteps
FNDA:1357,(anonymous_2)
FNDA:11,gcd
FNDA:1,test
DA:2,11
DA:3,11
DA:4,11
DA:5,11
DA:6,11
DA:9,22
DA:12,22
DA:13,1075
DA:14,167
DA:15,167
DA:16,159
DA:20,1357
DA:22,22
DA:24,22
DA:25,326
DA:27,326
DA:28,29125
DA:29,29125
DA:31,29125
DA:32,1700
DA:37,326
DA:38,68
DA:42,326
DA:45,22
DA:51,11
DA:52,23
DA:53,23
DA:54,23
DA:56,11
DA:61,1
DA:72,1
DA:73,8
DA:74,8
DA:75,8
DA:76,8
DA:80,1
DA:82,1
LF:37
LH:37
BRDA:6,0,0,4
BRDA:6,0,1,7
BRDA:13,1,0,167
BRDA:13,1,1,908
BRDA:15,2,0,159
BRDA:15,2,1,8
BRDA:31,3,0,1700
BRDA:31,3,1,27425
BRDA:31,4,0,29125
BRDA:31,4,1,8117
BRDA:37,5,0,68
BRDA:37,5,1,258
BRDA:38,6,0,22
BRDA:38,6,1,46
BRDA:76,7,0,8
BRDA:76,7,1,0
BRF:16
BRH:15
end_of_record
