TN:
SF:solutions-algorithm\1.js
FN:2,solve
FN:6,(anonymous_1)
FNF:2
FNH:2
FNDA:8,solve
FNDA:49,(anonymous_1)
DA:3,8
DA:6,49
LF:2
LH:2
BRF:0
BRH:0
end_of_record
TN:
SF:solutions-algorithm\10.js
FN:2,solve
FNF:1
FNH:1
FNDA:3,solve
DA:4,3
DA:5,0
DA:8,3
DA:9,3
DA:10,3
DA:11,3
DA:13,3
DA:14,7
DA:15,7
DA:16,3
DA:17,3
DA:19,7
DA:20,7
DA:24,3
DA:26,3
LF:15
LH:14
BRDA:4,0,0,0
BRDA:4,0,1,3
BRDA:4,1,0,3
BRDA:4,1,1,3
BRDA:4,1,2,3
BRDA:15,2,0,3
BRDA:15,2,1,4
BRF:7
BRH:6
end_of_record
TN:
SF:solutions-algorithm\11.js
FN:4,solve
FN:5,(anonymous_1)
FNF:2
FNH:2
FNDA:8,solve
FNDA:8,(anonymous_1)
DA:5,8
DA:6,8
DA:7,8
DA:8,8
LF:4
LH:4
BRF:0
BRH:0
end_of_record
TN:
SF:solutions-algorithm\12.js
FN:3,solve
FNF:1
FNH:1
FNDA:5,solve
DA:4,5
DA:5,5
LF:2
LH:2
BRF:0
BRH:0
end_of_record
TN:
SF:solutions-algorithm\13.js
FN:4,solve
FN:5,(anonymous_1)
FNF:2
FNH:2
FNDA:8,solve
FNDA:8,(anonymous_1)
DA:5,8
LF:1
LH:1
BRF:0
BRH:0
end_of_record
TN:
SF:solutions-algorithm\14.js
FN:4,solve
FNF:1
FNH:1
FNDA:5,solve
DA:5,5
DA:6,5
DA:7,13
DA:9,5
LF:4
LH:4
BRF:0
BRH:0
end_of_record
TN:
SF:solutions-algorithm\15.js
FN:4,solve
FNF:1
FNH:1
FNDA:7,solve
DA:5,7
DA:6,7
DA:8,7
DA:9,7
DA:11,7
DA:12,7
DA:14,7
DA:15,7
DA:17,7
DA:18,25
DA:19,25
DA:20,17
DA:21,17
DA:22,8
DA:23,0
DA:24,0
DA:27,25
DA:28,17
DA:29,17
DA:30,8
DA:31,0
DA:32,0
DA:35,25
DA:38,7
LF:24
LH:20
BRDA:19,0,0,17
BRDA:19,0,1,8
BRDA:22,1,0,0
BRDA:22,1,1,8
BRDA:27,2,0,17
BRDA:27,2,1,8
BRDA:30,3,0,0
BRDA:30,3,1,8
BRF:8
BRH:6
end_of_record
TN:
SF:solutions-algorithm\16.js
FN:4,solve
FNF:1
FNH:1
FNDA:6,solve
DA:5,6
DA:6,6
DA:8,6
DA:9,3
DA:10,3
DA:13,6
DA:14,6
DA:15,100011
DA:18,6
LF:9
LH:9
BRDA:8,0,0,3
BRDA:8,0,1,3
BRF:2
BRH:2
end_of_record
TN:
SF:solutions-algorithm\17.js
FN:4,solve
FN:5,(anonymous_1)
FNF:2
FNH:2
FNDA:2,solve
FNDA:2,(anonymous_1)
DA:5,2
LF:1
LH:1
BRDA:5,0,0,1
BRDA:5,0,1,1
BRF:2
BRH:2
end_of_record
TN:
SF:solutions-algorithm\19.js
FN:4,solve
FNF:1
FNH:1
FNDA:8,solve
DA:5,8
LF:1
LH:1
BRDA:5,0,0,4
BRDA:5,0,1,4
BRF:2
BRH:2
end_of_record
TN:
SF:solutions-algorithm\2.js
FN:2,solve
FNF:1
FNH:1
FNDA:8,solve
DA:3,8
DA:4,8
DA:5,8
LF:3
LH:3
BRDA:5,0,0,5
BRDA:5,0,1,3
BRF:2
BRH:2
end_of_record
TN:
SF:solutions-algorithm\20.js
FN:4,solve
FN:5,(anonymous_1)
FNF:2
FNH:2
FNDA:9,solve
FNDA:121,(anonymous_1)
DA:5,121
DA:6,9
LF:2
LH:2
BRF:0
BRH:0
end_of_record
TN:
SF:solutions-algorithm\21.js
FN:4,solve
FN:5,(anonymous_1)
FNF:2
FNH:2
FNDA:7,solve
FNDA:7,(anonymous_1)
DA:5,7
DA:6,7
LF:2
LH:2
BRDA:6,0,0,5
BRDA:6,0,1,2
BRDA:7,1,0,7
BRDA:7,1,1,4
BRDA:7,1,2,3
BRF:5
BRH:5
end_of_record
TN:
SF:solutions-algorithm\22.js
FN:4,solve
FN:5,(anonymous_1)
FNF:2
FNH:2
FNDA:6,solve
FNDA:6,(anonymous_1)
DA:5,6
LF:1
LH:1
BRDA:5,0,0,0
BRDA:5,0,1,6
BRF:2
BRH:1
end_of_record
TN:
SF:solutions-algorithm\23.js
FN:4,solve
FN:5,(anonymous_1)
FNF:2
FNH:2
FNDA:8,solve
FNDA:8,(anonymous_1)
DA:5,8
DA:6,8
DA:7,8
LF:3
LH:3
BRF:0
BRH:0
end_of_record
TN:
SF:solutions-algorithm\24.js
FN:4,solve
FN:5,(anonymous_1)
FNF:2
FNH:2
FNDA:9,solve
FNDA:9,(anonymous_1)
DA:5,9
LF:1
LH:1
BRF:0
BRH:0
end_of_record
TN:
SF:solutions-algorithm\25.js
FN:4,solve
FN:5,(anonymous_1)
FN:6,(anonymous_2)
FNF:3
FNH:3
FNDA:4,solve
FNDA:4,(anonymous_1)
FNDA:18,(anonymous_2)
DA:5,4
DA:6,18
DA:8,4
DA:10,1
DA:11,1
DA:13,1
DA:14,2
DA:15,1
DA:17,2
DA:18,1
DA:22,0
LF:11
LH:10
BRDA:8,0,0,3
BRDA:8,0,1,1
BRDA:8,1,0,4
BRDA:8,1,1,4
BRDA:14,2,0,1
BRDA:14,2,1,1
BRDA:17,3,0,1
BRDA:17,3,1,1
BRF:8
BRH:8
end_of_record
TN:
SF:solutions-algorithm\27.js
FN:4,solve
FN:5,(anonymous_1)
FNF:2
FNH:2
FNDA:5,solve
FNDA:5,(anonymous_1)
DA:5,5
DA:6,5
LF:2
LH:2
BRDA:6,0,0,0
BRDA:6,0,1,5
BRF:2
BRH:1
end_of_record
TN:
SF:solutions-algorithm\28.js
FN:4,solve
FNF:1
FNH:1
FNDA:9,solve
DA:5,9
DA:7,9
DA:9,9
DA:11,9
DA:13,0
DA:14,9
DA:16,2
DA:19,7
DA:22,9
DA:25,9
LF:10
LH:9
BRDA:11,0,0,0
BRDA:11,0,1,9
BRDA:11,1,0,9
BRDA:11,1,1,1
BRDA:11,1,2,0
BRDA:14,2,0,2
BRDA:14,2,1,7
BRDA:14,3,0,9
BRDA:14,3,1,2
BRDA:14,3,2,2
BRF:10
BRH:8
end_of_record
TN:
SF:solutions-algorithm\29.js
FN:4,solve
FN:5,(anonymous_1)
FNF:2
FNH:2
FNDA:2,solve
FNDA:2,(anonymous_1)
DA:5,2
DA:6,2
DA:7,2
DA:8,2
DA:9,8
DA:10,8
DA:11,8
DA:13,2
LF:8
LH:8
BRDA:9,0,0,0
BRDA:9,0,1,8
BRF:2
BRH:1
end_of_record
TN:
SF:solutions-algorithm\3.js
FN:2,solve
FN:4,(anonymous_1)
FNF:2
FNH:2
FNDA:9,solve
FNDA:74,(anonymous_1)
DA:4,74
DA:6,9
DA:7,9
DA:8,66
DA:9,3
DA:12,6
LF:6
LH:6
BRDA:8,0,0,3
BRDA:8,0,1,63
BRF:2
BRH:2
end_of_record
TN:
SF:solutions-algorithm\31.js
FN:3,solve
FNF:1
FNH:1
FNDA:7,solve
DA:4,7
DA:6,7
DA:7,7
DA:8,7
DA:10,7
DA:11,1
DA:13,6
DA:14,6
DA:15,200105
DA:17,6
DA:20,7
DA:23,7
LF:12
LH:12
BRDA:10,0,0,1
BRDA:10,0,1,6
BRF:2
BRH:2
end_of_record
TN:
SF:solutions-algorithm\32.js
FN:8,solve
FNF:1
FNH:1
FNDA:3,solve
DA:10,3
DA:11,3
DA:13,3
DA:15,3
DA:16,3
DA:17,8
DA:20,3
DA:21,3
DA:22,8
DA:25,3
DA:26,3
DA:28,3
DA:29,8
DA:30,4
DA:31,4
DA:32,4
DA:33,8
DA:34,8
DA:35,8
DA:37,4
DA:41,3
DA:42,3
DA:43,4
DA:44,4
DA:45,5
DA:46,4
DA:47,4
DA:51,4
DA:52,0
DA:56,3
DA:59,3
LF:31
LH:30
BRDA:22,0,0,7
BRDA:22,0,1,1
BRDA:29,1,0,4
BRDA:29,1,1,4
BRDA:45,2,0,4
BRDA:45,2,1,1
BRDA:51,3,0,0
BRDA:51,3,1,4
BRDA:51,4,0,4
BRDA:51,4,1,0
BRF:10
BRH:8
end_of_record
TN:
SF:solutions-algorithm\33.js
FN:8,solve
FNF:1
FNH:1
FNDA:2,solve
DA:9,2
DA:11,2
DA:13,2
DA:14,2
DA:15,2
DA:16,2
DA:17,2
DA:19,2
DA:20,5
DA:21,5
DA:22,0
DA:24,5
DA:28,2
DA:29,2
DA:31,1
DA:32,1
DA:33,1
DA:34,0
DA:35,0
DA:36,0
DA:41,2
DA:44,2
LF:22
LH:18
BRDA:21,0,0,0
BRDA:21,0,1,5
BRDA:29,1,0,1
BRDA:29,1,1,1
BRDA:33,2,0,0
BRDA:33,2,1,1
BRF:6
BRH:4
end_of_record
TN:
SF:solutions-algorithm\34.js
FN:8,solve
FN:9,(anonymous_1)
FNF:2
FNH:2
FNDA:6,solve
FNDA:6,(anonymous_1)
DA:9,6
LF:1
LH:1
BRF:0
BRH:0
end_of_record
TN:
SF:solutions-algorithm\35.js
FN:9,calculation
FN:26,solve
FN:27,(anonymous_2)
FNF:3
FNH:3
FNDA:5,calculation
FNDA:5,solve
FNDA:5,(anonymous_2)
DA:10,5
DA:11,0
DA:13,5
DA:14,5
DA:15,13
DA:16,13
DA:18,5
DA:27,5
LF:8
LH:7
BRDA:10,0,0,0
BRDA:10,0,1,5
BRF:2
BRH:1
end_of_record
TN:
SF:solutions-algorithm\37.js
FN:2,solve
FNF:1
FNH:1
FNDA:2,solve
DA:3,2
DA:4,2
DA:5,65
DA:7,2
LF:4
LH:4
BRF:0
BRH:0
end_of_record
TN:
SF:solutions-algorithm\38.js
FN:2,solve
FNF:1
FNH:1
FNDA:7,solve
DA:3,7
LF:1
LH:1
BRDA:3,0,0,2
BRDA:3,0,1,5
BRF:2
BRH:2
end_of_record
TN:
SF:solutions-algorithm\39.js
FN:2,solve
FNF:1
FNH:1
FNDA:63,solve
DA:3,63
DA:4,4
DA:6,59
DA:7,4
DA:9,55
LF:5
LH:5
BRDA:3,0,0,4
BRDA:3,0,1,59
BRDA:3,1,0,63
BRDA:3,1,1,59
BRDA:6,2,0,4
BRDA:6,2,1,55
BRF:6
BRH:6
end_of_record
TN:
SF:solutions-algorithm\4.js
FN:2,solve
FN:4,(anonymous_1)
FN:8,(anonymous_2)
FNF:3
FNH:3
FNDA:6,solve
FNDA:29,(anonymous_1)
FNDA:23,(anonymous_2)
DA:3,6
DA:4,29
DA:5,6
DA:6,6
DA:8,6
DA:9,23
DA:10,15
DA:12,8
DA:16,6
LF:9
LH:9
BRDA:9,0,0,15
BRDA:9,0,1,8
BRF:2
BRH:2
end_of_record
TN:
SF:solutions-algorithm\40.js
FN:2,gcd
FN:15,solve
FNF:2
FNH:2
FNDA:4,gcd
FNDA:4,solve
DA:3,4
DA:4,4
DA:5,4
DA:6,4
DA:7,4
DA:9,4
DA:11,4
DA:16,4
DA:17,4
DA:18,4
DA:19,4
DA:20,4
DA:22,0
DA:25,4
LF:14
LH:13
BRDA:6,0,0,8
BRDA:6,0,1,8
BRDA:7,1,0,0
BRDA:7,1,1,4
BRDA:18,2,0,4
BRDA:18,2,1,0
BRDA:19,3,0,4
BRDA:19,3,1,0
BRF:8
BRH:5
end_of_record
TN:
SF:solutions-algorithm\41.js
FN:2,solve
FN:42,(anonymous_1)
FN:46,(anonymous_2)
FN:48,(anonymous_3)
FN:51,(anonymous_4)
FN:55,(anonymous_5)
FNF:6
FNH:5
FNDA:2,solve
FNDA:2,(anonymous_1)
FNDA:3,(anonymous_2)
FNDA:0,(anonymous_3)
FNDA:3,(anonymous_4)
FNDA:5,(anonymous_5)
DA:3,2
DA:4,8
DA:5,2
DA:6,1
DA:9,2
DA:10,2
DA:11,2
DA:13,8
DA:14,2
DA:15,2
DA:17,2
DA:18,3
DA:19,3
DA:20,1
DA:21,1
DA:22,1
DA:23,1
DA:24,1
DA:29,2
DA:31,0
DA:32,0
DA:33,0
DA:34,0
DA:35,0
DA:37,0
DA:43,2
DA:47,3
DA:48,3
DA:52,3
DA:56,5
LF:30
LH:24
BRDA:6,0,0,1
BRDA:6,0,1,0
BRDA:21,1,0,1
BRDA:21,1,1,0
BRDA:29,2,0,2
BRDA:29,2,1,0
BRF:6
BRH:3
end_of_record
TN:
SF:solutions-algorithm\42.js
FN:4,solve
FNF:1
FNH:1
FNDA:7,solve
DA:5,7
DA:6,7
DA:7,27
DA:8,27
DA:9,27
DA:10,29
DA:11,29
DA:12,19
DA:14,10
DA:17,27
DA:19,7
LF:11
LH:11
BRDA:11,0,0,19
BRDA:11,0,1,10
BRF:2
BRH:2
end_of_record
TN:
SF:solutions-algorithm\43.js
FN:4,solve
FN:5,(anonymous_1)
FN:6,(anonymous_2)
FNF:3
FNH:3
FNDA:1,solve
FNDA:4,(anonymous_1)
FNDA:4,(anonymous_2)
DA:5,4
DA:6,4
DA:9,1
DA:10,2
DA:11,4
DA:12,4
DA:17,1
DA:18,1
DA:19,2
DA:20,1
DA:24,1
DA:25,1
DA:27,1
DA:28,2
DA:30,1
DA:37,1
DA:38,1
DA:39,1
DA:40,1
DA:45,1
LF:20
LH:20
BRDA:11,0,0,1
BRDA:11,0,1,3
BRDA:12,1,0,1
BRDA:12,1,1,3
BRDA:20,2,0,1
BRDA:20,2,1,0
BRDA:37,3,0,0
BRDA:37,3,1,1
BRDA:38,4,0,1
BRDA:38,4,1,0
BRF:10
BRH:7
end_of_record
TN:
SF:solutions-algorithm\44.js
FN:2,solve
FN:5,(anonymous_1)
FN:8,mg
FNF:3
FNH:3
FNDA:4,solve
FNDA:14,(anonymous_1)
FNDA:5,mg
DA:3,4
DA:5,14
DA:6,3
DA:9,5
DA:10,1
DA:11,1
DA:12,1
DA:13,1
DA:14,1
DA:17,3
DA:18,3
LF:11
LH:11
BRDA:3,0,0,1
BRDA:3,0,1,3
BRDA:3,1,0,4
BRDA:3,1,1,3
BRDA:9,2,0,4
BRDA:9,2,1,1
BRDA:9,3,0,5
BRDA:9,3,1,1
BRF:8
BRH:8
end_of_record
TN:
SF:solutions-algorithm\45.js
FN:3,solve
FN:5,(anonymous_1)
FN:6,(anonymous_2)
FN:13,dfs
FNF:4
FNH:4
FNDA:1,solve
FNDA:4,(anonymous_1)
FNDA:16,(anonymous_2)
FNDA:3,dfs
DA:1,1
DA:4,1
DA:5,1
DA:6,16
DA:8,1
DA:9,1
DA:10,2
DA:14,3
DA:15,2
DA:16,1
DA:18,1
DA:19,1
DA:20,1
DA:22,1
DA:23,1
DA:26,1
DA:27,1
DA:30,1
LF:18
LH:18
BRDA:14,0,0,1
BRDA:14,0,1,2
BRDA:15,1,0,1
BRDA:15,1,1,1
BRDA:16,2,0,0
BRDA:16,2,1,1
BRDA:19,3,0,1
BRDA:19,3,1,0
BRDA:19,4,0,1
BRDA:19,4,1,0
BRDA:22,5,0,1
BRDA:22,5,1,0
BRF:12
BRH:8
end_of_record
TN:
SF:solutions-algorithm\46.js
FN:2,solve
FN:15,dfs
FNF:2
FNH:2
FNDA:7,solve
FNDA:41,dfs
DA:3,7
DA:4,7
DA:7,7
DA:8,34
DA:9,34
DA:10,34
DA:11,34
DA:16,41
DA:17,41
DA:18,34
DA:22,7
DA:23,7
LF:12
LH:12
BRDA:9,0,0,34
BRDA:9,0,1,0
BRDA:10,1,0,7
BRDA:10,1,1,27
BRF:4
BRH:3
end_of_record
TN:
SF:solutions-algorithm\47.js
FN:2,solve
FNF:1
FNH:1
FNDA:4,solve
DA:3,4
DA:4,4
DA:5,18
DA:7,4
LF:4
LH:4
BRDA:5,0,0,7
BRDA:5,0,1,11
BRF:2
BRH:2
end_of_record
TN:
SF:solutions-algorithm\48.js
FN:2,solve
FN:12,addedge
FN:23,dfs
FNF:3
FNH:3
FNDA:3,solve
FNDA:24,addedge
FNDA:15,dfs
DA:3,3
DA:4,3
DA:5,3
DA:6,3
DA:7,3
DA:8,3
DA:9,3
DA:10,3
DA:13,24
DA:14,24
DA:15,24
DA:18,3
DA:19,12
DA:20,12
DA:24,15
DA:25,15
DA:26,15
DA:27,24
DA:28,24
DA:29,12
DA:33,3
DA:35,3
DA:36,3
DA:37,7
DA:38,7
DA:40,7
DA:41,7
DA:42,7
DA:43,6
DA:44,6
DA:45,6
DA:46,6
DA:47,6
DA:50,7
DA:51,7
DA:52,7
DA:53,7
DA:56,3
LF:38
LH:38
BRDA:28,0,0,12
BRDA:28,0,1,12
BRDA:46,1,0,0
BRDA:46,1,1,6
BRDA:52,2,0,0
BRDA:52,2,1,7
BRF:6
BRH:4
end_of_record
TN:
SF:solutions-algorithm\49.js
FN:2,solve
FNF:1
FNH:1
FNDA:5,solve
DA:3,5
LF:1
LH:1
BRDA:3,0,0,3
BRDA:3,0,1,2
BRF:2
BRH:2
end_of_record
TN:
SF:solutions-algorithm\5.js
FN:1,solve
FNF:1
FNH:1
FNDA:6,solve
DA:2,6
DA:3,6
DA:4,6
DA:6,6
DA:7,20
DA:8,4
DA:9,4
DA:11,16
DA:15,6
LF:9
LH:9
BRDA:7,0,0,4
BRDA:7,0,1,16
BRF:2
BRH:2
end_of_record
TN:
SF:solutions-algorithm\50.js
FN:2,solve
FN:10,(anonymous_1)
FNF:2
FNH:2
FNDA:6,solve
FNDA:6,(anonymous_1)
DA:3,6
DA:5,6
DA:6,49
DA:7,49
DA:10,6
LF:5
LH:5
BRF:0
BRH:0
end_of_record
TN:
SF:solutions-algorithm\6.js
FN:2,solve
FN:3,(anonymous_1)
FNF:2
FNH:2
FNDA:5,solve
FNDA:30,(anonymous_1)
DA:3,30
DA:4,5
LF:2
LH:2
BRF:0
BRH:0
end_of_record
TN:
SF:solutions-algorithm\7.js
FN:2,solve
FN:13,(anonymous_1)
FNF:2
FNH:2
FNDA:7,solve
FNDA:6,(anonymous_1)
DA:3,7
DA:4,7
DA:6,7
DA:7,27
DA:8,13
DA:10,14
DA:11,3
DA:13,11
DA:14,11
DA:18,7
LF:10
LH:10
BRDA:7,0,0,13
BRDA:7,0,1,14
BRDA:10,1,0,3
BRDA:10,1,1,11
BRF:4
BRH:4
end_of_record
TN:
SF:solutions-algorithm\8.js
FN:3,solve
FN:13,(anonymous_1)
FNF:2
FNH:2
FNDA:6,solve
FNDA:18,(anonymous_1)
DA:4,6
DA:5,6
DA:7,6
DA:8,31
DA:9,31
DA:13,18
LF:6
LH:6
BRF:0
BRH:0
end_of_record
TN:
SF:solutions-algorithm\9.js
FN:2,solve
FNF:1
FNH:1
FNDA:8,solve
DA:4,8
DA:5,8
DA:6,35
DA:9,8
DA:10,27
DA:14,8
DA:15,26
DA:16,8
DA:17,8
DA:22,8
DA:23,8
DA:24,35
DA:27,8
DA:28,19
DA:31,8
DA:34,8
DA:35,21
DA:36,8
DA:37,8
DA:41,8
LF:20
LH:20
BRDA:6,0,0,35
BRDA:6,0,1,33
BRDA:15,1,0,8
BRDA:15,1,1,18
BRDA:24,2,0,35
BRDA:24,2,1,33
BRDA:35,3,0,8
BRDA:35,3,1,13
BRF:8
BRH:8
end_of_record
