<?xml version="1.0" encoding="UTF-8"?>
<coverage generated="1754674260943" clover="3.2.0">
  <project timestamp="1754674260944" name="All files">
    <metrics statements="14" coveredstatements="13" conditionals="8" coveredconditionals="5" methods="2" coveredmethods="2" elements="24" coveredelements="20" complexity="0" loc="14" ncloc="14" packages="1" files="1" classes="1"/>
    <file name="40.js" path="E:\desktop\Thesis\solutions-algorithm\40.js">
      <metrics statements="14" coveredstatements="13" conditionals="8" coveredconditionals="5" methods="2" coveredmethods="2"/>
      <line num="3" count="10" type="stmt"/>
      <line num="4" count="10" type="stmt"/>
      <line num="5" count="10" type="stmt"/>
      <line num="6" count="10" type="cond" truecount="2" falsecount="0"/>
      <line num="7" count="10" type="cond" truecount="1" falsecount="1"/>
      <line num="9" count="10" type="stmt"/>
      <line num="11" count="10" type="stmt"/>
      <line num="16" count="10" type="stmt"/>
      <line num="17" count="10" type="stmt"/>
      <line num="18" count="10" type="cond" truecount="1" falsecount="1"/>
      <line num="19" count="10" type="cond" truecount="1" falsecount="1"/>
      <line num="20" count="10" type="stmt"/>
      <line num="22" count="0" type="stmt"/>
      <line num="25" count="10" type="stmt"/>
    </file>
  </project>
</coverage>
