TN:
SF:solutions-descriptive\16.js
FN:2,minPicks
FN:13,canTransform
FN:46,(anonymous_2)
FN:48,(anonymous_3)
FN:51,(anonymous_4)
FN:52,(anonymous_5)
FN:61,solve
FN:75,testing_test
FNF:8
FNH:8
FNDA:12,minPicks
FNDA:17,canTransform
FNDA:7,(anonymous_2)
FNDA:5,(anonymous_3)
FNDA:3,(anonymous_4)
FNDA:2,(anonymous_5)
FNDA:17,solve
FNDA:1,testing_test
DA:3,12
DA:4,12
DA:5,10
DA:6,6
DA:7,6
DA:9,12
DA:14,17
DA:15,17
DA:16,17
DA:18,17
DA:19,17
DA:20,17
DA:22,17
DA:23,17
DA:24,17
DA:25,500032
DA:26,500032
DA:27,500032
DA:28,500032
DA:29,19
DA:30,19
DA:31,19
DA:32,2
DA:34,17
DA:35,6
DA:38,500032
DA:41,17
DA:42,11
DA:45,6
DA:46,7
DA:47,6
DA:48,6
DA:49,6
DA:51,6
DA:52,6
DA:54,6
DA:55,6
DA:57,6
DA:62,17
DA:63,17
DA:64,17
DA:67,17
DA:68,17
DA:70,17
DA:76,1
DA:88,1
DA:89,9
DA:90,9
DA:91,9
DA:98,1
LF:50
LH:50
BRDA:5,0,0,4
BRDA:5,0,1,6
BRDA:9,1,0,12
BRDA:9,1,1,0
BRDA:14,2,0,17
BRDA:14,2,1,3
BRDA:15,3,0,17
BRDA:15,3,1,5
BRDA:26,4,0,500065
BRDA:26,4,1,500048
BRDA:28,5,0,19
BRDA:28,5,1,500013
BRDA:31,6,0,2
BRDA:31,6,1,17
BRDA:34,7,0,11
BRDA:34,7,1,6
BRDA:41,8,0,11
BRDA:41,8,1,6
BRDA:41,9,0,17
BRDA:41,9,1,9
BRDA:57,10,0,5
BRDA:57,10,1,1
BRDA:64,11,0,17
BRDA:64,11,1,8
BRDA:68,12,0,9
BRDA:68,12,1,8
BRDA:93,13,0,9
BRDA:93,13,1,0
BRF:28
BRH:26
end_of_record
