TN:
SF:solutions-descriptive\40.js
FN:1,solve
FN:67,fillLinear
FN:75,fillSymmetric
FNF:3
FNH:3
FNDA:22,solve
FNDA:22,fillLinear
FNDA:10,fillSymmetric
DA:2,22
DA:3,22
DA:4,22
DA:5,122
DA:6,122
DA:7,122
DA:8,122
DA:11,22
DA:12,22
DA:13,22
DA:14,22
DA:15,22
DA:16,22
DA:18,22
DA:19,32
DA:20,32
DA:22,32
DA:23,32
DA:24,32
DA:26,32
DA:27,25
DA:28,8
DA:29,35
DA:30,8
DA:31,8
DA:32,8
DA:35,17
DA:36,6
DA:37,6
DA:39,11
DA:40,11
DA:43,7
DA:44,2
DA:45,7
DA:46,2
DA:47,2
DA:48,2
DA:51,5
DA:52,0
DA:53,0
DA:55,5
DA:56,5
DA:61,22
DA:62,22
DA:64,22
DA:68,22
DA:69,44
DA:70,44
DA:71,44
DA:76,10
DA:77,10
DA:78,10
DA:79,28
DA:80,28
DA:81,28
DA:83,10
DA:84,28
DA:85,28
DA:86,28
LF:59
LH:57
BRDA:6,0,0,54
BRDA:6,0,1,68
BRDA:26,1,0,25
BRDA:26,1,1,7
BRDA:27,2,0,8
BRDA:27,2,1,17
BRDA:27,3,0,25
BRDA:27,3,1,17
BRDA:29,4,0,8
BRDA:29,4,1,27
BRDA:29,5,0,35
BRDA:29,5,1,27
BRDA:35,6,0,6
BRDA:35,6,1,11
BRDA:43,7,0,2
BRDA:43,7,1,5
BRDA:43,8,0,7
BRDA:43,8,1,5
BRDA:45,9,0,2
BRDA:45,9,1,5
BRDA:45,10,0,7
BRDA:45,10,1,5
BRDA:51,11,0,0
BRDA:51,11,1,5
BRDA:62,12,0,22
BRDA:62,12,1,0
BRF:26
BRH:24
end_of_record
