TN:
SF:solutions-descriptive\33.js
FN:1,solve
FN:22,divide
FN:32,gcd
FN:68,(anonymous_3)
FN:72,(anonymous_4)
FNF:5
FNH:3
FNDA:9,solve
FNDA:18,divide
FNDA:0,gcd
FNDA:0,(anonymous_3)
FNDA:36,(anonymous_4)
DA:2,9
DA:3,9
DA:4,9
DA:5,9
DA:7,9
DA:8,9
DA:9,9
DA:10,9
DA:12,9
DA:13,9
DA:14,0
DA:15,0
DA:16,0
DA:19,9
DA:23,18
DA:24,0
DA:25,0
DA:27,18
DA:28,18
DA:29,18
DA:33,0
DA:34,0
DA:35,0
DA:36,0
DA:37,0
DA:38,0
DA:40,0
DA:65,1
DA:69,0
DA:70,0
DA:73,36
LF:31
LH:17
BRDA:23,0,0,0
BRDA:23,0,1,18
BRDA:23,1,0,18
BRDA:23,1,1,0
BRDA:28,2,0,0
BRDA:28,2,1,18
BRDA:29,3,0,0
BRDA:29,3,1,18
BRDA:33,4,0,0
BRDA:33,4,1,0
BRDA:34,5,0,0
BRDA:34,5,1,0
BRF:12
BRH:4
end_of_record
